ARM GAS  C:\Users\JOSEAN~1\AppData\Local\Temp\ccQEwLNM.s 			page 1


   1              		.syntax unified
   2              		.cpu cortex-m3
   3              		.fpu softvfp
   4              		.eabi_attribute 20, 1
   5              		.eabi_attribute 21, 1
   6              		.eabi_attribute 23, 3
   7              		.eabi_attribute 24, 1
   8              		.eabi_attribute 25, 1
   9              		.eabi_attribute 26, 1
  10              		.eabi_attribute 30, 1
  11              		.eabi_attribute 34, 1
  12              		.eabi_attribute 18, 4
  13              		.thumb
  14              		.file	"cymetadata.c"
  15              		.text
  16              	.Ltext0:
  17              		.cfi_sections	.debug_frame
  18              		.global	cy_metadata
  19              		.global	cy_meta_flashprotect
  20              		.global	cy_meta_wonvl
  21              		.global	cy_meta_custnvl
  22              		.global	cy_meta_configecc
  23              		.section	.cyconfigecc,"a",%progbits
  24              		.align	2
  25              		.type	cy_meta_configecc, %object
  26              		.size	cy_meta_configecc, 288
  27              	cy_meta_configecc:
  28 0000 01       		.byte	1
  29 0001 64       		.byte	100
  30 0002 00       		.byte	0
  31 0003 40       		.byte	64
  32 0004 29       		.byte	41
  33 0005 04       		.byte	4
  34 0006 01       		.byte	1
  35 0007 40       		.byte	64
  36 0008 1A       		.byte	26
  37 0009 05       		.byte	5
  38 000a 01       		.byte	1
  39 000b 40       		.byte	64
  40 000c 01       		.byte	1
  41 000d 09       		.byte	9
  42 000e 01       		.byte	1
  43 000f 40       		.byte	64
  44 0010 04       		.byte	4
  45 0011 0A       		.byte	10
  46 0012 01       		.byte	1
  47 0013 40       		.byte	64
  48 0014 01       		.byte	1
  49 0015 0B       		.byte	11
  50 0016 01       		.byte	1
  51 0017 40       		.byte	64
  52 0018 01       		.byte	1
  53 0019 15       		.byte	21
  54 001a 01       		.byte	1
  55 001b 40       		.byte	64
  56 001c 01       		.byte	1
  57 001d 1B       		.byte	27
ARM GAS  C:\Users\JOSEAN~1\AppData\Local\Temp\ccQEwLNM.s 			page 2


  58 001e 01       		.byte	1
  59 001f 40       		.byte	64
  60 0020 02       		.byte	2
  61 0021 41       		.byte	65
  62 0022 01       		.byte	1
  63 0023 40       		.byte	64
  64 0024 01       		.byte	1
  65 0025 42       		.byte	66
  66 0026 01       		.byte	1
  67 0027 40       		.byte	64
  68 0028 02       		.byte	2
  69 0029 44       		.byte	68
  70 002a 01       		.byte	1
  71 002b 40       		.byte	64
  72 002c 01       		.byte	1
  73 002d 45       		.byte	69
  74 002e 01       		.byte	1
  75 002f 40       		.byte	64
  76 0030 03       		.byte	3
  77 0031 46       		.byte	70
  78 0032 01       		.byte	1
  79 0033 40       		.byte	64
  80 0034 03       		.byte	3
  81 0035 47       		.byte	71
  82 0036 01       		.byte	1
  83 0037 40       		.byte	64
  84 0038 02       		.byte	2
  85 0039 48       		.byte	72
  86 003a 01       		.byte	1
  87 003b 40       		.byte	64
  88 003c 01       		.byte	1
  89 003d 49       		.byte	73
  90 003e 01       		.byte	1
  91 003f 40       		.byte	64
  92 0040 01       		.byte	1
  93 0041 4C       		.byte	76
  94 0042 01       		.byte	1
  95 0043 40       		.byte	64
  96 0044 02       		.byte	2
  97 0045 4D       		.byte	77
  98 0046 01       		.byte	1
  99 0047 40       		.byte	64
 100 0048 02       		.byte	2
 101 0049 50       		.byte	80
 102 004a 01       		.byte	1
 103 004b 40       		.byte	64
 104 004c 84       		.byte	-124
 105 004d 0D       		.byte	13
 106 004e 0E       		.byte	14
 107 004f 05       		.byte	5
 108 0050 12       		.byte	18
 109 0051 02       		.byte	2
 110 0052 1B       		.byte	27
 111 0053 01       		.byte	1
 112 0054 26       		.byte	38
 113 0055 0C       		.byte	12
 114 0056 29       		.byte	41
ARM GAS  C:\Users\JOSEAN~1\AppData\Local\Temp\ccQEwLNM.s 			page 3


 115 0057 01       		.byte	1
 116 0058 2E       		.byte	46
 117 0059 01       		.byte	1
 118 005a 30       		.byte	48
 119 005b 02       		.byte	2
 120 005c 32       		.byte	50
 121 005d 01       		.byte	1
 122 005e 34       		.byte	52
 123 005f 08       		.byte	8
 124 0060 36       		.byte	54
 125 0061 04       		.byte	4
 126 0062 37       		.byte	55
 127 0063 01       		.byte	1
 128 0064 3E       		.byte	62
 129 0065 04       		.byte	4
 130 0066 40       		.byte	64
 131 0067 40       		.byte	64
 132 0068 41       		.byte	65
 133 0069 05       		.byte	5
 134 006a 45       		.byte	69
 135 006b D1       		.byte	-47
 136 006c 47       		.byte	71
 137 006d 20       		.byte	32
 138 006e 48       		.byte	72
 139 006f 23       		.byte	35
 140 0070 49       		.byte	73
 141 0071 FF       		.byte	-1
 142 0072 4A       		.byte	74
 143 0073 FF       		.byte	-1
 144 0074 4B       		.byte	75
 145 0075 FF       		.byte	-1
 146 0076 4D       		.byte	77
 147 0077 A0       		.byte	-96
 148 0078 4F       		.byte	79
 149 0079 04       		.byte	4
 150 007a 50       		.byte	80
 151 007b 18       		.byte	24
 152 007c 52       		.byte	82
 153 007d 80       		.byte	-128
 154 007e 54       		.byte	84
 155 007f 05       		.byte	5
 156 0080 58       		.byte	88
 157 0081 04       		.byte	4
 158 0082 59       		.byte	89
 159 0083 04       		.byte	4
 160 0084 5A       		.byte	90
 161 0085 04       		.byte	4
 162 0086 5B       		.byte	91
 163 0087 04       		.byte	4
 164 0088 5C       		.byte	92
 165 0089 11       		.byte	17
 166 008a 5D       		.byte	93
 167 008b 11       		.byte	17
 168 008c 5F       		.byte	95
 169 008d 01       		.byte	1
 170 008e 60       		.byte	96
 171 008f 40       		.byte	64
ARM GAS  C:\Users\JOSEAN~1\AppData\Local\Temp\ccQEwLNM.s 			page 4


 172 0090 62       		.byte	98
 173 0091 C0       		.byte	-64
 174 0092 64       		.byte	100
 175 0093 40       		.byte	64
 176 0094 65       		.byte	101
 177 0095 40       		.byte	64
 178 0096 66       		.byte	102
 179 0097 C0       		.byte	-64
 180 0098 68       		.byte	104
 181 0099 C0       		.byte	-64
 182 009a 6A       		.byte	106
 183 009b C0       		.byte	-64
 184 009c 6C       		.byte	108
 185 009d C0       		.byte	-64
 186 009e 6E       		.byte	110
 187 009f C0       		.byte	-64
 188 00a0 00       		.byte	0
 189 00a1 40       		.byte	64
 190 00a2 09       		.byte	9
 191 00a3 02       		.byte	2
 192 00a4 10       		.byte	16
 193 00a5 22       		.byte	34
 194 00a6 18       		.byte	24
 195 00a7 40       		.byte	64
 196 00a8 19       		.byte	25
 197 00a9 54       		.byte	84
 198 00aa 22       		.byte	34
 199 00ab 40       		.byte	64
 200 00ac 29       		.byte	41
 201 00ad 10       		.byte	16
 202 00ae 30       		.byte	48
 203 00af 20       		.byte	32
 204 00b0 40       		.byte	64
 205 00b1 40       		.byte	64
 206 00b2 48       		.byte	72
 207 00b3 22       		.byte	34
 208 00b4 49       		.byte	73
 209 00b5 01       		.byte	1
 210 00b6 50       		.byte	80
 211 00b7 02       		.byte	2
 212 00b8 59       		.byte	89
 213 00b9 05       		.byte	5
 214 00ba 5A       		.byte	90
 215 00bb 80       		.byte	-128
 216 00bc 71       		.byte	113
 217 00bd 02       		.byte	2
 218 00be 9D       		.byte	-99
 219 00bf 40       		.byte	64
 220 00c0 B1       		.byte	-79
 221 00c1 40       		.byte	64
 222 00c2 C0       		.byte	-64
 223 00c3 01       		.byte	1
 224 00c4 C2       		.byte	-62
 225 00c5 08       		.byte	8
 226 00c6 C4       		.byte	-60
 227 00c7 05       		.byte	5
 228 00c8 CA       		.byte	-54
ARM GAS  C:\Users\JOSEAN~1\AppData\Local\Temp\ccQEwLNM.s 			page 5


 229 00c9 04       		.byte	4
 230 00ca CC       		.byte	-52
 231 00cb 04       		.byte	4
 232 00cc D0       		.byte	-48
 233 00cd 01       		.byte	1
 234 00ce D2       		.byte	-46
 235 00cf 08       		.byte	8
 236 00d0 D6       		.byte	-42
 237 00d1 0B       		.byte	11
 238 00d2 EA       		.byte	-22
 239 00d3 80       		.byte	-128
 240 00d4 B4       		.byte	-76
 241 00d5 01       		.byte	1
 242 00d6 38       		.byte	56
 243 00d7 80       		.byte	-128
 244 00d8 3E       		.byte	62
 245 00d9 40       		.byte	64
 246 00da 58       		.byte	88
 247 00db 04       		.byte	4
 248 00dc 5F       		.byte	95
 249 00dd 01       		.byte	1
 250 00de 18       		.byte	24
 251 00df 02       		.byte	2
 252 00e0 EC       		.byte	-20
 253 00e1 10       		.byte	16
 254 00e2 EC       		.byte	-20
 255 00e3 10       		.byte	16
 256 00e4 63       		.byte	99
 257 00e5 02       		.byte	2
 258 00e6 D6       		.byte	-42
 259 00e7 40       		.byte	64
 260 00e8 B3       		.byte	-77
 261 00e9 01       		.byte	1
 262 00ea 7C       		.byte	124
 263 00eb 08       		.byte	8
 264 00ec DE       		.byte	-34
 265 00ed 01       		.byte	1
 266 00ee 9C       		.byte	-100
 267 00ef 08       		.byte	8
 268 00f0 45       		.byte	69
 269 00f1 08       		.byte	8
 270 00f2 9C       		.byte	-100
 271 00f3 08       		.byte	8
 272 00f4 D0       		.byte	-48
 273 00f5 01       		.byte	1
 274 00f6 A5       		.byte	-91
 275 00f7 08       		.byte	8
 276 00f8 B4       		.byte	-76
 277 00f9 08       		.byte	8
 278 00fa E8       		.byte	-24
 279 00fb 02       		.byte	2
 280 00fc 25       		.byte	37
 281 00fd 10       		.byte	16
 282 00fe C8       		.byte	-56
 283 00ff 20       		.byte	32
 284 0100 B5       		.byte	-75
 285 0101 10       		.byte	16
ARM GAS  C:\Users\JOSEAN~1\AppData\Local\Temp\ccQEwLNM.s 			page 6


 286 0102 A5       		.byte	-91
 287 0103 08       		.byte	8
 288 0104 B5       		.byte	-75
 289 0105 08       		.byte	8
 290 0106 EC       		.byte	-20
 291 0107 08       		.byte	8
 292 0108 00       		.byte	0
 293 0109 02       		.byte	2
 294 010a 0A       		.byte	10
 295 010b 02       		.byte	2
 296 010c 00       		.byte	0
 297 010d 80       		.byte	-128
 298 010e 80       		.byte	-128
 299 010f 00       		.byte	0
 300 0110 80       		.byte	-128
 301 0111 00       		.byte	0
 302 0112 00       		.byte	0
 303 0113 00       		.byte	0
 304 0114 00       		.byte	0
 305 0115 7F       		.byte	127
 306 0116 7F       		.byte	127
 307 0117 00       		.byte	0
 308 0118 00       		.byte	0
 309 0119 00       		.byte	0
 310 011a 80       		.byte	-128
 311 011b 00       		.byte	0
 312 011c 95       		.byte	-107
 313 011d 00       		.byte	0
 314 011e 18       		.byte	24
 315 011f 01       		.byte	1
 316              		.section	.cywolatch,"a",%progbits
 317              		.align	2
 318              		.type	cy_meta_wonvl, %object
 319              		.size	cy_meta_wonvl, 4
 320              	cy_meta_wonvl:
 321 0000 BC       		.byte	-68
 322 0001 90       		.byte	-112
 323 0002 AC       		.byte	-84
 324 0003 AF       		.byte	-81
 325              		.section	.cycustnvl,"a",%progbits
 326              		.align	2
 327              		.type	cy_meta_custnvl, %object
 328              		.size	cy_meta_custnvl, 4
 329              	cy_meta_custnvl:
 330 0000 00       		.byte	0
 331 0001 00       		.byte	0
 332 0002 40       		.byte	64
 333 0003 05       		.byte	5
 334              		.section	.cymeta,"a",%progbits
 335              		.align	2
 336              		.type	cy_metadata, %object
 337              		.size	cy_metadata, 12
 338              	cy_metadata:
 339 0000 00       		.byte	0
 340 0001 01       		.byte	1
 341 0002 2E       		.byte	46
 342 0003 12       		.byte	18
ARM GAS  C:\Users\JOSEAN~1\AppData\Local\Temp\ccQEwLNM.s 			page 7


 343 0004 00       		.byte	0
 344 0005 69       		.byte	105
 345 0006 00       		.byte	0
 346 0007 01       		.byte	1
 347 0008 00       		.byte	0
 348 0009 00       		.byte	0
 349 000a 00       		.byte	0
 350 000b 00       		.byte	0
 351              		.section	.cyflashprotect,"a",%progbits
 352              		.align	2
 353              		.type	cy_meta_flashprotect, %object
 354              		.size	cy_meta_flashprotect, 256
 355              	cy_meta_flashprotect:
 356 0000 00000000 		.space	256
 356      00000000 
 356      00000000 
 356      00000000 
 356      00000000 
 357              		.text
 358              	.Letext0:
 359              		.file 1 ".\\Generated_Source\\PSoC5\\cymetadata.c"
 360              		.file 2 ".\\Generated_Source\\PSoC5\\cytypes.h"
 361              		.section	.debug_info,"",%progbits
 362              	.Ldebug_info0:
 363 0000 37010000 		.4byte	0x137
 364 0004 0400     		.2byte	0x4
 365 0006 00000000 		.4byte	.Ldebug_abbrev0
 366 000a 04       		.byte	0x4
 367 000b 01       		.uleb128 0x1
 368 000c E2000000 		.4byte	.LASF18
 369 0010 01       		.byte	0x1
 370 0011 00000000 		.4byte	.LASF19
 371 0015 46000000 		.4byte	.LASF20
 372 0019 00000000 		.4byte	.Ldebug_line0
 373 001d 02       		.uleb128 0x2
 374 001e 01       		.byte	0x1
 375 001f 06       		.byte	0x6
 376 0020 EC010000 		.4byte	.LASF0
 377 0024 02       		.uleb128 0x2
 378 0025 01       		.byte	0x1
 379 0026 08       		.byte	0x8
 380 0027 38000000 		.4byte	.LASF1
 381 002b 02       		.uleb128 0x2
 382 002c 02       		.byte	0x2
 383 002d 05       		.byte	0x5
 384 002e D3010000 		.4byte	.LASF2
 385 0032 02       		.uleb128 0x2
 386 0033 02       		.byte	0x2
 387 0034 07       		.byte	0x7
 388 0035 A6000000 		.4byte	.LASF3
 389 0039 02       		.uleb128 0x2
 390 003a 04       		.byte	0x4
 391 003b 05       		.byte	0x5
 392 003c E3010000 		.4byte	.LASF4
 393 0040 02       		.uleb128 0x2
 394 0041 04       		.byte	0x4
 395 0042 07       		.byte	0x7
ARM GAS  C:\Users\JOSEAN~1\AppData\Local\Temp\ccQEwLNM.s 			page 8


 396 0043 94000000 		.4byte	.LASF5
 397 0047 02       		.uleb128 0x2
 398 0048 08       		.byte	0x8
 399 0049 05       		.byte	0x5
 400 004a C0010000 		.4byte	.LASF6
 401 004e 02       		.uleb128 0x2
 402 004f 08       		.byte	0x8
 403 0050 07       		.byte	0x7
 404 0051 7D010000 		.4byte	.LASF7
 405 0055 03       		.uleb128 0x3
 406 0056 04       		.byte	0x4
 407 0057 05       		.byte	0x5
 408 0058 696E7400 		.ascii	"int\000"
 409 005c 02       		.uleb128 0x2
 410 005d 04       		.byte	0x4
 411 005e 07       		.byte	0x7
 412 005f 70010000 		.4byte	.LASF8
 413 0063 04       		.uleb128 0x4
 414 0064 DD010000 		.4byte	.LASF21
 415 0068 02       		.byte	0x2
 416 0069 3801     		.2byte	0x138
 417 006b 24000000 		.4byte	0x24
 418 006f 02       		.uleb128 0x2
 419 0070 04       		.byte	0x4
 420 0071 04       		.byte	0x4
 421 0072 32000000 		.4byte	.LASF9
 422 0076 02       		.uleb128 0x2
 423 0077 08       		.byte	0x8
 424 0078 04       		.byte	0x4
 425 0079 B9000000 		.4byte	.LASF10
 426 007d 02       		.uleb128 0x2
 427 007e 01       		.byte	0x1
 428 007f 08       		.byte	0x8
 429 0080 CE010000 		.4byte	.LASF11
 430 0084 05       		.uleb128 0x5
 431 0085 63000000 		.4byte	0x63
 432 0089 95000000 		.4byte	0x95
 433 008d 06       		.uleb128 0x6
 434 008e 95000000 		.4byte	0x95
 435 0092 1F01     		.2byte	0x11f
 436 0094 00       		.byte	0
 437 0095 02       		.uleb128 0x2
 438 0096 04       		.byte	0x4
 439 0097 07       		.byte	0x7
 440 0098 B7010000 		.4byte	.LASF12
 441 009c 07       		.uleb128 0x7
 442 009d D0000000 		.4byte	.LASF13
 443 00a1 01       		.byte	0x1
 444 00a2 1F       		.byte	0x1f
 445 00a3 AD000000 		.4byte	0xad
 446 00a7 05       		.uleb128 0x5
 447 00a8 03       		.byte	0x3
 448 00a9 00000000 		.4byte	cy_meta_configecc
 449 00ad 08       		.uleb128 0x8
 450 00ae 84000000 		.4byte	0x84
 451 00b2 05       		.uleb128 0x5
 452 00b3 63000000 		.4byte	0x63
ARM GAS  C:\Users\JOSEAN~1\AppData\Local\Temp\ccQEwLNM.s 			page 9


 453 00b7 C2000000 		.4byte	0xc2
 454 00bb 09       		.uleb128 0x9
 455 00bc 95000000 		.4byte	0x95
 456 00c0 03       		.byte	0x3
 457 00c1 00       		.byte	0
 458 00c2 07       		.uleb128 0x7
 459 00c3 C0000000 		.4byte	.LASF14
 460 00c7 01       		.byte	0x1
 461 00c8 50       		.byte	0x50
 462 00c9 D3000000 		.4byte	0xd3
 463 00cd 05       		.uleb128 0x5
 464 00ce 03       		.byte	0x3
 465 00cf 00000000 		.4byte	cy_meta_custnvl
 466 00d3 08       		.uleb128 0x8
 467 00d4 B2000000 		.4byte	0xb2
 468 00d8 07       		.uleb128 0x7
 469 00d9 A9010000 		.4byte	.LASF15
 470 00dd 01       		.byte	0x1
 471 00de 5E       		.byte	0x5e
 472 00df E9000000 		.4byte	0xe9
 473 00e3 05       		.uleb128 0x5
 474 00e4 03       		.byte	0x3
 475 00e5 00000000 		.4byte	cy_meta_wonvl
 476 00e9 08       		.uleb128 0x8
 477 00ea B2000000 		.4byte	0xb2
 478 00ee 05       		.uleb128 0x5
 479 00ef 63000000 		.4byte	0x63
 480 00f3 FE000000 		.4byte	0xfe
 481 00f7 09       		.uleb128 0x9
 482 00f8 95000000 		.4byte	0x95
 483 00fc FF       		.byte	0xff
 484 00fd 00       		.byte	0
 485 00fe 07       		.uleb128 0x7
 486 00ff 94010000 		.4byte	.LASF16
 487 0103 01       		.byte	0x1
 488 0104 6C       		.byte	0x6c
 489 0105 0F010000 		.4byte	0x10f
 490 0109 05       		.uleb128 0x5
 491 010a 03       		.byte	0x3
 492 010b 00000000 		.4byte	cy_meta_flashprotect
 493 010f 08       		.uleb128 0x8
 494 0110 EE000000 		.4byte	0xee
 495 0114 05       		.uleb128 0x5
 496 0115 63000000 		.4byte	0x63
 497 0119 24010000 		.4byte	0x124
 498 011d 09       		.uleb128 0x9
 499 011e 95000000 		.4byte	0x95
 500 0122 0B       		.byte	0xb
 501 0123 00       		.byte	0
 502 0124 07       		.uleb128 0x7
 503 0125 26000000 		.4byte	.LASF17
 504 0129 01       		.byte	0x1
 505 012a 99       		.byte	0x99
 506 012b 35010000 		.4byte	0x135
 507 012f 05       		.uleb128 0x5
 508 0130 03       		.byte	0x3
 509 0131 00000000 		.4byte	cy_metadata
ARM GAS  C:\Users\JOSEAN~1\AppData\Local\Temp\ccQEwLNM.s 			page 10


 510 0135 08       		.uleb128 0x8
 511 0136 14010000 		.4byte	0x114
 512 013a 00       		.byte	0
 513              		.section	.debug_abbrev,"",%progbits
 514              	.Ldebug_abbrev0:
 515 0000 01       		.uleb128 0x1
 516 0001 11       		.uleb128 0x11
 517 0002 01       		.byte	0x1
 518 0003 25       		.uleb128 0x25
 519 0004 0E       		.uleb128 0xe
 520 0005 13       		.uleb128 0x13
 521 0006 0B       		.uleb128 0xb
 522 0007 03       		.uleb128 0x3
 523 0008 0E       		.uleb128 0xe
 524 0009 1B       		.uleb128 0x1b
 525 000a 0E       		.uleb128 0xe
 526 000b 10       		.uleb128 0x10
 527 000c 17       		.uleb128 0x17
 528 000d 00       		.byte	0
 529 000e 00       		.byte	0
 530 000f 02       		.uleb128 0x2
 531 0010 24       		.uleb128 0x24
 532 0011 00       		.byte	0
 533 0012 0B       		.uleb128 0xb
 534 0013 0B       		.uleb128 0xb
 535 0014 3E       		.uleb128 0x3e
 536 0015 0B       		.uleb128 0xb
 537 0016 03       		.uleb128 0x3
 538 0017 0E       		.uleb128 0xe
 539 0018 00       		.byte	0
 540 0019 00       		.byte	0
 541 001a 03       		.uleb128 0x3
 542 001b 24       		.uleb128 0x24
 543 001c 00       		.byte	0
 544 001d 0B       		.uleb128 0xb
 545 001e 0B       		.uleb128 0xb
 546 001f 3E       		.uleb128 0x3e
 547 0020 0B       		.uleb128 0xb
 548 0021 03       		.uleb128 0x3
 549 0022 08       		.uleb128 0x8
 550 0023 00       		.byte	0
 551 0024 00       		.byte	0
 552 0025 04       		.uleb128 0x4
 553 0026 16       		.uleb128 0x16
 554 0027 00       		.byte	0
 555 0028 03       		.uleb128 0x3
 556 0029 0E       		.uleb128 0xe
 557 002a 3A       		.uleb128 0x3a
 558 002b 0B       		.uleb128 0xb
 559 002c 3B       		.uleb128 0x3b
 560 002d 05       		.uleb128 0x5
 561 002e 49       		.uleb128 0x49
 562 002f 13       		.uleb128 0x13
 563 0030 00       		.byte	0
 564 0031 00       		.byte	0
 565 0032 05       		.uleb128 0x5
 566 0033 01       		.uleb128 0x1
ARM GAS  C:\Users\JOSEAN~1\AppData\Local\Temp\ccQEwLNM.s 			page 11


 567 0034 01       		.byte	0x1
 568 0035 49       		.uleb128 0x49
 569 0036 13       		.uleb128 0x13
 570 0037 01       		.uleb128 0x1
 571 0038 13       		.uleb128 0x13
 572 0039 00       		.byte	0
 573 003a 00       		.byte	0
 574 003b 06       		.uleb128 0x6
 575 003c 21       		.uleb128 0x21
 576 003d 00       		.byte	0
 577 003e 49       		.uleb128 0x49
 578 003f 13       		.uleb128 0x13
 579 0040 2F       		.uleb128 0x2f
 580 0041 05       		.uleb128 0x5
 581 0042 00       		.byte	0
 582 0043 00       		.byte	0
 583 0044 07       		.uleb128 0x7
 584 0045 34       		.uleb128 0x34
 585 0046 00       		.byte	0
 586 0047 03       		.uleb128 0x3
 587 0048 0E       		.uleb128 0xe
 588 0049 3A       		.uleb128 0x3a
 589 004a 0B       		.uleb128 0xb
 590 004b 3B       		.uleb128 0x3b
 591 004c 0B       		.uleb128 0xb
 592 004d 49       		.uleb128 0x49
 593 004e 13       		.uleb128 0x13
 594 004f 3F       		.uleb128 0x3f
 595 0050 19       		.uleb128 0x19
 596 0051 02       		.uleb128 0x2
 597 0052 18       		.uleb128 0x18
 598 0053 00       		.byte	0
 599 0054 00       		.byte	0
 600 0055 08       		.uleb128 0x8
 601 0056 26       		.uleb128 0x26
 602 0057 00       		.byte	0
 603 0058 49       		.uleb128 0x49
 604 0059 13       		.uleb128 0x13
 605 005a 00       		.byte	0
 606 005b 00       		.byte	0
 607 005c 09       		.uleb128 0x9
 608 005d 21       		.uleb128 0x21
 609 005e 00       		.byte	0
 610 005f 49       		.uleb128 0x49
 611 0060 13       		.uleb128 0x13
 612 0061 2F       		.uleb128 0x2f
 613 0062 0B       		.uleb128 0xb
 614 0063 00       		.byte	0
 615 0064 00       		.byte	0
 616 0065 00       		.byte	0
 617              		.section	.debug_aranges,"",%progbits
 618 0000 14000000 		.4byte	0x14
 619 0004 0200     		.2byte	0x2
 620 0006 00000000 		.4byte	.Ldebug_info0
 621 000a 04       		.byte	0x4
 622 000b 00       		.byte	0
 623 000c 0000     		.2byte	0
ARM GAS  C:\Users\JOSEAN~1\AppData\Local\Temp\ccQEwLNM.s 			page 12


 624 000e 0000     		.2byte	0
 625 0010 00000000 		.4byte	0
 626 0014 00000000 		.4byte	0
 627              		.section	.debug_line,"",%progbits
 628              	.Ldebug_line0:
 629 0000 4F000000 		.section	.debug_str,"MS",%progbits,1
 629      02004900 
 629      00000201 
 629      FB0E0D00 
 629      01010101 
 630              	.LASF19:
 631 0000 2E5C4765 		.ascii	".\\Generated_Source\\PSoC5\\cymetadata.c\000"
 631      6E657261 
 631      7465645F 
 631      536F7572 
 631      63655C50 
 632              	.LASF17:
 633 0026 63795F6D 		.ascii	"cy_metadata\000"
 633      65746164 
 633      61746100 
 634              	.LASF9:
 635 0032 666C6F61 		.ascii	"float\000"
 635      7400
 636              	.LASF1:
 637 0038 756E7369 		.ascii	"unsigned char\000"
 637      676E6564 
 637      20636861 
 637      7200
 638              	.LASF20:
 639 0046 433A5C55 		.ascii	"C:\\Users\\Jose Antonio\\Documents\\PSOC Creator\\P"
 639      73657273 
 639      5C4A6F73 
 639      6520416E 
 639      746F6E69 
 640 0074 726F7965 		.ascii	"royectosPSOC\\ServoMotores.cydsn\000"
 640      63746F73 
 640      50534F43 
 640      5C536572 
 640      766F4D6F 
 641              	.LASF5:
 642 0094 6C6F6E67 		.ascii	"long unsigned int\000"
 642      20756E73 
 642      69676E65 
 642      6420696E 
 642      7400
 643              	.LASF3:
 644 00a6 73686F72 		.ascii	"short unsigned int\000"
 644      7420756E 
 644      7369676E 
 644      65642069 
 644      6E7400
 645              	.LASF10:
 646 00b9 646F7562 		.ascii	"double\000"
 646      6C6500
 647              	.LASF14:
 648 00c0 63795F6D 		.ascii	"cy_meta_custnvl\000"
 648      6574615F 
ARM GAS  C:\Users\JOSEAN~1\AppData\Local\Temp\ccQEwLNM.s 			page 13


 648      63757374 
 648      6E766C00 
 649              	.LASF13:
 650 00d0 63795F6D 		.ascii	"cy_meta_configecc\000"
 650      6574615F 
 650      636F6E66 
 650      69676563 
 650      6300
 651              	.LASF18:
 652 00e2 474E5520 		.ascii	"GNU C 4.9.3 20150303 (release) [ARM/embedded-4_9-br"
 652      4320342E 
 652      392E3320 
 652      32303135 
 652      30333033 
 653 0115 616E6368 		.ascii	"anch revision 221220] -mcpu=cortex-m3 -mthumb -g -O"
 653      20726576 
 653      6973696F 
 653      6E203232 
 653      31323230 
 654 0148 67202D66 		.ascii	"g -ffunction-sections -ffat-lto-objects\000"
 654      66756E63 
 654      74696F6E 
 654      2D736563 
 654      74696F6E 
 655              	.LASF8:
 656 0170 756E7369 		.ascii	"unsigned int\000"
 656      676E6564 
 656      20696E74 
 656      00
 657              	.LASF7:
 658 017d 6C6F6E67 		.ascii	"long long unsigned int\000"
 658      206C6F6E 
 658      6720756E 
 658      7369676E 
 658      65642069 
 659              	.LASF16:
 660 0194 63795F6D 		.ascii	"cy_meta_flashprotect\000"
 660      6574615F 
 660      666C6173 
 660      6870726F 
 660      74656374 
 661              	.LASF15:
 662 01a9 63795F6D 		.ascii	"cy_meta_wonvl\000"
 662      6574615F 
 662      776F6E76 
 662      6C00
 663              	.LASF12:
 664 01b7 73697A65 		.ascii	"sizetype\000"
 664      74797065 
 664      00
 665              	.LASF6:
 666 01c0 6C6F6E67 		.ascii	"long long int\000"
 666      206C6F6E 
 666      6720696E 
 666      7400
 667              	.LASF11:
 668 01ce 63686172 		.ascii	"char\000"
ARM GAS  C:\Users\JOSEAN~1\AppData\Local\Temp\ccQEwLNM.s 			page 14


 668      00
 669              	.LASF2:
 670 01d3 73686F72 		.ascii	"short int\000"
 670      7420696E 
 670      7400
 671              	.LASF21:
 672 01dd 75696E74 		.ascii	"uint8\000"
 672      3800
 673              	.LASF4:
 674 01e3 6C6F6E67 		.ascii	"long int\000"
 674      20696E74 
 674      00
 675              	.LASF0:
 676 01ec 7369676E 		.ascii	"signed char\000"
 676      65642063 
 676      68617200 
 677              		.ident	"GCC: (GNU Tools for ARM Embedded Processors) 4.9.3 20150303 (release) [ARM/embedded-4_9-br
