ARM GAS  C:\Users\JOSEAN~1\AppData\Local\Temp\cciZENHc.s 			page 1


   1              		.syntax unified
   2              		.cpu cortex-m3
   3              		.fpu softvfp
   4              		.eabi_attribute 20, 1
   5              		.eabi_attribute 21, 1
   6              		.eabi_attribute 23, 3
   7              		.eabi_attribute 24, 1
   8              		.eabi_attribute 25, 1
   9              		.eabi_attribute 26, 1
  10              		.eabi_attribute 30, 1
  11              		.eabi_attribute 34, 1
  12              		.eabi_attribute 18, 4
  13              		.thumb
  14              		.file	"main.c"
  15              		.text
  16              	.Ltext0:
  17              		.cfi_sections	.debug_frame
  18              		.section	.text.get_width,"ax",%progbits
  19              		.align	2
  20              		.global	get_width
  21              		.thumb
  22              		.thumb_func
  23              		.type	get_width, %function
  24              	get_width:
  25              	.LFB64:
  26              		.file 1 ".\\main.c"
   1:.\main.c      **** /* ========================================
   2:.\main.c      ****  *
   3:.\main.c      ****  * Copyright PSoC 3 LABBOOK
   4:.\main.c      ****  * All Rights Reserved
   5:.\main.c      ****  * UNPUBLISHED, LICENSED SOFTWARE.
   6:.\main.c      ****  *
   7:.\main.c      ****  * CONFIDENTIAL AND PROPRIETARY INFORMATION BELONGING TO
   8:.\main.c      ****  * ADITYA YADAV
   9:.\main.c      ****  * ASHWATH KRISHNAN
  10:.\main.c      ****  * ========================================
  11:.\main.c      **** */
  12:.\main.c      **** #include <project.h>
  13:.\main.c      **** #include <stdio.h>
  14:.\main.c      **** #include <stdlib.h>
  15:.\main.c      **** #include <string.h>
  16:.\main.c      **** uint8 get_width(uint8 volt);
  17:.\main.c      **** void main()
  18:.\main.c      **** {
  19:.\main.c      **** uint8 Potential,Width,LCD_OutputString, contador,true,delay;
  20:.\main.c      ****     true =1;
  21:.\main.c      ****     contador =5;
  22:.\main.c      ****     delay = 200;
  23:.\main.c      ****  Clock_Enable();
  24:.\main.c      ****  PWM_Start();
  25:.\main.c      ****  ADC_Start();
  26:.\main.c      ****  LCD_Start();
  27:.\main.c      ****  LCD_Position(0,0);
  28:.\main.c      ****  LCD_PrintString("Servo Pos:");
  29:.\main.c      **** for(;;)
  30:.\main.c      ****  {
  31:.\main.c      ****  ADC_StartConvert();
ARM GAS  C:\Users\JOSEAN~1\AppData\Local\Temp\cciZENHc.s 			page 2


  32:.\main.c      ****  ADC_IsEndConversion(ADC_WAIT_FOR_RESULT);
  33:.\main.c      ****  Potential=ADC_GetResult8();
  34:.\main.c      ****  delay= get_width(Potential);
  35:.\main.c      **** if(contador>=5&contador<=25){
  36:.\main.c      ****     if( true==1){
  37:.\main.c      ****         Width= contador++;
  38:.\main.c      ****         CyDelay(delay*10);
  39:.\main.c      ****     }
  40:.\main.c      ****     else{
  41:.\main.c      ****         Width= contador--;
  42:.\main.c      ****         CyDelay(delay*10);
  43:.\main.c      ****     }
  44:.\main.c      **** }
  45:.\main.c      **** else if (contador>25){
  46:.\main.c      ****     true=0;
  47:.\main.c      ****     contador--;
  48:.\main.c      **** }
  49:.\main.c      **** else{
  50:.\main.c      ****     true=1;
  51:.\main.c      ****     contador++;
  52:.\main.c      **** }
  53:.\main.c      **** 
  54:.\main.c      ****  if((Width >9)&( Width <20)) LCD_OutputString= Width +6;
  55:.\main.c      ****  else if (Width >19) LCD_OutputString= Width +12;
  56:.\main.c      ****  else LCD_OutputString= Width;
  57:.\main.c      **** 
  58:.\main.c      ****  LCD_Position(0,10);
  59:.\main.c      ****  LCD_PrintInt8(LCD_OutputString);
  60:.\main.c      ****  PWM_WriteCompare(Width);
  61:.\main.c      **** 
  62:.\main.c      ****  }
  63:.\main.c      **** }
  64:.\main.c      **** uint8 get_width(uint8 volt)
  65:.\main.c      **** {
  27              		.loc 1 65 0
  28              		.cfi_startproc
  29              		@ args = 0, pretend = 0, frame = 0
  30              		@ frame_needed = 0, uses_anonymous_args = 0
  31              		@ link register save eliminated.
  32              	.LVL0:
  66:.\main.c      **** if (volt<0x0C) return 5; //12 0x0C
  33              		.loc 1 66 0
  34 0000 0B28     		cmp	r0, #11
  35 0002 28D9     		bls	.L3
  67:.\main.c      **** else if (volt<0x19) return 6; //25 0x19
  36              		.loc 1 67 0
  37 0004 1828     		cmp	r0, #24
  38 0006 28D9     		bls	.L4
  68:.\main.c      **** else if (volt<0x26) return 7; //38 0x26 
  39              		.loc 1 68 0
  40 0008 2528     		cmp	r0, #37
  41 000a 28D9     		bls	.L5
  69:.\main.c      **** else if (volt<0x32) return 8; //50 0x32
  42              		.loc 1 69 0
  43 000c 3128     		cmp	r0, #49
  44 000e 28D9     		bls	.L6
  70:.\main.c      **** else if (volt<0x3e) return 9; //62 0x3e
ARM GAS  C:\Users\JOSEAN~1\AppData\Local\Temp\cciZENHc.s 			page 3


  45              		.loc 1 70 0
  46 0010 3D28     		cmp	r0, #61
  47 0012 28D9     		bls	.L7
  71:.\main.c      **** else if (volt<0x4B) return 10; //75 0x4b
  48              		.loc 1 71 0
  49 0014 4A28     		cmp	r0, #74
  50 0016 28D9     		bls	.L8
  72:.\main.c      **** else if (volt<0x57) return 11; //87 0x57
  51              		.loc 1 72 0
  52 0018 5628     		cmp	r0, #86
  53 001a 28D9     		bls	.L9
  73:.\main.c      **** else if (volt<0x64) return 12; //100 0x64
  54              		.loc 1 73 0
  55 001c 6328     		cmp	r0, #99
  56 001e 28D9     		bls	.L10
  74:.\main.c      **** else if (volt<0x70) return 13; //112 0x70
  57              		.loc 1 74 0
  58 0020 6F28     		cmp	r0, #111
  59 0022 28D9     		bls	.L11
  75:.\main.c      **** else if (volt<0x7D) return 14; //125 0x7d
  60              		.loc 1 75 0
  61 0024 7C28     		cmp	r0, #124
  62 0026 28D9     		bls	.L12
  76:.\main.c      **** else if (volt<0x89) return 15; //137 0x89
  63              		.loc 1 76 0
  64 0028 8828     		cmp	r0, #136
  65 002a 28D9     		bls	.L13
  77:.\main.c      **** else if (volt<0x96) return 16; //150 0x96
  66              		.loc 1 77 0
  67 002c 9528     		cmp	r0, #149
  68 002e 28D9     		bls	.L14
  78:.\main.c      **** else if (volt<0xA2) return 17; //162 0xA2
  69              		.loc 1 78 0
  70 0030 A128     		cmp	r0, #161
  71 0032 28D9     		bls	.L15
  79:.\main.c      **** else if (volt<0xAF) return 18; //175 0xAF
  72              		.loc 1 79 0
  73 0034 AE28     		cmp	r0, #174
  74 0036 28D9     		bls	.L16
  80:.\main.c      **** else if (volt<0xBB) return 19; //187 0xBB
  75              		.loc 1 80 0
  76 0038 BA28     		cmp	r0, #186
  77 003a 28D9     		bls	.L17
  81:.\main.c      **** else if (volt<0xC8) return 20; //200 0xC8
  78              		.loc 1 81 0
  79 003c C728     		cmp	r0, #199
  80 003e 28D9     		bls	.L18
  82:.\main.c      **** else if (volt<0xD4) return 21; //212 0xD4
  81              		.loc 1 82 0
  82 0040 D328     		cmp	r0, #211
  83 0042 28D9     		bls	.L19
  83:.\main.c      **** else if (volt<0xE1) return 22; //225 0xE1
  84              		.loc 1 83 0
  85 0044 E028     		cmp	r0, #224
  86 0046 28D9     		bls	.L20
  84:.\main.c      **** else if (volt<0xED) return 23; //237 0xED
  87              		.loc 1 84 0
ARM GAS  C:\Users\JOSEAN~1\AppData\Local\Temp\cciZENHc.s 			page 4


  88 0048 EC28     		cmp	r0, #236
  89 004a 28D9     		bls	.L21
  85:.\main.c      **** else if (volt<0xFA) return 24; //250 0xFA
  90              		.loc 1 85 0
  91 004c F928     		cmp	r0, #249
  92 004e 28D9     		bls	.L22
  86:.\main.c      **** else if (volt>0xFA) return 25; //250 0xFA
  93              		.loc 1 86 0
  94 0050 FA28     		cmp	r0, #250
  95 0052 28D8     		bhi	.L23
  96              	.LVL1:
  97 0054 7047     		bx	lr
  98              	.LVL2:
  99              	.L3:
  66:.\main.c      **** else if (volt<0x19) return 6; //25 0x19
 100              		.loc 1 66 0
 101 0056 0520     		movs	r0, #5
 102              	.LVL3:
 103 0058 7047     		bx	lr
 104              	.LVL4:
 105              	.L4:
  67:.\main.c      **** else if (volt<0x26) return 7; //38 0x26 
 106              		.loc 1 67 0
 107 005a 0620     		movs	r0, #6
 108              	.LVL5:
 109 005c 7047     		bx	lr
 110              	.LVL6:
 111              	.L5:
  68:.\main.c      **** else if (volt<0x32) return 8; //50 0x32
 112              		.loc 1 68 0
 113 005e 0720     		movs	r0, #7
 114              	.LVL7:
 115 0060 7047     		bx	lr
 116              	.LVL8:
 117              	.L6:
  69:.\main.c      **** else if (volt<0x3e) return 9; //62 0x3e
 118              		.loc 1 69 0
 119 0062 0820     		movs	r0, #8
 120              	.LVL9:
 121 0064 7047     		bx	lr
 122              	.LVL10:
 123              	.L7:
  70:.\main.c      **** else if (volt<0x4B) return 10; //75 0x4b
 124              		.loc 1 70 0
 125 0066 0920     		movs	r0, #9
 126              	.LVL11:
 127 0068 7047     		bx	lr
 128              	.LVL12:
 129              	.L8:
  71:.\main.c      **** else if (volt<0x57) return 11; //87 0x57
 130              		.loc 1 71 0
 131 006a 0A20     		movs	r0, #10
 132              	.LVL13:
 133 006c 7047     		bx	lr
 134              	.LVL14:
 135              	.L9:
  72:.\main.c      **** else if (volt<0x64) return 12; //100 0x64
ARM GAS  C:\Users\JOSEAN~1\AppData\Local\Temp\cciZENHc.s 			page 5


 136              		.loc 1 72 0
 137 006e 0B20     		movs	r0, #11
 138              	.LVL15:
 139 0070 7047     		bx	lr
 140              	.LVL16:
 141              	.L10:
  73:.\main.c      **** else if (volt<0x70) return 13; //112 0x70
 142              		.loc 1 73 0
 143 0072 0C20     		movs	r0, #12
 144              	.LVL17:
 145 0074 7047     		bx	lr
 146              	.LVL18:
 147              	.L11:
  74:.\main.c      **** else if (volt<0x7D) return 14; //125 0x7d
 148              		.loc 1 74 0
 149 0076 0D20     		movs	r0, #13
 150              	.LVL19:
 151 0078 7047     		bx	lr
 152              	.LVL20:
 153              	.L12:
  75:.\main.c      **** else if (volt<0x89) return 15; //137 0x89
 154              		.loc 1 75 0
 155 007a 0E20     		movs	r0, #14
 156              	.LVL21:
 157 007c 7047     		bx	lr
 158              	.LVL22:
 159              	.L13:
  76:.\main.c      **** else if (volt<0x96) return 16; //150 0x96
 160              		.loc 1 76 0
 161 007e 0F20     		movs	r0, #15
 162              	.LVL23:
 163 0080 7047     		bx	lr
 164              	.LVL24:
 165              	.L14:
  77:.\main.c      **** else if (volt<0xA2) return 17; //162 0xA2
 166              		.loc 1 77 0
 167 0082 1020     		movs	r0, #16
 168              	.LVL25:
 169 0084 7047     		bx	lr
 170              	.LVL26:
 171              	.L15:
  78:.\main.c      **** else if (volt<0xAF) return 18; //175 0xAF
 172              		.loc 1 78 0
 173 0086 1120     		movs	r0, #17
 174              	.LVL27:
 175 0088 7047     		bx	lr
 176              	.LVL28:
 177              	.L16:
  79:.\main.c      **** else if (volt<0xBB) return 19; //187 0xBB
 178              		.loc 1 79 0
 179 008a 1220     		movs	r0, #18
 180              	.LVL29:
 181 008c 7047     		bx	lr
 182              	.LVL30:
 183              	.L17:
  80:.\main.c      **** else if (volt<0xC8) return 20; //200 0xC8
 184              		.loc 1 80 0
ARM GAS  C:\Users\JOSEAN~1\AppData\Local\Temp\cciZENHc.s 			page 6


 185 008e 1320     		movs	r0, #19
 186              	.LVL31:
 187 0090 7047     		bx	lr
 188              	.LVL32:
 189              	.L18:
  81:.\main.c      **** else if (volt<0xD4) return 21; //212 0xD4
 190              		.loc 1 81 0
 191 0092 1420     		movs	r0, #20
 192              	.LVL33:
 193 0094 7047     		bx	lr
 194              	.LVL34:
 195              	.L19:
  82:.\main.c      **** else if (volt<0xE1) return 22; //225 0xE1
 196              		.loc 1 82 0
 197 0096 1520     		movs	r0, #21
 198              	.LVL35:
 199 0098 7047     		bx	lr
 200              	.LVL36:
 201              	.L20:
  83:.\main.c      **** else if (volt<0xED) return 23; //237 0xED
 202              		.loc 1 83 0
 203 009a 1620     		movs	r0, #22
 204              	.LVL37:
 205 009c 7047     		bx	lr
 206              	.LVL38:
 207              	.L21:
  84:.\main.c      **** else if (volt<0xFA) return 24; //250 0xFA
 208              		.loc 1 84 0
 209 009e 1720     		movs	r0, #23
 210              	.LVL39:
 211 00a0 7047     		bx	lr
 212              	.LVL40:
 213              	.L22:
  85:.\main.c      **** else if (volt>0xFA) return 25; //250 0xFA
 214              		.loc 1 85 0
 215 00a2 1820     		movs	r0, #24
 216              	.LVL41:
 217 00a4 7047     		bx	lr
 218              	.LVL42:
 219              	.L23:
 220              		.loc 1 86 0
 221 00a6 1920     		movs	r0, #25
 222              	.LVL43:
  87:.\main.c      **** }
 223              		.loc 1 87 0
 224 00a8 7047     		bx	lr
 225              		.cfi_endproc
 226              	.LFE64:
 227              		.size	get_width, .-get_width
 228 00aa 00BF     		.section	.text.main,"ax",%progbits
 229              		.align	2
 230              		.global	main
 231              		.thumb
 232              		.thumb_func
 233              		.type	main, %function
 234              	main:
 235              	.LFB63:
ARM GAS  C:\Users\JOSEAN~1\AppData\Local\Temp\cciZENHc.s 			page 7


  18:.\main.c      **** uint8 Potential,Width,LCD_OutputString, contador,true,delay;
 236              		.loc 1 18 0
 237              		.cfi_startproc
 238              		@ args = 0, pretend = 0, frame = 0
 239              		@ frame_needed = 0, uses_anonymous_args = 0
 240 0000 F8B5     		push	{r3, r4, r5, r6, r7, lr}
 241              		.cfi_def_cfa_offset 24
 242              		.cfi_offset 3, -24
 243              		.cfi_offset 4, -20
 244              		.cfi_offset 5, -16
 245              		.cfi_offset 6, -12
 246              		.cfi_offset 7, -8
 247              		.cfi_offset 14, -4
 248              	.LVL44:
  23:.\main.c      ****  PWM_Start();
 249              		.loc 1 23 0
 250 0002 FFF7FEFF 		bl	Clock_Start
 251              	.LVL45:
  24:.\main.c      ****  ADC_Start();
 252              		.loc 1 24 0
 253 0006 FFF7FEFF 		bl	PWM_Start
 254              	.LVL46:
  25:.\main.c      ****  LCD_Start();
 255              		.loc 1 25 0
 256 000a FFF7FEFF 		bl	ADC_Start
 257              	.LVL47:
  26:.\main.c      ****  LCD_Position(0,0);
 258              		.loc 1 26 0
 259 000e FFF7FEFF 		bl	LCD_Start
 260              	.LVL48:
  27:.\main.c      ****  LCD_PrintString("Servo Pos:");
 261              		.loc 1 27 0
 262 0012 0020     		movs	r0, #0
 263 0014 0146     		mov	r1, r0
 264 0016 FFF7FEFF 		bl	LCD_Position
 265              	.LVL49:
  28:.\main.c      **** for(;;)
 266              		.loc 1 28 0
 267 001a 2548     		ldr	r0, .L34
 268 001c FFF7FEFF 		bl	LCD_PrintString
 269              	.LVL50:
  20:.\main.c      ****     contador =5;
 270              		.loc 1 20 0
 271 0020 0126     		movs	r6, #1
  21:.\main.c      ****     delay = 200;
 272              		.loc 1 21 0
 273 0022 0524     		movs	r4, #5
 274              	.LVL51:
 275              	.L31:
  31:.\main.c      ****  ADC_IsEndConversion(ADC_WAIT_FOR_RESULT);
 276              		.loc 1 31 0
 277 0024 FFF7FEFF 		bl	ADC_StartConvert
 278              	.LVL52:
  32:.\main.c      ****  Potential=ADC_GetResult8();
 279              		.loc 1 32 0
 280 0028 0020     		movs	r0, #0
 281 002a FFF7FEFF 		bl	ADC_IsEndConversion
ARM GAS  C:\Users\JOSEAN~1\AppData\Local\Temp\cciZENHc.s 			page 8


 282              	.LVL53:
  33:.\main.c      ****  delay= get_width(Potential);
 283              		.loc 1 33 0
 284 002e FFF7FEFF 		bl	ADC_GetResult8
 285              	.LVL54:
  34:.\main.c      **** if(contador>=5&contador<=25){
 286              		.loc 1 34 0
 287 0032 C0B2     		uxtb	r0, r0
 288 0034 FFF7FEFF 		bl	get_width
 289              	.LVL55:
  35:.\main.c      ****     if( true==1){
 290              		.loc 1 35 0
 291 0038 631F     		subs	r3, r4, #5
 292 003a DBB2     		uxtb	r3, r3
 293 003c 142B     		cmp	r3, #20
 294 003e 14D8     		bhi	.L25
  36:.\main.c      ****         Width= contador++;
 295              		.loc 1 36 0
 296 0040 4EB1     		cbz	r6, .L26
  37:.\main.c      ****         CyDelay(delay*10);
 297              		.loc 1 37 0
 298 0042 671C     		adds	r7, r4, #1
 299 0044 FFB2     		uxtb	r7, r7
 300              	.LVL56:
  38:.\main.c      ****     }
 301              		.loc 1 38 0
 302 0046 00EB8000 		add	r0, r0, r0, lsl #2
 303              	.LVL57:
 304 004a 4000     		lsls	r0, r0, #1
 305 004c FFF7FEFF 		bl	CyDelay
 306              	.LVL58:
  37:.\main.c      ****         CyDelay(delay*10);
 307              		.loc 1 37 0
 308 0050 2546     		mov	r5, r4
 309 0052 3C46     		mov	r4, r7
 310              	.LVL59:
 311 0054 12E0     		b	.L27
 312              	.LVL60:
 313              	.L26:
  41:.\main.c      ****         CyDelay(delay*10);
 314              		.loc 1 41 0
 315 0056 671E     		subs	r7, r4, #1
 316 0058 FFB2     		uxtb	r7, r7
 317              	.LVL61:
  42:.\main.c      ****     }
 318              		.loc 1 42 0
 319 005a 00EB8000 		add	r0, r0, r0, lsl #2
 320              	.LVL62:
 321 005e 4000     		lsls	r0, r0, #1
 322 0060 FFF7FEFF 		bl	CyDelay
 323              	.LVL63:
  41:.\main.c      ****         CyDelay(delay*10);
 324              		.loc 1 41 0
 325 0064 2546     		mov	r5, r4
 326 0066 3C46     		mov	r4, r7
 327              	.LVL64:
 328 0068 08E0     		b	.L27
ARM GAS  C:\Users\JOSEAN~1\AppData\Local\Temp\cciZENHc.s 			page 9


 329              	.LVL65:
 330              	.L25:
  45:.\main.c      ****     true=0;
 331              		.loc 1 45 0
 332 006a 192C     		cmp	r4, #25
 333 006c 03D9     		bls	.L28
 334              	.LVL66:
  47:.\main.c      **** }
 335              		.loc 1 47 0
 336 006e 013C     		subs	r4, r4, #1
 337              	.LVL67:
 338 0070 E4B2     		uxtb	r4, r4
 339              	.LVL68:
  46:.\main.c      ****     contador--;
 340              		.loc 1 46 0
 341 0072 0026     		movs	r6, #0
 342 0074 02E0     		b	.L27
 343              	.LVL69:
 344              	.L28:
  51:.\main.c      **** }
 345              		.loc 1 51 0
 346 0076 0134     		adds	r4, r4, #1
 347              	.LVL70:
 348 0078 E4B2     		uxtb	r4, r4
 349              	.LVL71:
  50:.\main.c      ****     contador++;
 350              		.loc 1 50 0
 351 007a 0126     		movs	r6, #1
 352              	.LVL72:
 353              	.L27:
  54:.\main.c      ****  else if (Width >19) LCD_OutputString= Width +12;
 354              		.loc 1 54 0
 355 007c A5F10A03 		sub	r3, r5, #10
 356 0080 DBB2     		uxtb	r3, r3
 357 0082 092B     		cmp	r3, #9
 358 0084 02D8     		bhi	.L29
  54:.\main.c      ****  else if (Width >19) LCD_OutputString= Width +12;
 359              		.loc 1 54 0 is_stmt 0 discriminator 1
 360 0086 AF1D     		adds	r7, r5, #6
 361 0088 FFB2     		uxtb	r7, r7
 362              	.LVL73:
 363 008a 06E0     		b	.L30
 364              	.LVL74:
 365              	.L29:
  55:.\main.c      ****  else LCD_OutputString= Width;
 366              		.loc 1 55 0 is_stmt 1
 367 008c 132D     		cmp	r5, #19
 368 008e 03D9     		bls	.L32
  55:.\main.c      ****  else LCD_OutputString= Width;
 369              		.loc 1 55 0 is_stmt 0 discriminator 1
 370 0090 05F10C07 		add	r7, r5, #12
 371 0094 FFB2     		uxtb	r7, r7
 372              	.LVL75:
 373 0096 00E0     		b	.L30
 374              	.LVL76:
 375              	.L32:
  56:.\main.c      **** 
ARM GAS  C:\Users\JOSEAN~1\AppData\Local\Temp\cciZENHc.s 			page 10


 376              		.loc 1 56 0 is_stmt 1
 377 0098 2F46     		mov	r7, r5
 378              	.L30:
 379              	.LVL77:
  58:.\main.c      ****  LCD_PrintInt8(LCD_OutputString);
 380              		.loc 1 58 0
 381 009a 0020     		movs	r0, #0
 382 009c 0A21     		movs	r1, #10
 383 009e FFF7FEFF 		bl	LCD_Position
 384              	.LVL78:
  59:.\main.c      ****  PWM_WriteCompare(Width);
 385              		.loc 1 59 0
 386 00a2 3846     		mov	r0, r7
 387 00a4 FFF7FEFF 		bl	LCD_PrintInt8
 388              	.LVL79:
  60:.\main.c      **** 
 389              		.loc 1 60 0
 390 00a8 2846     		mov	r0, r5
 391 00aa FFF7FEFF 		bl	PWM_WriteCompare
 392              	.LVL80:
  62:.\main.c      **** }
 393              		.loc 1 62 0
 394 00ae B9E7     		b	.L31
 395              	.L35:
 396              		.align	2
 397              	.L34:
 398 00b0 00000000 		.word	.LC0
 399              		.cfi_endproc
 400              	.LFE63:
 401              		.size	main, .-main
 402              		.section	.rodata.str1.4,"aMS",%progbits,1
 403              		.align	2
 404              	.LC0:
 405 0000 53657276 		.ascii	"Servo Pos:\000"
 405      6F20506F 
 405      733A00
 406 000b 00       		.text
 407              	.Letext0:
 408              		.file 2 "c:\\program files (x86)\\cypress\\psoc creator\\3.3\\psoc creator\\import\\gnu\\arm\\4.9.
 409              		.file 3 "c:\\program files (x86)\\cypress\\psoc creator\\3.3\\psoc creator\\import\\gnu\\arm\\4.9.
 410              		.file 4 "Generated_Source\\PSoC5/cytypes.h"
 411              		.file 5 "Generated_Source\\PSoC5/Clock.h"
 412              		.file 6 "Generated_Source\\PSoC5/PWM.h"
 413              		.file 7 "Generated_Source\\PSoC5/ADC.h"
 414              		.file 8 "Generated_Source\\PSoC5/LCD.h"
 415              		.file 9 "Generated_Source\\PSoC5/CyLib.h"
 416              		.file 10 "Generated_Source\\PSoC5/core_cm3.h"
 417              		.section	.debug_info,"",%progbits
 418              	.Ldebug_info0:
 419 0000 E7020000 		.4byte	0x2e7
 420 0004 0400     		.2byte	0x4
 421 0006 00000000 		.4byte	.Ldebug_abbrev0
 422 000a 04       		.byte	0x4
 423 000b 01       		.uleb128 0x1
 424 000c 35010000 		.4byte	.LASF34
 425 0010 01       		.byte	0x1
 426 0011 2F000000 		.4byte	.LASF35
ARM GAS  C:\Users\JOSEAN~1\AppData\Local\Temp\cciZENHc.s 			page 11


 427 0015 69000000 		.4byte	.LASF36
 428 0019 00000000 		.4byte	.Ldebug_ranges0+0
 429 001d 00000000 		.4byte	0
 430 0021 00000000 		.4byte	.Ldebug_line0
 431 0025 02       		.uleb128 0x2
 432 0026 01       		.byte	0x1
 433 0027 06       		.byte	0x6
 434 0028 77020000 		.4byte	.LASF0
 435 002c 02       		.uleb128 0x2
 436 002d 01       		.byte	0x1
 437 002e 08       		.byte	0x8
 438 002f 5B000000 		.4byte	.LASF1
 439 0033 02       		.uleb128 0x2
 440 0034 02       		.byte	0x2
 441 0035 05       		.byte	0x5
 442 0036 4E020000 		.4byte	.LASF2
 443 003a 02       		.uleb128 0x2
 444 003b 02       		.byte	0x2
 445 003c 07       		.byte	0x7
 446 003d D1000000 		.4byte	.LASF3
 447 0041 03       		.uleb128 0x3
 448 0042 15000000 		.4byte	.LASF9
 449 0046 02       		.byte	0x2
 450 0047 3F       		.byte	0x3f
 451 0048 4C000000 		.4byte	0x4c
 452 004c 02       		.uleb128 0x2
 453 004d 04       		.byte	0x4
 454 004e 05       		.byte	0x5
 455 004f 6E020000 		.4byte	.LASF4
 456 0053 02       		.uleb128 0x2
 457 0054 04       		.byte	0x4
 458 0055 07       		.byte	0x7
 459 0056 F1000000 		.4byte	.LASF5
 460 005a 02       		.uleb128 0x2
 461 005b 08       		.byte	0x8
 462 005c 05       		.byte	0x5
 463 005d 1D020000 		.4byte	.LASF6
 464 0061 02       		.uleb128 0x2
 465 0062 08       		.byte	0x8
 466 0063 07       		.byte	0x7
 467 0064 D0010000 		.4byte	.LASF7
 468 0068 04       		.uleb128 0x4
 469 0069 04       		.byte	0x4
 470 006a 05       		.byte	0x5
 471 006b 696E7400 		.ascii	"int\000"
 472 006f 02       		.uleb128 0x2
 473 0070 04       		.byte	0x4
 474 0071 07       		.byte	0x7
 475 0072 C3010000 		.4byte	.LASF8
 476 0076 03       		.uleb128 0x3
 477 0077 0C020000 		.4byte	.LASF10
 478 007b 03       		.byte	0x3
 479 007c 2C       		.byte	0x2c
 480 007d 41000000 		.4byte	0x41
 481 0081 05       		.uleb128 0x5
 482 0082 4F000000 		.4byte	.LASF11
 483 0086 04       		.byte	0x4
ARM GAS  C:\Users\JOSEAN~1\AppData\Local\Temp\cciZENHc.s 			page 12


 484 0087 3801     		.2byte	0x138
 485 0089 2C000000 		.4byte	0x2c
 486 008d 05       		.uleb128 0x5
 487 008e 2E010000 		.4byte	.LASF12
 488 0092 04       		.byte	0x4
 489 0093 3A01     		.2byte	0x13a
 490 0095 53000000 		.4byte	0x53
 491 0099 05       		.uleb128 0x5
 492 009a 29010000 		.4byte	.LASF13
 493 009e 04       		.byte	0x4
 494 009f 3B01     		.2byte	0x13b
 495 00a1 25000000 		.4byte	0x25
 496 00a5 02       		.uleb128 0x2
 497 00a6 04       		.byte	0x4
 498 00a7 04       		.byte	0x4
 499 00a8 38000000 		.4byte	.LASF14
 500 00ac 02       		.uleb128 0x2
 501 00ad 08       		.byte	0x8
 502 00ae 04       		.byte	0x4
 503 00af 1F000000 		.4byte	.LASF15
 504 00b3 05       		.uleb128 0x5
 505 00b4 B7000000 		.4byte	.LASF16
 506 00b8 04       		.byte	0x4
 507 00b9 4901     		.2byte	0x149
 508 00bb BF000000 		.4byte	0xbf
 509 00bf 02       		.uleb128 0x2
 510 00c0 01       		.byte	0x1
 511 00c1 08       		.byte	0x8
 512 00c2 35020000 		.4byte	.LASF17
 513 00c6 02       		.uleb128 0x2
 514 00c7 04       		.byte	0x4
 515 00c8 07       		.byte	0x7
 516 00c9 14020000 		.4byte	.LASF18
 517 00cd 06       		.uleb128 0x6
 518 00ce 2B020000 		.4byte	.LASF37
 519 00d2 01       		.byte	0x1
 520 00d3 40       		.byte	0x40
 521 00d4 81000000 		.4byte	0x81
 522 00d8 00000000 		.4byte	.LFB64
 523 00dc AA000000 		.4byte	.LFE64-.LFB64
 524 00e0 01       		.uleb128 0x1
 525 00e1 9C       		.byte	0x9c
 526 00e2 F6000000 		.4byte	0xf6
 527 00e6 07       		.uleb128 0x7
 528 00e7 3A020000 		.4byte	.LASF38
 529 00eb 01       		.byte	0x1
 530 00ec 40       		.byte	0x40
 531 00ed 81000000 		.4byte	0x81
 532 00f1 00000000 		.4byte	.LLST0
 533 00f5 00       		.byte	0
 534 00f6 08       		.uleb128 0x8
 535 00f7 14010000 		.4byte	.LASF39
 536 00fb 01       		.byte	0x1
 537 00fc 11       		.byte	0x11
 538 00fd 00000000 		.4byte	.LFB63
 539 0101 B4000000 		.4byte	.LFE63-.LFB63
 540 0105 01       		.uleb128 0x1
ARM GAS  C:\Users\JOSEAN~1\AppData\Local\Temp\cciZENHc.s 			page 13


 541 0106 9C       		.byte	0x9c
 542 0107 35020000 		.4byte	0x235
 543 010b 09       		.uleb128 0x9
 544 010c 94020000 		.4byte	.LASF19
 545 0110 01       		.byte	0x1
 546 0111 13       		.byte	0x13
 547 0112 81000000 		.4byte	0x81
 548 0116 2E020000 		.4byte	.LLST1
 549 011a 09       		.uleb128 0x9
 550 011b 0F000000 		.4byte	.LASF20
 551 011f 01       		.byte	0x1
 552 0120 13       		.byte	0x13
 553 0121 81000000 		.4byte	0x81
 554 0125 41020000 		.4byte	.LLST2
 555 0129 09       		.uleb128 0x9
 556 012a 3E000000 		.4byte	.LASF21
 557 012e 01       		.byte	0x1
 558 012f 13       		.byte	0x13
 559 0130 81000000 		.4byte	0x81
 560 0134 80020000 		.4byte	.LLST3
 561 0138 09       		.uleb128 0x9
 562 0139 26000000 		.4byte	.LASF22
 563 013d 01       		.byte	0x1
 564 013e 13       		.byte	0x13
 565 013f 81000000 		.4byte	0x81
 566 0143 A9020000 		.4byte	.LLST4
 567 0147 09       		.uleb128 0x9
 568 0148 00000000 		.4byte	.LASF23
 569 014c 01       		.byte	0x1
 570 014d 13       		.byte	0x13
 571 014e 81000000 		.4byte	0x81
 572 0152 0A030000 		.4byte	.LLST5
 573 0156 09       		.uleb128 0x9
 574 0157 55000000 		.4byte	.LASF24
 575 015b 01       		.byte	0x1
 576 015c 13       		.byte	0x13
 577 015d 81000000 		.4byte	0x81
 578 0161 4C030000 		.4byte	.LLST6
 579 0165 0A       		.uleb128 0xa
 580 0166 06000000 		.4byte	.LVL45
 581 016a 46020000 		.4byte	0x246
 582 016e 0A       		.uleb128 0xa
 583 016f 0A000000 		.4byte	.LVL46
 584 0173 4D020000 		.4byte	0x24d
 585 0177 0A       		.uleb128 0xa
 586 0178 0E000000 		.4byte	.LVL47
 587 017c 54020000 		.4byte	0x254
 588 0180 0A       		.uleb128 0xa
 589 0181 12000000 		.4byte	.LVL48
 590 0185 5B020000 		.4byte	0x25b
 591 0189 0B       		.uleb128 0xb
 592 018a 1A000000 		.4byte	.LVL49
 593 018e 62020000 		.4byte	0x262
 594 0192 A1010000 		.4byte	0x1a1
 595 0196 0C       		.uleb128 0xc
 596 0197 01       		.uleb128 0x1
 597 0198 51       		.byte	0x51
ARM GAS  C:\Users\JOSEAN~1\AppData\Local\Temp\cciZENHc.s 			page 14


 598 0199 01       		.uleb128 0x1
 599 019a 30       		.byte	0x30
 600 019b 0C       		.uleb128 0xc
 601 019c 01       		.uleb128 0x1
 602 019d 50       		.byte	0x50
 603 019e 01       		.uleb128 0x1
 604 019f 30       		.byte	0x30
 605 01a0 00       		.byte	0
 606 01a1 0B       		.uleb128 0xb
 607 01a2 20000000 		.4byte	.LVL50
 608 01a6 78020000 		.4byte	0x278
 609 01aa B8010000 		.4byte	0x1b8
 610 01ae 0C       		.uleb128 0xc
 611 01af 01       		.uleb128 0x1
 612 01b0 50       		.byte	0x50
 613 01b1 05       		.uleb128 0x5
 614 01b2 03       		.byte	0x3
 615 01b3 00000000 		.4byte	.LC0
 616 01b7 00       		.byte	0
 617 01b8 0A       		.uleb128 0xa
 618 01b9 28000000 		.4byte	.LVL52
 619 01bd 94020000 		.4byte	0x294
 620 01c1 0B       		.uleb128 0xb
 621 01c2 2E000000 		.4byte	.LVL53
 622 01c6 9B020000 		.4byte	0x29b
 623 01ca D4010000 		.4byte	0x1d4
 624 01ce 0C       		.uleb128 0xc
 625 01cf 01       		.uleb128 0x1
 626 01d0 50       		.byte	0x50
 627 01d1 01       		.uleb128 0x1
 628 01d2 30       		.byte	0x30
 629 01d3 00       		.byte	0
 630 01d4 0A       		.uleb128 0xa
 631 01d5 32000000 		.4byte	.LVL54
 632 01d9 B0020000 		.4byte	0x2b0
 633 01dd 0A       		.uleb128 0xa
 634 01de 38000000 		.4byte	.LVL55
 635 01e2 CD000000 		.4byte	0xcd
 636 01e6 0A       		.uleb128 0xa
 637 01e7 50000000 		.4byte	.LVL58
 638 01eb BB020000 		.4byte	0x2bb
 639 01ef 0A       		.uleb128 0xa
 640 01f0 64000000 		.4byte	.LVL63
 641 01f4 BB020000 		.4byte	0x2bb
 642 01f8 0B       		.uleb128 0xb
 643 01f9 A2000000 		.4byte	.LVL78
 644 01fd 62020000 		.4byte	0x262
 645 0201 10020000 		.4byte	0x210
 646 0205 0C       		.uleb128 0xc
 647 0206 01       		.uleb128 0x1
 648 0207 51       		.byte	0x51
 649 0208 01       		.uleb128 0x1
 650 0209 3A       		.byte	0x3a
 651 020a 0C       		.uleb128 0xc
 652 020b 01       		.uleb128 0x1
 653 020c 50       		.byte	0x50
 654 020d 01       		.uleb128 0x1
ARM GAS  C:\Users\JOSEAN~1\AppData\Local\Temp\cciZENHc.s 			page 15


 655 020e 30       		.byte	0x30
 656 020f 00       		.byte	0
 657 0210 0B       		.uleb128 0xb
 658 0211 A8000000 		.4byte	.LVL79
 659 0215 CC020000 		.4byte	0x2cc
 660 0219 24020000 		.4byte	0x224
 661 021d 0C       		.uleb128 0xc
 662 021e 01       		.uleb128 0x1
 663 021f 50       		.byte	0x50
 664 0220 02       		.uleb128 0x2
 665 0221 77       		.byte	0x77
 666 0222 00       		.sleb128 0
 667 0223 00       		.byte	0
 668 0224 0D       		.uleb128 0xd
 669 0225 AE000000 		.4byte	.LVL80
 670 0229 DD020000 		.4byte	0x2dd
 671 022d 0C       		.uleb128 0xc
 672 022e 01       		.uleb128 0x1
 673 022f 50       		.byte	0x50
 674 0230 02       		.uleb128 0x2
 675 0231 75       		.byte	0x75
 676 0232 00       		.sleb128 0
 677 0233 00       		.byte	0
 678 0234 00       		.byte	0
 679 0235 0E       		.uleb128 0xe
 680 0236 E4000000 		.4byte	.LASF40
 681 023a 0A       		.byte	0xa
 682 023b 5506     		.2byte	0x655
 683 023d 41020000 		.4byte	0x241
 684 0241 0F       		.uleb128 0xf
 685 0242 76000000 		.4byte	0x76
 686 0246 10       		.uleb128 0x10
 687 0247 62020000 		.4byte	.LASF25
 688 024b 05       		.byte	0x5
 689 024c 27       		.byte	0x27
 690 024d 10       		.uleb128 0x10
 691 024e 58020000 		.4byte	.LASF26
 692 0252 06       		.byte	0x6
 693 0253 92       		.byte	0x92
 694 0254 10       		.uleb128 0x10
 695 0255 02020000 		.4byte	.LASF27
 696 0259 07       		.byte	0x7
 697 025a 3A       		.byte	0x3a
 698 025b 10       		.uleb128 0x10
 699 025c 05000000 		.4byte	.LASF28
 700 0260 08       		.byte	0x8
 701 0261 38       		.byte	0x38
 702 0262 11       		.uleb128 0x11
 703 0263 F5010000 		.4byte	.LASF29
 704 0267 08       		.byte	0x8
 705 0268 3D       		.byte	0x3d
 706 0269 78020000 		.4byte	0x278
 707 026d 12       		.uleb128 0x12
 708 026e 81000000 		.4byte	0x81
 709 0272 12       		.uleb128 0x12
 710 0273 81000000 		.4byte	0x81
 711 0277 00       		.byte	0
ARM GAS  C:\Users\JOSEAN~1\AppData\Local\Temp\cciZENHc.s 			page 16


 712 0278 11       		.uleb128 0x11
 713 0279 19010000 		.4byte	.LASF30
 714 027d 08       		.byte	0x8
 715 027e 3C       		.byte	0x3c
 716 027f 89020000 		.4byte	0x289
 717 0283 12       		.uleb128 0x12
 718 0284 89020000 		.4byte	0x289
 719 0288 00       		.byte	0
 720 0289 13       		.uleb128 0x13
 721 028a 04       		.byte	0x4
 722 028b 8F020000 		.4byte	0x28f
 723 028f 14       		.uleb128 0x14
 724 0290 B3000000 		.4byte	0xb3
 725 0294 10       		.uleb128 0x10
 726 0295 83020000 		.4byte	.LASF31
 727 0299 07       		.byte	0x7
 728 029a 3D       		.byte	0x3d
 729 029b 15       		.uleb128 0x15
 730 029c BD000000 		.4byte	.LASF41
 731 02a0 07       		.byte	0x7
 732 02a1 3F       		.byte	0x3f
 733 02a2 81000000 		.4byte	0x81
 734 02a6 B0020000 		.4byte	0x2b0
 735 02aa 12       		.uleb128 0x12
 736 02ab 81000000 		.4byte	0x81
 737 02af 00       		.byte	0
 738 02b0 16       		.uleb128 0x16
 739 02b1 3F020000 		.4byte	.LASF42
 740 02b5 07       		.byte	0x7
 741 02b6 40       		.byte	0x40
 742 02b7 99000000 		.4byte	0x99
 743 02bb 11       		.uleb128 0x11
 744 02bc 9E020000 		.4byte	.LASF32
 745 02c0 09       		.byte	0x9
 746 02c1 77       		.byte	0x77
 747 02c2 CC020000 		.4byte	0x2cc
 748 02c6 12       		.uleb128 0x12
 749 02c7 8D000000 		.4byte	0x8d
 750 02cb 00       		.byte	0
 751 02cc 11       		.uleb128 0x11
 752 02cd E7010000 		.4byte	.LASF33
 753 02d1 08       		.byte	0x8
 754 02d2 5D       		.byte	0x5d
 755 02d3 DD020000 		.4byte	0x2dd
 756 02d7 12       		.uleb128 0x12
 757 02d8 81000000 		.4byte	0x81
 758 02dc 00       		.byte	0
 759 02dd 17       		.uleb128 0x17
 760 02de 03010000 		.4byte	.LASF43
 761 02e2 06       		.byte	0x6
 762 02e3 C3       		.byte	0xc3
 763 02e4 12       		.uleb128 0x12
 764 02e5 81000000 		.4byte	0x81
 765 02e9 00       		.byte	0
 766 02ea 00       		.byte	0
 767              		.section	.debug_abbrev,"",%progbits
 768              	.Ldebug_abbrev0:
ARM GAS  C:\Users\JOSEAN~1\AppData\Local\Temp\cciZENHc.s 			page 17


 769 0000 01       		.uleb128 0x1
 770 0001 11       		.uleb128 0x11
 771 0002 01       		.byte	0x1
 772 0003 25       		.uleb128 0x25
 773 0004 0E       		.uleb128 0xe
 774 0005 13       		.uleb128 0x13
 775 0006 0B       		.uleb128 0xb
 776 0007 03       		.uleb128 0x3
 777 0008 0E       		.uleb128 0xe
 778 0009 1B       		.uleb128 0x1b
 779 000a 0E       		.uleb128 0xe
 780 000b 55       		.uleb128 0x55
 781 000c 17       		.uleb128 0x17
 782 000d 11       		.uleb128 0x11
 783 000e 01       		.uleb128 0x1
 784 000f 10       		.uleb128 0x10
 785 0010 17       		.uleb128 0x17
 786 0011 00       		.byte	0
 787 0012 00       		.byte	0
 788 0013 02       		.uleb128 0x2
 789 0014 24       		.uleb128 0x24
 790 0015 00       		.byte	0
 791 0016 0B       		.uleb128 0xb
 792 0017 0B       		.uleb128 0xb
 793 0018 3E       		.uleb128 0x3e
 794 0019 0B       		.uleb128 0xb
 795 001a 03       		.uleb128 0x3
 796 001b 0E       		.uleb128 0xe
 797 001c 00       		.byte	0
 798 001d 00       		.byte	0
 799 001e 03       		.uleb128 0x3
 800 001f 16       		.uleb128 0x16
 801 0020 00       		.byte	0
 802 0021 03       		.uleb128 0x3
 803 0022 0E       		.uleb128 0xe
 804 0023 3A       		.uleb128 0x3a
 805 0024 0B       		.uleb128 0xb
 806 0025 3B       		.uleb128 0x3b
 807 0026 0B       		.uleb128 0xb
 808 0027 49       		.uleb128 0x49
 809 0028 13       		.uleb128 0x13
 810 0029 00       		.byte	0
 811 002a 00       		.byte	0
 812 002b 04       		.uleb128 0x4
 813 002c 24       		.uleb128 0x24
 814 002d 00       		.byte	0
 815 002e 0B       		.uleb128 0xb
 816 002f 0B       		.uleb128 0xb
 817 0030 3E       		.uleb128 0x3e
 818 0031 0B       		.uleb128 0xb
 819 0032 03       		.uleb128 0x3
 820 0033 08       		.uleb128 0x8
 821 0034 00       		.byte	0
 822 0035 00       		.byte	0
 823 0036 05       		.uleb128 0x5
 824 0037 16       		.uleb128 0x16
 825 0038 00       		.byte	0
ARM GAS  C:\Users\JOSEAN~1\AppData\Local\Temp\cciZENHc.s 			page 18


 826 0039 03       		.uleb128 0x3
 827 003a 0E       		.uleb128 0xe
 828 003b 3A       		.uleb128 0x3a
 829 003c 0B       		.uleb128 0xb
 830 003d 3B       		.uleb128 0x3b
 831 003e 05       		.uleb128 0x5
 832 003f 49       		.uleb128 0x49
 833 0040 13       		.uleb128 0x13
 834 0041 00       		.byte	0
 835 0042 00       		.byte	0
 836 0043 06       		.uleb128 0x6
 837 0044 2E       		.uleb128 0x2e
 838 0045 01       		.byte	0x1
 839 0046 3F       		.uleb128 0x3f
 840 0047 19       		.uleb128 0x19
 841 0048 03       		.uleb128 0x3
 842 0049 0E       		.uleb128 0xe
 843 004a 3A       		.uleb128 0x3a
 844 004b 0B       		.uleb128 0xb
 845 004c 3B       		.uleb128 0x3b
 846 004d 0B       		.uleb128 0xb
 847 004e 27       		.uleb128 0x27
 848 004f 19       		.uleb128 0x19
 849 0050 49       		.uleb128 0x49
 850 0051 13       		.uleb128 0x13
 851 0052 11       		.uleb128 0x11
 852 0053 01       		.uleb128 0x1
 853 0054 12       		.uleb128 0x12
 854 0055 06       		.uleb128 0x6
 855 0056 40       		.uleb128 0x40
 856 0057 18       		.uleb128 0x18
 857 0058 9742     		.uleb128 0x2117
 858 005a 19       		.uleb128 0x19
 859 005b 01       		.uleb128 0x1
 860 005c 13       		.uleb128 0x13
 861 005d 00       		.byte	0
 862 005e 00       		.byte	0
 863 005f 07       		.uleb128 0x7
 864 0060 05       		.uleb128 0x5
 865 0061 00       		.byte	0
 866 0062 03       		.uleb128 0x3
 867 0063 0E       		.uleb128 0xe
 868 0064 3A       		.uleb128 0x3a
 869 0065 0B       		.uleb128 0xb
 870 0066 3B       		.uleb128 0x3b
 871 0067 0B       		.uleb128 0xb
 872 0068 49       		.uleb128 0x49
 873 0069 13       		.uleb128 0x13
 874 006a 02       		.uleb128 0x2
 875 006b 17       		.uleb128 0x17
 876 006c 00       		.byte	0
 877 006d 00       		.byte	0
 878 006e 08       		.uleb128 0x8
 879 006f 2E       		.uleb128 0x2e
 880 0070 01       		.byte	0x1
 881 0071 3F       		.uleb128 0x3f
 882 0072 19       		.uleb128 0x19
ARM GAS  C:\Users\JOSEAN~1\AppData\Local\Temp\cciZENHc.s 			page 19


 883 0073 03       		.uleb128 0x3
 884 0074 0E       		.uleb128 0xe
 885 0075 3A       		.uleb128 0x3a
 886 0076 0B       		.uleb128 0xb
 887 0077 3B       		.uleb128 0x3b
 888 0078 0B       		.uleb128 0xb
 889 0079 11       		.uleb128 0x11
 890 007a 01       		.uleb128 0x1
 891 007b 12       		.uleb128 0x12
 892 007c 06       		.uleb128 0x6
 893 007d 40       		.uleb128 0x40
 894 007e 18       		.uleb128 0x18
 895 007f 9742     		.uleb128 0x2117
 896 0081 19       		.uleb128 0x19
 897 0082 01       		.uleb128 0x1
 898 0083 13       		.uleb128 0x13
 899 0084 00       		.byte	0
 900 0085 00       		.byte	0
 901 0086 09       		.uleb128 0x9
 902 0087 34       		.uleb128 0x34
 903 0088 00       		.byte	0
 904 0089 03       		.uleb128 0x3
 905 008a 0E       		.uleb128 0xe
 906 008b 3A       		.uleb128 0x3a
 907 008c 0B       		.uleb128 0xb
 908 008d 3B       		.uleb128 0x3b
 909 008e 0B       		.uleb128 0xb
 910 008f 49       		.uleb128 0x49
 911 0090 13       		.uleb128 0x13
 912 0091 02       		.uleb128 0x2
 913 0092 17       		.uleb128 0x17
 914 0093 00       		.byte	0
 915 0094 00       		.byte	0
 916 0095 0A       		.uleb128 0xa
 917 0096 898201   		.uleb128 0x4109
 918 0099 00       		.byte	0
 919 009a 11       		.uleb128 0x11
 920 009b 01       		.uleb128 0x1
 921 009c 31       		.uleb128 0x31
 922 009d 13       		.uleb128 0x13
 923 009e 00       		.byte	0
 924 009f 00       		.byte	0
 925 00a0 0B       		.uleb128 0xb
 926 00a1 898201   		.uleb128 0x4109
 927 00a4 01       		.byte	0x1
 928 00a5 11       		.uleb128 0x11
 929 00a6 01       		.uleb128 0x1
 930 00a7 31       		.uleb128 0x31
 931 00a8 13       		.uleb128 0x13
 932 00a9 01       		.uleb128 0x1
 933 00aa 13       		.uleb128 0x13
 934 00ab 00       		.byte	0
 935 00ac 00       		.byte	0
 936 00ad 0C       		.uleb128 0xc
 937 00ae 8A8201   		.uleb128 0x410a
 938 00b1 00       		.byte	0
 939 00b2 02       		.uleb128 0x2
ARM GAS  C:\Users\JOSEAN~1\AppData\Local\Temp\cciZENHc.s 			page 20


 940 00b3 18       		.uleb128 0x18
 941 00b4 9142     		.uleb128 0x2111
 942 00b6 18       		.uleb128 0x18
 943 00b7 00       		.byte	0
 944 00b8 00       		.byte	0
 945 00b9 0D       		.uleb128 0xd
 946 00ba 898201   		.uleb128 0x4109
 947 00bd 01       		.byte	0x1
 948 00be 11       		.uleb128 0x11
 949 00bf 01       		.uleb128 0x1
 950 00c0 31       		.uleb128 0x31
 951 00c1 13       		.uleb128 0x13
 952 00c2 00       		.byte	0
 953 00c3 00       		.byte	0
 954 00c4 0E       		.uleb128 0xe
 955 00c5 34       		.uleb128 0x34
 956 00c6 00       		.byte	0
 957 00c7 03       		.uleb128 0x3
 958 00c8 0E       		.uleb128 0xe
 959 00c9 3A       		.uleb128 0x3a
 960 00ca 0B       		.uleb128 0xb
 961 00cb 3B       		.uleb128 0x3b
 962 00cc 05       		.uleb128 0x5
 963 00cd 49       		.uleb128 0x49
 964 00ce 13       		.uleb128 0x13
 965 00cf 3F       		.uleb128 0x3f
 966 00d0 19       		.uleb128 0x19
 967 00d1 3C       		.uleb128 0x3c
 968 00d2 19       		.uleb128 0x19
 969 00d3 00       		.byte	0
 970 00d4 00       		.byte	0
 971 00d5 0F       		.uleb128 0xf
 972 00d6 35       		.uleb128 0x35
 973 00d7 00       		.byte	0
 974 00d8 49       		.uleb128 0x49
 975 00d9 13       		.uleb128 0x13
 976 00da 00       		.byte	0
 977 00db 00       		.byte	0
 978 00dc 10       		.uleb128 0x10
 979 00dd 2E       		.uleb128 0x2e
 980 00de 00       		.byte	0
 981 00df 3F       		.uleb128 0x3f
 982 00e0 19       		.uleb128 0x19
 983 00e1 03       		.uleb128 0x3
 984 00e2 0E       		.uleb128 0xe
 985 00e3 3A       		.uleb128 0x3a
 986 00e4 0B       		.uleb128 0xb
 987 00e5 3B       		.uleb128 0x3b
 988 00e6 0B       		.uleb128 0xb
 989 00e7 27       		.uleb128 0x27
 990 00e8 19       		.uleb128 0x19
 991 00e9 3C       		.uleb128 0x3c
 992 00ea 19       		.uleb128 0x19
 993 00eb 00       		.byte	0
 994 00ec 00       		.byte	0
 995 00ed 11       		.uleb128 0x11
 996 00ee 2E       		.uleb128 0x2e
ARM GAS  C:\Users\JOSEAN~1\AppData\Local\Temp\cciZENHc.s 			page 21


 997 00ef 01       		.byte	0x1
 998 00f0 3F       		.uleb128 0x3f
 999 00f1 19       		.uleb128 0x19
 1000 00f2 03       		.uleb128 0x3
 1001 00f3 0E       		.uleb128 0xe
 1002 00f4 3A       		.uleb128 0x3a
 1003 00f5 0B       		.uleb128 0xb
 1004 00f6 3B       		.uleb128 0x3b
 1005 00f7 0B       		.uleb128 0xb
 1006 00f8 27       		.uleb128 0x27
 1007 00f9 19       		.uleb128 0x19
 1008 00fa 3C       		.uleb128 0x3c
 1009 00fb 19       		.uleb128 0x19
 1010 00fc 01       		.uleb128 0x1
 1011 00fd 13       		.uleb128 0x13
 1012 00fe 00       		.byte	0
 1013 00ff 00       		.byte	0
 1014 0100 12       		.uleb128 0x12
 1015 0101 05       		.uleb128 0x5
 1016 0102 00       		.byte	0
 1017 0103 49       		.uleb128 0x49
 1018 0104 13       		.uleb128 0x13
 1019 0105 00       		.byte	0
 1020 0106 00       		.byte	0
 1021 0107 13       		.uleb128 0x13
 1022 0108 0F       		.uleb128 0xf
 1023 0109 00       		.byte	0
 1024 010a 0B       		.uleb128 0xb
 1025 010b 0B       		.uleb128 0xb
 1026 010c 49       		.uleb128 0x49
 1027 010d 13       		.uleb128 0x13
 1028 010e 00       		.byte	0
 1029 010f 00       		.byte	0
 1030 0110 14       		.uleb128 0x14
 1031 0111 26       		.uleb128 0x26
 1032 0112 00       		.byte	0
 1033 0113 49       		.uleb128 0x49
 1034 0114 13       		.uleb128 0x13
 1035 0115 00       		.byte	0
 1036 0116 00       		.byte	0
 1037 0117 15       		.uleb128 0x15
 1038 0118 2E       		.uleb128 0x2e
 1039 0119 01       		.byte	0x1
 1040 011a 3F       		.uleb128 0x3f
 1041 011b 19       		.uleb128 0x19
 1042 011c 03       		.uleb128 0x3
 1043 011d 0E       		.uleb128 0xe
 1044 011e 3A       		.uleb128 0x3a
 1045 011f 0B       		.uleb128 0xb
 1046 0120 3B       		.uleb128 0x3b
 1047 0121 0B       		.uleb128 0xb
 1048 0122 27       		.uleb128 0x27
 1049 0123 19       		.uleb128 0x19
 1050 0124 49       		.uleb128 0x49
 1051 0125 13       		.uleb128 0x13
 1052 0126 3C       		.uleb128 0x3c
 1053 0127 19       		.uleb128 0x19
ARM GAS  C:\Users\JOSEAN~1\AppData\Local\Temp\cciZENHc.s 			page 22


 1054 0128 01       		.uleb128 0x1
 1055 0129 13       		.uleb128 0x13
 1056 012a 00       		.byte	0
 1057 012b 00       		.byte	0
 1058 012c 16       		.uleb128 0x16
 1059 012d 2E       		.uleb128 0x2e
 1060 012e 00       		.byte	0
 1061 012f 3F       		.uleb128 0x3f
 1062 0130 19       		.uleb128 0x19
 1063 0131 03       		.uleb128 0x3
 1064 0132 0E       		.uleb128 0xe
 1065 0133 3A       		.uleb128 0x3a
 1066 0134 0B       		.uleb128 0xb
 1067 0135 3B       		.uleb128 0x3b
 1068 0136 0B       		.uleb128 0xb
 1069 0137 27       		.uleb128 0x27
 1070 0138 19       		.uleb128 0x19
 1071 0139 49       		.uleb128 0x49
 1072 013a 13       		.uleb128 0x13
 1073 013b 3C       		.uleb128 0x3c
 1074 013c 19       		.uleb128 0x19
 1075 013d 00       		.byte	0
 1076 013e 00       		.byte	0
 1077 013f 17       		.uleb128 0x17
 1078 0140 2E       		.uleb128 0x2e
 1079 0141 01       		.byte	0x1
 1080 0142 3F       		.uleb128 0x3f
 1081 0143 19       		.uleb128 0x19
 1082 0144 03       		.uleb128 0x3
 1083 0145 0E       		.uleb128 0xe
 1084 0146 3A       		.uleb128 0x3a
 1085 0147 0B       		.uleb128 0xb
 1086 0148 3B       		.uleb128 0x3b
 1087 0149 0B       		.uleb128 0xb
 1088 014a 27       		.uleb128 0x27
 1089 014b 19       		.uleb128 0x19
 1090 014c 3C       		.uleb128 0x3c
 1091 014d 19       		.uleb128 0x19
 1092 014e 00       		.byte	0
 1093 014f 00       		.byte	0
 1094 0150 00       		.byte	0
 1095              		.section	.debug_loc,"",%progbits
 1096              	.Ldebug_loc0:
 1097              	.LLST0:
 1098 0000 00000000 		.4byte	.LVL0
 1099 0004 54000000 		.4byte	.LVL1
 1100 0008 0100     		.2byte	0x1
 1101 000a 50       		.byte	0x50
 1102 000b 54000000 		.4byte	.LVL1
 1103 000f 56000000 		.4byte	.LVL2
 1104 0013 0400     		.2byte	0x4
 1105 0015 F3       		.byte	0xf3
 1106 0016 01       		.uleb128 0x1
 1107 0017 50       		.byte	0x50
 1108 0018 9F       		.byte	0x9f
 1109 0019 56000000 		.4byte	.LVL2
 1110 001d 58000000 		.4byte	.LVL3
ARM GAS  C:\Users\JOSEAN~1\AppData\Local\Temp\cciZENHc.s 			page 23


 1111 0021 0100     		.2byte	0x1
 1112 0023 50       		.byte	0x50
 1113 0024 58000000 		.4byte	.LVL3
 1114 0028 5A000000 		.4byte	.LVL4
 1115 002c 0400     		.2byte	0x4
 1116 002e F3       		.byte	0xf3
 1117 002f 01       		.uleb128 0x1
 1118 0030 50       		.byte	0x50
 1119 0031 9F       		.byte	0x9f
 1120 0032 5A000000 		.4byte	.LVL4
 1121 0036 5C000000 		.4byte	.LVL5
 1122 003a 0100     		.2byte	0x1
 1123 003c 50       		.byte	0x50
 1124 003d 5C000000 		.4byte	.LVL5
 1125 0041 5E000000 		.4byte	.LVL6
 1126 0045 0400     		.2byte	0x4
 1127 0047 F3       		.byte	0xf3
 1128 0048 01       		.uleb128 0x1
 1129 0049 50       		.byte	0x50
 1130 004a 9F       		.byte	0x9f
 1131 004b 5E000000 		.4byte	.LVL6
 1132 004f 60000000 		.4byte	.LVL7
 1133 0053 0100     		.2byte	0x1
 1134 0055 50       		.byte	0x50
 1135 0056 60000000 		.4byte	.LVL7
 1136 005a 62000000 		.4byte	.LVL8
 1137 005e 0400     		.2byte	0x4
 1138 0060 F3       		.byte	0xf3
 1139 0061 01       		.uleb128 0x1
 1140 0062 50       		.byte	0x50
 1141 0063 9F       		.byte	0x9f
 1142 0064 62000000 		.4byte	.LVL8
 1143 0068 64000000 		.4byte	.LVL9
 1144 006c 0100     		.2byte	0x1
 1145 006e 50       		.byte	0x50
 1146 006f 64000000 		.4byte	.LVL9
 1147 0073 66000000 		.4byte	.LVL10
 1148 0077 0400     		.2byte	0x4
 1149 0079 F3       		.byte	0xf3
 1150 007a 01       		.uleb128 0x1
 1151 007b 50       		.byte	0x50
 1152 007c 9F       		.byte	0x9f
 1153 007d 66000000 		.4byte	.LVL10
 1154 0081 68000000 		.4byte	.LVL11
 1155 0085 0100     		.2byte	0x1
 1156 0087 50       		.byte	0x50
 1157 0088 68000000 		.4byte	.LVL11
 1158 008c 6A000000 		.4byte	.LVL12
 1159 0090 0400     		.2byte	0x4
 1160 0092 F3       		.byte	0xf3
 1161 0093 01       		.uleb128 0x1
 1162 0094 50       		.byte	0x50
 1163 0095 9F       		.byte	0x9f
 1164 0096 6A000000 		.4byte	.LVL12
 1165 009a 6C000000 		.4byte	.LVL13
 1166 009e 0100     		.2byte	0x1
 1167 00a0 50       		.byte	0x50
ARM GAS  C:\Users\JOSEAN~1\AppData\Local\Temp\cciZENHc.s 			page 24


 1168 00a1 6C000000 		.4byte	.LVL13
 1169 00a5 6E000000 		.4byte	.LVL14
 1170 00a9 0400     		.2byte	0x4
 1171 00ab F3       		.byte	0xf3
 1172 00ac 01       		.uleb128 0x1
 1173 00ad 50       		.byte	0x50
 1174 00ae 9F       		.byte	0x9f
 1175 00af 6E000000 		.4byte	.LVL14
 1176 00b3 70000000 		.4byte	.LVL15
 1177 00b7 0100     		.2byte	0x1
 1178 00b9 50       		.byte	0x50
 1179 00ba 70000000 		.4byte	.LVL15
 1180 00be 72000000 		.4byte	.LVL16
 1181 00c2 0400     		.2byte	0x4
 1182 00c4 F3       		.byte	0xf3
 1183 00c5 01       		.uleb128 0x1
 1184 00c6 50       		.byte	0x50
 1185 00c7 9F       		.byte	0x9f
 1186 00c8 72000000 		.4byte	.LVL16
 1187 00cc 74000000 		.4byte	.LVL17
 1188 00d0 0100     		.2byte	0x1
 1189 00d2 50       		.byte	0x50
 1190 00d3 74000000 		.4byte	.LVL17
 1191 00d7 76000000 		.4byte	.LVL18
 1192 00db 0400     		.2byte	0x4
 1193 00dd F3       		.byte	0xf3
 1194 00de 01       		.uleb128 0x1
 1195 00df 50       		.byte	0x50
 1196 00e0 9F       		.byte	0x9f
 1197 00e1 76000000 		.4byte	.LVL18
 1198 00e5 78000000 		.4byte	.LVL19
 1199 00e9 0100     		.2byte	0x1
 1200 00eb 50       		.byte	0x50
 1201 00ec 78000000 		.4byte	.LVL19
 1202 00f0 7A000000 		.4byte	.LVL20
 1203 00f4 0400     		.2byte	0x4
 1204 00f6 F3       		.byte	0xf3
 1205 00f7 01       		.uleb128 0x1
 1206 00f8 50       		.byte	0x50
 1207 00f9 9F       		.byte	0x9f
 1208 00fa 7A000000 		.4byte	.LVL20
 1209 00fe 7C000000 		.4byte	.LVL21
 1210 0102 0100     		.2byte	0x1
 1211 0104 50       		.byte	0x50
 1212 0105 7C000000 		.4byte	.LVL21
 1213 0109 7E000000 		.4byte	.LVL22
 1214 010d 0400     		.2byte	0x4
 1215 010f F3       		.byte	0xf3
 1216 0110 01       		.uleb128 0x1
 1217 0111 50       		.byte	0x50
 1218 0112 9F       		.byte	0x9f
 1219 0113 7E000000 		.4byte	.LVL22
 1220 0117 80000000 		.4byte	.LVL23
 1221 011b 0100     		.2byte	0x1
 1222 011d 50       		.byte	0x50
 1223 011e 80000000 		.4byte	.LVL23
 1224 0122 82000000 		.4byte	.LVL24
ARM GAS  C:\Users\JOSEAN~1\AppData\Local\Temp\cciZENHc.s 			page 25


 1225 0126 0400     		.2byte	0x4
 1226 0128 F3       		.byte	0xf3
 1227 0129 01       		.uleb128 0x1
 1228 012a 50       		.byte	0x50
 1229 012b 9F       		.byte	0x9f
 1230 012c 82000000 		.4byte	.LVL24
 1231 0130 84000000 		.4byte	.LVL25
 1232 0134 0100     		.2byte	0x1
 1233 0136 50       		.byte	0x50
 1234 0137 84000000 		.4byte	.LVL25
 1235 013b 86000000 		.4byte	.LVL26
 1236 013f 0400     		.2byte	0x4
 1237 0141 F3       		.byte	0xf3
 1238 0142 01       		.uleb128 0x1
 1239 0143 50       		.byte	0x50
 1240 0144 9F       		.byte	0x9f
 1241 0145 86000000 		.4byte	.LVL26
 1242 0149 88000000 		.4byte	.LVL27
 1243 014d 0100     		.2byte	0x1
 1244 014f 50       		.byte	0x50
 1245 0150 88000000 		.4byte	.LVL27
 1246 0154 8A000000 		.4byte	.LVL28
 1247 0158 0400     		.2byte	0x4
 1248 015a F3       		.byte	0xf3
 1249 015b 01       		.uleb128 0x1
 1250 015c 50       		.byte	0x50
 1251 015d 9F       		.byte	0x9f
 1252 015e 8A000000 		.4byte	.LVL28
 1253 0162 8C000000 		.4byte	.LVL29
 1254 0166 0100     		.2byte	0x1
 1255 0168 50       		.byte	0x50
 1256 0169 8C000000 		.4byte	.LVL29
 1257 016d 8E000000 		.4byte	.LVL30
 1258 0171 0400     		.2byte	0x4
 1259 0173 F3       		.byte	0xf3
 1260 0174 01       		.uleb128 0x1
 1261 0175 50       		.byte	0x50
 1262 0176 9F       		.byte	0x9f
 1263 0177 8E000000 		.4byte	.LVL30
 1264 017b 90000000 		.4byte	.LVL31
 1265 017f 0100     		.2byte	0x1
 1266 0181 50       		.byte	0x50
 1267 0182 90000000 		.4byte	.LVL31
 1268 0186 92000000 		.4byte	.LVL32
 1269 018a 0400     		.2byte	0x4
 1270 018c F3       		.byte	0xf3
 1271 018d 01       		.uleb128 0x1
 1272 018e 50       		.byte	0x50
 1273 018f 9F       		.byte	0x9f
 1274 0190 92000000 		.4byte	.LVL32
 1275 0194 94000000 		.4byte	.LVL33
 1276 0198 0100     		.2byte	0x1
 1277 019a 50       		.byte	0x50
 1278 019b 94000000 		.4byte	.LVL33
 1279 019f 96000000 		.4byte	.LVL34
 1280 01a3 0400     		.2byte	0x4
 1281 01a5 F3       		.byte	0xf3
ARM GAS  C:\Users\JOSEAN~1\AppData\Local\Temp\cciZENHc.s 			page 26


 1282 01a6 01       		.uleb128 0x1
 1283 01a7 50       		.byte	0x50
 1284 01a8 9F       		.byte	0x9f
 1285 01a9 96000000 		.4byte	.LVL34
 1286 01ad 98000000 		.4byte	.LVL35
 1287 01b1 0100     		.2byte	0x1
 1288 01b3 50       		.byte	0x50
 1289 01b4 98000000 		.4byte	.LVL35
 1290 01b8 9A000000 		.4byte	.LVL36
 1291 01bc 0400     		.2byte	0x4
 1292 01be F3       		.byte	0xf3
 1293 01bf 01       		.uleb128 0x1
 1294 01c0 50       		.byte	0x50
 1295 01c1 9F       		.byte	0x9f
 1296 01c2 9A000000 		.4byte	.LVL36
 1297 01c6 9C000000 		.4byte	.LVL37
 1298 01ca 0100     		.2byte	0x1
 1299 01cc 50       		.byte	0x50
 1300 01cd 9C000000 		.4byte	.LVL37
 1301 01d1 9E000000 		.4byte	.LVL38
 1302 01d5 0400     		.2byte	0x4
 1303 01d7 F3       		.byte	0xf3
 1304 01d8 01       		.uleb128 0x1
 1305 01d9 50       		.byte	0x50
 1306 01da 9F       		.byte	0x9f
 1307 01db 9E000000 		.4byte	.LVL38
 1308 01df A0000000 		.4byte	.LVL39
 1309 01e3 0100     		.2byte	0x1
 1310 01e5 50       		.byte	0x50
 1311 01e6 A0000000 		.4byte	.LVL39
 1312 01ea A2000000 		.4byte	.LVL40
 1313 01ee 0400     		.2byte	0x4
 1314 01f0 F3       		.byte	0xf3
 1315 01f1 01       		.uleb128 0x1
 1316 01f2 50       		.byte	0x50
 1317 01f3 9F       		.byte	0x9f
 1318 01f4 A2000000 		.4byte	.LVL40
 1319 01f8 A4000000 		.4byte	.LVL41
 1320 01fc 0100     		.2byte	0x1
 1321 01fe 50       		.byte	0x50
 1322 01ff A4000000 		.4byte	.LVL41
 1323 0203 A6000000 		.4byte	.LVL42
 1324 0207 0400     		.2byte	0x4
 1325 0209 F3       		.byte	0xf3
 1326 020a 01       		.uleb128 0x1
 1327 020b 50       		.byte	0x50
 1328 020c 9F       		.byte	0x9f
 1329 020d A6000000 		.4byte	.LVL42
 1330 0211 A8000000 		.4byte	.LVL43
 1331 0215 0100     		.2byte	0x1
 1332 0217 50       		.byte	0x50
 1333 0218 A8000000 		.4byte	.LVL43
 1334 021c AA000000 		.4byte	.LFE64
 1335 0220 0400     		.2byte	0x4
 1336 0222 F3       		.byte	0xf3
 1337 0223 01       		.uleb128 0x1
 1338 0224 50       		.byte	0x50
ARM GAS  C:\Users\JOSEAN~1\AppData\Local\Temp\cciZENHc.s 			page 27


 1339 0225 9F       		.byte	0x9f
 1340 0226 00000000 		.4byte	0
 1341 022a 00000000 		.4byte	0
 1342              	.LLST1:
 1343 022e 32000000 		.4byte	.LVL54
 1344 0232 37000000 		.4byte	.LVL55-1
 1345 0236 0100     		.2byte	0x1
 1346 0238 50       		.byte	0x50
 1347 0239 00000000 		.4byte	0
 1348 023d 00000000 		.4byte	0
 1349              	.LLST2:
 1350 0241 24000000 		.4byte	.LVL51
 1351 0245 46000000 		.4byte	.LVL56
 1352 0249 0100     		.2byte	0x1
 1353 024b 55       		.byte	0x55
 1354 024c 46000000 		.4byte	.LVL56
 1355 0250 54000000 		.4byte	.LVL59
 1356 0254 0100     		.2byte	0x1
 1357 0256 54       		.byte	0x54
 1358 0257 56000000 		.4byte	.LVL60
 1359 025b 5A000000 		.4byte	.LVL61
 1360 025f 0100     		.2byte	0x1
 1361 0261 55       		.byte	0x55
 1362 0262 5A000000 		.4byte	.LVL61
 1363 0266 68000000 		.4byte	.LVL64
 1364 026a 0100     		.2byte	0x1
 1365 026c 54       		.byte	0x54
 1366 026d 68000000 		.4byte	.LVL64
 1367 0271 B4000000 		.4byte	.LFE63
 1368 0275 0100     		.2byte	0x1
 1369 0277 55       		.byte	0x55
 1370 0278 00000000 		.4byte	0
 1371 027c 00000000 		.4byte	0
 1372              	.LLST3:
 1373 0280 8A000000 		.4byte	.LVL73
 1374 0284 8C000000 		.4byte	.LVL74
 1375 0288 0100     		.2byte	0x1
 1376 028a 57       		.byte	0x57
 1377 028b 96000000 		.4byte	.LVL75
 1378 028f 98000000 		.4byte	.LVL76
 1379 0293 0100     		.2byte	0x1
 1380 0295 57       		.byte	0x57
 1381 0296 9A000000 		.4byte	.LVL77
 1382 029a B4000000 		.4byte	.LFE63
 1383 029e 0100     		.2byte	0x1
 1384 02a0 57       		.byte	0x57
 1385 02a1 00000000 		.4byte	0
 1386 02a5 00000000 		.4byte	0
 1387              	.LLST4:
 1388 02a9 02000000 		.4byte	.LVL44
 1389 02ad 24000000 		.4byte	.LVL51
 1390 02b1 0200     		.2byte	0x2
 1391 02b3 35       		.byte	0x35
 1392 02b4 9F       		.byte	0x9f
 1393 02b5 24000000 		.4byte	.LVL51
 1394 02b9 46000000 		.4byte	.LVL56
 1395 02bd 0100     		.2byte	0x1
ARM GAS  C:\Users\JOSEAN~1\AppData\Local\Temp\cciZENHc.s 			page 28


 1396 02bf 54       		.byte	0x54
 1397 02c0 46000000 		.4byte	.LVL56
 1398 02c4 56000000 		.4byte	.LVL60
 1399 02c8 0100     		.2byte	0x1
 1400 02ca 57       		.byte	0x57
 1401 02cb 56000000 		.4byte	.LVL60
 1402 02cf 5A000000 		.4byte	.LVL61
 1403 02d3 0100     		.2byte	0x1
 1404 02d5 54       		.byte	0x54
 1405 02d6 5A000000 		.4byte	.LVL61
 1406 02da 6A000000 		.4byte	.LVL65
 1407 02de 0100     		.2byte	0x1
 1408 02e0 57       		.byte	0x57
 1409 02e1 6A000000 		.4byte	.LVL65
 1410 02e5 70000000 		.4byte	.LVL67
 1411 02e9 0100     		.2byte	0x1
 1412 02eb 54       		.byte	0x54
 1413 02ec 72000000 		.4byte	.LVL68
 1414 02f0 78000000 		.4byte	.LVL70
 1415 02f4 0100     		.2byte	0x1
 1416 02f6 54       		.byte	0x54
 1417 02f7 7A000000 		.4byte	.LVL71
 1418 02fb B4000000 		.4byte	.LFE63
 1419 02ff 0100     		.2byte	0x1
 1420 0301 54       		.byte	0x54
 1421 0302 00000000 		.4byte	0
 1422 0306 00000000 		.4byte	0
 1423              	.LLST5:
 1424 030a 02000000 		.4byte	.LVL44
 1425 030e 24000000 		.4byte	.LVL51
 1426 0312 0200     		.2byte	0x2
 1427 0314 31       		.byte	0x31
 1428 0315 9F       		.byte	0x9f
 1429 0316 24000000 		.4byte	.LVL51
 1430 031a 6E000000 		.4byte	.LVL66
 1431 031e 0100     		.2byte	0x1
 1432 0320 56       		.byte	0x56
 1433 0321 6E000000 		.4byte	.LVL66
 1434 0325 76000000 		.4byte	.LVL69
 1435 0329 0200     		.2byte	0x2
 1436 032b 30       		.byte	0x30
 1437 032c 9F       		.byte	0x9f
 1438 032d 76000000 		.4byte	.LVL69
 1439 0331 7C000000 		.4byte	.LVL72
 1440 0335 0200     		.2byte	0x2
 1441 0337 31       		.byte	0x31
 1442 0338 9F       		.byte	0x9f
 1443 0339 7C000000 		.4byte	.LVL72
 1444 033d B4000000 		.4byte	.LFE63
 1445 0341 0100     		.2byte	0x1
 1446 0343 56       		.byte	0x56
 1447 0344 00000000 		.4byte	0
 1448 0348 00000000 		.4byte	0
 1449              	.LLST6:
 1450 034c 02000000 		.4byte	.LVL44
 1451 0350 24000000 		.4byte	.LVL51
 1452 0354 0300     		.2byte	0x3
ARM GAS  C:\Users\JOSEAN~1\AppData\Local\Temp\cciZENHc.s 			page 29


 1453 0356 09       		.byte	0x9
 1454 0357 C8       		.byte	0xc8
 1455 0358 9F       		.byte	0x9f
 1456 0359 38000000 		.4byte	.LVL55
 1457 035d 4A000000 		.4byte	.LVL57
 1458 0361 0100     		.2byte	0x1
 1459 0363 50       		.byte	0x50
 1460 0364 56000000 		.4byte	.LVL60
 1461 0368 5E000000 		.4byte	.LVL62
 1462 036c 0100     		.2byte	0x1
 1463 036e 50       		.byte	0x50
 1464 036f 6A000000 		.4byte	.LVL65
 1465 0373 7C000000 		.4byte	.LVL72
 1466 0377 0100     		.2byte	0x1
 1467 0379 50       		.byte	0x50
 1468 037a 00000000 		.4byte	0
 1469 037e 00000000 		.4byte	0
 1470              		.section	.debug_aranges,"",%progbits
 1471 0000 24000000 		.4byte	0x24
 1472 0004 0200     		.2byte	0x2
 1473 0006 00000000 		.4byte	.Ldebug_info0
 1474 000a 04       		.byte	0x4
 1475 000b 00       		.byte	0
 1476 000c 0000     		.2byte	0
 1477 000e 0000     		.2byte	0
 1478 0010 00000000 		.4byte	.LFB64
 1479 0014 AA000000 		.4byte	.LFE64-.LFB64
 1480 0018 00000000 		.4byte	.LFB63
 1481 001c B4000000 		.4byte	.LFE63-.LFB63
 1482 0020 00000000 		.4byte	0
 1483 0024 00000000 		.4byte	0
 1484              		.section	.debug_ranges,"",%progbits
 1485              	.Ldebug_ranges0:
 1486 0000 00000000 		.4byte	.LFB64
 1487 0004 AA000000 		.4byte	.LFE64
 1488 0008 00000000 		.4byte	.LFB63
 1489 000c B4000000 		.4byte	.LFE63
 1490 0010 00000000 		.4byte	0
 1491 0014 00000000 		.4byte	0
 1492              		.section	.debug_line,"",%progbits
 1493              	.Ldebug_line0:
 1494 0000 FE010000 		.section	.debug_str,"MS",%progbits,1
 1494      02007A01 
 1494      00000201 
 1494      FB0E0D00 
 1494      01010101 
 1495              	.LASF23:
 1496 0000 74727565 		.ascii	"true\000"
 1496      00
 1497              	.LASF28:
 1498 0005 4C43445F 		.ascii	"LCD_Start\000"
 1498      53746172 
 1498      7400
 1499              	.LASF20:
 1500 000f 57696474 		.ascii	"Width\000"
 1500      6800
 1501              	.LASF9:
ARM GAS  C:\Users\JOSEAN~1\AppData\Local\Temp\cciZENHc.s 			page 30


 1502 0015 5F5F696E 		.ascii	"__int32_t\000"
 1502      7433325F 
 1502      7400
 1503              	.LASF15:
 1504 001f 646F7562 		.ascii	"double\000"
 1504      6C6500
 1505              	.LASF22:
 1506 0026 636F6E74 		.ascii	"contador\000"
 1506      61646F72 
 1506      00
 1507              	.LASF35:
 1508 002f 2E5C6D61 		.ascii	".\\main.c\000"
 1508      696E2E63 
 1508      00
 1509              	.LASF14:
 1510 0038 666C6F61 		.ascii	"float\000"
 1510      7400
 1511              	.LASF21:
 1512 003e 4C43445F 		.ascii	"LCD_OutputString\000"
 1512      4F757470 
 1512      75745374 
 1512      72696E67 
 1512      00
 1513              	.LASF11:
 1514 004f 75696E74 		.ascii	"uint8\000"
 1514      3800
 1515              	.LASF24:
 1516 0055 64656C61 		.ascii	"delay\000"
 1516      7900
 1517              	.LASF1:
 1518 005b 756E7369 		.ascii	"unsigned char\000"
 1518      676E6564 
 1518      20636861 
 1518      7200
 1519              	.LASF36:
 1520 0069 433A5C55 		.ascii	"C:\\Users\\Jose Antonio\\Documents\\PSOC Creator\\P"
 1520      73657273 
 1520      5C4A6F73 
 1520      6520416E 
 1520      746F6E69 
 1521 0097 726F7965 		.ascii	"royectosPSOC\\ServoMotores.cydsn\000"
 1521      63746F73 
 1521      50534F43 
 1521      5C536572 
 1521      766F4D6F 
 1522              	.LASF16:
 1523 00b7 63686172 		.ascii	"char8\000"
 1523      3800
 1524              	.LASF41:
 1525 00bd 4144435F 		.ascii	"ADC_IsEndConversion\000"
 1525      4973456E 
 1525      64436F6E 
 1525      76657273 
 1525      696F6E00 
 1526              	.LASF3:
 1527 00d1 73686F72 		.ascii	"short unsigned int\000"
 1527      7420756E 
ARM GAS  C:\Users\JOSEAN~1\AppData\Local\Temp\cciZENHc.s 			page 31


 1527      7369676E 
 1527      65642069 
 1527      6E7400
 1528              	.LASF40:
 1529 00e4 49544D5F 		.ascii	"ITM_RxBuffer\000"
 1529      52784275 
 1529      66666572 
 1529      00
 1530              	.LASF5:
 1531 00f1 6C6F6E67 		.ascii	"long unsigned int\000"
 1531      20756E73 
 1531      69676E65 
 1531      6420696E 
 1531      7400
 1532              	.LASF43:
 1533 0103 50574D5F 		.ascii	"PWM_WriteCompare\000"
 1533      57726974 
 1533      65436F6D 
 1533      70617265 
 1533      00
 1534              	.LASF39:
 1535 0114 6D61696E 		.ascii	"main\000"
 1535      00
 1536              	.LASF30:
 1537 0119 4C43445F 		.ascii	"LCD_PrintString\000"
 1537      5072696E 
 1537      74537472 
 1537      696E6700 
 1538              	.LASF13:
 1539 0129 696E7438 		.ascii	"int8\000"
 1539      00
 1540              	.LASF12:
 1541 012e 75696E74 		.ascii	"uint32\000"
 1541      333200
 1542              	.LASF34:
 1543 0135 474E5520 		.ascii	"GNU C 4.9.3 20150303 (release) [ARM/embedded-4_9-br"
 1543      4320342E 
 1543      392E3320 
 1543      32303135 
 1543      30333033 
 1544 0168 616E6368 		.ascii	"anch revision 221220] -mcpu=cortex-m3 -mthumb -g -O"
 1544      20726576 
 1544      6973696F 
 1544      6E203232 
 1544      31323230 
 1545 019b 67202D66 		.ascii	"g -ffunction-sections -ffat-lto-objects\000"
 1545      66756E63 
 1545      74696F6E 
 1545      2D736563 
 1545      74696F6E 
 1546              	.LASF8:
 1547 01c3 756E7369 		.ascii	"unsigned int\000"
 1547      676E6564 
 1547      20696E74 
 1547      00
 1548              	.LASF7:
 1549 01d0 6C6F6E67 		.ascii	"long long unsigned int\000"
ARM GAS  C:\Users\JOSEAN~1\AppData\Local\Temp\cciZENHc.s 			page 32


 1549      206C6F6E 
 1549      6720756E 
 1549      7369676E 
 1549      65642069 
 1550              	.LASF33:
 1551 01e7 4C43445F 		.ascii	"LCD_PrintInt8\000"
 1551      5072696E 
 1551      74496E74 
 1551      3800
 1552              	.LASF29:
 1553 01f5 4C43445F 		.ascii	"LCD_Position\000"
 1553      506F7369 
 1553      74696F6E 
 1553      00
 1554              	.LASF27:
 1555 0202 4144435F 		.ascii	"ADC_Start\000"
 1555      53746172 
 1555      7400
 1556              	.LASF10:
 1557 020c 696E7433 		.ascii	"int32_t\000"
 1557      325F7400 
 1558              	.LASF18:
 1559 0214 73697A65 		.ascii	"sizetype\000"
 1559      74797065 
 1559      00
 1560              	.LASF6:
 1561 021d 6C6F6E67 		.ascii	"long long int\000"
 1561      206C6F6E 
 1561      6720696E 
 1561      7400
 1562              	.LASF37:
 1563 022b 6765745F 		.ascii	"get_width\000"
 1563      77696474 
 1563      6800
 1564              	.LASF17:
 1565 0235 63686172 		.ascii	"char\000"
 1565      00
 1566              	.LASF38:
 1567 023a 766F6C74 		.ascii	"volt\000"
 1567      00
 1568              	.LASF42:
 1569 023f 4144435F 		.ascii	"ADC_GetResult8\000"
 1569      47657452 
 1569      6573756C 
 1569      743800
 1570              	.LASF2:
 1571 024e 73686F72 		.ascii	"short int\000"
 1571      7420696E 
 1571      7400
 1572              	.LASF26:
 1573 0258 50574D5F 		.ascii	"PWM_Start\000"
 1573      53746172 
 1573      7400
 1574              	.LASF25:
 1575 0262 436C6F63 		.ascii	"Clock_Start\000"
 1575      6B5F5374 
 1575      61727400 
ARM GAS  C:\Users\JOSEAN~1\AppData\Local\Temp\cciZENHc.s 			page 33


 1576              	.LASF4:
 1577 026e 6C6F6E67 		.ascii	"long int\000"
 1577      20696E74 
 1577      00
 1578              	.LASF0:
 1579 0277 7369676E 		.ascii	"signed char\000"
 1579      65642063 
 1579      68617200 
 1580              	.LASF31:
 1581 0283 4144435F 		.ascii	"ADC_StartConvert\000"
 1581      53746172 
 1581      74436F6E 
 1581      76657274 
 1581      00
 1582              	.LASF19:
 1583 0294 506F7465 		.ascii	"Potential\000"
 1583      6E746961 
 1583      6C00
 1584              	.LASF32:
 1585 029e 43794465 		.ascii	"CyDelay\000"
 1585      6C617900 
 1586              		.ident	"GCC: (GNU Tools for ARM Embedded Processors) 4.9.3 20150303 (release) [ARM/embedded-4_9-br
