--------------- Clean Started: 07/11/2016 19:06:59 Project: ProyectoFinal, Configuration: ARM GCC 4.9-2015-q1-update Debug ---------------
Deleting file ".\CortexM3\ARM_GCC_493\Debug\main.o"
Deleting file ".\CortexM3\ARM_GCC_493\Debug\cyfitter_cfg.o"
Deleting file ".\CortexM3\ARM_GCC_493\Debug\cymetadata.o"
Deleting file ".\CortexM3\ARM_GCC_493\Debug\ADC.o"
Deleting file ".\CortexM3\ARM_GCC_493\Debug\ADC_PM.o"
Deleting file ".\CortexM3\ARM_GCC_493\Debug\ADC_INT.o"
Deleting file ".\CortexM3\ARM_GCC_493\Debug\pot.o"
Deleting file ".\CortexM3\ARM_GCC_493\Debug\PWM.o"
Deleting file ".\CortexM3\ARM_GCC_493\Debug\PWM_PM.o"
Deleting file ".\CortexM3\ARM_GCC_493\Debug\Clock.o"
Deleting file ".\CortexM3\ARM_GCC_493\Debug\LCD.o"
Deleting file ".\CortexM3\ARM_GCC_493\Debug\LCD_PM.o"
Deleting file ".\CortexM3\ARM_GCC_493\Debug\Pulse.o"
Deleting file ".\CortexM3\ARM_GCC_493\Debug\Trig.o"
Deleting file ".\CortexM3\ARM_GCC_493\Debug\TimeDistMeas.o"
Deleting file ".\CortexM3\ARM_GCC_493\Debug\TimeDistMeas_PM.o"
Deleting file ".\CortexM3\ARM_GCC_493\Debug\Triggen.o"
Deleting file ".\CortexM3\ARM_GCC_493\Debug\Triggen_PM.o"
Deleting file ".\CortexM3\ARM_GCC_493\Debug\Clock_1.o"
Deleting file ".\CortexM3\ARM_GCC_493\Debug\DistOutHCSRO4.o"
Deleting file ".\CortexM3\ARM_GCC_493\Debug\ADC_AMux.o"
Deleting file ".\CortexM3\ARM_GCC_493\Debug\ADC_Ext_CP_Clk.o"
Deleting file ".\CortexM3\ARM_GCC_493\Debug\ADC_IRQ.o"
Deleting file ".\CortexM3\ARM_GCC_493\Debug\ADC_theACLK.o"
Deleting file ".\CortexM3\ARM_GCC_493\Debug\LCD_LCDPort.o"
Deleting file ".\CortexM3\ARM_GCC_493\Debug\Cm3Start.o"
Deleting file ".\CortexM3\ARM_GCC_493\Debug\CyBootAsmGnu.o"
Deleting file ".\CortexM3\ARM_GCC_493\Debug\CyDmac.o"
Deleting file ".\CortexM3\ARM_GCC_493\Debug\CyFlash.o"
Deleting file ".\CortexM3\ARM_GCC_493\Debug\CyLib.o"
Deleting file ".\CortexM3\ARM_GCC_493\Debug\cyPm.o"
Deleting file ".\CortexM3\ARM_GCC_493\Debug\CySpc.o"
Deleting file ".\CortexM3\ARM_GCC_493\Debug\cyutils.o"
Deleting file ".\CortexM3\ARM_GCC_493\Debug\Trig_2.o"
Deleting file ".\CortexM3\ARM_GCC_493\Debug\TimeDistMeas_1.o"
Deleting file ".\CortexM3\ARM_GCC_493\Debug\TimeDistMeas_1_PM.o"
Deleting file ".\CortexM3\ARM_GCC_493\Debug\Triggen_1.o"
Deleting file ".\CortexM3\ARM_GCC_493\Debug\Triggen_1_PM.o"
Deleting file ".\CortexM3\ARM_GCC_493\Debug\Clock_2.o"
Deleting file ".\CortexM3\ARM_GCC_493\Debug\DistOutHCSRO4_2.o"
Deleting file ".\CortexM3\ARM_GCC_493\Debug\UART.o"
Deleting file ".\CortexM3\ARM_GCC_493\Debug\UART_PM.o"
Deleting file ".\CortexM3\ARM_GCC_493\Debug\UART_INT.o"
Deleting file ".\CortexM3\ARM_GCC_493\Debug\UART_BOOT.o"
Deleting file ".\CortexM3\ARM_GCC_493\Debug\Pin_1.o"
Deleting file ".\CortexM3\ARM_GCC_493\Debug\UART_IntClock.o"
Deleting file ".\ProyectoFinal.cycdx"
Deleting file ".\ProyectoFinal.svd"
Deleting file ".\ProyectoFinal.rpt"
Deleting file ".\ProyectoFinal_timing.html"
Deleting file ".\CortexM3\ARM_GCC_493\Debug\.deps\C_FILE.P"
--------------- Clean Succeeded: 07/11/2016 19:06:59 ---------------
