ARM GAS  C:\Users\JOSEAN~1\AppData\Local\Temp\cczxmz4U.s 			page 1


   1              		.syntax unified
   2              		.cpu cortex-m3
   3              		.fpu softvfp
   4              		.eabi_attribute 20, 1
   5              		.eabi_attribute 21, 1
   6              		.eabi_attribute 23, 3
   7              		.eabi_attribute 24, 1
   8              		.eabi_attribute 25, 1
   9              		.eabi_attribute 26, 1
  10              		.eabi_attribute 30, 1
  11              		.eabi_attribute 34, 1
  12              		.eabi_attribute 18, 4
  13              		.thumb
  14              		.file	"I2C_SLAVE.c"
  15              		.text
  16              	.Ltext0:
  17              		.cfi_sections	.debug_frame
  18              		.section	.text.I2C_SlaveStatus,"ax",%progbits
  19              		.align	2
  20              		.global	I2C_SlaveStatus
  21              		.thumb
  22              		.thumb_func
  23              		.type	I2C_SlaveStatus, %function
  24              	I2C_SlaveStatus:
  25              	.LFB0:
  26              		.file 1 ".\\Generated_Source\\PSoC5\\I2C_SLAVE.c"
   1:.\Generated_Source\PSoC5/I2C_SLAVE.c **** /*******************************************************************************
   2:.\Generated_Source\PSoC5/I2C_SLAVE.c **** * File Name: I2C_SLAVE.c
   3:.\Generated_Source\PSoC5/I2C_SLAVE.c **** * Version 3.50
   4:.\Generated_Source\PSoC5/I2C_SLAVE.c **** *
   5:.\Generated_Source\PSoC5/I2C_SLAVE.c **** * Description:
   6:.\Generated_Source\PSoC5/I2C_SLAVE.c **** *  This file provides the source code of APIs for the I2C component Slave mode.
   7:.\Generated_Source\PSoC5/I2C_SLAVE.c **** *
   8:.\Generated_Source\PSoC5/I2C_SLAVE.c **** * Note:
   9:.\Generated_Source\PSoC5/I2C_SLAVE.c **** *
  10:.\Generated_Source\PSoC5/I2C_SLAVE.c **** *******************************************************************************
  11:.\Generated_Source\PSoC5/I2C_SLAVE.c **** * Copyright 2012-2015, Cypress Semiconductor Corporation. All rights reserved.
  12:.\Generated_Source\PSoC5/I2C_SLAVE.c **** * You may use this file only in accordance with the license, terms, conditions,
  13:.\Generated_Source\PSoC5/I2C_SLAVE.c **** * disclaimers, and limitations in the end user license agreement accompanying
  14:.\Generated_Source\PSoC5/I2C_SLAVE.c **** * the software package with which this file was provided.
  15:.\Generated_Source\PSoC5/I2C_SLAVE.c **** *******************************************************************************/
  16:.\Generated_Source\PSoC5/I2C_SLAVE.c **** 
  17:.\Generated_Source\PSoC5/I2C_SLAVE.c **** #include "I2C_PVT.h"
  18:.\Generated_Source\PSoC5/I2C_SLAVE.c **** 
  19:.\Generated_Source\PSoC5/I2C_SLAVE.c **** #if (I2C_MODE_SLAVE_ENABLED)
  20:.\Generated_Source\PSoC5/I2C_SLAVE.c **** 
  21:.\Generated_Source\PSoC5/I2C_SLAVE.c **** /**********************************
  22:.\Generated_Source\PSoC5/I2C_SLAVE.c **** *      System variables
  23:.\Generated_Source\PSoC5/I2C_SLAVE.c **** **********************************/
  24:.\Generated_Source\PSoC5/I2C_SLAVE.c **** 
  25:.\Generated_Source\PSoC5/I2C_SLAVE.c **** volatile uint8 I2C_slStatus;   /* Slave Status  */
  26:.\Generated_Source\PSoC5/I2C_SLAVE.c **** 
  27:.\Generated_Source\PSoC5/I2C_SLAVE.c **** /* Transmit buffer variables */
  28:.\Generated_Source\PSoC5/I2C_SLAVE.c **** volatile uint8 * I2C_slRdBufPtr;   /* Pointer to Transmit buffer  */
  29:.\Generated_Source\PSoC5/I2C_SLAVE.c **** volatile uint8   I2C_slRdBufSize;  /* Slave Transmit buffer size  */
  30:.\Generated_Source\PSoC5/I2C_SLAVE.c **** volatile uint8   I2C_slRdBufIndex; /* Slave Transmit buffer Index */
  31:.\Generated_Source\PSoC5/I2C_SLAVE.c **** 
ARM GAS  C:\Users\JOSEAN~1\AppData\Local\Temp\cczxmz4U.s 			page 2


  32:.\Generated_Source\PSoC5/I2C_SLAVE.c **** /* Receive buffer variables */
  33:.\Generated_Source\PSoC5/I2C_SLAVE.c **** volatile uint8 * I2C_slWrBufPtr;   /* Pointer to Receive buffer  */
  34:.\Generated_Source\PSoC5/I2C_SLAVE.c **** volatile uint8   I2C_slWrBufSize;  /* Slave Receive buffer size  */
  35:.\Generated_Source\PSoC5/I2C_SLAVE.c **** volatile uint8   I2C_slWrBufIndex; /* Slave Receive buffer Index */
  36:.\Generated_Source\PSoC5/I2C_SLAVE.c **** 
  37:.\Generated_Source\PSoC5/I2C_SLAVE.c **** #if (I2C_SW_ADRR_DECODE)
  38:.\Generated_Source\PSoC5/I2C_SLAVE.c ****     volatile uint8 I2C_slAddress;  /* Software address variable */
  39:.\Generated_Source\PSoC5/I2C_SLAVE.c **** #endif /* (I2C_SW_ADRR_DECODE) */
  40:.\Generated_Source\PSoC5/I2C_SLAVE.c **** 
  41:.\Generated_Source\PSoC5/I2C_SLAVE.c **** 
  42:.\Generated_Source\PSoC5/I2C_SLAVE.c **** /*******************************************************************************
  43:.\Generated_Source\PSoC5/I2C_SLAVE.c **** * Function Name: I2C_SlaveStatus
  44:.\Generated_Source\PSoC5/I2C_SLAVE.c **** ********************************************************************************
  45:.\Generated_Source\PSoC5/I2C_SLAVE.c **** *
  46:.\Generated_Source\PSoC5/I2C_SLAVE.c **** * Summary:
  47:.\Generated_Source\PSoC5/I2C_SLAVE.c **** *  Returns I2C slave's communication status.
  48:.\Generated_Source\PSoC5/I2C_SLAVE.c **** *
  49:.\Generated_Source\PSoC5/I2C_SLAVE.c **** * Parameters:
  50:.\Generated_Source\PSoC5/I2C_SLAVE.c **** *  None.
  51:.\Generated_Source\PSoC5/I2C_SLAVE.c **** *
  52:.\Generated_Source\PSoC5/I2C_SLAVE.c **** * Return:
  53:.\Generated_Source\PSoC5/I2C_SLAVE.c **** *  Current status of I2C slave.
  54:.\Generated_Source\PSoC5/I2C_SLAVE.c **** *
  55:.\Generated_Source\PSoC5/I2C_SLAVE.c **** * Global variables:
  56:.\Generated_Source\PSoC5/I2C_SLAVE.c **** *  I2C_slStatus - The global variable used to store a current
  57:.\Generated_Source\PSoC5/I2C_SLAVE.c **** *                              status of the I2C slave.
  58:.\Generated_Source\PSoC5/I2C_SLAVE.c **** *
  59:.\Generated_Source\PSoC5/I2C_SLAVE.c **** *******************************************************************************/
  60:.\Generated_Source\PSoC5/I2C_SLAVE.c **** uint8 I2C_SlaveStatus(void) 
  61:.\Generated_Source\PSoC5/I2C_SLAVE.c **** {
  27              		.loc 1 61 0
  28              		.cfi_startproc
  29              		@ args = 0, pretend = 0, frame = 0
  30              		@ frame_needed = 0, uses_anonymous_args = 0
  31              		@ link register save eliminated.
  62:.\Generated_Source\PSoC5/I2C_SLAVE.c ****     return (I2C_slStatus);
  32              		.loc 1 62 0
  33 0000 014B     		ldr	r3, .L2
  34 0002 1878     		ldrb	r0, [r3]	@ zero_extendqisi2
  63:.\Generated_Source\PSoC5/I2C_SLAVE.c **** }
  35              		.loc 1 63 0
  36 0004 7047     		bx	lr
  37              	.L3:
  38 0006 00BF     		.align	2
  39              	.L2:
  40 0008 00000000 		.word	I2C_slStatus
  41              		.cfi_endproc
  42              	.LFE0:
  43              		.size	I2C_SlaveStatus, .-I2C_SlaveStatus
  44              		.section	.text.I2C_SlaveClearReadStatus,"ax",%progbits
  45              		.align	2
  46              		.global	I2C_SlaveClearReadStatus
  47              		.thumb
  48              		.thumb_func
  49              		.type	I2C_SlaveClearReadStatus, %function
  50              	I2C_SlaveClearReadStatus:
  51              	.LFB1:
ARM GAS  C:\Users\JOSEAN~1\AppData\Local\Temp\cczxmz4U.s 			page 3


  64:.\Generated_Source\PSoC5/I2C_SLAVE.c **** 
  65:.\Generated_Source\PSoC5/I2C_SLAVE.c **** 
  66:.\Generated_Source\PSoC5/I2C_SLAVE.c **** /*******************************************************************************
  67:.\Generated_Source\PSoC5/I2C_SLAVE.c **** * Function Name: I2C_SlaveClearReadStatus
  68:.\Generated_Source\PSoC5/I2C_SLAVE.c **** ********************************************************************************
  69:.\Generated_Source\PSoC5/I2C_SLAVE.c **** *
  70:.\Generated_Source\PSoC5/I2C_SLAVE.c **** * Summary:
  71:.\Generated_Source\PSoC5/I2C_SLAVE.c **** *  Clears the read status flags and returns they values.
  72:.\Generated_Source\PSoC5/I2C_SLAVE.c **** *  The I2C_SSTAT_RD_BUSY flag is not effected by clear.
  73:.\Generated_Source\PSoC5/I2C_SLAVE.c **** *
  74:.\Generated_Source\PSoC5/I2C_SLAVE.c **** * Parameters:
  75:.\Generated_Source\PSoC5/I2C_SLAVE.c **** *  None.
  76:.\Generated_Source\PSoC5/I2C_SLAVE.c **** *
  77:.\Generated_Source\PSoC5/I2C_SLAVE.c **** * Return:
  78:.\Generated_Source\PSoC5/I2C_SLAVE.c **** *  Current read status of I2C slave.
  79:.\Generated_Source\PSoC5/I2C_SLAVE.c **** *
  80:.\Generated_Source\PSoC5/I2C_SLAVE.c **** * Global variables:
  81:.\Generated_Source\PSoC5/I2C_SLAVE.c **** *  I2C_slStatus - The global variable used to store a current
  82:.\Generated_Source\PSoC5/I2C_SLAVE.c **** *                              status of the I2C slave.
  83:.\Generated_Source\PSoC5/I2C_SLAVE.c **** *
  84:.\Generated_Source\PSoC5/I2C_SLAVE.c **** * Reentrant:
  85:.\Generated_Source\PSoC5/I2C_SLAVE.c **** *  No.
  86:.\Generated_Source\PSoC5/I2C_SLAVE.c **** *
  87:.\Generated_Source\PSoC5/I2C_SLAVE.c **** *******************************************************************************/
  88:.\Generated_Source\PSoC5/I2C_SLAVE.c **** uint8 I2C_SlaveClearReadStatus(void) 
  89:.\Generated_Source\PSoC5/I2C_SLAVE.c **** {
  52              		.loc 1 89 0
  53              		.cfi_startproc
  54              		@ args = 0, pretend = 0, frame = 0
  55              		@ frame_needed = 0, uses_anonymous_args = 0
  56              		@ link register save eliminated.
  90:.\Generated_Source\PSoC5/I2C_SLAVE.c ****     uint8 status;
  91:.\Generated_Source\PSoC5/I2C_SLAVE.c **** 
  92:.\Generated_Source\PSoC5/I2C_SLAVE.c ****     I2C_DisableInt(); /* Lock from interrupt */
  57              		.loc 1 92 0
  58 0000 4FF40041 		mov	r1, #32768
  59 0004 064B     		ldr	r3, .L5
  60 0006 1960     		str	r1, [r3]
  93:.\Generated_Source\PSoC5/I2C_SLAVE.c **** 
  94:.\Generated_Source\PSoC5/I2C_SLAVE.c ****     /* Mask of transfer complete flag and Error status */
  95:.\Generated_Source\PSoC5/I2C_SLAVE.c ****     status = (I2C_slStatus & I2C_SSTAT_RD_MASK);
  61              		.loc 1 95 0
  62 0008 064B     		ldr	r3, .L5+4
  63 000a 1878     		ldrb	r0, [r3]	@ zero_extendqisi2
  64              	.LVL0:
  96:.\Generated_Source\PSoC5/I2C_SLAVE.c ****     I2C_slStatus &= (uint8) ~I2C_SSTAT_RD_CLEAR;
  65              		.loc 1 96 0
  66 000c 1A78     		ldrb	r2, [r3]	@ zero_extendqisi2
  67 000e 02F0F202 		and	r2, r2, #242
  68 0012 1A70     		strb	r2, [r3]
  97:.\Generated_Source\PSoC5/I2C_SLAVE.c **** 
  98:.\Generated_Source\PSoC5/I2C_SLAVE.c ****     I2C_EnableInt(); /* Release lock */
  69              		.loc 1 98 0
  70 0014 044B     		ldr	r3, .L5+8
  71 0016 1960     		str	r1, [r3]
  99:.\Generated_Source\PSoC5/I2C_SLAVE.c **** 
 100:.\Generated_Source\PSoC5/I2C_SLAVE.c ****     return (status);
ARM GAS  C:\Users\JOSEAN~1\AppData\Local\Temp\cczxmz4U.s 			page 4


 101:.\Generated_Source\PSoC5/I2C_SLAVE.c **** }
  72              		.loc 1 101 0
  73 0018 00F00F00 		and	r0, r0, #15
  74              	.LVL1:
  75 001c 7047     		bx	lr
  76              	.L6:
  77 001e 00BF     		.align	2
  78              	.L5:
  79 0020 80E100E0 		.word	-536813184
  80 0024 00000000 		.word	I2C_slStatus
  81 0028 00E100E0 		.word	-536813312
  82              		.cfi_endproc
  83              	.LFE1:
  84              		.size	I2C_SlaveClearReadStatus, .-I2C_SlaveClearReadStatus
  85              		.section	.text.I2C_SlaveClearWriteStatus,"ax",%progbits
  86              		.align	2
  87              		.global	I2C_SlaveClearWriteStatus
  88              		.thumb
  89              		.thumb_func
  90              		.type	I2C_SlaveClearWriteStatus, %function
  91              	I2C_SlaveClearWriteStatus:
  92              	.LFB2:
 102:.\Generated_Source\PSoC5/I2C_SLAVE.c **** 
 103:.\Generated_Source\PSoC5/I2C_SLAVE.c **** 
 104:.\Generated_Source\PSoC5/I2C_SLAVE.c **** /*******************************************************************************
 105:.\Generated_Source\PSoC5/I2C_SLAVE.c **** * Function Name: I2C_SlaveClearWriteStatus
 106:.\Generated_Source\PSoC5/I2C_SLAVE.c **** ********************************************************************************
 107:.\Generated_Source\PSoC5/I2C_SLAVE.c **** *
 108:.\Generated_Source\PSoC5/I2C_SLAVE.c **** * Summary:
 109:.\Generated_Source\PSoC5/I2C_SLAVE.c **** *  Clears the write status flags and returns they values.
 110:.\Generated_Source\PSoC5/I2C_SLAVE.c **** *  The I2C_SSTAT_WR_BUSY flag is not effected by clear.
 111:.\Generated_Source\PSoC5/I2C_SLAVE.c **** *
 112:.\Generated_Source\PSoC5/I2C_SLAVE.c **** * Parameters:
 113:.\Generated_Source\PSoC5/I2C_SLAVE.c **** *  None.
 114:.\Generated_Source\PSoC5/I2C_SLAVE.c **** *
 115:.\Generated_Source\PSoC5/I2C_SLAVE.c **** * Return:
 116:.\Generated_Source\PSoC5/I2C_SLAVE.c **** *  Current write status of I2C slave.
 117:.\Generated_Source\PSoC5/I2C_SLAVE.c **** *
 118:.\Generated_Source\PSoC5/I2C_SLAVE.c **** * Global variables:
 119:.\Generated_Source\PSoC5/I2C_SLAVE.c **** *  I2C_slStatus - The global variable used to store a current
 120:.\Generated_Source\PSoC5/I2C_SLAVE.c **** *                              status of the I2C slave.
 121:.\Generated_Source\PSoC5/I2C_SLAVE.c **** *
 122:.\Generated_Source\PSoC5/I2C_SLAVE.c **** * Reentrant:
 123:.\Generated_Source\PSoC5/I2C_SLAVE.c **** *  No.
 124:.\Generated_Source\PSoC5/I2C_SLAVE.c **** *
 125:.\Generated_Source\PSoC5/I2C_SLAVE.c **** *******************************************************************************/
 126:.\Generated_Source\PSoC5/I2C_SLAVE.c **** uint8 I2C_SlaveClearWriteStatus(void) 
 127:.\Generated_Source\PSoC5/I2C_SLAVE.c **** {
  93              		.loc 1 127 0
  94              		.cfi_startproc
  95              		@ args = 0, pretend = 0, frame = 0
  96              		@ frame_needed = 0, uses_anonymous_args = 0
  97              		@ link register save eliminated.
 128:.\Generated_Source\PSoC5/I2C_SLAVE.c ****     uint8 status;
 129:.\Generated_Source\PSoC5/I2C_SLAVE.c **** 
 130:.\Generated_Source\PSoC5/I2C_SLAVE.c ****     I2C_DisableInt(); /* Lock from interrupt */
  98              		.loc 1 130 0
ARM GAS  C:\Users\JOSEAN~1\AppData\Local\Temp\cczxmz4U.s 			page 5


  99 0000 4FF40041 		mov	r1, #32768
 100 0004 064B     		ldr	r3, .L8
 101 0006 1960     		str	r1, [r3]
 131:.\Generated_Source\PSoC5/I2C_SLAVE.c **** 
 132:.\Generated_Source\PSoC5/I2C_SLAVE.c ****     /* Mask of transfer complete flag and Error status */
 133:.\Generated_Source\PSoC5/I2C_SLAVE.c ****     status = (I2C_slStatus & I2C_SSTAT_WR_MASK);
 102              		.loc 1 133 0
 103 0008 064B     		ldr	r3, .L8+4
 104 000a 1878     		ldrb	r0, [r3]	@ zero_extendqisi2
 105              	.LVL2:
 134:.\Generated_Source\PSoC5/I2C_SLAVE.c ****     I2C_slStatus &= (uint8) ~I2C_SSTAT_WR_CLEAR;
 106              		.loc 1 134 0
 107 000c 1A78     		ldrb	r2, [r3]	@ zero_extendqisi2
 108 000e 02F02F02 		and	r2, r2, #47
 109 0012 1A70     		strb	r2, [r3]
 135:.\Generated_Source\PSoC5/I2C_SLAVE.c **** 
 136:.\Generated_Source\PSoC5/I2C_SLAVE.c ****     I2C_EnableInt(); /* Release lock */
 110              		.loc 1 136 0
 111 0014 044B     		ldr	r3, .L8+8
 112 0016 1960     		str	r1, [r3]
 137:.\Generated_Source\PSoC5/I2C_SLAVE.c **** 
 138:.\Generated_Source\PSoC5/I2C_SLAVE.c ****     return (status);
 139:.\Generated_Source\PSoC5/I2C_SLAVE.c **** }
 113              		.loc 1 139 0
 114 0018 00F0F000 		and	r0, r0, #240
 115              	.LVL3:
 116 001c 7047     		bx	lr
 117              	.L9:
 118 001e 00BF     		.align	2
 119              	.L8:
 120 0020 80E100E0 		.word	-536813184
 121 0024 00000000 		.word	I2C_slStatus
 122 0028 00E100E0 		.word	-536813312
 123              		.cfi_endproc
 124              	.LFE2:
 125              		.size	I2C_SlaveClearWriteStatus, .-I2C_SlaveClearWriteStatus
 126              		.section	.text.I2C_SlaveSetAddress,"ax",%progbits
 127              		.align	2
 128              		.global	I2C_SlaveSetAddress
 129              		.thumb
 130              		.thumb_func
 131              		.type	I2C_SlaveSetAddress, %function
 132              	I2C_SlaveSetAddress:
 133              	.LFB3:
 140:.\Generated_Source\PSoC5/I2C_SLAVE.c **** 
 141:.\Generated_Source\PSoC5/I2C_SLAVE.c **** 
 142:.\Generated_Source\PSoC5/I2C_SLAVE.c **** /*******************************************************************************
 143:.\Generated_Source\PSoC5/I2C_SLAVE.c **** * Function Name: I2C_SlaveSetAddress
 144:.\Generated_Source\PSoC5/I2C_SLAVE.c **** ********************************************************************************
 145:.\Generated_Source\PSoC5/I2C_SLAVE.c **** *
 146:.\Generated_Source\PSoC5/I2C_SLAVE.c **** * Summary:
 147:.\Generated_Source\PSoC5/I2C_SLAVE.c **** *  Sets the I2C slave address.
 148:.\Generated_Source\PSoC5/I2C_SLAVE.c **** *
 149:.\Generated_Source\PSoC5/I2C_SLAVE.c **** * Parameters:
 150:.\Generated_Source\PSoC5/I2C_SLAVE.c **** *  address: I2C slave address for the primary device. This value may be any
 151:.\Generated_Source\PSoC5/I2C_SLAVE.c **** *  address between 0 and 127.
 152:.\Generated_Source\PSoC5/I2C_SLAVE.c **** *
ARM GAS  C:\Users\JOSEAN~1\AppData\Local\Temp\cczxmz4U.s 			page 6


 153:.\Generated_Source\PSoC5/I2C_SLAVE.c **** * Return:
 154:.\Generated_Source\PSoC5/I2C_SLAVE.c **** *  None.
 155:.\Generated_Source\PSoC5/I2C_SLAVE.c **** *
 156:.\Generated_Source\PSoC5/I2C_SLAVE.c **** * Global variables:
 157:.\Generated_Source\PSoC5/I2C_SLAVE.c **** *  I2C_Address  - The global variable used to store an I2C slave
 158:.\Generated_Source\PSoC5/I2C_SLAVE.c **** *                              address for the primary device when the software
 159:.\Generated_Source\PSoC5/I2C_SLAVE.c **** *                              address detect feature is used.
 160:.\Generated_Source\PSoC5/I2C_SLAVE.c **** *
 161:.\Generated_Source\PSoC5/I2C_SLAVE.c **** * Reentrant:
 162:.\Generated_Source\PSoC5/I2C_SLAVE.c **** *  No.
 163:.\Generated_Source\PSoC5/I2C_SLAVE.c **** *
 164:.\Generated_Source\PSoC5/I2C_SLAVE.c **** *******************************************************************************/
 165:.\Generated_Source\PSoC5/I2C_SLAVE.c **** void I2C_SlaveSetAddress(uint8 address) 
 166:.\Generated_Source\PSoC5/I2C_SLAVE.c **** {
 134              		.loc 1 166 0
 135              		.cfi_startproc
 136              		@ args = 0, pretend = 0, frame = 0
 137              		@ frame_needed = 0, uses_anonymous_args = 0
 138              		@ link register save eliminated.
 139              	.LVL4:
 167:.\Generated_Source\PSoC5/I2C_SLAVE.c **** #if (I2C_SW_ADRR_DECODE)
 168:.\Generated_Source\PSoC5/I2C_SLAVE.c ****     I2C_slAddress = (address & I2C_SLAVE_ADDR_MASK);
 169:.\Generated_Source\PSoC5/I2C_SLAVE.c **** #else
 170:.\Generated_Source\PSoC5/I2C_SLAVE.c ****     I2C_ADDR_REG  = (address & I2C_SLAVE_ADDR_MASK);
 140              		.loc 1 170 0
 141 0000 00F07F00 		and	r0, r0, #127
 142              	.LVL5:
 143 0004 014B     		ldr	r3, .L11
 144 0006 1870     		strb	r0, [r3]
 145 0008 7047     		bx	lr
 146              	.L12:
 147 000a 00BF     		.align	2
 148              	.L11:
 149 000c CA490040 		.word	1073760714
 150              		.cfi_endproc
 151              	.LFE3:
 152              		.size	I2C_SlaveSetAddress, .-I2C_SlaveSetAddress
 153              		.section	.text.I2C_SlaveInitReadBuf,"ax",%progbits
 154              		.align	2
 155              		.global	I2C_SlaveInitReadBuf
 156              		.thumb
 157              		.thumb_func
 158              		.type	I2C_SlaveInitReadBuf, %function
 159              	I2C_SlaveInitReadBuf:
 160              	.LFB4:
 171:.\Generated_Source\PSoC5/I2C_SLAVE.c **** #endif /* (I2C_SW_ADRR_DECODE) */
 172:.\Generated_Source\PSoC5/I2C_SLAVE.c **** }
 173:.\Generated_Source\PSoC5/I2C_SLAVE.c **** 
 174:.\Generated_Source\PSoC5/I2C_SLAVE.c **** 
 175:.\Generated_Source\PSoC5/I2C_SLAVE.c **** /*******************************************************************************
 176:.\Generated_Source\PSoC5/I2C_SLAVE.c **** * Function Name: I2C_SlaveInitReadBuf
 177:.\Generated_Source\PSoC5/I2C_SLAVE.c **** ********************************************************************************
 178:.\Generated_Source\PSoC5/I2C_SLAVE.c **** *
 179:.\Generated_Source\PSoC5/I2C_SLAVE.c **** * Summary:
 180:.\Generated_Source\PSoC5/I2C_SLAVE.c **** *  Sets the buffer pointer and size of the read buffer. This function also
 181:.\Generated_Source\PSoC5/I2C_SLAVE.c **** *  resets the transfer count returned with the I2C_SlaveGetReadBufSize function.
 182:.\Generated_Source\PSoC5/I2C_SLAVE.c **** *
ARM GAS  C:\Users\JOSEAN~1\AppData\Local\Temp\cczxmz4U.s 			page 7


 183:.\Generated_Source\PSoC5/I2C_SLAVE.c **** * Parameters:
 184:.\Generated_Source\PSoC5/I2C_SLAVE.c **** *  readBuf:  Pointer to the data buffer to be read by the master.
 185:.\Generated_Source\PSoC5/I2C_SLAVE.c **** *  bufSize:  Size of the read buffer exposed to the I2C master.
 186:.\Generated_Source\PSoC5/I2C_SLAVE.c **** *
 187:.\Generated_Source\PSoC5/I2C_SLAVE.c **** * Return:
 188:.\Generated_Source\PSoC5/I2C_SLAVE.c **** *  None.
 189:.\Generated_Source\PSoC5/I2C_SLAVE.c **** *
 190:.\Generated_Source\PSoC5/I2C_SLAVE.c **** * Global variables:
 191:.\Generated_Source\PSoC5/I2C_SLAVE.c **** *  I2C_slRdBufPtr   - The global variable used to store a pointer
 192:.\Generated_Source\PSoC5/I2C_SLAVE.c **** *                                  to the slave read buffer.
 193:.\Generated_Source\PSoC5/I2C_SLAVE.c **** *  I2C_slRdBufSize  - The global variable used to store a slave
 194:.\Generated_Source\PSoC5/I2C_SLAVE.c **** *                                  read buffer size.
 195:.\Generated_Source\PSoC5/I2C_SLAVE.c **** *  I2C_slRdBufIndex - The global variable used to store a current
 196:.\Generated_Source\PSoC5/I2C_SLAVE.c **** *                                  index within the slave read buffer.
 197:.\Generated_Source\PSoC5/I2C_SLAVE.c **** *
 198:.\Generated_Source\PSoC5/I2C_SLAVE.c **** * Side Effects:
 199:.\Generated_Source\PSoC5/I2C_SLAVE.c **** *  If this function is called during a bus transaction, data from the previous
 200:.\Generated_Source\PSoC5/I2C_SLAVE.c **** *  buffer location and the beginning of the current buffer may be transmitted.
 201:.\Generated_Source\PSoC5/I2C_SLAVE.c **** *
 202:.\Generated_Source\PSoC5/I2C_SLAVE.c **** * Reentrant:
 203:.\Generated_Source\PSoC5/I2C_SLAVE.c **** *  No.
 204:.\Generated_Source\PSoC5/I2C_SLAVE.c **** *
 205:.\Generated_Source\PSoC5/I2C_SLAVE.c **** *******************************************************************************/
 206:.\Generated_Source\PSoC5/I2C_SLAVE.c **** void I2C_SlaveInitReadBuf(uint8 * rdBuf, uint8 bufSize)
 207:.\Generated_Source\PSoC5/I2C_SLAVE.c ****      
 208:.\Generated_Source\PSoC5/I2C_SLAVE.c **** {
 161              		.loc 1 208 0
 162              		.cfi_startproc
 163              		@ args = 0, pretend = 0, frame = 0
 164              		@ frame_needed = 0, uses_anonymous_args = 0
 165              		@ link register save eliminated.
 166              	.LVL6:
 209:.\Generated_Source\PSoC5/I2C_SLAVE.c ****     if (NULL != rdBuf)
 167              		.loc 1 209 0
 168 0000 0246     		mov	r2, r0
 169 0002 60B1     		cbz	r0, .L13
 210:.\Generated_Source\PSoC5/I2C_SLAVE.c ****     {
 211:.\Generated_Source\PSoC5/I2C_SLAVE.c ****         I2C_DisableInt(); /* Lock from interrupt */
 170              		.loc 1 211 0
 171 0004 4FF40043 		mov	r3, #32768
 172 0008 0548     		ldr	r0, .L15
 173              	.LVL7:
 174 000a 0360     		str	r3, [r0]
 212:.\Generated_Source\PSoC5/I2C_SLAVE.c **** 
 213:.\Generated_Source\PSoC5/I2C_SLAVE.c ****         /* Set buffer pointer */
 214:.\Generated_Source\PSoC5/I2C_SLAVE.c ****         I2C_slRdBufPtr   = (volatile uint8 *) rdBuf;
 175              		.loc 1 214 0
 176 000c 0548     		ldr	r0, .L15+4
 177 000e 0260     		str	r2, [r0]
 215:.\Generated_Source\PSoC5/I2C_SLAVE.c ****         I2C_slRdBufSize  = bufSize;    /* Set buffer size     */
 178              		.loc 1 215 0
 179 0010 054A     		ldr	r2, .L15+8
 180              	.LVL8:
 181 0012 1170     		strb	r1, [r2]
 216:.\Generated_Source\PSoC5/I2C_SLAVE.c ****         I2C_slRdBufIndex = 0u;         /* Clears buffer index */
 182              		.loc 1 216 0
 183 0014 0021     		movs	r1, #0
ARM GAS  C:\Users\JOSEAN~1\AppData\Local\Temp\cczxmz4U.s 			page 8


 184              	.LVL9:
 185 0016 054A     		ldr	r2, .L15+12
 186 0018 1170     		strb	r1, [r2]
 187              	.LVL10:
 217:.\Generated_Source\PSoC5/I2C_SLAVE.c **** 
 218:.\Generated_Source\PSoC5/I2C_SLAVE.c ****         I2C_EnableInt(); /* Release lock */
 188              		.loc 1 218 0
 189 001a 054A     		ldr	r2, .L15+16
 190 001c 1360     		str	r3, [r2]
 191              	.LVL11:
 192              	.L13:
 193 001e 7047     		bx	lr
 194              	.L16:
 195              		.align	2
 196              	.L15:
 197 0020 80E100E0 		.word	-536813184
 198 0024 00000000 		.word	I2C_slRdBufPtr
 199 0028 00000000 		.word	I2C_slRdBufSize
 200 002c 00000000 		.word	I2C_slRdBufIndex
 201 0030 00E100E0 		.word	-536813312
 202              		.cfi_endproc
 203              	.LFE4:
 204              		.size	I2C_SlaveInitReadBuf, .-I2C_SlaveInitReadBuf
 205              		.section	.text.I2C_SlaveInitWriteBuf,"ax",%progbits
 206              		.align	2
 207              		.global	I2C_SlaveInitWriteBuf
 208              		.thumb
 209              		.thumb_func
 210              		.type	I2C_SlaveInitWriteBuf, %function
 211              	I2C_SlaveInitWriteBuf:
 212              	.LFB5:
 219:.\Generated_Source\PSoC5/I2C_SLAVE.c ****     }
 220:.\Generated_Source\PSoC5/I2C_SLAVE.c **** }
 221:.\Generated_Source\PSoC5/I2C_SLAVE.c **** 
 222:.\Generated_Source\PSoC5/I2C_SLAVE.c **** 
 223:.\Generated_Source\PSoC5/I2C_SLAVE.c **** /*******************************************************************************
 224:.\Generated_Source\PSoC5/I2C_SLAVE.c **** * Function Name: I2C_SlaveInitWriteBuf
 225:.\Generated_Source\PSoC5/I2C_SLAVE.c **** ********************************************************************************
 226:.\Generated_Source\PSoC5/I2C_SLAVE.c **** *
 227:.\Generated_Source\PSoC5/I2C_SLAVE.c **** * Summary:
 228:.\Generated_Source\PSoC5/I2C_SLAVE.c **** *  Sets the buffer pointer and size of the read buffer. This function also
 229:.\Generated_Source\PSoC5/I2C_SLAVE.c **** *  resets the transfer count returned with the I2C_SlaveGetReadBufSize function.
 230:.\Generated_Source\PSoC5/I2C_SLAVE.c **** *
 231:.\Generated_Source\PSoC5/I2C_SLAVE.c **** * Parameters:
 232:.\Generated_Source\PSoC5/I2C_SLAVE.c **** *  writeBuf:  Pointer to the data buffer to be read by the master.
 233:.\Generated_Source\PSoC5/I2C_SLAVE.c **** *  bufSize:  Size of the buffer exposed to the I2C master.
 234:.\Generated_Source\PSoC5/I2C_SLAVE.c **** *
 235:.\Generated_Source\PSoC5/I2C_SLAVE.c **** * Return:
 236:.\Generated_Source\PSoC5/I2C_SLAVE.c **** *  None.
 237:.\Generated_Source\PSoC5/I2C_SLAVE.c **** *
 238:.\Generated_Source\PSoC5/I2C_SLAVE.c **** * Global variables:
 239:.\Generated_Source\PSoC5/I2C_SLAVE.c **** *  I2C_slWrBufPtr   - The global variable used to store a pointer
 240:.\Generated_Source\PSoC5/I2C_SLAVE.c **** *                                  to the slave write buffer.
 241:.\Generated_Source\PSoC5/I2C_SLAVE.c **** *  I2C_slWrBufSize  - The global variable used to store a slave
 242:.\Generated_Source\PSoC5/I2C_SLAVE.c **** *                                  write buffer size.
 243:.\Generated_Source\PSoC5/I2C_SLAVE.c **** *  I2C_slWrBufIndex - The global variable used to store a current
 244:.\Generated_Source\PSoC5/I2C_SLAVE.c **** *                                  index within the slave write buffer.
ARM GAS  C:\Users\JOSEAN~1\AppData\Local\Temp\cczxmz4U.s 			page 9


 245:.\Generated_Source\PSoC5/I2C_SLAVE.c **** *
 246:.\Generated_Source\PSoC5/I2C_SLAVE.c **** * Side Effects:
 247:.\Generated_Source\PSoC5/I2C_SLAVE.c **** *  If this function is called during a bus transaction, data from the previous
 248:.\Generated_Source\PSoC5/I2C_SLAVE.c **** *  buffer location and the beginning of the current buffer may be transmitted.
 249:.\Generated_Source\PSoC5/I2C_SLAVE.c **** *
 250:.\Generated_Source\PSoC5/I2C_SLAVE.c **** * Reentrant:
 251:.\Generated_Source\PSoC5/I2C_SLAVE.c **** *  No.
 252:.\Generated_Source\PSoC5/I2C_SLAVE.c **** *
 253:.\Generated_Source\PSoC5/I2C_SLAVE.c **** *******************************************************************************/
 254:.\Generated_Source\PSoC5/I2C_SLAVE.c **** void I2C_SlaveInitWriteBuf(uint8 * wrBuf, uint8 bufSize)
 255:.\Generated_Source\PSoC5/I2C_SLAVE.c ****      
 256:.\Generated_Source\PSoC5/I2C_SLAVE.c **** {
 213              		.loc 1 256 0
 214              		.cfi_startproc
 215              		@ args = 0, pretend = 0, frame = 0
 216              		@ frame_needed = 0, uses_anonymous_args = 0
 217              		@ link register save eliminated.
 218              	.LVL12:
 257:.\Generated_Source\PSoC5/I2C_SLAVE.c ****     if (NULL != wrBuf)
 219              		.loc 1 257 0
 220 0000 0246     		mov	r2, r0
 221 0002 60B1     		cbz	r0, .L17
 258:.\Generated_Source\PSoC5/I2C_SLAVE.c ****     {
 259:.\Generated_Source\PSoC5/I2C_SLAVE.c ****         I2C_DisableInt(); /* Lock from interrupt */
 222              		.loc 1 259 0
 223 0004 4FF40043 		mov	r3, #32768
 224 0008 0548     		ldr	r0, .L19
 225              	.LVL13:
 226 000a 0360     		str	r3, [r0]
 260:.\Generated_Source\PSoC5/I2C_SLAVE.c **** 
 261:.\Generated_Source\PSoC5/I2C_SLAVE.c ****          /* Set buffer pointer */
 262:.\Generated_Source\PSoC5/I2C_SLAVE.c ****         I2C_slWrBufPtr   = (volatile uint8 *) wrBuf;
 227              		.loc 1 262 0
 228 000c 0548     		ldr	r0, .L19+4
 229 000e 0260     		str	r2, [r0]
 263:.\Generated_Source\PSoC5/I2C_SLAVE.c ****         I2C_slWrBufSize  = bufSize;    /* Set buffer size     */
 230              		.loc 1 263 0
 231 0010 054A     		ldr	r2, .L19+8
 232              	.LVL14:
 233 0012 1170     		strb	r1, [r2]
 264:.\Generated_Source\PSoC5/I2C_SLAVE.c ****         I2C_slWrBufIndex = 0u;         /* Clears buffer index */
 234              		.loc 1 264 0
 235 0014 0021     		movs	r1, #0
 236              	.LVL15:
 237 0016 054A     		ldr	r2, .L19+12
 238 0018 1170     		strb	r1, [r2]
 239              	.LVL16:
 265:.\Generated_Source\PSoC5/I2C_SLAVE.c **** 
 266:.\Generated_Source\PSoC5/I2C_SLAVE.c ****         I2C_EnableInt(); /* Release lock */
 240              		.loc 1 266 0
 241 001a 054A     		ldr	r2, .L19+16
 242 001c 1360     		str	r3, [r2]
 243              	.LVL17:
 244              	.L17:
 245 001e 7047     		bx	lr
 246              	.L20:
 247              		.align	2
ARM GAS  C:\Users\JOSEAN~1\AppData\Local\Temp\cczxmz4U.s 			page 10


 248              	.L19:
 249 0020 80E100E0 		.word	-536813184
 250 0024 00000000 		.word	I2C_slWrBufPtr
 251 0028 00000000 		.word	I2C_slWrBufSize
 252 002c 00000000 		.word	I2C_slWrBufIndex
 253 0030 00E100E0 		.word	-536813312
 254              		.cfi_endproc
 255              	.LFE5:
 256              		.size	I2C_SlaveInitWriteBuf, .-I2C_SlaveInitWriteBuf
 257              		.section	.text.I2C_SlaveGetReadBufSize,"ax",%progbits
 258              		.align	2
 259              		.global	I2C_SlaveGetReadBufSize
 260              		.thumb
 261              		.thumb_func
 262              		.type	I2C_SlaveGetReadBufSize, %function
 263              	I2C_SlaveGetReadBufSize:
 264              	.LFB6:
 267:.\Generated_Source\PSoC5/I2C_SLAVE.c ****     }
 268:.\Generated_Source\PSoC5/I2C_SLAVE.c **** }
 269:.\Generated_Source\PSoC5/I2C_SLAVE.c **** 
 270:.\Generated_Source\PSoC5/I2C_SLAVE.c **** 
 271:.\Generated_Source\PSoC5/I2C_SLAVE.c **** /*******************************************************************************
 272:.\Generated_Source\PSoC5/I2C_SLAVE.c **** * Function Name: I2C_SlaveGetReadBufSize
 273:.\Generated_Source\PSoC5/I2C_SLAVE.c **** ********************************************************************************
 274:.\Generated_Source\PSoC5/I2C_SLAVE.c **** *
 275:.\Generated_Source\PSoC5/I2C_SLAVE.c **** * Summary:
 276:.\Generated_Source\PSoC5/I2C_SLAVE.c **** *  Returns the number of bytes read by the I2C master since an
 277:.\Generated_Source\PSoC5/I2C_SLAVE.c **** *  I2C_SlaveInitReadBuf or I2C_SlaveClearReadBuf function was executed.
 278:.\Generated_Source\PSoC5/I2C_SLAVE.c **** *  The maximum return value will be the size of the read buffer.
 279:.\Generated_Source\PSoC5/I2C_SLAVE.c **** *
 280:.\Generated_Source\PSoC5/I2C_SLAVE.c **** * Parameters:
 281:.\Generated_Source\PSoC5/I2C_SLAVE.c **** *  None.
 282:.\Generated_Source\PSoC5/I2C_SLAVE.c **** *
 283:.\Generated_Source\PSoC5/I2C_SLAVE.c **** * Return:
 284:.\Generated_Source\PSoC5/I2C_SLAVE.c **** *  Bytes read by master.
 285:.\Generated_Source\PSoC5/I2C_SLAVE.c **** *
 286:.\Generated_Source\PSoC5/I2C_SLAVE.c **** * Global variables:
 287:.\Generated_Source\PSoC5/I2C_SLAVE.c **** *  I2C_slRdBufIndex - The global variable used to store a current
 288:.\Generated_Source\PSoC5/I2C_SLAVE.c **** *                                  index within the slave read buffer.
 289:.\Generated_Source\PSoC5/I2C_SLAVE.c **** *
 290:.\Generated_Source\PSoC5/I2C_SLAVE.c **** *******************************************************************************/
 291:.\Generated_Source\PSoC5/I2C_SLAVE.c **** uint8 I2C_SlaveGetReadBufSize(void) 
 292:.\Generated_Source\PSoC5/I2C_SLAVE.c **** {
 265              		.loc 1 292 0
 266              		.cfi_startproc
 267              		@ args = 0, pretend = 0, frame = 0
 268              		@ frame_needed = 0, uses_anonymous_args = 0
 269              		@ link register save eliminated.
 293:.\Generated_Source\PSoC5/I2C_SLAVE.c ****     return (I2C_slRdBufIndex);
 270              		.loc 1 293 0
 271 0000 014B     		ldr	r3, .L22
 272 0002 1878     		ldrb	r0, [r3]	@ zero_extendqisi2
 294:.\Generated_Source\PSoC5/I2C_SLAVE.c **** }
 273              		.loc 1 294 0
 274 0004 7047     		bx	lr
 275              	.L23:
 276 0006 00BF     		.align	2
ARM GAS  C:\Users\JOSEAN~1\AppData\Local\Temp\cczxmz4U.s 			page 11


 277              	.L22:
 278 0008 00000000 		.word	I2C_slRdBufIndex
 279              		.cfi_endproc
 280              	.LFE6:
 281              		.size	I2C_SlaveGetReadBufSize, .-I2C_SlaveGetReadBufSize
 282              		.section	.text.I2C_SlaveGetWriteBufSize,"ax",%progbits
 283              		.align	2
 284              		.global	I2C_SlaveGetWriteBufSize
 285              		.thumb
 286              		.thumb_func
 287              		.type	I2C_SlaveGetWriteBufSize, %function
 288              	I2C_SlaveGetWriteBufSize:
 289              	.LFB7:
 295:.\Generated_Source\PSoC5/I2C_SLAVE.c **** 
 296:.\Generated_Source\PSoC5/I2C_SLAVE.c **** 
 297:.\Generated_Source\PSoC5/I2C_SLAVE.c **** /*******************************************************************************
 298:.\Generated_Source\PSoC5/I2C_SLAVE.c **** * Function Name: I2C_SlaveGetWriteBufSize
 299:.\Generated_Source\PSoC5/I2C_SLAVE.c **** ********************************************************************************
 300:.\Generated_Source\PSoC5/I2C_SLAVE.c **** *
 301:.\Generated_Source\PSoC5/I2C_SLAVE.c **** * Summary:
 302:.\Generated_Source\PSoC5/I2C_SLAVE.c **** *  Returns the number of bytes written by the I2C master since an
 303:.\Generated_Source\PSoC5/I2C_SLAVE.c **** *  I2C_SlaveInitWriteBuf or I2C_SlaveClearWriteBuf function was executed.
 304:.\Generated_Source\PSoC5/I2C_SLAVE.c **** *  The maximum return value will be the size of the write buffer.
 305:.\Generated_Source\PSoC5/I2C_SLAVE.c **** *
 306:.\Generated_Source\PSoC5/I2C_SLAVE.c **** * Parameters:
 307:.\Generated_Source\PSoC5/I2C_SLAVE.c **** *  None.
 308:.\Generated_Source\PSoC5/I2C_SLAVE.c **** *
 309:.\Generated_Source\PSoC5/I2C_SLAVE.c **** * Return:
 310:.\Generated_Source\PSoC5/I2C_SLAVE.c **** *  Bytes written by master.
 311:.\Generated_Source\PSoC5/I2C_SLAVE.c **** *
 312:.\Generated_Source\PSoC5/I2C_SLAVE.c **** * Global variables:
 313:.\Generated_Source\PSoC5/I2C_SLAVE.c **** *  I2C_slWrBufIndex - The global variable used to store a current
 314:.\Generated_Source\PSoC5/I2C_SLAVE.c **** *                                  index within the slave write buffer.
 315:.\Generated_Source\PSoC5/I2C_SLAVE.c **** *
 316:.\Generated_Source\PSoC5/I2C_SLAVE.c **** *******************************************************************************/
 317:.\Generated_Source\PSoC5/I2C_SLAVE.c **** uint8 I2C_SlaveGetWriteBufSize(void) 
 318:.\Generated_Source\PSoC5/I2C_SLAVE.c **** {
 290              		.loc 1 318 0
 291              		.cfi_startproc
 292              		@ args = 0, pretend = 0, frame = 0
 293              		@ frame_needed = 0, uses_anonymous_args = 0
 294              		@ link register save eliminated.
 319:.\Generated_Source\PSoC5/I2C_SLAVE.c ****     return (I2C_slWrBufIndex);
 295              		.loc 1 319 0
 296 0000 014B     		ldr	r3, .L25
 297 0002 1878     		ldrb	r0, [r3]	@ zero_extendqisi2
 320:.\Generated_Source\PSoC5/I2C_SLAVE.c **** }
 298              		.loc 1 320 0
 299 0004 7047     		bx	lr
 300              	.L26:
 301 0006 00BF     		.align	2
 302              	.L25:
 303 0008 00000000 		.word	I2C_slWrBufIndex
 304              		.cfi_endproc
 305              	.LFE7:
 306              		.size	I2C_SlaveGetWriteBufSize, .-I2C_SlaveGetWriteBufSize
 307              		.section	.text.I2C_SlaveClearReadBuf,"ax",%progbits
ARM GAS  C:\Users\JOSEAN~1\AppData\Local\Temp\cczxmz4U.s 			page 12


 308              		.align	2
 309              		.global	I2C_SlaveClearReadBuf
 310              		.thumb
 311              		.thumb_func
 312              		.type	I2C_SlaveClearReadBuf, %function
 313              	I2C_SlaveClearReadBuf:
 314              	.LFB8:
 321:.\Generated_Source\PSoC5/I2C_SLAVE.c **** 
 322:.\Generated_Source\PSoC5/I2C_SLAVE.c **** 
 323:.\Generated_Source\PSoC5/I2C_SLAVE.c **** /*******************************************************************************
 324:.\Generated_Source\PSoC5/I2C_SLAVE.c **** * Function Name: I2C_SlaveClearReadBuf
 325:.\Generated_Source\PSoC5/I2C_SLAVE.c **** ********************************************************************************
 326:.\Generated_Source\PSoC5/I2C_SLAVE.c **** *
 327:.\Generated_Source\PSoC5/I2C_SLAVE.c **** * Summary:
 328:.\Generated_Source\PSoC5/I2C_SLAVE.c **** *  Resets the read pointer to the first byte in the read buffer. The next byte
 329:.\Generated_Source\PSoC5/I2C_SLAVE.c **** *  read by the master will be the first byte in the read buffer.
 330:.\Generated_Source\PSoC5/I2C_SLAVE.c **** *
 331:.\Generated_Source\PSoC5/I2C_SLAVE.c **** * Parameters:
 332:.\Generated_Source\PSoC5/I2C_SLAVE.c **** *  None.
 333:.\Generated_Source\PSoC5/I2C_SLAVE.c **** *
 334:.\Generated_Source\PSoC5/I2C_SLAVE.c **** * Return:
 335:.\Generated_Source\PSoC5/I2C_SLAVE.c **** *  None.
 336:.\Generated_Source\PSoC5/I2C_SLAVE.c **** *
 337:.\Generated_Source\PSoC5/I2C_SLAVE.c **** * Global variables:
 338:.\Generated_Source\PSoC5/I2C_SLAVE.c **** *  I2C_slRdBufIndex - The global variable used to store a current
 339:.\Generated_Source\PSoC5/I2C_SLAVE.c **** *                                  index the within slave read buffer.
 340:.\Generated_Source\PSoC5/I2C_SLAVE.c **** *
 341:.\Generated_Source\PSoC5/I2C_SLAVE.c **** * Reentrant:
 342:.\Generated_Source\PSoC5/I2C_SLAVE.c **** *  No.
 343:.\Generated_Source\PSoC5/I2C_SLAVE.c **** *
 344:.\Generated_Source\PSoC5/I2C_SLAVE.c **** *******************************************************************************/
 345:.\Generated_Source\PSoC5/I2C_SLAVE.c **** void I2C_SlaveClearReadBuf(void) 
 346:.\Generated_Source\PSoC5/I2C_SLAVE.c **** {
 315              		.loc 1 346 0
 316              		.cfi_startproc
 317              		@ args = 0, pretend = 0, frame = 0
 318              		@ frame_needed = 0, uses_anonymous_args = 0
 319              		@ link register save eliminated.
 347:.\Generated_Source\PSoC5/I2C_SLAVE.c ****     I2C_slRdBufIndex = 0u;
 320              		.loc 1 347 0
 321 0000 0022     		movs	r2, #0
 322 0002 014B     		ldr	r3, .L28
 323 0004 1A70     		strb	r2, [r3]
 324 0006 7047     		bx	lr
 325              	.L29:
 326              		.align	2
 327              	.L28:
 328 0008 00000000 		.word	I2C_slRdBufIndex
 329              		.cfi_endproc
 330              	.LFE8:
 331              		.size	I2C_SlaveClearReadBuf, .-I2C_SlaveClearReadBuf
 332              		.section	.text.I2C_SlaveClearWriteBuf,"ax",%progbits
 333              		.align	2
 334              		.global	I2C_SlaveClearWriteBuf
 335              		.thumb
 336              		.thumb_func
 337              		.type	I2C_SlaveClearWriteBuf, %function
ARM GAS  C:\Users\JOSEAN~1\AppData\Local\Temp\cczxmz4U.s 			page 13


 338              	I2C_SlaveClearWriteBuf:
 339              	.LFB9:
 348:.\Generated_Source\PSoC5/I2C_SLAVE.c **** }
 349:.\Generated_Source\PSoC5/I2C_SLAVE.c **** 
 350:.\Generated_Source\PSoC5/I2C_SLAVE.c **** 
 351:.\Generated_Source\PSoC5/I2C_SLAVE.c **** /*******************************************************************************
 352:.\Generated_Source\PSoC5/I2C_SLAVE.c **** * Function Name: I2C_SlaveClearRxBuf
 353:.\Generated_Source\PSoC5/I2C_SLAVE.c **** ********************************************************************************
 354:.\Generated_Source\PSoC5/I2C_SLAVE.c **** *
 355:.\Generated_Source\PSoC5/I2C_SLAVE.c **** * Summary:
 356:.\Generated_Source\PSoC5/I2C_SLAVE.c **** *  Resets the write pointer to the first byte in the write buffer. The next byte
 357:.\Generated_Source\PSoC5/I2C_SLAVE.c **** *  written by the master will be the first byte in the write buffer.
 358:.\Generated_Source\PSoC5/I2C_SLAVE.c **** *
 359:.\Generated_Source\PSoC5/I2C_SLAVE.c **** * Parameters:
 360:.\Generated_Source\PSoC5/I2C_SLAVE.c **** *  None.
 361:.\Generated_Source\PSoC5/I2C_SLAVE.c **** *
 362:.\Generated_Source\PSoC5/I2C_SLAVE.c **** * Return:
 363:.\Generated_Source\PSoC5/I2C_SLAVE.c **** *  None.
 364:.\Generated_Source\PSoC5/I2C_SLAVE.c **** *
 365:.\Generated_Source\PSoC5/I2C_SLAVE.c **** * Global variables:
 366:.\Generated_Source\PSoC5/I2C_SLAVE.c **** *  I2C_slWrBufIndex - The global variable used to store a current
 367:.\Generated_Source\PSoC5/I2C_SLAVE.c **** *                                  index within the slave write buffer.
 368:.\Generated_Source\PSoC5/I2C_SLAVE.c **** *
 369:.\Generated_Source\PSoC5/I2C_SLAVE.c **** * Reentrant:
 370:.\Generated_Source\PSoC5/I2C_SLAVE.c **** *  No.
 371:.\Generated_Source\PSoC5/I2C_SLAVE.c **** *
 372:.\Generated_Source\PSoC5/I2C_SLAVE.c **** *******************************************************************************/
 373:.\Generated_Source\PSoC5/I2C_SLAVE.c **** void I2C_SlaveClearWriteBuf(void) 
 374:.\Generated_Source\PSoC5/I2C_SLAVE.c **** {
 340              		.loc 1 374 0
 341              		.cfi_startproc
 342              		@ args = 0, pretend = 0, frame = 0
 343              		@ frame_needed = 0, uses_anonymous_args = 0
 344              		@ link register save eliminated.
 375:.\Generated_Source\PSoC5/I2C_SLAVE.c ****     I2C_slWrBufIndex = 0u;
 345              		.loc 1 375 0
 346 0000 0022     		movs	r2, #0
 347 0002 014B     		ldr	r3, .L31
 348 0004 1A70     		strb	r2, [r3]
 349 0006 7047     		bx	lr
 350              	.L32:
 351              		.align	2
 352              	.L31:
 353 0008 00000000 		.word	I2C_slWrBufIndex
 354              		.cfi_endproc
 355              	.LFE9:
 356              		.size	I2C_SlaveClearWriteBuf, .-I2C_SlaveClearWriteBuf
 357              		.comm	I2C_slWrBufIndex,1,1
 358              		.comm	I2C_slWrBufSize,1,1
 359              		.comm	I2C_slWrBufPtr,4,4
 360              		.comm	I2C_slRdBufIndex,1,1
 361              		.comm	I2C_slRdBufSize,1,1
 362              		.comm	I2C_slRdBufPtr,4,4
 363              		.comm	I2C_slStatus,1,1
 364              		.text
 365              	.Letext0:
 366              		.file 2 ".\\Generated_Source\\PSoC5\\cytypes.h"
ARM GAS  C:\Users\JOSEAN~1\AppData\Local\Temp\cczxmz4U.s 			page 14


 367              		.section	.debug_info,"",%progbits
 368              	.Ldebug_info0:
 369 0000 85020000 		.4byte	0x285
 370 0004 0400     		.2byte	0x4
 371 0006 00000000 		.4byte	.Ldebug_abbrev0
 372 000a 04       		.byte	0x4
 373 000b 01       		.uleb128 0x1
 374 000c 62010000 		.4byte	.LASF39
 375 0010 01       		.byte	0x1
 376 0011 06000000 		.4byte	.LASF40
 377 0015 2B000000 		.4byte	.LASF41
 378 0019 00000000 		.4byte	.Ldebug_ranges0+0
 379 001d 00000000 		.4byte	0
 380 0021 00000000 		.4byte	.Ldebug_line0
 381 0025 02       		.uleb128 0x2
 382 0026 01       		.byte	0x1
 383 0027 06       		.byte	0x6
 384 0028 D9020000 		.4byte	.LASF0
 385 002c 02       		.uleb128 0x2
 386 002d 01       		.byte	0x1
 387 002e 08       		.byte	0x8
 388 002f DB000000 		.4byte	.LASF1
 389 0033 02       		.uleb128 0x2
 390 0034 02       		.byte	0x2
 391 0035 05       		.byte	0x5
 392 0036 94020000 		.4byte	.LASF2
 393 003a 02       		.uleb128 0x2
 394 003b 02       		.byte	0x2
 395 003c 07       		.byte	0x7
 396 003d 8E000000 		.4byte	.LASF3
 397 0041 02       		.uleb128 0x2
 398 0042 04       		.byte	0x4
 399 0043 05       		.byte	0x5
 400 0044 D0020000 		.4byte	.LASF4
 401 0048 02       		.uleb128 0x2
 402 0049 04       		.byte	0x4
 403 004a 07       		.byte	0x7
 404 004b FD000000 		.4byte	.LASF5
 405 004f 02       		.uleb128 0x2
 406 0050 08       		.byte	0x8
 407 0051 05       		.byte	0x5
 408 0052 6B020000 		.4byte	.LASF6
 409 0056 02       		.uleb128 0x2
 410 0057 08       		.byte	0x8
 411 0058 07       		.byte	0x7
 412 0059 15020000 		.4byte	.LASF7
 413 005d 03       		.uleb128 0x3
 414 005e 04       		.byte	0x4
 415 005f 05       		.byte	0x5
 416 0060 696E7400 		.ascii	"int\000"
 417 0064 02       		.uleb128 0x2
 418 0065 04       		.byte	0x4
 419 0066 07       		.byte	0x7
 420 0067 00020000 		.4byte	.LASF8
 421 006b 04       		.uleb128 0x4
 422 006c 0F010000 		.4byte	.LASF9
 423 0070 02       		.byte	0x2
ARM GAS  C:\Users\JOSEAN~1\AppData\Local\Temp\cczxmz4U.s 			page 15


 424 0071 3801     		.2byte	0x138
 425 0073 2C000000 		.4byte	0x2c
 426 0077 04       		.uleb128 0x4
 427 0078 5B010000 		.4byte	.LASF10
 428 007c 02       		.byte	0x2
 429 007d 3A01     		.2byte	0x13a
 430 007f 48000000 		.4byte	0x48
 431 0083 02       		.uleb128 0x2
 432 0084 04       		.byte	0x4
 433 0085 04       		.byte	0x4
 434 0086 C8000000 		.4byte	.LASF11
 435 008a 02       		.uleb128 0x2
 436 008b 08       		.byte	0x8
 437 008c 04       		.byte	0x4
 438 008d 2B010000 		.4byte	.LASF12
 439 0091 02       		.uleb128 0x2
 440 0092 01       		.byte	0x1
 441 0093 08       		.byte	0x8
 442 0094 79020000 		.4byte	.LASF13
 443 0098 04       		.uleb128 0x4
 444 0099 E9000000 		.4byte	.LASF14
 445 009d 02       		.byte	0x2
 446 009e E201     		.2byte	0x1e2
 447 00a0 A4000000 		.4byte	0xa4
 448 00a4 05       		.uleb128 0x5
 449 00a5 6B000000 		.4byte	0x6b
 450 00a9 04       		.uleb128 0x4
 451 00aa 00000000 		.4byte	.LASF15
 452 00ae 02       		.byte	0x2
 453 00af E401     		.2byte	0x1e4
 454 00b1 B5000000 		.4byte	0xb5
 455 00b5 05       		.uleb128 0x5
 456 00b6 77000000 		.4byte	0x77
 457 00ba 02       		.uleb128 0x2
 458 00bb 04       		.byte	0x4
 459 00bc 07       		.byte	0x7
 460 00bd 62020000 		.4byte	.LASF16
 461 00c1 06       		.uleb128 0x6
 462 00c2 F0010000 		.4byte	.LASF27
 463 00c6 01       		.byte	0x1
 464 00c7 3C       		.byte	0x3c
 465 00c8 6B000000 		.4byte	0x6b
 466 00cc 00000000 		.4byte	.LFB0
 467 00d0 0C000000 		.4byte	.LFE0-.LFB0
 468 00d4 01       		.uleb128 0x1
 469 00d5 9C       		.byte	0x9c
 470 00d6 07       		.uleb128 0x7
 471 00d7 FA020000 		.4byte	.LASF17
 472 00db 01       		.byte	0x1
 473 00dc 58       		.byte	0x58
 474 00dd 6B000000 		.4byte	0x6b
 475 00e1 00000000 		.4byte	.LFB1
 476 00e5 2C000000 		.4byte	.LFE1-.LFB1
 477 00e9 01       		.uleb128 0x1
 478 00ea 9C       		.byte	0x9c
 479 00eb FF000000 		.4byte	0xff
 480 00ef 08       		.uleb128 0x8
ARM GAS  C:\Users\JOSEAN~1\AppData\Local\Temp\cczxmz4U.s 			page 16


 481 00f0 BB000000 		.4byte	.LASF19
 482 00f4 01       		.byte	0x1
 483 00f5 5A       		.byte	0x5a
 484 00f6 6B000000 		.4byte	0x6b
 485 00fa 00000000 		.4byte	.LLST0
 486 00fe 00       		.byte	0
 487 00ff 07       		.uleb128 0x7
 488 0100 A1000000 		.4byte	.LASF18
 489 0104 01       		.byte	0x1
 490 0105 7E       		.byte	0x7e
 491 0106 6B000000 		.4byte	0x6b
 492 010a 00000000 		.4byte	.LFB2
 493 010e 2C000000 		.4byte	.LFE2-.LFB2
 494 0112 01       		.uleb128 0x1
 495 0113 9C       		.byte	0x9c
 496 0114 28010000 		.4byte	0x128
 497 0118 08       		.uleb128 0x8
 498 0119 BB000000 		.4byte	.LASF19
 499 011d 01       		.byte	0x1
 500 011e 80       		.byte	0x80
 501 011f 6B000000 		.4byte	0x6b
 502 0123 17000000 		.4byte	.LLST1
 503 0127 00       		.byte	0
 504 0128 09       		.uleb128 0x9
 505 0129 7A000000 		.4byte	.LASF20
 506 012d 01       		.byte	0x1
 507 012e A5       		.byte	0xa5
 508 012f 00000000 		.4byte	.LFB3
 509 0133 10000000 		.4byte	.LFE3-.LFB3
 510 0137 01       		.uleb128 0x1
 511 0138 9C       		.byte	0x9c
 512 0139 4D010000 		.4byte	0x14d
 513 013d 0A       		.uleb128 0xa
 514 013e 0D020000 		.4byte	.LASF22
 515 0142 01       		.byte	0x1
 516 0143 A5       		.byte	0xa5
 517 0144 6B000000 		.4byte	0x6b
 518 0148 2F000000 		.4byte	.LLST2
 519 014c 00       		.byte	0
 520 014d 09       		.uleb128 0x9
 521 014e E5020000 		.4byte	.LASF21
 522 0152 01       		.byte	0x1
 523 0153 CE       		.byte	0xce
 524 0154 00000000 		.4byte	.LFB4
 525 0158 34000000 		.4byte	.LFE4-.LFB4
 526 015c 01       		.uleb128 0x1
 527 015d 9C       		.byte	0x9c
 528 015e 81010000 		.4byte	0x181
 529 0162 0A       		.uleb128 0xa
 530 0163 C2000000 		.4byte	.LASF23
 531 0167 01       		.byte	0x1
 532 0168 CE       		.byte	0xce
 533 0169 81010000 		.4byte	0x181
 534 016d 50000000 		.4byte	.LLST3
 535 0171 0A       		.uleb128 0xa
 536 0172 9E020000 		.4byte	.LASF24
 537 0176 01       		.byte	0x1
ARM GAS  C:\Users\JOSEAN~1\AppData\Local\Temp\cczxmz4U.s 			page 17


 538 0177 CE       		.byte	0xce
 539 0178 6B000000 		.4byte	0x6b
 540 017c 8B000000 		.4byte	.LLST4
 541 0180 00       		.byte	0
 542 0181 0B       		.uleb128 0xb
 543 0182 04       		.byte	0x4
 544 0183 6B000000 		.4byte	0x6b
 545 0187 09       		.uleb128 0x9
 546 0188 7E020000 		.4byte	.LASF25
 547 018c 01       		.byte	0x1
 548 018d FE       		.byte	0xfe
 549 018e 00000000 		.4byte	.LFB5
 550 0192 34000000 		.4byte	.LFE5-.LFB5
 551 0196 01       		.uleb128 0x1
 552 0197 9C       		.byte	0x9c
 553 0198 BB010000 		.4byte	0x1bb
 554 019c 0A       		.uleb128 0xa
 555 019d 25010000 		.4byte	.LASF26
 556 01a1 01       		.byte	0x1
 557 01a2 FE       		.byte	0xfe
 558 01a3 81010000 		.4byte	0x181
 559 01a7 BB000000 		.4byte	.LLST5
 560 01ab 0A       		.uleb128 0xa
 561 01ac 9E020000 		.4byte	.LASF24
 562 01b0 01       		.byte	0x1
 563 01b1 FE       		.byte	0xfe
 564 01b2 6B000000 		.4byte	0x6b
 565 01b6 F6000000 		.4byte	.LLST6
 566 01ba 00       		.byte	0
 567 01bb 0C       		.uleb128 0xc
 568 01bc 43010000 		.4byte	.LASF28
 569 01c0 01       		.byte	0x1
 570 01c1 2301     		.2byte	0x123
 571 01c3 6B000000 		.4byte	0x6b
 572 01c7 00000000 		.4byte	.LFB6
 573 01cb 0C000000 		.4byte	.LFE6-.LFB6
 574 01cf 01       		.uleb128 0x1
 575 01d0 9C       		.byte	0x9c
 576 01d1 0C       		.uleb128 0xc
 577 01d2 B7020000 		.4byte	.LASF29
 578 01d6 01       		.byte	0x1
 579 01d7 3D01     		.2byte	0x13d
 580 01d9 6B000000 		.4byte	0x6b
 581 01dd 00000000 		.4byte	.LFB7
 582 01e1 0C000000 		.4byte	.LFE7-.LFB7
 583 01e5 01       		.uleb128 0x1
 584 01e6 9C       		.byte	0x9c
 585 01e7 0D       		.uleb128 0xd
 586 01e8 13030000 		.4byte	.LASF30
 587 01ec 01       		.byte	0x1
 588 01ed 5901     		.2byte	0x159
 589 01ef 00000000 		.4byte	.LFB8
 590 01f3 0C000000 		.4byte	.LFE8-.LFB8
 591 01f7 01       		.uleb128 0x1
 592 01f8 9C       		.byte	0x9c
 593 01f9 0D       		.uleb128 0xd
 594 01fa 2C020000 		.4byte	.LASF31
ARM GAS  C:\Users\JOSEAN~1\AppData\Local\Temp\cczxmz4U.s 			page 18


 595 01fe 01       		.byte	0x1
 596 01ff 7501     		.2byte	0x175
 597 0201 00000000 		.4byte	.LFB9
 598 0205 0C000000 		.4byte	.LFE9-.LFB9
 599 0209 01       		.uleb128 0x1
 600 020a 9C       		.byte	0x9c
 601 020b 0E       		.uleb128 0xe
 602 020c CE000000 		.4byte	.LASF32
 603 0210 01       		.byte	0x1
 604 0211 19       		.byte	0x19
 605 0212 A4000000 		.4byte	0xa4
 606 0216 05       		.uleb128 0x5
 607 0217 03       		.byte	0x3
 608 0218 00000000 		.4byte	I2C_slStatus
 609 021c 0E       		.uleb128 0xe
 610 021d EE000000 		.4byte	.LASF33
 611 0221 01       		.byte	0x1
 612 0222 1C       		.byte	0x1c
 613 0223 2D020000 		.4byte	0x22d
 614 0227 05       		.uleb128 0x5
 615 0228 03       		.byte	0x3
 616 0229 00000000 		.4byte	I2C_slRdBufPtr
 617 022d 0B       		.uleb128 0xb
 618 022e 04       		.byte	0x4
 619 022f A4000000 		.4byte	0xa4
 620 0233 0E       		.uleb128 0xe
 621 0234 15010000 		.4byte	.LASF34
 622 0238 01       		.byte	0x1
 623 0239 1D       		.byte	0x1d
 624 023a A4000000 		.4byte	0xa4
 625 023e 05       		.uleb128 0x5
 626 023f 03       		.byte	0x3
 627 0240 00000000 		.4byte	I2C_slRdBufSize
 628 0244 0E       		.uleb128 0xe
 629 0245 A6020000 		.4byte	.LASF35
 630 0249 01       		.byte	0x1
 631 024a 1E       		.byte	0x1e
 632 024b A4000000 		.4byte	0xa4
 633 024f 05       		.uleb128 0x5
 634 0250 03       		.byte	0x3
 635 0251 00000000 		.4byte	I2C_slRdBufIndex
 636 0255 0E       		.uleb128 0xe
 637 0256 53020000 		.4byte	.LASF36
 638 025a 01       		.byte	0x1
 639 025b 21       		.byte	0x21
 640 025c 2D020000 		.4byte	0x22d
 641 0260 05       		.uleb128 0x5
 642 0261 03       		.byte	0x3
 643 0262 00000000 		.4byte	I2C_slWrBufPtr
 644 0266 0E       		.uleb128 0xe
 645 0267 43020000 		.4byte	.LASF37
 646 026b 01       		.byte	0x1
 647 026c 22       		.byte	0x22
 648 026d A4000000 		.4byte	0xa4
 649 0271 05       		.uleb128 0x5
 650 0272 03       		.byte	0x3
 651 0273 00000000 		.4byte	I2C_slWrBufSize
ARM GAS  C:\Users\JOSEAN~1\AppData\Local\Temp\cczxmz4U.s 			page 19


 652 0277 0E       		.uleb128 0xe
 653 0278 32010000 		.4byte	.LASF38
 654 027c 01       		.byte	0x1
 655 027d 23       		.byte	0x23
 656 027e A4000000 		.4byte	0xa4
 657 0282 05       		.uleb128 0x5
 658 0283 03       		.byte	0x3
 659 0284 00000000 		.4byte	I2C_slWrBufIndex
 660 0288 00       		.byte	0
 661              		.section	.debug_abbrev,"",%progbits
 662              	.Ldebug_abbrev0:
 663 0000 01       		.uleb128 0x1
 664 0001 11       		.uleb128 0x11
 665 0002 01       		.byte	0x1
 666 0003 25       		.uleb128 0x25
 667 0004 0E       		.uleb128 0xe
 668 0005 13       		.uleb128 0x13
 669 0006 0B       		.uleb128 0xb
 670 0007 03       		.uleb128 0x3
 671 0008 0E       		.uleb128 0xe
 672 0009 1B       		.uleb128 0x1b
 673 000a 0E       		.uleb128 0xe
 674 000b 55       		.uleb128 0x55
 675 000c 17       		.uleb128 0x17
 676 000d 11       		.uleb128 0x11
 677 000e 01       		.uleb128 0x1
 678 000f 10       		.uleb128 0x10
 679 0010 17       		.uleb128 0x17
 680 0011 00       		.byte	0
 681 0012 00       		.byte	0
 682 0013 02       		.uleb128 0x2
 683 0014 24       		.uleb128 0x24
 684 0015 00       		.byte	0
 685 0016 0B       		.uleb128 0xb
 686 0017 0B       		.uleb128 0xb
 687 0018 3E       		.uleb128 0x3e
 688 0019 0B       		.uleb128 0xb
 689 001a 03       		.uleb128 0x3
 690 001b 0E       		.uleb128 0xe
 691 001c 00       		.byte	0
 692 001d 00       		.byte	0
 693 001e 03       		.uleb128 0x3
 694 001f 24       		.uleb128 0x24
 695 0020 00       		.byte	0
 696 0021 0B       		.uleb128 0xb
 697 0022 0B       		.uleb128 0xb
 698 0023 3E       		.uleb128 0x3e
 699 0024 0B       		.uleb128 0xb
 700 0025 03       		.uleb128 0x3
 701 0026 08       		.uleb128 0x8
 702 0027 00       		.byte	0
 703 0028 00       		.byte	0
 704 0029 04       		.uleb128 0x4
 705 002a 16       		.uleb128 0x16
 706 002b 00       		.byte	0
 707 002c 03       		.uleb128 0x3
 708 002d 0E       		.uleb128 0xe
ARM GAS  C:\Users\JOSEAN~1\AppData\Local\Temp\cczxmz4U.s 			page 20


 709 002e 3A       		.uleb128 0x3a
 710 002f 0B       		.uleb128 0xb
 711 0030 3B       		.uleb128 0x3b
 712 0031 05       		.uleb128 0x5
 713 0032 49       		.uleb128 0x49
 714 0033 13       		.uleb128 0x13
 715 0034 00       		.byte	0
 716 0035 00       		.byte	0
 717 0036 05       		.uleb128 0x5
 718 0037 35       		.uleb128 0x35
 719 0038 00       		.byte	0
 720 0039 49       		.uleb128 0x49
 721 003a 13       		.uleb128 0x13
 722 003b 00       		.byte	0
 723 003c 00       		.byte	0
 724 003d 06       		.uleb128 0x6
 725 003e 2E       		.uleb128 0x2e
 726 003f 00       		.byte	0
 727 0040 3F       		.uleb128 0x3f
 728 0041 19       		.uleb128 0x19
 729 0042 03       		.uleb128 0x3
 730 0043 0E       		.uleb128 0xe
 731 0044 3A       		.uleb128 0x3a
 732 0045 0B       		.uleb128 0xb
 733 0046 3B       		.uleb128 0x3b
 734 0047 0B       		.uleb128 0xb
 735 0048 27       		.uleb128 0x27
 736 0049 19       		.uleb128 0x19
 737 004a 49       		.uleb128 0x49
 738 004b 13       		.uleb128 0x13
 739 004c 11       		.uleb128 0x11
 740 004d 01       		.uleb128 0x1
 741 004e 12       		.uleb128 0x12
 742 004f 06       		.uleb128 0x6
 743 0050 40       		.uleb128 0x40
 744 0051 18       		.uleb128 0x18
 745 0052 9742     		.uleb128 0x2117
 746 0054 19       		.uleb128 0x19
 747 0055 00       		.byte	0
 748 0056 00       		.byte	0
 749 0057 07       		.uleb128 0x7
 750 0058 2E       		.uleb128 0x2e
 751 0059 01       		.byte	0x1
 752 005a 3F       		.uleb128 0x3f
 753 005b 19       		.uleb128 0x19
 754 005c 03       		.uleb128 0x3
 755 005d 0E       		.uleb128 0xe
 756 005e 3A       		.uleb128 0x3a
 757 005f 0B       		.uleb128 0xb
 758 0060 3B       		.uleb128 0x3b
 759 0061 0B       		.uleb128 0xb
 760 0062 27       		.uleb128 0x27
 761 0063 19       		.uleb128 0x19
 762 0064 49       		.uleb128 0x49
 763 0065 13       		.uleb128 0x13
 764 0066 11       		.uleb128 0x11
 765 0067 01       		.uleb128 0x1
ARM GAS  C:\Users\JOSEAN~1\AppData\Local\Temp\cczxmz4U.s 			page 21


 766 0068 12       		.uleb128 0x12
 767 0069 06       		.uleb128 0x6
 768 006a 40       		.uleb128 0x40
 769 006b 18       		.uleb128 0x18
 770 006c 9742     		.uleb128 0x2117
 771 006e 19       		.uleb128 0x19
 772 006f 01       		.uleb128 0x1
 773 0070 13       		.uleb128 0x13
 774 0071 00       		.byte	0
 775 0072 00       		.byte	0
 776 0073 08       		.uleb128 0x8
 777 0074 34       		.uleb128 0x34
 778 0075 00       		.byte	0
 779 0076 03       		.uleb128 0x3
 780 0077 0E       		.uleb128 0xe
 781 0078 3A       		.uleb128 0x3a
 782 0079 0B       		.uleb128 0xb
 783 007a 3B       		.uleb128 0x3b
 784 007b 0B       		.uleb128 0xb
 785 007c 49       		.uleb128 0x49
 786 007d 13       		.uleb128 0x13
 787 007e 02       		.uleb128 0x2
 788 007f 17       		.uleb128 0x17
 789 0080 00       		.byte	0
 790 0081 00       		.byte	0
 791 0082 09       		.uleb128 0x9
 792 0083 2E       		.uleb128 0x2e
 793 0084 01       		.byte	0x1
 794 0085 3F       		.uleb128 0x3f
 795 0086 19       		.uleb128 0x19
 796 0087 03       		.uleb128 0x3
 797 0088 0E       		.uleb128 0xe
 798 0089 3A       		.uleb128 0x3a
 799 008a 0B       		.uleb128 0xb
 800 008b 3B       		.uleb128 0x3b
 801 008c 0B       		.uleb128 0xb
 802 008d 27       		.uleb128 0x27
 803 008e 19       		.uleb128 0x19
 804 008f 11       		.uleb128 0x11
 805 0090 01       		.uleb128 0x1
 806 0091 12       		.uleb128 0x12
 807 0092 06       		.uleb128 0x6
 808 0093 40       		.uleb128 0x40
 809 0094 18       		.uleb128 0x18
 810 0095 9742     		.uleb128 0x2117
 811 0097 19       		.uleb128 0x19
 812 0098 01       		.uleb128 0x1
 813 0099 13       		.uleb128 0x13
 814 009a 00       		.byte	0
 815 009b 00       		.byte	0
 816 009c 0A       		.uleb128 0xa
 817 009d 05       		.uleb128 0x5
 818 009e 00       		.byte	0
 819 009f 03       		.uleb128 0x3
 820 00a0 0E       		.uleb128 0xe
 821 00a1 3A       		.uleb128 0x3a
 822 00a2 0B       		.uleb128 0xb
ARM GAS  C:\Users\JOSEAN~1\AppData\Local\Temp\cczxmz4U.s 			page 22


 823 00a3 3B       		.uleb128 0x3b
 824 00a4 0B       		.uleb128 0xb
 825 00a5 49       		.uleb128 0x49
 826 00a6 13       		.uleb128 0x13
 827 00a7 02       		.uleb128 0x2
 828 00a8 17       		.uleb128 0x17
 829 00a9 00       		.byte	0
 830 00aa 00       		.byte	0
 831 00ab 0B       		.uleb128 0xb
 832 00ac 0F       		.uleb128 0xf
 833 00ad 00       		.byte	0
 834 00ae 0B       		.uleb128 0xb
 835 00af 0B       		.uleb128 0xb
 836 00b0 49       		.uleb128 0x49
 837 00b1 13       		.uleb128 0x13
 838 00b2 00       		.byte	0
 839 00b3 00       		.byte	0
 840 00b4 0C       		.uleb128 0xc
 841 00b5 2E       		.uleb128 0x2e
 842 00b6 00       		.byte	0
 843 00b7 3F       		.uleb128 0x3f
 844 00b8 19       		.uleb128 0x19
 845 00b9 03       		.uleb128 0x3
 846 00ba 0E       		.uleb128 0xe
 847 00bb 3A       		.uleb128 0x3a
 848 00bc 0B       		.uleb128 0xb
 849 00bd 3B       		.uleb128 0x3b
 850 00be 05       		.uleb128 0x5
 851 00bf 27       		.uleb128 0x27
 852 00c0 19       		.uleb128 0x19
 853 00c1 49       		.uleb128 0x49
 854 00c2 13       		.uleb128 0x13
 855 00c3 11       		.uleb128 0x11
 856 00c4 01       		.uleb128 0x1
 857 00c5 12       		.uleb128 0x12
 858 00c6 06       		.uleb128 0x6
 859 00c7 40       		.uleb128 0x40
 860 00c8 18       		.uleb128 0x18
 861 00c9 9742     		.uleb128 0x2117
 862 00cb 19       		.uleb128 0x19
 863 00cc 00       		.byte	0
 864 00cd 00       		.byte	0
 865 00ce 0D       		.uleb128 0xd
 866 00cf 2E       		.uleb128 0x2e
 867 00d0 00       		.byte	0
 868 00d1 3F       		.uleb128 0x3f
 869 00d2 19       		.uleb128 0x19
 870 00d3 03       		.uleb128 0x3
 871 00d4 0E       		.uleb128 0xe
 872 00d5 3A       		.uleb128 0x3a
 873 00d6 0B       		.uleb128 0xb
 874 00d7 3B       		.uleb128 0x3b
 875 00d8 05       		.uleb128 0x5
 876 00d9 27       		.uleb128 0x27
 877 00da 19       		.uleb128 0x19
 878 00db 11       		.uleb128 0x11
 879 00dc 01       		.uleb128 0x1
ARM GAS  C:\Users\JOSEAN~1\AppData\Local\Temp\cczxmz4U.s 			page 23


 880 00dd 12       		.uleb128 0x12
 881 00de 06       		.uleb128 0x6
 882 00df 40       		.uleb128 0x40
 883 00e0 18       		.uleb128 0x18
 884 00e1 9742     		.uleb128 0x2117
 885 00e3 19       		.uleb128 0x19
 886 00e4 00       		.byte	0
 887 00e5 00       		.byte	0
 888 00e6 0E       		.uleb128 0xe
 889 00e7 34       		.uleb128 0x34
 890 00e8 00       		.byte	0
 891 00e9 03       		.uleb128 0x3
 892 00ea 0E       		.uleb128 0xe
 893 00eb 3A       		.uleb128 0x3a
 894 00ec 0B       		.uleb128 0xb
 895 00ed 3B       		.uleb128 0x3b
 896 00ee 0B       		.uleb128 0xb
 897 00ef 49       		.uleb128 0x49
 898 00f0 13       		.uleb128 0x13
 899 00f1 3F       		.uleb128 0x3f
 900 00f2 19       		.uleb128 0x19
 901 00f3 02       		.uleb128 0x2
 902 00f4 18       		.uleb128 0x18
 903 00f5 00       		.byte	0
 904 00f6 00       		.byte	0
 905 00f7 00       		.byte	0
 906              		.section	.debug_loc,"",%progbits
 907              	.Ldebug_loc0:
 908              	.LLST0:
 909 0000 0C000000 		.4byte	.LVL0
 910 0004 1C000000 		.4byte	.LVL1
 911 0008 0500     		.2byte	0x5
 912 000a 70       		.byte	0x70
 913 000b 00       		.sleb128 0
 914 000c 3F       		.byte	0x3f
 915 000d 1A       		.byte	0x1a
 916 000e 9F       		.byte	0x9f
 917 000f 00000000 		.4byte	0
 918 0013 00000000 		.4byte	0
 919              	.LLST1:
 920 0017 0C000000 		.4byte	.LVL2
 921 001b 1C000000 		.4byte	.LVL3
 922 001f 0600     		.2byte	0x6
 923 0021 70       		.byte	0x70
 924 0022 00       		.sleb128 0
 925 0023 08       		.byte	0x8
 926 0024 F0       		.byte	0xf0
 927 0025 1A       		.byte	0x1a
 928 0026 9F       		.byte	0x9f
 929 0027 00000000 		.4byte	0
 930 002b 00000000 		.4byte	0
 931              	.LLST2:
 932 002f 00000000 		.4byte	.LVL4
 933 0033 04000000 		.4byte	.LVL5
 934 0037 0100     		.2byte	0x1
 935 0039 50       		.byte	0x50
 936 003a 04000000 		.4byte	.LVL5
ARM GAS  C:\Users\JOSEAN~1\AppData\Local\Temp\cczxmz4U.s 			page 24


 937 003e 10000000 		.4byte	.LFE3
 938 0042 0400     		.2byte	0x4
 939 0044 F3       		.byte	0xf3
 940 0045 01       		.uleb128 0x1
 941 0046 50       		.byte	0x50
 942 0047 9F       		.byte	0x9f
 943 0048 00000000 		.4byte	0
 944 004c 00000000 		.4byte	0
 945              	.LLST3:
 946 0050 00000000 		.4byte	.LVL6
 947 0054 0A000000 		.4byte	.LVL7
 948 0058 0100     		.2byte	0x1
 949 005a 50       		.byte	0x50
 950 005b 0A000000 		.4byte	.LVL7
 951 005f 12000000 		.4byte	.LVL8
 952 0063 0100     		.2byte	0x1
 953 0065 52       		.byte	0x52
 954 0066 12000000 		.4byte	.LVL8
 955 006a 1E000000 		.4byte	.LVL11
 956 006e 0500     		.2byte	0x5
 957 0070 03       		.byte	0x3
 958 0071 00000000 		.4byte	I2C_slRdBufPtr
 959 0075 1E000000 		.4byte	.LVL11
 960 0079 34000000 		.4byte	.LFE4
 961 007d 0400     		.2byte	0x4
 962 007f F3       		.byte	0xf3
 963 0080 01       		.uleb128 0x1
 964 0081 50       		.byte	0x50
 965 0082 9F       		.byte	0x9f
 966 0083 00000000 		.4byte	0
 967 0087 00000000 		.4byte	0
 968              	.LLST4:
 969 008b 00000000 		.4byte	.LVL6
 970 008f 16000000 		.4byte	.LVL9
 971 0093 0100     		.2byte	0x1
 972 0095 51       		.byte	0x51
 973 0096 16000000 		.4byte	.LVL9
 974 009a 1A000000 		.4byte	.LVL10
 975 009e 0500     		.2byte	0x5
 976 00a0 03       		.byte	0x3
 977 00a1 00000000 		.4byte	I2C_slRdBufSize
 978 00a5 1A000000 		.4byte	.LVL10
 979 00a9 34000000 		.4byte	.LFE4
 980 00ad 0400     		.2byte	0x4
 981 00af F3       		.byte	0xf3
 982 00b0 01       		.uleb128 0x1
 983 00b1 51       		.byte	0x51
 984 00b2 9F       		.byte	0x9f
 985 00b3 00000000 		.4byte	0
 986 00b7 00000000 		.4byte	0
 987              	.LLST5:
 988 00bb 00000000 		.4byte	.LVL12
 989 00bf 0A000000 		.4byte	.LVL13
 990 00c3 0100     		.2byte	0x1
 991 00c5 50       		.byte	0x50
 992 00c6 0A000000 		.4byte	.LVL13
 993 00ca 12000000 		.4byte	.LVL14
ARM GAS  C:\Users\JOSEAN~1\AppData\Local\Temp\cczxmz4U.s 			page 25


 994 00ce 0100     		.2byte	0x1
 995 00d0 52       		.byte	0x52
 996 00d1 12000000 		.4byte	.LVL14
 997 00d5 1E000000 		.4byte	.LVL17
 998 00d9 0500     		.2byte	0x5
 999 00db 03       		.byte	0x3
 1000 00dc 00000000 		.4byte	I2C_slWrBufPtr
 1001 00e0 1E000000 		.4byte	.LVL17
 1002 00e4 34000000 		.4byte	.LFE5
 1003 00e8 0400     		.2byte	0x4
 1004 00ea F3       		.byte	0xf3
 1005 00eb 01       		.uleb128 0x1
 1006 00ec 50       		.byte	0x50
 1007 00ed 9F       		.byte	0x9f
 1008 00ee 00000000 		.4byte	0
 1009 00f2 00000000 		.4byte	0
 1010              	.LLST6:
 1011 00f6 00000000 		.4byte	.LVL12
 1012 00fa 16000000 		.4byte	.LVL15
 1013 00fe 0100     		.2byte	0x1
 1014 0100 51       		.byte	0x51
 1015 0101 16000000 		.4byte	.LVL15
 1016 0105 1A000000 		.4byte	.LVL16
 1017 0109 0500     		.2byte	0x5
 1018 010b 03       		.byte	0x3
 1019 010c 00000000 		.4byte	I2C_slWrBufSize
 1020 0110 1A000000 		.4byte	.LVL16
 1021 0114 34000000 		.4byte	.LFE5
 1022 0118 0400     		.2byte	0x4
 1023 011a F3       		.byte	0xf3
 1024 011b 01       		.uleb128 0x1
 1025 011c 51       		.byte	0x51
 1026 011d 9F       		.byte	0x9f
 1027 011e 00000000 		.4byte	0
 1028 0122 00000000 		.4byte	0
 1029              		.section	.debug_aranges,"",%progbits
 1030 0000 64000000 		.4byte	0x64
 1031 0004 0200     		.2byte	0x2
 1032 0006 00000000 		.4byte	.Ldebug_info0
 1033 000a 04       		.byte	0x4
 1034 000b 00       		.byte	0
 1035 000c 0000     		.2byte	0
 1036 000e 0000     		.2byte	0
 1037 0010 00000000 		.4byte	.LFB0
 1038 0014 0C000000 		.4byte	.LFE0-.LFB0
 1039 0018 00000000 		.4byte	.LFB1
 1040 001c 2C000000 		.4byte	.LFE1-.LFB1
 1041 0020 00000000 		.4byte	.LFB2
 1042 0024 2C000000 		.4byte	.LFE2-.LFB2
 1043 0028 00000000 		.4byte	.LFB3
 1044 002c 10000000 		.4byte	.LFE3-.LFB3
 1045 0030 00000000 		.4byte	.LFB4
 1046 0034 34000000 		.4byte	.LFE4-.LFB4
 1047 0038 00000000 		.4byte	.LFB5
 1048 003c 34000000 		.4byte	.LFE5-.LFB5
 1049 0040 00000000 		.4byte	.LFB6
 1050 0044 0C000000 		.4byte	.LFE6-.LFB6
ARM GAS  C:\Users\JOSEAN~1\AppData\Local\Temp\cczxmz4U.s 			page 26


 1051 0048 00000000 		.4byte	.LFB7
 1052 004c 0C000000 		.4byte	.LFE7-.LFB7
 1053 0050 00000000 		.4byte	.LFB8
 1054 0054 0C000000 		.4byte	.LFE8-.LFB8
 1055 0058 00000000 		.4byte	.LFB9
 1056 005c 0C000000 		.4byte	.LFE9-.LFB9
 1057 0060 00000000 		.4byte	0
 1058 0064 00000000 		.4byte	0
 1059              		.section	.debug_ranges,"",%progbits
 1060              	.Ldebug_ranges0:
 1061 0000 00000000 		.4byte	.LFB0
 1062 0004 0C000000 		.4byte	.LFE0
 1063 0008 00000000 		.4byte	.LFB1
 1064 000c 2C000000 		.4byte	.LFE1
 1065 0010 00000000 		.4byte	.LFB2
 1066 0014 2C000000 		.4byte	.LFE2
 1067 0018 00000000 		.4byte	.LFB3
 1068 001c 10000000 		.4byte	.LFE3
 1069 0020 00000000 		.4byte	.LFB4
 1070 0024 34000000 		.4byte	.LFE4
 1071 0028 00000000 		.4byte	.LFB5
 1072 002c 34000000 		.4byte	.LFE5
 1073 0030 00000000 		.4byte	.LFB6
 1074 0034 0C000000 		.4byte	.LFE6
 1075 0038 00000000 		.4byte	.LFB7
 1076 003c 0C000000 		.4byte	.LFE7
 1077 0040 00000000 		.4byte	.LFB8
 1078 0044 0C000000 		.4byte	.LFE8
 1079 0048 00000000 		.4byte	.LFB9
 1080 004c 0C000000 		.4byte	.LFE9
 1081 0050 00000000 		.4byte	0
 1082 0054 00000000 		.4byte	0
 1083              		.section	.debug_line,"",%progbits
 1084              	.Ldebug_line0:
 1085 0000 0C010000 		.section	.debug_str,"MS",%progbits,1
 1085      02004800 
 1085      00000201 
 1085      FB0E0D00 
 1085      01010101 
 1086              	.LASF15:
 1087 0000 72656733 		.ascii	"reg32\000"
 1087      3200
 1088              	.LASF40:
 1089 0006 2E5C4765 		.ascii	".\\Generated_Source\\PSoC5\\I2C_SLAVE.c\000"
 1089      6E657261 
 1089      7465645F 
 1089      536F7572 
 1089      63655C50 
 1090              	.LASF41:
 1091 002b 433A5C55 		.ascii	"C:\\Users\\Jose Antonio\\Documents\\PSOC Creator\\P"
 1091      73657273 
 1091      5C4A6F73 
 1091      6520416E 
 1091      746F6E69 
 1092 0059 726F7965 		.ascii	"royectosPSOC\\ProyectoFinal.cydsn\000"
 1092      63746F73 
 1092      50534F43 
ARM GAS  C:\Users\JOSEAN~1\AppData\Local\Temp\cczxmz4U.s 			page 27


 1092      5C50726F 
 1092      79656374 
 1093              	.LASF20:
 1094 007a 4932435F 		.ascii	"I2C_SlaveSetAddress\000"
 1094      536C6176 
 1094      65536574 
 1094      41646472 
 1094      65737300 
 1095              	.LASF3:
 1096 008e 73686F72 		.ascii	"short unsigned int\000"
 1096      7420756E 
 1096      7369676E 
 1096      65642069 
 1096      6E7400
 1097              	.LASF18:
 1098 00a1 4932435F 		.ascii	"I2C_SlaveClearWriteStatus\000"
 1098      536C6176 
 1098      65436C65 
 1098      61725772 
 1098      69746553 
 1099              	.LASF19:
 1100 00bb 73746174 		.ascii	"status\000"
 1100      757300
 1101              	.LASF23:
 1102 00c2 72644275 		.ascii	"rdBuf\000"
 1102      6600
 1103              	.LASF11:
 1104 00c8 666C6F61 		.ascii	"float\000"
 1104      7400
 1105              	.LASF32:
 1106 00ce 4932435F 		.ascii	"I2C_slStatus\000"
 1106      736C5374 
 1106      61747573 
 1106      00
 1107              	.LASF1:
 1108 00db 756E7369 		.ascii	"unsigned char\000"
 1108      676E6564 
 1108      20636861 
 1108      7200
 1109              	.LASF14:
 1110 00e9 72656738 		.ascii	"reg8\000"
 1110      00
 1111              	.LASF33:
 1112 00ee 4932435F 		.ascii	"I2C_slRdBufPtr\000"
 1112      736C5264 
 1112      42756650 
 1112      747200
 1113              	.LASF5:
 1114 00fd 6C6F6E67 		.ascii	"long unsigned int\000"
 1114      20756E73 
 1114      69676E65 
 1114      6420696E 
 1114      7400
 1115              	.LASF9:
 1116 010f 75696E74 		.ascii	"uint8\000"
 1116      3800
 1117              	.LASF34:
ARM GAS  C:\Users\JOSEAN~1\AppData\Local\Temp\cczxmz4U.s 			page 28


 1118 0115 4932435F 		.ascii	"I2C_slRdBufSize\000"
 1118      736C5264 
 1118      42756653 
 1118      697A6500 
 1119              	.LASF26:
 1120 0125 77724275 		.ascii	"wrBuf\000"
 1120      6600
 1121              	.LASF12:
 1122 012b 646F7562 		.ascii	"double\000"
 1122      6C6500
 1123              	.LASF38:
 1124 0132 4932435F 		.ascii	"I2C_slWrBufIndex\000"
 1124      736C5772 
 1124      42756649 
 1124      6E646578 
 1124      00
 1125              	.LASF28:
 1126 0143 4932435F 		.ascii	"I2C_SlaveGetReadBufSize\000"
 1126      536C6176 
 1126      65476574 
 1126      52656164 
 1126      42756653 
 1127              	.LASF10:
 1128 015b 75696E74 		.ascii	"uint32\000"
 1128      333200
 1129              	.LASF39:
 1130 0162 474E5520 		.ascii	"GNU C 4.9.3 20150303 (release) [ARM/embedded-4_9-br"
 1130      4320342E 
 1130      392E3320 
 1130      32303135 
 1130      30333033 
 1131 0195 616E6368 		.ascii	"anch revision 221220] -mcpu=cortex-m3 -mthumb -g -O"
 1131      20726576 
 1131      6973696F 
 1131      6E203232 
 1131      31323230 
 1132 01c8 67202D66 		.ascii	"g -ffunction-sections -ffat-lto-objects\000"
 1132      66756E63 
 1132      74696F6E 
 1132      2D736563 
 1132      74696F6E 
 1133              	.LASF27:
 1134 01f0 4932435F 		.ascii	"I2C_SlaveStatus\000"
 1134      536C6176 
 1134      65537461 
 1134      74757300 
 1135              	.LASF8:
 1136 0200 756E7369 		.ascii	"unsigned int\000"
 1136      676E6564 
 1136      20696E74 
 1136      00
 1137              	.LASF22:
 1138 020d 61646472 		.ascii	"address\000"
 1138      65737300 
 1139              	.LASF7:
 1140 0215 6C6F6E67 		.ascii	"long long unsigned int\000"
 1140      206C6F6E 
ARM GAS  C:\Users\JOSEAN~1\AppData\Local\Temp\cczxmz4U.s 			page 29


 1140      6720756E 
 1140      7369676E 
 1140      65642069 
 1141              	.LASF31:
 1142 022c 4932435F 		.ascii	"I2C_SlaveClearWriteBuf\000"
 1142      536C6176 
 1142      65436C65 
 1142      61725772 
 1142      69746542 
 1143              	.LASF37:
 1144 0243 4932435F 		.ascii	"I2C_slWrBufSize\000"
 1144      736C5772 
 1144      42756653 
 1144      697A6500 
 1145              	.LASF36:
 1146 0253 4932435F 		.ascii	"I2C_slWrBufPtr\000"
 1146      736C5772 
 1146      42756650 
 1146      747200
 1147              	.LASF16:
 1148 0262 73697A65 		.ascii	"sizetype\000"
 1148      74797065 
 1148      00
 1149              	.LASF6:
 1150 026b 6C6F6E67 		.ascii	"long long int\000"
 1150      206C6F6E 
 1150      6720696E 
 1150      7400
 1151              	.LASF13:
 1152 0279 63686172 		.ascii	"char\000"
 1152      00
 1153              	.LASF25:
 1154 027e 4932435F 		.ascii	"I2C_SlaveInitWriteBuf\000"
 1154      536C6176 
 1154      65496E69 
 1154      74577269 
 1154      74654275 
 1155              	.LASF2:
 1156 0294 73686F72 		.ascii	"short int\000"
 1156      7420696E 
 1156      7400
 1157              	.LASF24:
 1158 029e 62756653 		.ascii	"bufSize\000"
 1158      697A6500 
 1159              	.LASF35:
 1160 02a6 4932435F 		.ascii	"I2C_slRdBufIndex\000"
 1160      736C5264 
 1160      42756649 
 1160      6E646578 
 1160      00
 1161              	.LASF29:
 1162 02b7 4932435F 		.ascii	"I2C_SlaveGetWriteBufSize\000"
 1162      536C6176 
 1162      65476574 
 1162      57726974 
 1162      65427566 
 1163              	.LASF4:
ARM GAS  C:\Users\JOSEAN~1\AppData\Local\Temp\cczxmz4U.s 			page 30


 1164 02d0 6C6F6E67 		.ascii	"long int\000"
 1164      20696E74 
 1164      00
 1165              	.LASF0:
 1166 02d9 7369676E 		.ascii	"signed char\000"
 1166      65642063 
 1166      68617200 
 1167              	.LASF21:
 1168 02e5 4932435F 		.ascii	"I2C_SlaveInitReadBuf\000"
 1168      536C6176 
 1168      65496E69 
 1168      74526561 
 1168      64427566 
 1169              	.LASF17:
 1170 02fa 4932435F 		.ascii	"I2C_SlaveClearReadStatus\000"
 1170      536C6176 
 1170      65436C65 
 1170      61725265 
 1170      61645374 
 1171              	.LASF30:
 1172 0313 4932435F 		.ascii	"I2C_SlaveClearReadBuf\000"
 1172      536C6176 
 1172      65436C65 
 1172      61725265 
 1172      61644275 
 1173              		.ident	"GCC: (GNU Tools for ARM Embedded Processors) 4.9.3 20150303 (release) [ARM/embedded-4_9-br
