ARM GAS  C:\Users\JOSEAN~1\AppData\Local\Temp\ccmRSqD8.s 			page 1


   1              		.syntax unified
   2              		.cpu cortex-m3
   3              		.fpu softvfp
   4              		.eabi_attribute 20, 1
   5              		.eabi_attribute 21, 1
   6              		.eabi_attribute 23, 3
   7              		.eabi_attribute 24, 1
   8              		.eabi_attribute 25, 1
   9              		.eabi_attribute 26, 1
  10              		.eabi_attribute 30, 1
  11              		.eabi_attribute 34, 1
  12              		.eabi_attribute 18, 4
  13              		.thumb
  14              		.file	"cymetadata.c"
  15              		.text
  16              	.Ltext0:
  17              		.cfi_sections	.debug_frame
  18              		.global	cy_metadata
  19              		.global	cy_meta_flashprotect
  20              		.global	cy_meta_wonvl
  21              		.global	cy_meta_custnvl
  22              		.global	cy_meta_configecc
  23              		.section	.cyconfigecc,"a",%progbits
  24              		.align	2
  25              		.type	cy_meta_configecc, %object
  26              		.size	cy_meta_configecc, 104
  27              	cy_meta_configecc:
  28 0000 01       		.byte	1
  29 0001 4F       		.byte	79
  30 0002 00       		.byte	0
  31 0003 40       		.byte	64
  32 0004 03       		.byte	3
  33 0005 52       		.byte	82
  34 0006 00       		.byte	0
  35 0007 40       		.byte	64
  36 0008 02       		.byte	2
  37 0009 17       		.byte	23
  38 000a 01       		.byte	1
  39 000b 40       		.byte	64
  40 000c 02       		.byte	2
  41 000d 18       		.byte	24
  42 000e 01       		.byte	1
  43 000f 40       		.byte	64
  44 0010 04       		.byte	4
  45 0011 19       		.byte	25
  46 0012 01       		.byte	1
  47 0013 40       		.byte	64
  48 0014 02       		.byte	2
  49 0015 43       		.byte	67
  50 0016 01       		.byte	1
  51 0017 40       		.byte	64
  52 0018 05       		.byte	5
  53 0019 48       		.byte	72
  54 001a 01       		.byte	1
  55 001b 40       		.byte	64
  56 001c 08       		.byte	8
  57 001d 4C       		.byte	76
ARM GAS  C:\Users\JOSEAN~1\AppData\Local\Temp\ccmRSqD8.s 			page 2


  58 001e 01       		.byte	1
  59 001f 40       		.byte	64
  60 0020 0A       		.byte	10
  61 0021 B1       		.byte	-79
  62 0022 08       		.byte	8
  63 0023 80       		.byte	-128
  64 0024 09       		.byte	9
  65 0025 80       		.byte	-128
  66 0026 0C       		.byte	12
  67 0027 40       		.byte	64
  68 0028 E2       		.byte	-30
  69 0029 80       		.byte	-128
  70 002a E6       		.byte	-26
  71 002b 40       		.byte	64
  72 002c DB       		.byte	-37
  73 002d 04       		.byte	4
  74 002e DF       		.byte	-33
  75 002f 01       		.byte	1
  76 0030 6A       		.byte	106
  77 0031 40       		.byte	64
  78 0032 8E       		.byte	-114
  79 0033 40       		.byte	64
  80 0034 E2       		.byte	-30
  81 0035 80       		.byte	-128
  82 0036 E6       		.byte	-26
  83 0037 40       		.byte	64
  84 0038 68       		.byte	104
  85 0039 80       		.byte	-128
  86 003a DC       		.byte	-36
  87 003b 20       		.byte	32
  88 003c 64       		.byte	100
  89 003d 08       		.byte	8
  90 003e 88       		.byte	-120
  91 003f 08       		.byte	8
  92 0040 8C       		.byte	-116
  93 0041 80       		.byte	-128
  94 0042 A4       		.byte	-92
  95 0043 80       		.byte	-128
  96 0044 D8       		.byte	-40
  97 0045 80       		.byte	-128
  98 0046 0B       		.byte	11
  99 0047 08       		.byte	8
 100 0048 66       		.byte	102
 101 0049 01       		.byte	1
 102 004a 8B       		.byte	-117
 103 004b 04       		.byte	4
 104 004c 8E       		.byte	-114
 105 004d 01       		.byte	1
 106 004e C2       		.byte	-62
 107 004f 02       		.byte	2
 108 0050 D8       		.byte	-40
 109 0051 01       		.byte	1
 110 0052 E2       		.byte	-30
 111 0053 01       		.byte	1
 112 0054 E4       		.byte	-28
 113 0055 02       		.byte	2
 114 0056 00       		.byte	0
ARM GAS  C:\Users\JOSEAN~1\AppData\Local\Temp\ccmRSqD8.s 			page 3


 115 0057 00       		.byte	0
 116 0058 40       		.byte	64
 117 0059 80       		.byte	-128
 118 005a 80       		.byte	-128
 119 005b 80       		.byte	-128
 120 005c 80       		.byte	-128
 121 005d 00       		.byte	0
 122 005e 00       		.byte	0
 123 005f 00       		.byte	0
 124 0060 00       		.byte	0
 125 0061 7F       		.byte	127
 126 0062 7F       		.byte	127
 127 0063 00       		.byte	0
 128 0064 00       		.byte	0
 129 0065 00       		.byte	0
 130 0066 00       		.byte	0
 131 0067 00       		.byte	0
 132              		.section	.cywolatch,"a",%progbits
 133              		.align	2
 134              		.type	cy_meta_wonvl, %object
 135              		.size	cy_meta_wonvl, 4
 136              	cy_meta_wonvl:
 137 0000 BC       		.byte	-68
 138 0001 90       		.byte	-112
 139 0002 AC       		.byte	-84
 140 0003 AF       		.byte	-81
 141              		.section	.cycustnvl,"a",%progbits
 142              		.align	2
 143              		.type	cy_meta_custnvl, %object
 144              		.size	cy_meta_custnvl, 4
 145              	cy_meta_custnvl:
 146 0000 00       		.byte	0
 147 0001 00       		.byte	0
 148 0002 40       		.byte	64
 149 0003 05       		.byte	5
 150              		.section	.cymeta,"a",%progbits
 151              		.align	2
 152              		.type	cy_metadata, %object
 153              		.size	cy_metadata, 12
 154              	cy_metadata:
 155 0000 00       		.byte	0
 156 0001 01       		.byte	1
 157 0002 2E       		.byte	46
 158 0003 12       		.byte	18
 159 0004 30       		.byte	48
 160 0005 69       		.byte	105
 161 0006 00       		.byte	0
 162 0007 01       		.byte	1
 163 0008 00       		.byte	0
 164 0009 00       		.byte	0
 165 000a 00       		.byte	0
 166 000b 00       		.byte	0
 167              		.section	.cyflashprotect,"a",%progbits
 168              		.align	2
 169              		.type	cy_meta_flashprotect, %object
 170              		.size	cy_meta_flashprotect, 256
 171              	cy_meta_flashprotect:
ARM GAS  C:\Users\JOSEAN~1\AppData\Local\Temp\ccmRSqD8.s 			page 4


 172 0000 00000000 		.space	256
 172      00000000 
 172      00000000 
 172      00000000 
 172      00000000 
 173              		.text
 174              	.Letext0:
 175              		.file 1 ".\\Generated_Source\\PSoC5\\cymetadata.c"
 176              		.file 2 ".\\Generated_Source\\PSoC5\\cytypes.h"
 177              		.section	.debug_info,"",%progbits
 178              	.Ldebug_info0:
 179 0000 36010000 		.4byte	0x136
 180 0004 0400     		.2byte	0x4
 181 0006 00000000 		.4byte	.Ldebug_abbrev0
 182 000a 04       		.byte	0x4
 183 000b 01       		.uleb128 0x1
 184 000c E2000000 		.4byte	.LASF18
 185 0010 01       		.byte	0x1
 186 0011 4E000000 		.4byte	.LASF19
 187 0015 00000000 		.4byte	.LASF20
 188 0019 00000000 		.4byte	.Ldebug_line0
 189 001d 02       		.uleb128 0x2
 190 001e 01       		.byte	0x1
 191 001f 06       		.byte	0x6
 192 0020 EC010000 		.4byte	.LASF0
 193 0024 02       		.uleb128 0x2
 194 0025 01       		.byte	0x1
 195 0026 08       		.byte	0x8
 196 0027 86000000 		.4byte	.LASF1
 197 002b 02       		.uleb128 0x2
 198 002c 02       		.byte	0x2
 199 002d 05       		.byte	0x5
 200 002e D3010000 		.4byte	.LASF2
 201 0032 02       		.uleb128 0x2
 202 0033 02       		.byte	0x2
 203 0034 07       		.byte	0x7
 204 0035 A6000000 		.4byte	.LASF3
 205 0039 02       		.uleb128 0x2
 206 003a 04       		.byte	0x4
 207 003b 05       		.byte	0x5
 208 003c E3010000 		.4byte	.LASF4
 209 0040 02       		.uleb128 0x2
 210 0041 04       		.byte	0x4
 211 0042 07       		.byte	0x7
 212 0043 94000000 		.4byte	.LASF5
 213 0047 02       		.uleb128 0x2
 214 0048 08       		.byte	0x8
 215 0049 05       		.byte	0x5
 216 004a C0010000 		.4byte	.LASF6
 217 004e 02       		.uleb128 0x2
 218 004f 08       		.byte	0x8
 219 0050 07       		.byte	0x7
 220 0051 7D010000 		.4byte	.LASF7
 221 0055 03       		.uleb128 0x3
 222 0056 04       		.byte	0x4
 223 0057 05       		.byte	0x5
 224 0058 696E7400 		.ascii	"int\000"
ARM GAS  C:\Users\JOSEAN~1\AppData\Local\Temp\ccmRSqD8.s 			page 5


 225 005c 02       		.uleb128 0x2
 226 005d 04       		.byte	0x4
 227 005e 07       		.byte	0x7
 228 005f 70010000 		.4byte	.LASF8
 229 0063 04       		.uleb128 0x4
 230 0064 DD010000 		.4byte	.LASF21
 231 0068 02       		.byte	0x2
 232 0069 3801     		.2byte	0x138
 233 006b 24000000 		.4byte	0x24
 234 006f 02       		.uleb128 0x2
 235 0070 04       		.byte	0x4
 236 0071 04       		.byte	0x4
 237 0072 80000000 		.4byte	.LASF9
 238 0076 02       		.uleb128 0x2
 239 0077 08       		.byte	0x8
 240 0078 04       		.byte	0x4
 241 0079 B9000000 		.4byte	.LASF10
 242 007d 02       		.uleb128 0x2
 243 007e 01       		.byte	0x1
 244 007f 08       		.byte	0x8
 245 0080 CE010000 		.4byte	.LASF11
 246 0084 05       		.uleb128 0x5
 247 0085 63000000 		.4byte	0x63
 248 0089 94000000 		.4byte	0x94
 249 008d 06       		.uleb128 0x6
 250 008e 94000000 		.4byte	0x94
 251 0092 67       		.byte	0x67
 252 0093 00       		.byte	0
 253 0094 02       		.uleb128 0x2
 254 0095 04       		.byte	0x4
 255 0096 07       		.byte	0x7
 256 0097 B7010000 		.4byte	.LASF12
 257 009b 07       		.uleb128 0x7
 258 009c D0000000 		.4byte	.LASF13
 259 00a0 01       		.byte	0x1
 260 00a1 1F       		.byte	0x1f
 261 00a2 AC000000 		.4byte	0xac
 262 00a6 05       		.uleb128 0x5
 263 00a7 03       		.byte	0x3
 264 00a8 00000000 		.4byte	cy_meta_configecc
 265 00ac 08       		.uleb128 0x8
 266 00ad 84000000 		.4byte	0x84
 267 00b1 05       		.uleb128 0x5
 268 00b2 63000000 		.4byte	0x63
 269 00b6 C1000000 		.4byte	0xc1
 270 00ba 06       		.uleb128 0x6
 271 00bb 94000000 		.4byte	0x94
 272 00bf 03       		.byte	0x3
 273 00c0 00       		.byte	0
 274 00c1 07       		.uleb128 0x7
 275 00c2 C0000000 		.4byte	.LASF14
 276 00c6 01       		.byte	0x1
 277 00c7 39       		.byte	0x39
 278 00c8 D2000000 		.4byte	0xd2
 279 00cc 05       		.uleb128 0x5
 280 00cd 03       		.byte	0x3
 281 00ce 00000000 		.4byte	cy_meta_custnvl
ARM GAS  C:\Users\JOSEAN~1\AppData\Local\Temp\ccmRSqD8.s 			page 6


 282 00d2 08       		.uleb128 0x8
 283 00d3 B1000000 		.4byte	0xb1
 284 00d7 07       		.uleb128 0x7
 285 00d8 A9010000 		.4byte	.LASF15
 286 00dc 01       		.byte	0x1
 287 00dd 47       		.byte	0x47
 288 00de E8000000 		.4byte	0xe8
 289 00e2 05       		.uleb128 0x5
 290 00e3 03       		.byte	0x3
 291 00e4 00000000 		.4byte	cy_meta_wonvl
 292 00e8 08       		.uleb128 0x8
 293 00e9 B1000000 		.4byte	0xb1
 294 00ed 05       		.uleb128 0x5
 295 00ee 63000000 		.4byte	0x63
 296 00f2 FD000000 		.4byte	0xfd
 297 00f6 06       		.uleb128 0x6
 298 00f7 94000000 		.4byte	0x94
 299 00fb FF       		.byte	0xff
 300 00fc 00       		.byte	0
 301 00fd 07       		.uleb128 0x7
 302 00fe 94010000 		.4byte	.LASF16
 303 0102 01       		.byte	0x1
 304 0103 55       		.byte	0x55
 305 0104 0E010000 		.4byte	0x10e
 306 0108 05       		.uleb128 0x5
 307 0109 03       		.byte	0x3
 308 010a 00000000 		.4byte	cy_meta_flashprotect
 309 010e 08       		.uleb128 0x8
 310 010f ED000000 		.4byte	0xed
 311 0113 05       		.uleb128 0x5
 312 0114 63000000 		.4byte	0x63
 313 0118 23010000 		.4byte	0x123
 314 011c 06       		.uleb128 0x6
 315 011d 94000000 		.4byte	0x94
 316 0121 0B       		.byte	0xb
 317 0122 00       		.byte	0
 318 0123 07       		.uleb128 0x7
 319 0124 74000000 		.4byte	.LASF17
 320 0128 01       		.byte	0x1
 321 0129 82       		.byte	0x82
 322 012a 34010000 		.4byte	0x134
 323 012e 05       		.uleb128 0x5
 324 012f 03       		.byte	0x3
 325 0130 00000000 		.4byte	cy_metadata
 326 0134 08       		.uleb128 0x8
 327 0135 13010000 		.4byte	0x113
 328 0139 00       		.byte	0
 329              		.section	.debug_abbrev,"",%progbits
 330              	.Ldebug_abbrev0:
 331 0000 01       		.uleb128 0x1
 332 0001 11       		.uleb128 0x11
 333 0002 01       		.byte	0x1
 334 0003 25       		.uleb128 0x25
 335 0004 0E       		.uleb128 0xe
 336 0005 13       		.uleb128 0x13
 337 0006 0B       		.uleb128 0xb
 338 0007 03       		.uleb128 0x3
ARM GAS  C:\Users\JOSEAN~1\AppData\Local\Temp\ccmRSqD8.s 			page 7


 339 0008 0E       		.uleb128 0xe
 340 0009 1B       		.uleb128 0x1b
 341 000a 0E       		.uleb128 0xe
 342 000b 10       		.uleb128 0x10
 343 000c 17       		.uleb128 0x17
 344 000d 00       		.byte	0
 345 000e 00       		.byte	0
 346 000f 02       		.uleb128 0x2
 347 0010 24       		.uleb128 0x24
 348 0011 00       		.byte	0
 349 0012 0B       		.uleb128 0xb
 350 0013 0B       		.uleb128 0xb
 351 0014 3E       		.uleb128 0x3e
 352 0015 0B       		.uleb128 0xb
 353 0016 03       		.uleb128 0x3
 354 0017 0E       		.uleb128 0xe
 355 0018 00       		.byte	0
 356 0019 00       		.byte	0
 357 001a 03       		.uleb128 0x3
 358 001b 24       		.uleb128 0x24
 359 001c 00       		.byte	0
 360 001d 0B       		.uleb128 0xb
 361 001e 0B       		.uleb128 0xb
 362 001f 3E       		.uleb128 0x3e
 363 0020 0B       		.uleb128 0xb
 364 0021 03       		.uleb128 0x3
 365 0022 08       		.uleb128 0x8
 366 0023 00       		.byte	0
 367 0024 00       		.byte	0
 368 0025 04       		.uleb128 0x4
 369 0026 16       		.uleb128 0x16
 370 0027 00       		.byte	0
 371 0028 03       		.uleb128 0x3
 372 0029 0E       		.uleb128 0xe
 373 002a 3A       		.uleb128 0x3a
 374 002b 0B       		.uleb128 0xb
 375 002c 3B       		.uleb128 0x3b
 376 002d 05       		.uleb128 0x5
 377 002e 49       		.uleb128 0x49
 378 002f 13       		.uleb128 0x13
 379 0030 00       		.byte	0
 380 0031 00       		.byte	0
 381 0032 05       		.uleb128 0x5
 382 0033 01       		.uleb128 0x1
 383 0034 01       		.byte	0x1
 384 0035 49       		.uleb128 0x49
 385 0036 13       		.uleb128 0x13
 386 0037 01       		.uleb128 0x1
 387 0038 13       		.uleb128 0x13
 388 0039 00       		.byte	0
 389 003a 00       		.byte	0
 390 003b 06       		.uleb128 0x6
 391 003c 21       		.uleb128 0x21
 392 003d 00       		.byte	0
 393 003e 49       		.uleb128 0x49
 394 003f 13       		.uleb128 0x13
 395 0040 2F       		.uleb128 0x2f
ARM GAS  C:\Users\JOSEAN~1\AppData\Local\Temp\ccmRSqD8.s 			page 8


 396 0041 0B       		.uleb128 0xb
 397 0042 00       		.byte	0
 398 0043 00       		.byte	0
 399 0044 07       		.uleb128 0x7
 400 0045 34       		.uleb128 0x34
 401 0046 00       		.byte	0
 402 0047 03       		.uleb128 0x3
 403 0048 0E       		.uleb128 0xe
 404 0049 3A       		.uleb128 0x3a
 405 004a 0B       		.uleb128 0xb
 406 004b 3B       		.uleb128 0x3b
 407 004c 0B       		.uleb128 0xb
 408 004d 49       		.uleb128 0x49
 409 004e 13       		.uleb128 0x13
 410 004f 3F       		.uleb128 0x3f
 411 0050 19       		.uleb128 0x19
 412 0051 02       		.uleb128 0x2
 413 0052 18       		.uleb128 0x18
 414 0053 00       		.byte	0
 415 0054 00       		.byte	0
 416 0055 08       		.uleb128 0x8
 417 0056 26       		.uleb128 0x26
 418 0057 00       		.byte	0
 419 0058 49       		.uleb128 0x49
 420 0059 13       		.uleb128 0x13
 421 005a 00       		.byte	0
 422 005b 00       		.byte	0
 423 005c 00       		.byte	0
 424              		.section	.debug_aranges,"",%progbits
 425 0000 14000000 		.4byte	0x14
 426 0004 0200     		.2byte	0x2
 427 0006 00000000 		.4byte	.Ldebug_info0
 428 000a 04       		.byte	0x4
 429 000b 00       		.byte	0
 430 000c 0000     		.2byte	0
 431 000e 0000     		.2byte	0
 432 0010 00000000 		.4byte	0
 433 0014 00000000 		.4byte	0
 434              		.section	.debug_line,"",%progbits
 435              	.Ldebug_line0:
 436 0000 4F000000 		.section	.debug_str,"MS",%progbits,1
 436      02004900 
 436      00000201 
 436      FB0E0D00 
 436      01010101 
 437              	.LASF20:
 438 0000 433A5C55 		.ascii	"C:\\Users\\Jose Antonio\\Documents\\PSOC Creator\\P"
 438      73657273 
 438      5C4A6F73 
 438      6520416E 
 438      746F6E69 
 439 002e 726F7965 		.ascii	"royectosPSOC\\UltraSonidos.cydsn\000"
 439      63746F73 
 439      50534F43 
 439      5C556C74 
 439      7261536F 
 440              	.LASF19:
ARM GAS  C:\Users\JOSEAN~1\AppData\Local\Temp\ccmRSqD8.s 			page 9


 441 004e 2E5C4765 		.ascii	".\\Generated_Source\\PSoC5\\cymetadata.c\000"
 441      6E657261 
 441      7465645F 
 441      536F7572 
 441      63655C50 
 442              	.LASF17:
 443 0074 63795F6D 		.ascii	"cy_metadata\000"
 443      65746164 
 443      61746100 
 444              	.LASF9:
 445 0080 666C6F61 		.ascii	"float\000"
 445      7400
 446              	.LASF1:
 447 0086 756E7369 		.ascii	"unsigned char\000"
 447      676E6564 
 447      20636861 
 447      7200
 448              	.LASF5:
 449 0094 6C6F6E67 		.ascii	"long unsigned int\000"
 449      20756E73 
 449      69676E65 
 449      6420696E 
 449      7400
 450              	.LASF3:
 451 00a6 73686F72 		.ascii	"short unsigned int\000"
 451      7420756E 
 451      7369676E 
 451      65642069 
 451      6E7400
 452              	.LASF10:
 453 00b9 646F7562 		.ascii	"double\000"
 453      6C6500
 454              	.LASF14:
 455 00c0 63795F6D 		.ascii	"cy_meta_custnvl\000"
 455      6574615F 
 455      63757374 
 455      6E766C00 
 456              	.LASF13:
 457 00d0 63795F6D 		.ascii	"cy_meta_configecc\000"
 457      6574615F 
 457      636F6E66 
 457      69676563 
 457      6300
 458              	.LASF18:
 459 00e2 474E5520 		.ascii	"GNU C 4.9.3 20150303 (release) [ARM/embedded-4_9-br"
 459      4320342E 
 459      392E3320 
 459      32303135 
 459      30333033 
 460 0115 616E6368 		.ascii	"anch revision 221220] -mcpu=cortex-m3 -mthumb -g -O"
 460      20726576 
 460      6973696F 
 460      6E203232 
 460      31323230 
 461 0148 67202D66 		.ascii	"g -ffunction-sections -ffat-lto-objects\000"
 461      66756E63 
 461      74696F6E 
ARM GAS  C:\Users\JOSEAN~1\AppData\Local\Temp\ccmRSqD8.s 			page 10


 461      2D736563 
 461      74696F6E 
 462              	.LASF8:
 463 0170 756E7369 		.ascii	"unsigned int\000"
 463      676E6564 
 463      20696E74 
 463      00
 464              	.LASF7:
 465 017d 6C6F6E67 		.ascii	"long long unsigned int\000"
 465      206C6F6E 
 465      6720756E 
 465      7369676E 
 465      65642069 
 466              	.LASF16:
 467 0194 63795F6D 		.ascii	"cy_meta_flashprotect\000"
 467      6574615F 
 467      666C6173 
 467      6870726F 
 467      74656374 
 468              	.LASF15:
 469 01a9 63795F6D 		.ascii	"cy_meta_wonvl\000"
 469      6574615F 
 469      776F6E76 
 469      6C00
 470              	.LASF12:
 471 01b7 73697A65 		.ascii	"sizetype\000"
 471      74797065 
 471      00
 472              	.LASF6:
 473 01c0 6C6F6E67 		.ascii	"long long int\000"
 473      206C6F6E 
 473      6720696E 
 473      7400
 474              	.LASF11:
 475 01ce 63686172 		.ascii	"char\000"
 475      00
 476              	.LASF2:
 477 01d3 73686F72 		.ascii	"short int\000"
 477      7420696E 
 477      7400
 478              	.LASF21:
 479 01dd 75696E74 		.ascii	"uint8\000"
 479      3800
 480              	.LASF4:
 481 01e3 6C6F6E67 		.ascii	"long int\000"
 481      20696E74 
 481      00
 482              	.LASF0:
 483 01ec 7369676E 		.ascii	"signed char\000"
 483      65642063 
 483      68617200 
 484              		.ident	"GCC: (GNU Tools for ARM Embedded Processors) 4.9.3 20150303 (release) [ARM/embedded-4_9-br
