ARM GAS  C:\Users\JOSEAN~1\AppData\Local\Temp\ccqoFp6j.s 			page 1


   1              		.syntax unified
   2              		.cpu cortex-m3
   3              		.fpu softvfp
   4              		.eabi_attribute 20, 1
   5              		.eabi_attribute 21, 1
   6              		.eabi_attribute 23, 3
   7              		.eabi_attribute 24, 1
   8              		.eabi_attribute 25, 1
   9              		.eabi_attribute 26, 1
  10              		.eabi_attribute 30, 1
  11              		.eabi_attribute 34, 1
  12              		.eabi_attribute 18, 4
  13              		.thumb
  14              		.file	"main.c"
  15              		.text
  16              	.Ltext0:
  17              		.cfi_sections	.debug_frame
  18              		.global	__aeabi_ui2f
  19              		.global	__aeabi_fdiv
  20              		.section	.text.main,"ax",%progbits
  21              		.align	2
  22              		.global	main
  23              		.thumb
  24              		.thumb_func
  25              		.type	main, %function
  26              	main:
  27              	.LFB63:
  28              		.file 1 ".\\main.c"
   1:.\main.c      **** /* ========================================
   2:.\main.c      ****  *
   3:.\main.c      ****  * Copyright YOUR COMPANY, THE YEAR
   4:.\main.c      ****  * All Rights Reserved
   5:.\main.c      ****  * UNPUBLISHED, LICENSED SOFTWARE.
   6:.\main.c      ****  *
   7:.\main.c      ****  * CONFIDENTIAL AND PROPRIETARY INFORMATION
   8:.\main.c      ****  * WHICH IS THE PROPERTY OF your company.
   9:.\main.c      ****  *
  10:.\main.c      ****  * ========================================
  11:.\main.c      **** */
  12:.\main.c      **** #include <project.h>
  13:.\main.c      **** #include <stdlib.h>
  14:.\main.c      **** #include <stdio.h>
  15:.\main.c      **** 
  16:.\main.c      **** uint16 	TimeDistMeas 	= 0;					// Value read from TimeDistMeas, eg HC-SRO4 PW returned, in 1 uS inc
  17:.\main.c      **** float 	distmeas 		= 0.0;					// Value measured, uS / 148 = inches
  18:.\main.c      **** char 	dispbuff[ 20 ];							// Display buffer for strings
  19:.\main.c      **** 
  20:.\main.c      **** int main( void ) {
  29              		.loc 1 20 0
  30              		.cfi_startproc
  31              		@ Volatile: function does not return.
  32              		@ args = 0, pretend = 0, frame = 0
  33              		@ frame_needed = 0, uses_anonymous_args = 0
  34 0000 08B5     		push	{r3, lr}
  35              		.cfi_def_cfa_offset 8
  36              		.cfi_offset 3, -8
  37              		.cfi_offset 14, -4
ARM GAS  C:\Users\JOSEAN~1\AppData\Local\Temp\ccqoFp6j.s 			page 2


  21:.\main.c      **** 	
  22:.\main.c      **** 	//uint8 i = 0;								// for index variable
  23:.\main.c      **** 	
  24:.\main.c      **** CyGlobalIntEnable; 							// Uncomment this line to enable global interrupts.
  38              		.loc 1 24 0
  39              	@ 24 ".\main.c" 1
  40 0002 62B6     		CPSIE   i
  41              	@ 0 "" 2
  25:.\main.c      **** 
  26:.\main.c      **** 	TimeDistMeas_Start( );         				// Start up the distance measuring timer, basically ,measure PW
  42              		.loc 1 26 0
  43              		.thumb
  44 0004 FFF7FEFF 		bl	TimeDistMeas_Start
  45              	.LVL0:
  46 0008 0BE0     		b	.L2
  47              	.L3:
  27:.\main.c      **** /*	LCD_Start( );								// Start LCD module
  28:.\main.c      **** 	LCD_Position( 0, 0 );						// Cursor to Row 0, Col 0
  29:.\main.c      **** 	LCD_PrintString( "Distancia =" ); */
  30:.\main.c      **** 	
  31:.\main.c      ****     for(;;) {
  32:.\main.c      **** 
  33:.\main.c      **** 			
  34:.\main.c      **** 		while( DistOutHCSRO4_Read( ) == 0 ) { 					// HC-SRO4 ready for a trigger, to start new measureme
  35:.\main.c      **** 			
  36:.\main.c      **** 			Triggen_Write( 1 ); 								// Trigger the HC-SRO4 to issue the 10 uS start pulse, and reset Tim
  48              		.loc 1 36 0
  49 000a 0120     		movs	r0, #1
  50 000c FFF7FEFF 		bl	Triggen_Write
  51              	.LVL1:
  37:.\main.c      **** 			CyDelayUs( 10 );									// Trigger high for 10 uS
  52              		.loc 1 37 0
  53 0010 0A20     		movs	r0, #10
  54 0012 FFF7FEFF 		bl	CyDelayUs
  55              	.LVL2:
  38:.\main.c      **** 			Triggen_Write( 0 );									// Remove trigger and reset from TimeDistMeas
  56              		.loc 1 38 0
  57 0016 0020     		movs	r0, #0
  58 0018 FFF7FEFF 		bl	Triggen_Write
  59              	.LVL3:
  39:.\main.c      **** 			CyDelay( 1 );										// Delay 1 mS to see if HC-SRO4 started a measurement, if not issue anoth
  60              		.loc 1 39 0
  61 001c 0120     		movs	r0, #1
  62 001e FFF7FEFF 		bl	CyDelay
  63              	.LVL4:
  64              	.L2:
  34:.\main.c      **** 			
  65              		.loc 1 34 0
  66 0022 FFF7FEFF 		bl	DistOutHCSRO4_Read
  67              	.LVL5:
  68 0026 0028     		cmp	r0, #0
  69 0028 EFD0     		beq	.L3
  70              	.L4:
  40:.\main.c      **** 			
  41:.\main.c      **** 		}
  42:.\main.c      **** 		while( DistOutHCSRO4_Read( ) == 1 ) { };				// Wait until HC-SRO4 finishes measurement cycle
  71              		.loc 1 42 0 discriminator 1
ARM GAS  C:\Users\JOSEAN~1\AppData\Local\Temp\ccqoFp6j.s 			page 3


  72 002a FFF7FEFF 		bl	DistOutHCSRO4_Read
  73              	.LVL6:
  74 002e 0128     		cmp	r0, #1
  75 0030 FBD0     		beq	.L4
  43:.\main.c      **** 
  44:.\main.c      **** 		TimeDistMeas = 65535 - TimeDistMeas_ReadCounter( );		// Get timer value, PW in uS, of HC-SRO4
  76              		.loc 1 44 0
  77 0032 FFF7FEFF 		bl	TimeDistMeas_ReadCounter
  78              	.LVL7:
  79 0036 C043     		mvns	r0, r0
  80 0038 80B2     		uxth	r0, r0
  81 003a 064C     		ldr	r4, .L7
  82 003c 2080     		strh	r0, [r4]	@ movhi
  45:.\main.c      **** 		distmeas = (float) TimeDistMeas / 148.0;				// Compute distance measured
  83              		.loc 1 45 0
  84 003e FFF7FEFF 		bl	__aeabi_ui2f
  85              	.LVL8:
  86 0042 0549     		ldr	r1, .L7+4
  87 0044 FFF7FEFF 		bl	__aeabi_fdiv
  88              	.LVL9:
  89 0048 6060     		str	r0, [r4, #4]	@ float
  46:.\main.c      **** 		
  47:.\main.c      ****         //sprintf( dispbuff, "%.2f", distmeas );					// Convert distmeas to a string to print on LC
  48:.\main.c      **** /*		sprintf( dispbuff, "%d", (int)distmeas );					// Convert distmeas to a string to print on LCD
  49:.\main.c      **** 		LCD_Position( 0, 11 );									// Position cursor
  50:.\main.c      **** 		LCD_PrintString( dispbuff );
  51:.\main.c      **** */
  52:.\main.c      **** 		CyDelay( 100 );											// Wait 100 mS before triggering the HC-SRO4 module again	
  90              		.loc 1 52 0
  91 004a 6420     		movs	r0, #100
  92 004c FFF7FEFF 		bl	CyDelay
  93              	.LVL10:
  53:.\main.c      **** 
  54:.\main.c      **** 	}
  94              		.loc 1 54 0
  95 0050 E7E7     		b	.L2
  96              	.L8:
  97 0052 00BF     		.align	2
  98              	.L7:
  99 0054 00000000 		.word	.LANCHOR0
 100 0058 00001443 		.word	1125384192
 101              		.cfi_endproc
 102              	.LFE63:
 103              		.size	main, .-main
 104              		.comm	dispbuff,20,4
 105              		.global	distmeas
 106              		.global	TimeDistMeas
 107              		.bss
 108              		.align	2
 109              		.set	.LANCHOR0,. + 0
 110              		.type	TimeDistMeas, %object
 111              		.size	TimeDistMeas, 2
 112              	TimeDistMeas:
 113 0000 0000     		.space	2
 114 0002 0000     		.space	2
 115              		.type	distmeas, %object
 116              		.size	distmeas, 4
ARM GAS  C:\Users\JOSEAN~1\AppData\Local\Temp\ccqoFp6j.s 			page 4


 117              	distmeas:
 118 0004 00000000 		.space	4
 119              		.text
 120              	.Letext0:
 121              		.file 2 "c:\\program files (x86)\\cypress\\psoc creator\\3.3\\psoc creator\\import\\gnu\\arm\\4.9.
 122              		.file 3 "c:\\program files (x86)\\cypress\\psoc creator\\3.3\\psoc creator\\import\\gnu\\arm\\4.9.
 123              		.file 4 "Generated_Source\\PSoC5/cytypes.h"
 124              		.file 5 "Generated_Source\\PSoC5/core_cm3.h"
 125              		.file 6 "Generated_Source\\PSoC5/Triggen.h"
 126              		.file 7 "Generated_Source\\PSoC5/CyLib.h"
 127              		.file 8 "Generated_Source\\PSoC5/DistOutHCSRO4.h"
 128              		.file 9 "Generated_Source\\PSoC5/TimeDistMeas.h"
 129              		.section	.debug_info,"",%progbits
 130              	.Ldebug_info0:
 131 0000 FC010000 		.4byte	0x1fc
 132 0004 0400     		.2byte	0x4
 133 0006 00000000 		.4byte	.Ldebug_abbrev0
 134 000a 04       		.byte	0x4
 135 000b 01       		.uleb128 0x1
 136 000c 0D010000 		.4byte	.LASF27
 137 0010 01       		.byte	0x1
 138 0011 7F000000 		.4byte	.LASF28
 139 0015 0A000000 		.4byte	.LASF29
 140 0019 00000000 		.4byte	.Ldebug_ranges0+0
 141 001d 00000000 		.4byte	0
 142 0021 00000000 		.4byte	.Ldebug_line0
 143 0025 02       		.uleb128 0x2
 144 0026 01       		.byte	0x1
 145 0027 06       		.byte	0x6
 146 0028 13020000 		.4byte	.LASF0
 147 002c 02       		.uleb128 0x2
 148 002d 01       		.byte	0x1
 149 002e 08       		.byte	0x8
 150 002f 71000000 		.4byte	.LASF1
 151 0033 02       		.uleb128 0x2
 152 0034 02       		.byte	0x2
 153 0035 05       		.byte	0x5
 154 0036 FA010000 		.4byte	.LASF2
 155 003a 02       		.uleb128 0x2
 156 003b 02       		.byte	0x2
 157 003c 07       		.byte	0x7
 158 003d 9A000000 		.4byte	.LASF3
 159 0041 03       		.uleb128 0x3
 160 0042 00000000 		.4byte	.LASF9
 161 0046 02       		.byte	0x2
 162 0047 3F       		.byte	0x3f
 163 0048 4C000000 		.4byte	0x4c
 164 004c 02       		.uleb128 0x2
 165 004d 04       		.byte	0x4
 166 004e 05       		.byte	0x5
 167 004f 0A020000 		.4byte	.LASF4
 168 0053 02       		.uleb128 0x2
 169 0054 04       		.byte	0x4
 170 0055 07       		.byte	0x7
 171 0056 88000000 		.4byte	.LASF5
 172 005a 02       		.uleb128 0x2
 173 005b 08       		.byte	0x8
ARM GAS  C:\Users\JOSEAN~1\AppData\Local\Temp\ccqoFp6j.s 			page 5


 174 005c 05       		.byte	0x5
 175 005d DE010000 		.4byte	.LASF6
 176 0061 02       		.uleb128 0x2
 177 0062 08       		.byte	0x8
 178 0063 07       		.byte	0x7
 179 0064 A8010000 		.4byte	.LASF7
 180 0068 04       		.uleb128 0x4
 181 0069 04       		.byte	0x4
 182 006a 05       		.byte	0x5
 183 006b 696E7400 		.ascii	"int\000"
 184 006f 02       		.uleb128 0x2
 185 0070 04       		.byte	0x4
 186 0071 07       		.byte	0x7
 187 0072 9B010000 		.4byte	.LASF8
 188 0076 03       		.uleb128 0x3
 189 0077 BF010000 		.4byte	.LASF10
 190 007b 03       		.byte	0x3
 191 007c 2C       		.byte	0x2c
 192 007d 41000000 		.4byte	0x41
 193 0081 05       		.uleb128 0x5
 194 0082 04020000 		.4byte	.LASF11
 195 0086 04       		.byte	0x4
 196 0087 3801     		.2byte	0x138
 197 0089 2C000000 		.4byte	0x2c
 198 008d 05       		.uleb128 0x5
 199 008e DA000000 		.4byte	.LASF12
 200 0092 04       		.byte	0x4
 201 0093 3901     		.2byte	0x139
 202 0095 3A000000 		.4byte	0x3a
 203 0099 05       		.uleb128 0x5
 204 009a 06010000 		.4byte	.LASF13
 205 009e 04       		.byte	0x4
 206 009f 3A01     		.2byte	0x13a
 207 00a1 53000000 		.4byte	0x53
 208 00a5 02       		.uleb128 0x2
 209 00a6 04       		.byte	0x4
 210 00a7 04       		.byte	0x4
 211 00a8 6B000000 		.4byte	.LASF14
 212 00ac 02       		.uleb128 0x2
 213 00ad 08       		.byte	0x8
 214 00ae 04       		.byte	0x4
 215 00af D3000000 		.4byte	.LASF15
 216 00b3 02       		.uleb128 0x2
 217 00b4 01       		.byte	0x1
 218 00b5 08       		.byte	0x8
 219 00b6 EC010000 		.4byte	.LASF16
 220 00ba 02       		.uleb128 0x2
 221 00bb 04       		.byte	0x4
 222 00bc 07       		.byte	0x7
 223 00bd C7010000 		.4byte	.LASF17
 224 00c1 06       		.uleb128 0x6
 225 00c2 E1000000 		.4byte	.LASF30
 226 00c6 01       		.byte	0x1
 227 00c7 14       		.byte	0x14
 228 00c8 68000000 		.4byte	0x68
 229 00cc 00000000 		.4byte	.LFB63
 230 00d0 5C000000 		.4byte	.LFE63-.LFB63
ARM GAS  C:\Users\JOSEAN~1\AppData\Local\Temp\ccqoFp6j.s 			page 6


 231 00d4 01       		.uleb128 0x1
 232 00d5 9C       		.byte	0x9c
 233 00d6 5B010000 		.4byte	0x15b
 234 00da 07       		.uleb128 0x7
 235 00db 08000000 		.4byte	.LVL0
 236 00df AF010000 		.4byte	0x1af
 237 00e3 08       		.uleb128 0x8
 238 00e4 10000000 		.4byte	.LVL1
 239 00e8 B6010000 		.4byte	0x1b6
 240 00ec F6000000 		.4byte	0xf6
 241 00f0 09       		.uleb128 0x9
 242 00f1 01       		.uleb128 0x1
 243 00f2 50       		.byte	0x50
 244 00f3 01       		.uleb128 0x1
 245 00f4 31       		.byte	0x31
 246 00f5 00       		.byte	0
 247 00f6 08       		.uleb128 0x8
 248 00f7 16000000 		.4byte	.LVL2
 249 00fb C7010000 		.4byte	0x1c7
 250 00ff 09010000 		.4byte	0x109
 251 0103 09       		.uleb128 0x9
 252 0104 01       		.uleb128 0x1
 253 0105 50       		.byte	0x50
 254 0106 01       		.uleb128 0x1
 255 0107 3A       		.byte	0x3a
 256 0108 00       		.byte	0
 257 0109 08       		.uleb128 0x8
 258 010a 1C000000 		.4byte	.LVL3
 259 010e B6010000 		.4byte	0x1b6
 260 0112 1C010000 		.4byte	0x11c
 261 0116 09       		.uleb128 0x9
 262 0117 01       		.uleb128 0x1
 263 0118 50       		.byte	0x50
 264 0119 01       		.uleb128 0x1
 265 011a 30       		.byte	0x30
 266 011b 00       		.byte	0
 267 011c 08       		.uleb128 0x8
 268 011d 22000000 		.4byte	.LVL4
 269 0121 D8010000 		.4byte	0x1d8
 270 0125 2F010000 		.4byte	0x12f
 271 0129 09       		.uleb128 0x9
 272 012a 01       		.uleb128 0x1
 273 012b 50       		.byte	0x50
 274 012c 01       		.uleb128 0x1
 275 012d 31       		.byte	0x31
 276 012e 00       		.byte	0
 277 012f 07       		.uleb128 0x7
 278 0130 26000000 		.4byte	.LVL5
 279 0134 E9010000 		.4byte	0x1e9
 280 0138 07       		.uleb128 0x7
 281 0139 2E000000 		.4byte	.LVL6
 282 013d E9010000 		.4byte	0x1e9
 283 0141 07       		.uleb128 0x7
 284 0142 36000000 		.4byte	.LVL7
 285 0146 F4010000 		.4byte	0x1f4
 286 014a 0A       		.uleb128 0xa
 287 014b 50000000 		.4byte	.LVL10
ARM GAS  C:\Users\JOSEAN~1\AppData\Local\Temp\ccqoFp6j.s 			page 7


 288 014f D8010000 		.4byte	0x1d8
 289 0153 09       		.uleb128 0x9
 290 0154 01       		.uleb128 0x1
 291 0155 50       		.byte	0x50
 292 0156 02       		.uleb128 0x2
 293 0157 08       		.byte	0x8
 294 0158 64       		.byte	0x64
 295 0159 00       		.byte	0
 296 015a 00       		.byte	0
 297 015b 0B       		.uleb128 0xb
 298 015c C6000000 		.4byte	.LASF18
 299 0160 05       		.byte	0x5
 300 0161 5506     		.2byte	0x655
 301 0163 67010000 		.4byte	0x167
 302 0167 0C       		.uleb128 0xc
 303 0168 76000000 		.4byte	0x76
 304 016c 0D       		.uleb128 0xd
 305 016d E6000000 		.4byte	.LASF19
 306 0171 01       		.byte	0x1
 307 0172 10       		.byte	0x10
 308 0173 8D000000 		.4byte	0x8d
 309 0177 05       		.uleb128 0x5
 310 0178 03       		.byte	0x3
 311 0179 00000000 		.4byte	TimeDistMeas
 312 017d 0D       		.uleb128 0xd
 313 017e F1010000 		.4byte	.LASF20
 314 0182 01       		.byte	0x1
 315 0183 11       		.byte	0x11
 316 0184 A5000000 		.4byte	0xa5
 317 0188 05       		.uleb128 0x5
 318 0189 03       		.byte	0x3
 319 018a 00000000 		.4byte	distmeas
 320 018e 0E       		.uleb128 0xe
 321 018f B3000000 		.4byte	0xb3
 322 0193 9E010000 		.4byte	0x19e
 323 0197 0F       		.uleb128 0xf
 324 0198 BA000000 		.4byte	0xba
 325 019c 13       		.byte	0x13
 326 019d 00       		.byte	0
 327 019e 0D       		.uleb128 0xd
 328 019f FD000000 		.4byte	.LASF21
 329 01a3 01       		.byte	0x1
 330 01a4 12       		.byte	0x12
 331 01a5 8E010000 		.4byte	0x18e
 332 01a9 05       		.uleb128 0x5
 333 01aa 03       		.byte	0x3
 334 01ab 00000000 		.4byte	dispbuff
 335 01af 10       		.uleb128 0x10
 336 01b0 1F020000 		.4byte	.LASF31
 337 01b4 09       		.byte	0x9
 338 01b5 5A       		.byte	0x5a
 339 01b6 11       		.uleb128 0x11
 340 01b7 D0010000 		.4byte	.LASF22
 341 01bb 06       		.byte	0x6
 342 01bc 27       		.byte	0x27
 343 01bd C7010000 		.4byte	0x1c7
 344 01c1 12       		.uleb128 0x12
ARM GAS  C:\Users\JOSEAN~1\AppData\Local\Temp\ccqoFp6j.s 			page 8


 345 01c2 81000000 		.4byte	0x81
 346 01c6 00       		.byte	0
 347 01c7 11       		.uleb128 0x11
 348 01c8 F3000000 		.4byte	.LASF23
 349 01cc 07       		.byte	0x7
 350 01cd 78       		.byte	0x78
 351 01ce D8010000 		.4byte	0x1d8
 352 01d2 12       		.uleb128 0x12
 353 01d3 8D000000 		.4byte	0x8d
 354 01d7 00       		.byte	0
 355 01d8 11       		.uleb128 0x11
 356 01d9 32020000 		.4byte	.LASF24
 357 01dd 07       		.byte	0x7
 358 01de 77       		.byte	0x77
 359 01df E9010000 		.4byte	0x1e9
 360 01e3 12       		.uleb128 0x12
 361 01e4 99000000 		.4byte	0x99
 362 01e8 00       		.byte	0
 363 01e9 13       		.uleb128 0x13
 364 01ea 58000000 		.4byte	.LASF25
 365 01ee 08       		.byte	0x8
 366 01ef 29       		.byte	0x29
 367 01f0 81000000 		.4byte	0x81
 368 01f4 13       		.uleb128 0x13
 369 01f5 AD000000 		.4byte	.LASF26
 370 01f9 09       		.byte	0x9
 371 01fa 69       		.byte	0x69
 372 01fb 8D000000 		.4byte	0x8d
 373 01ff 00       		.byte	0
 374              		.section	.debug_abbrev,"",%progbits
 375              	.Ldebug_abbrev0:
 376 0000 01       		.uleb128 0x1
 377 0001 11       		.uleb128 0x11
 378 0002 01       		.byte	0x1
 379 0003 25       		.uleb128 0x25
 380 0004 0E       		.uleb128 0xe
 381 0005 13       		.uleb128 0x13
 382 0006 0B       		.uleb128 0xb
 383 0007 03       		.uleb128 0x3
 384 0008 0E       		.uleb128 0xe
 385 0009 1B       		.uleb128 0x1b
 386 000a 0E       		.uleb128 0xe
 387 000b 55       		.uleb128 0x55
 388 000c 17       		.uleb128 0x17
 389 000d 11       		.uleb128 0x11
 390 000e 01       		.uleb128 0x1
 391 000f 10       		.uleb128 0x10
 392 0010 17       		.uleb128 0x17
 393 0011 00       		.byte	0
 394 0012 00       		.byte	0
 395 0013 02       		.uleb128 0x2
 396 0014 24       		.uleb128 0x24
 397 0015 00       		.byte	0
 398 0016 0B       		.uleb128 0xb
 399 0017 0B       		.uleb128 0xb
 400 0018 3E       		.uleb128 0x3e
 401 0019 0B       		.uleb128 0xb
ARM GAS  C:\Users\JOSEAN~1\AppData\Local\Temp\ccqoFp6j.s 			page 9


 402 001a 03       		.uleb128 0x3
 403 001b 0E       		.uleb128 0xe
 404 001c 00       		.byte	0
 405 001d 00       		.byte	0
 406 001e 03       		.uleb128 0x3
 407 001f 16       		.uleb128 0x16
 408 0020 00       		.byte	0
 409 0021 03       		.uleb128 0x3
 410 0022 0E       		.uleb128 0xe
 411 0023 3A       		.uleb128 0x3a
 412 0024 0B       		.uleb128 0xb
 413 0025 3B       		.uleb128 0x3b
 414 0026 0B       		.uleb128 0xb
 415 0027 49       		.uleb128 0x49
 416 0028 13       		.uleb128 0x13
 417 0029 00       		.byte	0
 418 002a 00       		.byte	0
 419 002b 04       		.uleb128 0x4
 420 002c 24       		.uleb128 0x24
 421 002d 00       		.byte	0
 422 002e 0B       		.uleb128 0xb
 423 002f 0B       		.uleb128 0xb
 424 0030 3E       		.uleb128 0x3e
 425 0031 0B       		.uleb128 0xb
 426 0032 03       		.uleb128 0x3
 427 0033 08       		.uleb128 0x8
 428 0034 00       		.byte	0
 429 0035 00       		.byte	0
 430 0036 05       		.uleb128 0x5
 431 0037 16       		.uleb128 0x16
 432 0038 00       		.byte	0
 433 0039 03       		.uleb128 0x3
 434 003a 0E       		.uleb128 0xe
 435 003b 3A       		.uleb128 0x3a
 436 003c 0B       		.uleb128 0xb
 437 003d 3B       		.uleb128 0x3b
 438 003e 05       		.uleb128 0x5
 439 003f 49       		.uleb128 0x49
 440 0040 13       		.uleb128 0x13
 441 0041 00       		.byte	0
 442 0042 00       		.byte	0
 443 0043 06       		.uleb128 0x6
 444 0044 2E       		.uleb128 0x2e
 445 0045 01       		.byte	0x1
 446 0046 3F       		.uleb128 0x3f
 447 0047 19       		.uleb128 0x19
 448 0048 03       		.uleb128 0x3
 449 0049 0E       		.uleb128 0xe
 450 004a 3A       		.uleb128 0x3a
 451 004b 0B       		.uleb128 0xb
 452 004c 3B       		.uleb128 0x3b
 453 004d 0B       		.uleb128 0xb
 454 004e 27       		.uleb128 0x27
 455 004f 19       		.uleb128 0x19
 456 0050 49       		.uleb128 0x49
 457 0051 13       		.uleb128 0x13
 458 0052 11       		.uleb128 0x11
ARM GAS  C:\Users\JOSEAN~1\AppData\Local\Temp\ccqoFp6j.s 			page 10


 459 0053 01       		.uleb128 0x1
 460 0054 12       		.uleb128 0x12
 461 0055 06       		.uleb128 0x6
 462 0056 40       		.uleb128 0x40
 463 0057 18       		.uleb128 0x18
 464 0058 9642     		.uleb128 0x2116
 465 005a 19       		.uleb128 0x19
 466 005b 01       		.uleb128 0x1
 467 005c 13       		.uleb128 0x13
 468 005d 00       		.byte	0
 469 005e 00       		.byte	0
 470 005f 07       		.uleb128 0x7
 471 0060 898201   		.uleb128 0x4109
 472 0063 00       		.byte	0
 473 0064 11       		.uleb128 0x11
 474 0065 01       		.uleb128 0x1
 475 0066 31       		.uleb128 0x31
 476 0067 13       		.uleb128 0x13
 477 0068 00       		.byte	0
 478 0069 00       		.byte	0
 479 006a 08       		.uleb128 0x8
 480 006b 898201   		.uleb128 0x4109
 481 006e 01       		.byte	0x1
 482 006f 11       		.uleb128 0x11
 483 0070 01       		.uleb128 0x1
 484 0071 31       		.uleb128 0x31
 485 0072 13       		.uleb128 0x13
 486 0073 01       		.uleb128 0x1
 487 0074 13       		.uleb128 0x13
 488 0075 00       		.byte	0
 489 0076 00       		.byte	0
 490 0077 09       		.uleb128 0x9
 491 0078 8A8201   		.uleb128 0x410a
 492 007b 00       		.byte	0
 493 007c 02       		.uleb128 0x2
 494 007d 18       		.uleb128 0x18
 495 007e 9142     		.uleb128 0x2111
 496 0080 18       		.uleb128 0x18
 497 0081 00       		.byte	0
 498 0082 00       		.byte	0
 499 0083 0A       		.uleb128 0xa
 500 0084 898201   		.uleb128 0x4109
 501 0087 01       		.byte	0x1
 502 0088 11       		.uleb128 0x11
 503 0089 01       		.uleb128 0x1
 504 008a 31       		.uleb128 0x31
 505 008b 13       		.uleb128 0x13
 506 008c 00       		.byte	0
 507 008d 00       		.byte	0
 508 008e 0B       		.uleb128 0xb
 509 008f 34       		.uleb128 0x34
 510 0090 00       		.byte	0
 511 0091 03       		.uleb128 0x3
 512 0092 0E       		.uleb128 0xe
 513 0093 3A       		.uleb128 0x3a
 514 0094 0B       		.uleb128 0xb
 515 0095 3B       		.uleb128 0x3b
ARM GAS  C:\Users\JOSEAN~1\AppData\Local\Temp\ccqoFp6j.s 			page 11


 516 0096 05       		.uleb128 0x5
 517 0097 49       		.uleb128 0x49
 518 0098 13       		.uleb128 0x13
 519 0099 3F       		.uleb128 0x3f
 520 009a 19       		.uleb128 0x19
 521 009b 3C       		.uleb128 0x3c
 522 009c 19       		.uleb128 0x19
 523 009d 00       		.byte	0
 524 009e 00       		.byte	0
 525 009f 0C       		.uleb128 0xc
 526 00a0 35       		.uleb128 0x35
 527 00a1 00       		.byte	0
 528 00a2 49       		.uleb128 0x49
 529 00a3 13       		.uleb128 0x13
 530 00a4 00       		.byte	0
 531 00a5 00       		.byte	0
 532 00a6 0D       		.uleb128 0xd
 533 00a7 34       		.uleb128 0x34
 534 00a8 00       		.byte	0
 535 00a9 03       		.uleb128 0x3
 536 00aa 0E       		.uleb128 0xe
 537 00ab 3A       		.uleb128 0x3a
 538 00ac 0B       		.uleb128 0xb
 539 00ad 3B       		.uleb128 0x3b
 540 00ae 0B       		.uleb128 0xb
 541 00af 49       		.uleb128 0x49
 542 00b0 13       		.uleb128 0x13
 543 00b1 3F       		.uleb128 0x3f
 544 00b2 19       		.uleb128 0x19
 545 00b3 02       		.uleb128 0x2
 546 00b4 18       		.uleb128 0x18
 547 00b5 00       		.byte	0
 548 00b6 00       		.byte	0
 549 00b7 0E       		.uleb128 0xe
 550 00b8 01       		.uleb128 0x1
 551 00b9 01       		.byte	0x1
 552 00ba 49       		.uleb128 0x49
 553 00bb 13       		.uleb128 0x13
 554 00bc 01       		.uleb128 0x1
 555 00bd 13       		.uleb128 0x13
 556 00be 00       		.byte	0
 557 00bf 00       		.byte	0
 558 00c0 0F       		.uleb128 0xf
 559 00c1 21       		.uleb128 0x21
 560 00c2 00       		.byte	0
 561 00c3 49       		.uleb128 0x49
 562 00c4 13       		.uleb128 0x13
 563 00c5 2F       		.uleb128 0x2f
 564 00c6 0B       		.uleb128 0xb
 565 00c7 00       		.byte	0
 566 00c8 00       		.byte	0
 567 00c9 10       		.uleb128 0x10
 568 00ca 2E       		.uleb128 0x2e
 569 00cb 00       		.byte	0
 570 00cc 3F       		.uleb128 0x3f
 571 00cd 19       		.uleb128 0x19
 572 00ce 03       		.uleb128 0x3
ARM GAS  C:\Users\JOSEAN~1\AppData\Local\Temp\ccqoFp6j.s 			page 12


 573 00cf 0E       		.uleb128 0xe
 574 00d0 3A       		.uleb128 0x3a
 575 00d1 0B       		.uleb128 0xb
 576 00d2 3B       		.uleb128 0x3b
 577 00d3 0B       		.uleb128 0xb
 578 00d4 27       		.uleb128 0x27
 579 00d5 19       		.uleb128 0x19
 580 00d6 3C       		.uleb128 0x3c
 581 00d7 19       		.uleb128 0x19
 582 00d8 00       		.byte	0
 583 00d9 00       		.byte	0
 584 00da 11       		.uleb128 0x11
 585 00db 2E       		.uleb128 0x2e
 586 00dc 01       		.byte	0x1
 587 00dd 3F       		.uleb128 0x3f
 588 00de 19       		.uleb128 0x19
 589 00df 03       		.uleb128 0x3
 590 00e0 0E       		.uleb128 0xe
 591 00e1 3A       		.uleb128 0x3a
 592 00e2 0B       		.uleb128 0xb
 593 00e3 3B       		.uleb128 0x3b
 594 00e4 0B       		.uleb128 0xb
 595 00e5 27       		.uleb128 0x27
 596 00e6 19       		.uleb128 0x19
 597 00e7 3C       		.uleb128 0x3c
 598 00e8 19       		.uleb128 0x19
 599 00e9 01       		.uleb128 0x1
 600 00ea 13       		.uleb128 0x13
 601 00eb 00       		.byte	0
 602 00ec 00       		.byte	0
 603 00ed 12       		.uleb128 0x12
 604 00ee 05       		.uleb128 0x5
 605 00ef 00       		.byte	0
 606 00f0 49       		.uleb128 0x49
 607 00f1 13       		.uleb128 0x13
 608 00f2 00       		.byte	0
 609 00f3 00       		.byte	0
 610 00f4 13       		.uleb128 0x13
 611 00f5 2E       		.uleb128 0x2e
 612 00f6 00       		.byte	0
 613 00f7 3F       		.uleb128 0x3f
 614 00f8 19       		.uleb128 0x19
 615 00f9 03       		.uleb128 0x3
 616 00fa 0E       		.uleb128 0xe
 617 00fb 3A       		.uleb128 0x3a
 618 00fc 0B       		.uleb128 0xb
 619 00fd 3B       		.uleb128 0x3b
 620 00fe 0B       		.uleb128 0xb
 621 00ff 27       		.uleb128 0x27
 622 0100 19       		.uleb128 0x19
 623 0101 49       		.uleb128 0x49
 624 0102 13       		.uleb128 0x13
 625 0103 3C       		.uleb128 0x3c
 626 0104 19       		.uleb128 0x19
 627 0105 00       		.byte	0
 628 0106 00       		.byte	0
 629 0107 00       		.byte	0
ARM GAS  C:\Users\JOSEAN~1\AppData\Local\Temp\ccqoFp6j.s 			page 13


 630              		.section	.debug_aranges,"",%progbits
 631 0000 1C000000 		.4byte	0x1c
 632 0004 0200     		.2byte	0x2
 633 0006 00000000 		.4byte	.Ldebug_info0
 634 000a 04       		.byte	0x4
 635 000b 00       		.byte	0
 636 000c 0000     		.2byte	0
 637 000e 0000     		.2byte	0
 638 0010 00000000 		.4byte	.LFB63
 639 0014 5C000000 		.4byte	.LFE63-.LFB63
 640 0018 00000000 		.4byte	0
 641 001c 00000000 		.4byte	0
 642              		.section	.debug_ranges,"",%progbits
 643              	.Ldebug_ranges0:
 644 0000 00000000 		.4byte	.LFB63
 645 0004 5C000000 		.4byte	.LFE63
 646 0008 00000000 		.4byte	0
 647 000c 00000000 		.4byte	0
 648              		.section	.debug_line,"",%progbits
 649              	.Ldebug_line0:
 650 0000 AD010000 		.section	.debug_str,"MS",%progbits,1
 650      02008601 
 650      00000201 
 650      FB0E0D00 
 650      01010101 
 651              	.LASF9:
 652 0000 5F5F696E 		.ascii	"__int32_t\000"
 652      7433325F 
 652      7400
 653              	.LASF29:
 654 000a 433A5C55 		.ascii	"C:\\Users\\Jose Antonio\\Documents\\PSOC Creator\\P"
 654      73657273 
 654      5C4A6F73 
 654      6520416E 
 654      746F6E69 
 655 0038 726F7965 		.ascii	"royectosPSOC\\UltraSonidos.cydsn\000"
 655      63746F73 
 655      50534F43 
 655      5C556C74 
 655      7261536F 
 656              	.LASF25:
 657 0058 44697374 		.ascii	"DistOutHCSRO4_Read\000"
 657      4F757448 
 657      4353524F 
 657      345F5265 
 657      616400
 658              	.LASF14:
 659 006b 666C6F61 		.ascii	"float\000"
 659      7400
 660              	.LASF1:
 661 0071 756E7369 		.ascii	"unsigned char\000"
 661      676E6564 
 661      20636861 
 661      7200
 662              	.LASF28:
 663 007f 2E5C6D61 		.ascii	".\\main.c\000"
 663      696E2E63 
ARM GAS  C:\Users\JOSEAN~1\AppData\Local\Temp\ccqoFp6j.s 			page 14


 663      00
 664              	.LASF5:
 665 0088 6C6F6E67 		.ascii	"long unsigned int\000"
 665      20756E73 
 665      69676E65 
 665      6420696E 
 665      7400
 666              	.LASF3:
 667 009a 73686F72 		.ascii	"short unsigned int\000"
 667      7420756E 
 667      7369676E 
 667      65642069 
 667      6E7400
 668              	.LASF26:
 669 00ad 54696D65 		.ascii	"TimeDistMeas_ReadCounter\000"
 669      44697374 
 669      4D656173 
 669      5F526561 
 669      64436F75 
 670              	.LASF18:
 671 00c6 49544D5F 		.ascii	"ITM_RxBuffer\000"
 671      52784275 
 671      66666572 
 671      00
 672              	.LASF15:
 673 00d3 646F7562 		.ascii	"double\000"
 673      6C6500
 674              	.LASF12:
 675 00da 75696E74 		.ascii	"uint16\000"
 675      313600
 676              	.LASF30:
 677 00e1 6D61696E 		.ascii	"main\000"
 677      00
 678              	.LASF19:
 679 00e6 54696D65 		.ascii	"TimeDistMeas\000"
 679      44697374 
 679      4D656173 
 679      00
 680              	.LASF23:
 681 00f3 43794465 		.ascii	"CyDelayUs\000"
 681      6C617955 
 681      7300
 682              	.LASF21:
 683 00fd 64697370 		.ascii	"dispbuff\000"
 683      62756666 
 683      00
 684              	.LASF13:
 685 0106 75696E74 		.ascii	"uint32\000"
 685      333200
 686              	.LASF27:
 687 010d 474E5520 		.ascii	"GNU C 4.9.3 20150303 (release) [ARM/embedded-4_9-br"
 687      4320342E 
 687      392E3320 
 687      32303135 
 687      30333033 
 688 0140 616E6368 		.ascii	"anch revision 221220] -mcpu=cortex-m3 -mthumb -g -O"
 688      20726576 
ARM GAS  C:\Users\JOSEAN~1\AppData\Local\Temp\ccqoFp6j.s 			page 15


 688      6973696F 
 688      6E203232 
 688      31323230 
 689 0173 67202D66 		.ascii	"g -ffunction-sections -ffat-lto-objects\000"
 689      66756E63 
 689      74696F6E 
 689      2D736563 
 689      74696F6E 
 690              	.LASF8:
 691 019b 756E7369 		.ascii	"unsigned int\000"
 691      676E6564 
 691      20696E74 
 691      00
 692              	.LASF7:
 693 01a8 6C6F6E67 		.ascii	"long long unsigned int\000"
 693      206C6F6E 
 693      6720756E 
 693      7369676E 
 693      65642069 
 694              	.LASF10:
 695 01bf 696E7433 		.ascii	"int32_t\000"
 695      325F7400 
 696              	.LASF17:
 697 01c7 73697A65 		.ascii	"sizetype\000"
 697      74797065 
 697      00
 698              	.LASF22:
 699 01d0 54726967 		.ascii	"Triggen_Write\000"
 699      67656E5F 
 699      57726974 
 699      6500
 700              	.LASF6:
 701 01de 6C6F6E67 		.ascii	"long long int\000"
 701      206C6F6E 
 701      6720696E 
 701      7400
 702              	.LASF16:
 703 01ec 63686172 		.ascii	"char\000"
 703      00
 704              	.LASF20:
 705 01f1 64697374 		.ascii	"distmeas\000"
 705      6D656173 
 705      00
 706              	.LASF2:
 707 01fa 73686F72 		.ascii	"short int\000"
 707      7420696E 
 707      7400
 708              	.LASF11:
 709 0204 75696E74 		.ascii	"uint8\000"
 709      3800
 710              	.LASF4:
 711 020a 6C6F6E67 		.ascii	"long int\000"
 711      20696E74 
 711      00
 712              	.LASF0:
 713 0213 7369676E 		.ascii	"signed char\000"
 713      65642063 
ARM GAS  C:\Users\JOSEAN~1\AppData\Local\Temp\ccqoFp6j.s 			page 16


 713      68617200 
 714              	.LASF31:
 715 021f 54696D65 		.ascii	"TimeDistMeas_Start\000"
 715      44697374 
 715      4D656173 
 715      5F537461 
 715      727400
 716              	.LASF24:
 717 0232 43794465 		.ascii	"CyDelay\000"
 717      6C617900 
 718              		.ident	"GCC: (GNU Tools for ARM Embedded Processors) 4.9.3 20150303 (release) [ARM/embedded-4_9-br
