ARM GAS  C:\Users\JOSEAN~1\AppData\Local\Temp\ccwNKoCt.s 			page 1


   1              		.syntax unified
   2              		.cpu cortex-m3
   3              		.fpu softvfp
   4              		.eabi_attribute 20, 1
   5              		.eabi_attribute 21, 1
   6              		.eabi_attribute 23, 3
   7              		.eabi_attribute 24, 1
   8              		.eabi_attribute 25, 1
   9              		.eabi_attribute 26, 1
  10              		.eabi_attribute 30, 1
  11              		.eabi_attribute 34, 1
  12              		.eabi_attribute 18, 4
  13              		.thumb
  14              		.file	"cyfitter_cfg.c"
  15              		.text
  16              	.Ltext0:
  17              		.cfi_sections	.debug_frame
  18              		.section	.text.CyClockStartupError,"ax",%progbits
  19              		.align	2
  20              		.thumb
  21              		.thumb_func
  22              		.type	CyClockStartupError, %function
  23              	CyClockStartupError:
  24              	.LFB3:
  25              		.file 1 ".\\Generated_Source\\PSoC5\\cyfitter_cfg.c"
   1:.\Generated_Source\PSoC5/cyfitter_cfg.c **** /*******************************************************************************
   2:.\Generated_Source\PSoC5/cyfitter_cfg.c **** * File Name: cyfitter_cfg.c
   3:.\Generated_Source\PSoC5/cyfitter_cfg.c **** * 
   4:.\Generated_Source\PSoC5/cyfitter_cfg.c **** * PSoC Creator  3.3 CP3
   5:.\Generated_Source\PSoC5/cyfitter_cfg.c **** *
   6:.\Generated_Source\PSoC5/cyfitter_cfg.c **** * Description:
   7:.\Generated_Source\PSoC5/cyfitter_cfg.c **** * This file contains device initialization code.
   8:.\Generated_Source\PSoC5/cyfitter_cfg.c **** * Except for the user defined sections in CyClockStartupError(), this file should not be modified.
   9:.\Generated_Source\PSoC5/cyfitter_cfg.c **** * This file is automatically generated by PSoC Creator.
  10:.\Generated_Source\PSoC5/cyfitter_cfg.c **** *
  11:.\Generated_Source\PSoC5/cyfitter_cfg.c **** ********************************************************************************
  12:.\Generated_Source\PSoC5/cyfitter_cfg.c **** * Copyright (c) 2007-2016 Cypress Semiconductor.  All rights reserved.
  13:.\Generated_Source\PSoC5/cyfitter_cfg.c **** * You may use this file only in accordance with the license, terms, conditions, 
  14:.\Generated_Source\PSoC5/cyfitter_cfg.c **** * disclaimers, and limitations in the end user license agreement accompanying 
  15:.\Generated_Source\PSoC5/cyfitter_cfg.c **** * the software package with which this file was provided.
  16:.\Generated_Source\PSoC5/cyfitter_cfg.c **** ********************************************************************************/
  17:.\Generated_Source\PSoC5/cyfitter_cfg.c **** 
  18:.\Generated_Source\PSoC5/cyfitter_cfg.c **** #include <string.h>
  19:.\Generated_Source\PSoC5/cyfitter_cfg.c **** #include "cytypes.h"
  20:.\Generated_Source\PSoC5/cyfitter_cfg.c **** #include "cydevice_trm.h"
  21:.\Generated_Source\PSoC5/cyfitter_cfg.c **** #include "cyfitter.h"
  22:.\Generated_Source\PSoC5/cyfitter_cfg.c **** #include "CyLib.h"
  23:.\Generated_Source\PSoC5/cyfitter_cfg.c **** #include "cyfitter_cfg.h"
  24:.\Generated_Source\PSoC5/cyfitter_cfg.c **** 
  25:.\Generated_Source\PSoC5/cyfitter_cfg.c **** #define CY_NEED_CYCLOCKSTARTUPERROR 1
  26:.\Generated_Source\PSoC5/cyfitter_cfg.c **** 
  27:.\Generated_Source\PSoC5/cyfitter_cfg.c **** 
  28:.\Generated_Source\PSoC5/cyfitter_cfg.c **** #if defined(__GNUC__) || defined(__ARMCC_VERSION)
  29:.\Generated_Source\PSoC5/cyfitter_cfg.c ****     #define CYPACKED 
  30:.\Generated_Source\PSoC5/cyfitter_cfg.c ****     #define CYPACKED_ATTR __attribute__ ((packed))
  31:.\Generated_Source\PSoC5/cyfitter_cfg.c ****     #define CYALIGNED __attribute__ ((aligned))
  32:.\Generated_Source\PSoC5/cyfitter_cfg.c ****     #define CY_CFG_UNUSED __attribute__ ((unused))
ARM GAS  C:\Users\JOSEAN~1\AppData\Local\Temp\ccwNKoCt.s 			page 2


  33:.\Generated_Source\PSoC5/cyfitter_cfg.c ****     #ifndef CY_CFG_SECTION
  34:.\Generated_Source\PSoC5/cyfitter_cfg.c ****         #define CY_CFG_SECTION __attribute__ ((section(".psocinit")))
  35:.\Generated_Source\PSoC5/cyfitter_cfg.c ****     #endif
  36:.\Generated_Source\PSoC5/cyfitter_cfg.c ****     
  37:.\Generated_Source\PSoC5/cyfitter_cfg.c ****     #if defined(__ARMCC_VERSION)
  38:.\Generated_Source\PSoC5/cyfitter_cfg.c ****         #define CY_CFG_MEMORY_BARRIER() __memory_changed()
  39:.\Generated_Source\PSoC5/cyfitter_cfg.c ****     #else
  40:.\Generated_Source\PSoC5/cyfitter_cfg.c ****         #define CY_CFG_MEMORY_BARRIER() __sync_synchronize()
  41:.\Generated_Source\PSoC5/cyfitter_cfg.c ****     #endif
  42:.\Generated_Source\PSoC5/cyfitter_cfg.c ****     
  43:.\Generated_Source\PSoC5/cyfitter_cfg.c **** #elif defined(__ICCARM__)
  44:.\Generated_Source\PSoC5/cyfitter_cfg.c ****     #include <intrinsics.h>
  45:.\Generated_Source\PSoC5/cyfitter_cfg.c **** 
  46:.\Generated_Source\PSoC5/cyfitter_cfg.c ****     #define CYPACKED __packed
  47:.\Generated_Source\PSoC5/cyfitter_cfg.c ****     #define CYPACKED_ATTR 
  48:.\Generated_Source\PSoC5/cyfitter_cfg.c ****     #define CYALIGNED _Pragma("data_alignment=4")
  49:.\Generated_Source\PSoC5/cyfitter_cfg.c ****     #define CY_CFG_UNUSED _Pragma("diag_suppress=Pe177")
  50:.\Generated_Source\PSoC5/cyfitter_cfg.c ****     #define CY_CFG_SECTION _Pragma("location=\".psocinit\"")
  51:.\Generated_Source\PSoC5/cyfitter_cfg.c ****     
  52:.\Generated_Source\PSoC5/cyfitter_cfg.c ****     #define CY_CFG_MEMORY_BARRIER() __DMB()
  53:.\Generated_Source\PSoC5/cyfitter_cfg.c ****     
  54:.\Generated_Source\PSoC5/cyfitter_cfg.c **** #else
  55:.\Generated_Source\PSoC5/cyfitter_cfg.c ****     #error Unsupported toolchain
  56:.\Generated_Source\PSoC5/cyfitter_cfg.c **** #endif
  57:.\Generated_Source\PSoC5/cyfitter_cfg.c **** 
  58:.\Generated_Source\PSoC5/cyfitter_cfg.c **** 
  59:.\Generated_Source\PSoC5/cyfitter_cfg.c **** CY_CFG_UNUSED
  60:.\Generated_Source\PSoC5/cyfitter_cfg.c **** static void CYMEMZERO(void *s, size_t n);
  61:.\Generated_Source\PSoC5/cyfitter_cfg.c **** CY_CFG_UNUSED
  62:.\Generated_Source\PSoC5/cyfitter_cfg.c **** static void CYMEMZERO(void *s, size_t n)
  63:.\Generated_Source\PSoC5/cyfitter_cfg.c **** {
  64:.\Generated_Source\PSoC5/cyfitter_cfg.c **** 	(void)memset(s, 0, n);
  65:.\Generated_Source\PSoC5/cyfitter_cfg.c **** }
  66:.\Generated_Source\PSoC5/cyfitter_cfg.c **** CY_CFG_UNUSED
  67:.\Generated_Source\PSoC5/cyfitter_cfg.c **** static void CYCONFIGCPY(void *dest, const void *src, size_t n);
  68:.\Generated_Source\PSoC5/cyfitter_cfg.c **** CY_CFG_UNUSED
  69:.\Generated_Source\PSoC5/cyfitter_cfg.c **** static void CYCONFIGCPY(void *dest, const void *src, size_t n)
  70:.\Generated_Source\PSoC5/cyfitter_cfg.c **** {
  71:.\Generated_Source\PSoC5/cyfitter_cfg.c **** 	(void)memcpy(dest, src, n);
  72:.\Generated_Source\PSoC5/cyfitter_cfg.c **** }
  73:.\Generated_Source\PSoC5/cyfitter_cfg.c **** CY_CFG_UNUSED
  74:.\Generated_Source\PSoC5/cyfitter_cfg.c **** static void CYCONFIGCPYCODE(void *dest, const void *src, size_t n);
  75:.\Generated_Source\PSoC5/cyfitter_cfg.c **** CY_CFG_UNUSED
  76:.\Generated_Source\PSoC5/cyfitter_cfg.c **** static void CYCONFIGCPYCODE(void *dest, const void *src, size_t n)
  77:.\Generated_Source\PSoC5/cyfitter_cfg.c **** {
  78:.\Generated_Source\PSoC5/cyfitter_cfg.c **** 	(void)memcpy(dest, src, n);
  79:.\Generated_Source\PSoC5/cyfitter_cfg.c **** }
  80:.\Generated_Source\PSoC5/cyfitter_cfg.c **** 
  81:.\Generated_Source\PSoC5/cyfitter_cfg.c **** 
  82:.\Generated_Source\PSoC5/cyfitter_cfg.c **** 
  83:.\Generated_Source\PSoC5/cyfitter_cfg.c **** /* Clock startup error codes                                                   */
  84:.\Generated_Source\PSoC5/cyfitter_cfg.c **** #define CYCLOCKSTART_NO_ERROR    0u
  85:.\Generated_Source\PSoC5/cyfitter_cfg.c **** #define CYCLOCKSTART_XTAL_ERROR  1u
  86:.\Generated_Source\PSoC5/cyfitter_cfg.c **** #define CYCLOCKSTART_32KHZ_ERROR 2u
  87:.\Generated_Source\PSoC5/cyfitter_cfg.c **** #define CYCLOCKSTART_PLL_ERROR   3u
  88:.\Generated_Source\PSoC5/cyfitter_cfg.c **** 
  89:.\Generated_Source\PSoC5/cyfitter_cfg.c **** #ifdef CY_NEED_CYCLOCKSTARTUPERROR
ARM GAS  C:\Users\JOSEAN~1\AppData\Local\Temp\ccwNKoCt.s 			page 3


  90:.\Generated_Source\PSoC5/cyfitter_cfg.c **** /*******************************************************************************
  91:.\Generated_Source\PSoC5/cyfitter_cfg.c **** * Function Name: CyClockStartupError
  92:.\Generated_Source\PSoC5/cyfitter_cfg.c **** ********************************************************************************
  93:.\Generated_Source\PSoC5/cyfitter_cfg.c **** * Summary:
  94:.\Generated_Source\PSoC5/cyfitter_cfg.c **** *  If an error is encountered during clock configuration (crystal startup error,
  95:.\Generated_Source\PSoC5/cyfitter_cfg.c **** *  PLL lock error, etc.), the system will end up here.  Unless reimplemented by
  96:.\Generated_Source\PSoC5/cyfitter_cfg.c **** *  the customer, this function will stop in an infinite loop.
  97:.\Generated_Source\PSoC5/cyfitter_cfg.c **** *
  98:.\Generated_Source\PSoC5/cyfitter_cfg.c **** * Parameters:
  99:.\Generated_Source\PSoC5/cyfitter_cfg.c **** *   void
 100:.\Generated_Source\PSoC5/cyfitter_cfg.c **** *
 101:.\Generated_Source\PSoC5/cyfitter_cfg.c **** * Return:
 102:.\Generated_Source\PSoC5/cyfitter_cfg.c **** *   void
 103:.\Generated_Source\PSoC5/cyfitter_cfg.c **** *
 104:.\Generated_Source\PSoC5/cyfitter_cfg.c **** *******************************************************************************/
 105:.\Generated_Source\PSoC5/cyfitter_cfg.c **** CY_CFG_UNUSED
 106:.\Generated_Source\PSoC5/cyfitter_cfg.c **** static void CyClockStartupError(uint8 errorCode);
 107:.\Generated_Source\PSoC5/cyfitter_cfg.c **** CY_CFG_UNUSED
 108:.\Generated_Source\PSoC5/cyfitter_cfg.c **** static void CyClockStartupError(uint8 errorCode)
 109:.\Generated_Source\PSoC5/cyfitter_cfg.c **** {
  26              		.loc 1 109 0
  27              		.cfi_startproc
  28              		@ Volatile: function does not return.
  29              		@ args = 0, pretend = 0, frame = 0
  30              		@ frame_needed = 0, uses_anonymous_args = 0
  31              		@ link register save eliminated.
  32              	.LVL0:
  33              	.L2:
 110:.\Generated_Source\PSoC5/cyfitter_cfg.c ****     /* To remove the compiler warning if errorCode not used.                */
 111:.\Generated_Source\PSoC5/cyfitter_cfg.c ****     errorCode = errorCode;
 112:.\Generated_Source\PSoC5/cyfitter_cfg.c **** 
 113:.\Generated_Source\PSoC5/cyfitter_cfg.c ****     /* `#START CyClockStartupError` */
 114:.\Generated_Source\PSoC5/cyfitter_cfg.c **** 
 115:.\Generated_Source\PSoC5/cyfitter_cfg.c ****     /* If we have a clock startup error (bad MHz crystal, PLL lock, etc.),  */
 116:.\Generated_Source\PSoC5/cyfitter_cfg.c ****     /* we will end up here to allow the customer to implement something to  */
 117:.\Generated_Source\PSoC5/cyfitter_cfg.c ****     /* deal with the clock condition.                                       */
 118:.\Generated_Source\PSoC5/cyfitter_cfg.c **** 
 119:.\Generated_Source\PSoC5/cyfitter_cfg.c ****     /* `#END` */
 120:.\Generated_Source\PSoC5/cyfitter_cfg.c **** 
 121:.\Generated_Source\PSoC5/cyfitter_cfg.c ****     /* If nothing else, stop here since the clocks have not started         */
 122:.\Generated_Source\PSoC5/cyfitter_cfg.c ****     /* correctly.                                                           */
 123:.\Generated_Source\PSoC5/cyfitter_cfg.c ****     while(1) {}
  34              		.loc 1 123 0 discriminator 1
  35 0000 FEE7     		b	.L2
  36              		.cfi_endproc
  37              	.LFE3:
  38              		.size	CyClockStartupError, .-CyClockStartupError
  39 0002 00BF     		.section	.text.AnalogSetDefault,"ax",%progbits
  40              		.align	2
  41              		.thumb
  42              		.thumb_func
  43              		.type	AnalogSetDefault, %function
  44              	AnalogSetDefault:
  45              	.LFB5:
 124:.\Generated_Source\PSoC5/cyfitter_cfg.c **** }
 125:.\Generated_Source\PSoC5/cyfitter_cfg.c **** #endif
 126:.\Generated_Source\PSoC5/cyfitter_cfg.c **** 
ARM GAS  C:\Users\JOSEAN~1\AppData\Local\Temp\ccwNKoCt.s 			page 4


 127:.\Generated_Source\PSoC5/cyfitter_cfg.c **** /* IOPINS0_1 Address: CYREG_PRT1_DM0 Size (bytes): 8 */
 128:.\Generated_Source\PSoC5/cyfitter_cfg.c **** #define BS_IOPINS0_1_VAL ((const uint8 CYFAR *)0x48000000u)
 129:.\Generated_Source\PSoC5/cyfitter_cfg.c **** 
 130:.\Generated_Source\PSoC5/cyfitter_cfg.c **** /* IOPINS0_2 Address: CYREG_PRT2_DM0 Size (bytes): 8 */
 131:.\Generated_Source\PSoC5/cyfitter_cfg.c **** #define BS_IOPINS0_2_VAL ((const uint8 CYFAR *)0x48000008u)
 132:.\Generated_Source\PSoC5/cyfitter_cfg.c **** 
 133:.\Generated_Source\PSoC5/cyfitter_cfg.c **** 
 134:.\Generated_Source\PSoC5/cyfitter_cfg.c **** /*******************************************************************************
 135:.\Generated_Source\PSoC5/cyfitter_cfg.c **** * Function Name: ClockSetup
 136:.\Generated_Source\PSoC5/cyfitter_cfg.c **** ********************************************************************************
 137:.\Generated_Source\PSoC5/cyfitter_cfg.c **** *
 138:.\Generated_Source\PSoC5/cyfitter_cfg.c **** * Summary:
 139:.\Generated_Source\PSoC5/cyfitter_cfg.c **** *  Performs the initialization of all of the clocks in the device based on the
 140:.\Generated_Source\PSoC5/cyfitter_cfg.c **** *  settings in the Clock tab of the DWR.  This includes enabling the requested
 141:.\Generated_Source\PSoC5/cyfitter_cfg.c **** *  clocks and setting the necessary dividers to produce the desired frequency. 
 142:.\Generated_Source\PSoC5/cyfitter_cfg.c **** *
 143:.\Generated_Source\PSoC5/cyfitter_cfg.c **** * Parameters:
 144:.\Generated_Source\PSoC5/cyfitter_cfg.c **** *  void
 145:.\Generated_Source\PSoC5/cyfitter_cfg.c **** *
 146:.\Generated_Source\PSoC5/cyfitter_cfg.c **** * Return:
 147:.\Generated_Source\PSoC5/cyfitter_cfg.c **** *  void
 148:.\Generated_Source\PSoC5/cyfitter_cfg.c **** *
 149:.\Generated_Source\PSoC5/cyfitter_cfg.c **** *******************************************************************************/
 150:.\Generated_Source\PSoC5/cyfitter_cfg.c **** static void ClockSetup(void);
 151:.\Generated_Source\PSoC5/cyfitter_cfg.c **** static void ClockSetup(void)
 152:.\Generated_Source\PSoC5/cyfitter_cfg.c **** {
 153:.\Generated_Source\PSoC5/cyfitter_cfg.c **** 	uint32 timeout;
 154:.\Generated_Source\PSoC5/cyfitter_cfg.c **** 	uint8 pllLock;
 155:.\Generated_Source\PSoC5/cyfitter_cfg.c **** 
 156:.\Generated_Source\PSoC5/cyfitter_cfg.c **** 
 157:.\Generated_Source\PSoC5/cyfitter_cfg.c **** 	/* Configure ILO based on settings from Clock DWR */
 158:.\Generated_Source\PSoC5/cyfitter_cfg.c **** 	CY_SET_XTND_REG8((void CYFAR *)(CYREG_SLOWCLK_ILO_CR0), 0x02u);
 159:.\Generated_Source\PSoC5/cyfitter_cfg.c **** 	CY_SET_XTND_REG8((void CYFAR *)(CYREG_CLKDIST_CR), 0x08u);
 160:.\Generated_Source\PSoC5/cyfitter_cfg.c **** 
 161:.\Generated_Source\PSoC5/cyfitter_cfg.c **** 	/* Configure IMO based on settings from Clock DWR */
 162:.\Generated_Source\PSoC5/cyfitter_cfg.c **** 	CY_SET_XTND_REG8((void CYFAR *)(CYREG_FASTCLK_IMO_CR), 0x03u);
 163:.\Generated_Source\PSoC5/cyfitter_cfg.c **** 	CY_SET_XTND_REG8((void CYFAR *)(CYREG_IMO_TR1), (CY_GET_XTND_REG8((void CYFAR *)CYREG_FLSHID_CUST_
 164:.\Generated_Source\PSoC5/cyfitter_cfg.c **** 
 165:.\Generated_Source\PSoC5/cyfitter_cfg.c **** 	/* Configure PLL based on settings from Clock DWR */
 166:.\Generated_Source\PSoC5/cyfitter_cfg.c **** 	CY_SET_XTND_REG16((void CYFAR *)(CYREG_FASTCLK_PLL_P), 0x0008u);
 167:.\Generated_Source\PSoC5/cyfitter_cfg.c **** 	CY_SET_XTND_REG16((void CYFAR *)(CYREG_FASTCLK_PLL_CFG0), 0x1251u);
 168:.\Generated_Source\PSoC5/cyfitter_cfg.c **** 	/* Wait up to 250us for the PLL to lock */
 169:.\Generated_Source\PSoC5/cyfitter_cfg.c **** 	pllLock = 0u;
 170:.\Generated_Source\PSoC5/cyfitter_cfg.c **** 	for (timeout = 250u / 10u; (timeout > 0u) && (pllLock != 0x03u); timeout--)
 171:.\Generated_Source\PSoC5/cyfitter_cfg.c **** 	{ 
 172:.\Generated_Source\PSoC5/cyfitter_cfg.c **** 		pllLock = 0x03u & ((uint8)((uint8)pllLock << 1) | ((CY_GET_XTND_REG8((void CYFAR *)CYREG_FASTCLK_
 173:.\Generated_Source\PSoC5/cyfitter_cfg.c **** 		CyDelayCycles(10u * 48u); /* Delay 10us based on 48MHz clock */
 174:.\Generated_Source\PSoC5/cyfitter_cfg.c **** 	}
 175:.\Generated_Source\PSoC5/cyfitter_cfg.c **** 	/* If we ran out of time the PLL didn't lock so go to the error function */
 176:.\Generated_Source\PSoC5/cyfitter_cfg.c **** 	if (timeout == 0u)
 177:.\Generated_Source\PSoC5/cyfitter_cfg.c **** 	{
 178:.\Generated_Source\PSoC5/cyfitter_cfg.c **** 		CyClockStartupError(CYCLOCKSTART_PLL_ERROR);
 179:.\Generated_Source\PSoC5/cyfitter_cfg.c **** 	}
 180:.\Generated_Source\PSoC5/cyfitter_cfg.c **** 
 181:.\Generated_Source\PSoC5/cyfitter_cfg.c **** 	/* Configure Bus/Master Clock based on settings from Clock DWR */
 182:.\Generated_Source\PSoC5/cyfitter_cfg.c **** 	CY_SET_XTND_REG16((void CYFAR *)(CYREG_CLKDIST_MSTR0), 0x0100u);
 183:.\Generated_Source\PSoC5/cyfitter_cfg.c **** 	CY_SET_XTND_REG8((void CYFAR *)(CYREG_CLKDIST_MSTR0), 0x07u);
ARM GAS  C:\Users\JOSEAN~1\AppData\Local\Temp\ccwNKoCt.s 			page 5


 184:.\Generated_Source\PSoC5/cyfitter_cfg.c **** 	CY_SET_XTND_REG8((void CYFAR *)(CYREG_CLKDIST_BCFG0), 0x00u);
 185:.\Generated_Source\PSoC5/cyfitter_cfg.c **** 	CY_SET_XTND_REG8((void CYFAR *)(CYREG_CLKDIST_BCFG2), 0x48u);
 186:.\Generated_Source\PSoC5/cyfitter_cfg.c **** 	CY_SET_XTND_REG8((void CYFAR *)(CYREG_CLKDIST_MSTR0), 0x00u);
 187:.\Generated_Source\PSoC5/cyfitter_cfg.c **** 	CY_SET_XTND_REG8((void CYFAR *)(CYREG_CLKDIST_LD), 0x02u);
 188:.\Generated_Source\PSoC5/cyfitter_cfg.c **** }
 189:.\Generated_Source\PSoC5/cyfitter_cfg.c **** 
 190:.\Generated_Source\PSoC5/cyfitter_cfg.c **** 
 191:.\Generated_Source\PSoC5/cyfitter_cfg.c **** /* Analog API Functions */
 192:.\Generated_Source\PSoC5/cyfitter_cfg.c **** 
 193:.\Generated_Source\PSoC5/cyfitter_cfg.c **** 
 194:.\Generated_Source\PSoC5/cyfitter_cfg.c **** /*******************************************************************************
 195:.\Generated_Source\PSoC5/cyfitter_cfg.c **** * Function Name: AnalogSetDefault
 196:.\Generated_Source\PSoC5/cyfitter_cfg.c **** ********************************************************************************
 197:.\Generated_Source\PSoC5/cyfitter_cfg.c **** *
 198:.\Generated_Source\PSoC5/cyfitter_cfg.c **** * Summary:
 199:.\Generated_Source\PSoC5/cyfitter_cfg.c **** *  Sets up the analog portions of the chip to default values based on chip
 200:.\Generated_Source\PSoC5/cyfitter_cfg.c **** *  configuration options from the project.
 201:.\Generated_Source\PSoC5/cyfitter_cfg.c **** *
 202:.\Generated_Source\PSoC5/cyfitter_cfg.c **** * Parameters:
 203:.\Generated_Source\PSoC5/cyfitter_cfg.c **** *  void
 204:.\Generated_Source\PSoC5/cyfitter_cfg.c **** *
 205:.\Generated_Source\PSoC5/cyfitter_cfg.c **** * Return:
 206:.\Generated_Source\PSoC5/cyfitter_cfg.c **** *  void
 207:.\Generated_Source\PSoC5/cyfitter_cfg.c **** *
 208:.\Generated_Source\PSoC5/cyfitter_cfg.c **** *******************************************************************************/
 209:.\Generated_Source\PSoC5/cyfitter_cfg.c **** static void AnalogSetDefault(void);
 210:.\Generated_Source\PSoC5/cyfitter_cfg.c **** static void AnalogSetDefault(void)
 211:.\Generated_Source\PSoC5/cyfitter_cfg.c **** {
  46              		.loc 1 211 0
  47              		.cfi_startproc
  48              		@ args = 0, pretend = 0, frame = 0
  49              		@ frame_needed = 0, uses_anonymous_args = 0
  50              		@ link register save eliminated.
 212:.\Generated_Source\PSoC5/cyfitter_cfg.c **** 	uint8 bg_xover_inl_trim = CY_GET_XTND_REG8((void CYFAR *)(CYREG_FLSHID_MFG_CFG_BG_XOVER_INL_TRIM +
  51              		.loc 1 212 0
  52 0000 064B     		ldr	r3, .L4
  53 0002 1B78     		ldrb	r3, [r3]	@ zero_extendqisi2
  54 0004 DBB2     		uxtb	r3, r3
  55              	.LVL1:
 213:.\Generated_Source\PSoC5/cyfitter_cfg.c **** 	CY_SET_XTND_REG8((void CYFAR *)(CYREG_BG_DFT0), (bg_xover_inl_trim & 0x07u));
  56              		.loc 1 213 0
  57 0006 03F00701 		and	r1, r3, #7
  58 000a 054A     		ldr	r2, .L4+4
  59 000c 1170     		strb	r1, [r2]
 214:.\Generated_Source\PSoC5/cyfitter_cfg.c **** 	CY_SET_XTND_REG8((void CYFAR *)(CYREG_BG_DFT1), ((bg_xover_inl_trim >> 4) & 0x0Fu));
  60              		.loc 1 214 0
  61 000e 1B09     		lsrs	r3, r3, #4
  62              	.LVL2:
  63 0010 0132     		adds	r2, r2, #1
  64 0012 1370     		strb	r3, [r2]
 215:.\Generated_Source\PSoC5/cyfitter_cfg.c **** 	CY_SET_XTND_REG8((void CYFAR *)CYREG_PUMP_CR0, 0x44u);
  65              		.loc 1 215 0
  66 0014 4422     		movs	r2, #68
  67 0016 034B     		ldr	r3, .L4+8
  68 0018 1A70     		strb	r2, [r3]
  69 001a 7047     		bx	lr
  70              	.L5:
ARM GAS  C:\Users\JOSEAN~1\AppData\Local\Temp\ccwNKoCt.s 			page 6


  71              		.align	2
  72              	.L4:
  73 001c CF010049 		.word	1224737231
  74 0020 6E580040 		.word	1073764462
  75 0024 76580040 		.word	1073764470
  76              		.cfi_endproc
  77              	.LFE5:
  78              		.size	AnalogSetDefault, .-AnalogSetDefault
  79              		.section	.text.CYMEMZERO,"ax",%progbits
  80              		.align	2
  81              		.thumb
  82              		.thumb_func
  83              		.type	CYMEMZERO, %function
  84              	CYMEMZERO:
  85              	.LFB0:
  63:.\Generated_Source\PSoC5/cyfitter_cfg.c **** 	(void)memset(s, 0, n);
  86              		.loc 1 63 0
  87              		.cfi_startproc
  88              		@ args = 0, pretend = 0, frame = 0
  89              		@ frame_needed = 0, uses_anonymous_args = 0
  90              	.LVL3:
  91 0000 08B5     		push	{r3, lr}
  92              		.cfi_def_cfa_offset 8
  93              		.cfi_offset 3, -8
  94              		.cfi_offset 14, -4
  95 0002 0A46     		mov	r2, r1
  64:.\Generated_Source\PSoC5/cyfitter_cfg.c **** }
  96              		.loc 1 64 0
  97 0004 0021     		movs	r1, #0
  98              	.LVL4:
  99 0006 FFF7FEFF 		bl	memset
 100              	.LVL5:
 101 000a 08BD     		pop	{r3, pc}
 102              		.cfi_endproc
 103              	.LFE0:
 104              		.size	CYMEMZERO, .-CYMEMZERO
 105              		.section	.text.ClockSetup,"ax",%progbits
 106              		.align	2
 107              		.thumb
 108              		.thumb_func
 109              		.type	ClockSetup, %function
 110              	ClockSetup:
 111              	.LFB4:
 152:.\Generated_Source\PSoC5/cyfitter_cfg.c **** 	uint32 timeout;
 112              		.loc 1 152 0
 113              		.cfi_startproc
 114              		@ args = 0, pretend = 0, frame = 0
 115              		@ frame_needed = 0, uses_anonymous_args = 0
 116 0000 38B5     		push	{r3, r4, r5, lr}
 117              		.cfi_def_cfa_offset 16
 118              		.cfi_offset 3, -16
 119              		.cfi_offset 4, -12
 120              		.cfi_offset 5, -8
 121              		.cfi_offset 14, -4
 158:.\Generated_Source\PSoC5/cyfitter_cfg.c **** 	CY_SET_XTND_REG8((void CYFAR *)(CYREG_CLKDIST_CR), 0x08u);
 122              		.loc 1 158 0
 123 0002 0222     		movs	r2, #2
ARM GAS  C:\Users\JOSEAN~1\AppData\Local\Temp\ccwNKoCt.s 			page 7


 124 0004 1E4B     		ldr	r3, .L14
 125 0006 1A70     		strb	r2, [r3]
 159:.\Generated_Source\PSoC5/cyfitter_cfg.c **** 
 126              		.loc 1 159 0
 127 0008 0822     		movs	r2, #8
 128 000a 4FF04023 		mov	r3, #1073758208
 129 000e 1A70     		strb	r2, [r3]
 162:.\Generated_Source\PSoC5/cyfitter_cfg.c **** 	CY_SET_XTND_REG8((void CYFAR *)(CYREG_IMO_TR1), (CY_GET_XTND_REG8((void CYFAR *)CYREG_FLSHID_CUST_
 130              		.loc 1 162 0
 131 0010 0321     		movs	r1, #3
 132 0012 03F50073 		add	r3, r3, #512
 133 0016 1970     		strb	r1, [r3]
 163:.\Generated_Source\PSoC5/cyfitter_cfg.c **** 
 134              		.loc 1 163 0
 135 0018 1A4B     		ldr	r3, .L14+4
 136 001a 1B78     		ldrb	r3, [r3]	@ zero_extendqisi2
 137 001c DBB2     		uxtb	r3, r3
 138 001e 1A49     		ldr	r1, .L14+8
 139 0020 0B70     		strb	r3, [r1]
 166:.\Generated_Source\PSoC5/cyfitter_cfg.c **** 	CY_SET_XTND_REG16((void CYFAR *)(CYREG_FASTCLK_PLL_CFG0), 0x1251u);
 140              		.loc 1 166 0
 141 0022 1A4B     		ldr	r3, .L14+12
 142 0024 1A80     		strh	r2, [r3]	@ movhi
 167:.\Generated_Source\PSoC5/cyfitter_cfg.c **** 	/* Wait up to 250us for the PLL to lock */
 143              		.loc 1 167 0
 144 0026 41F25122 		movw	r2, #4689
 145 002a 023B     		subs	r3, r3, #2
 146 002c 1A80     		strh	r2, [r3]	@ movhi
 147              	.LVL6:
 169:.\Generated_Source\PSoC5/cyfitter_cfg.c **** 	for (timeout = 250u / 10u; (timeout > 0u) && (pllLock != 0x03u); timeout--)
 148              		.loc 1 169 0
 149 002e 0024     		movs	r4, #0
 170:.\Generated_Source\PSoC5/cyfitter_cfg.c **** 	{ 
 150              		.loc 1 170 0
 151 0030 1925     		movs	r5, #25
 152 0032 0CE0     		b	.L9
 153              	.LVL7:
 154              	.L11:
 172:.\Generated_Source\PSoC5/cyfitter_cfg.c **** 		CyDelayCycles(10u * 48u); /* Delay 10us based on 48MHz clock */
 155              		.loc 1 172 0 discriminator 4
 156 0034 164B     		ldr	r3, .L14+16
 157 0036 1B78     		ldrb	r3, [r3]	@ zero_extendqisi2
 158 0038 03F00103 		and	r3, r3, #1
 159 003c 43EA4404 		orr	r4, r3, r4, lsl #1
 160              	.LVL8:
 161 0040 04F00304 		and	r4, r4, #3
 162              	.LVL9:
 173:.\Generated_Source\PSoC5/cyfitter_cfg.c **** 	}
 163              		.loc 1 173 0 discriminator 4
 164 0044 4FF4F070 		mov	r0, #480
 165 0048 FFF7FEFF 		bl	CyDelayCycles
 166              	.LVL10:
 170:.\Generated_Source\PSoC5/cyfitter_cfg.c **** 	{ 
 167              		.loc 1 170 0 discriminator 4
 168 004c 013D     		subs	r5, r5, #1
 169              	.LVL11:
 170              	.L9:
ARM GAS  C:\Users\JOSEAN~1\AppData\Local\Temp\ccwNKoCt.s 			page 8


 170:.\Generated_Source\PSoC5/cyfitter_cfg.c **** 	{ 
 171              		.loc 1 170 0 is_stmt 0 discriminator 1
 172 004e 0DB1     		cbz	r5, .L10
 170:.\Generated_Source\PSoC5/cyfitter_cfg.c **** 	{ 
 173              		.loc 1 170 0 discriminator 3
 174 0050 032C     		cmp	r4, #3
 175 0052 EFD1     		bne	.L11
 176              	.L10:
 176:.\Generated_Source\PSoC5/cyfitter_cfg.c **** 	{
 177              		.loc 1 176 0 is_stmt 1
 178 0054 15B9     		cbnz	r5, .L12
 178:.\Generated_Source\PSoC5/cyfitter_cfg.c **** 	}
 179              		.loc 1 178 0
 180 0056 0320     		movs	r0, #3
 181 0058 FFF7FEFF 		bl	CyClockStartupError
 182              	.LVL12:
 183              	.L12:
 182:.\Generated_Source\PSoC5/cyfitter_cfg.c **** 	CY_SET_XTND_REG8((void CYFAR *)(CYREG_CLKDIST_MSTR0), 0x07u);
 184              		.loc 1 182 0
 185 005c 0D4B     		ldr	r3, .L14+20
 186 005e 4FF48072 		mov	r2, #256
 187 0062 1A80     		strh	r2, [r3]	@ movhi
 183:.\Generated_Source\PSoC5/cyfitter_cfg.c **** 	CY_SET_XTND_REG8((void CYFAR *)(CYREG_CLKDIST_BCFG0), 0x00u);
 188              		.loc 1 183 0
 189 0064 0722     		movs	r2, #7
 190 0066 1A70     		strb	r2, [r3]
 184:.\Generated_Source\PSoC5/cyfitter_cfg.c **** 	CY_SET_XTND_REG8((void CYFAR *)(CYREG_CLKDIST_BCFG2), 0x48u);
 191              		.loc 1 184 0
 192 0068 0022     		movs	r2, #0
 193 006a 0B49     		ldr	r1, .L14+24
 194 006c 0A70     		strb	r2, [r1]
 185:.\Generated_Source\PSoC5/cyfitter_cfg.c **** 	CY_SET_XTND_REG8((void CYFAR *)(CYREG_CLKDIST_MSTR0), 0x00u);
 195              		.loc 1 185 0
 196 006e 4820     		movs	r0, #72
 197 0070 0231     		adds	r1, r1, #2
 198 0072 0870     		strb	r0, [r1]
 186:.\Generated_Source\PSoC5/cyfitter_cfg.c **** 	CY_SET_XTND_REG8((void CYFAR *)(CYREG_CLKDIST_LD), 0x02u);
 199              		.loc 1 186 0
 200 0074 1A70     		strb	r2, [r3]
 187:.\Generated_Source\PSoC5/cyfitter_cfg.c **** }
 201              		.loc 1 187 0
 202 0076 0222     		movs	r2, #2
 203 0078 033B     		subs	r3, r3, #3
 204 007a 1A70     		strb	r2, [r3]
 205 007c 38BD     		pop	{r3, r4, r5, pc}
 206              	.LVL13:
 207              	.L15:
 208 007e 00BF     		.align	2
 209              	.L14:
 210 0080 00430040 		.word	1073758976
 211 0084 08010049 		.word	1224737032
 212 0088 A1460040 		.word	1073759905
 213 008c 22420040 		.word	1073758754
 214 0090 25420040 		.word	1073758757
 215 0094 04400040 		.word	1073758212
 216 0098 06400040 		.word	1073758214
 217              		.cfi_endproc
ARM GAS  C:\Users\JOSEAN~1\AppData\Local\Temp\ccwNKoCt.s 			page 9


 218              	.LFE4:
 219              		.size	ClockSetup, .-ClockSetup
 220              		.section	.text.CYCONFIGCPY,"ax",%progbits
 221              		.align	2
 222              		.thumb
 223              		.thumb_func
 224              		.type	CYCONFIGCPY, %function
 225              	CYCONFIGCPY:
 226              	.LFB1:
  70:.\Generated_Source\PSoC5/cyfitter_cfg.c **** 	(void)memcpy(dest, src, n);
 227              		.loc 1 70 0
 228              		.cfi_startproc
 229              		@ args = 0, pretend = 0, frame = 0
 230              		@ frame_needed = 0, uses_anonymous_args = 0
 231              	.LVL14:
 232 0000 08B5     		push	{r3, lr}
 233              		.cfi_def_cfa_offset 8
 234              		.cfi_offset 3, -8
 235              		.cfi_offset 14, -4
  71:.\Generated_Source\PSoC5/cyfitter_cfg.c **** }
 236              		.loc 1 71 0
 237 0002 FFF7FEFF 		bl	memcpy
 238              	.LVL15:
 239 0006 08BD     		pop	{r3, pc}
 240              		.cfi_endproc
 241              	.LFE1:
 242              		.size	CYCONFIGCPY, .-CYCONFIGCPY
 243              		.section	.text.SetAnalogRoutingPumps,"ax",%progbits
 244              		.align	2
 245              		.global	SetAnalogRoutingPumps
 246              		.thumb
 247              		.thumb_func
 248              		.type	SetAnalogRoutingPumps, %function
 249              	SetAnalogRoutingPumps:
 250              	.LFB6:
 216:.\Generated_Source\PSoC5/cyfitter_cfg.c **** }
 217:.\Generated_Source\PSoC5/cyfitter_cfg.c **** 
 218:.\Generated_Source\PSoC5/cyfitter_cfg.c **** 
 219:.\Generated_Source\PSoC5/cyfitter_cfg.c **** /*******************************************************************************
 220:.\Generated_Source\PSoC5/cyfitter_cfg.c **** * Function Name: SetAnalogRoutingPumps
 221:.\Generated_Source\PSoC5/cyfitter_cfg.c **** ********************************************************************************
 222:.\Generated_Source\PSoC5/cyfitter_cfg.c **** *
 223:.\Generated_Source\PSoC5/cyfitter_cfg.c **** * Summary:
 224:.\Generated_Source\PSoC5/cyfitter_cfg.c **** * Enables or disables the analog pumps feeding analog routing switches.
 225:.\Generated_Source\PSoC5/cyfitter_cfg.c **** * Intended to be called at startup, based on the Vdda system configuration;
 226:.\Generated_Source\PSoC5/cyfitter_cfg.c **** * may be called during operation when the user informs us that the Vdda voltage
 227:.\Generated_Source\PSoC5/cyfitter_cfg.c **** * crossed the pump threshold.
 228:.\Generated_Source\PSoC5/cyfitter_cfg.c **** *
 229:.\Generated_Source\PSoC5/cyfitter_cfg.c **** * Parameters:
 230:.\Generated_Source\PSoC5/cyfitter_cfg.c **** *  enabled - 1 to enable the pumps, 0 to disable the pumps
 231:.\Generated_Source\PSoC5/cyfitter_cfg.c **** *
 232:.\Generated_Source\PSoC5/cyfitter_cfg.c **** * Return:
 233:.\Generated_Source\PSoC5/cyfitter_cfg.c **** *  void
 234:.\Generated_Source\PSoC5/cyfitter_cfg.c **** *
 235:.\Generated_Source\PSoC5/cyfitter_cfg.c **** *******************************************************************************/
 236:.\Generated_Source\PSoC5/cyfitter_cfg.c **** void SetAnalogRoutingPumps(uint8 enabled)
 237:.\Generated_Source\PSoC5/cyfitter_cfg.c **** {
ARM GAS  C:\Users\JOSEAN~1\AppData\Local\Temp\ccwNKoCt.s 			page 10


 251              		.loc 1 237 0
 252              		.cfi_startproc
 253              		@ args = 0, pretend = 0, frame = 0
 254              		@ frame_needed = 0, uses_anonymous_args = 0
 255              		@ link register save eliminated.
 256              	.LVL16:
 238:.\Generated_Source\PSoC5/cyfitter_cfg.c **** 	uint8 regValue = CY_GET_XTND_REG8((void CYFAR *)CYREG_PUMP_CR0);
 257              		.loc 1 238 0
 258 0000 024A     		ldr	r2, .L19
 259 0002 1378     		ldrb	r3, [r2]	@ zero_extendqisi2
 260 0004 DBB2     		uxtb	r3, r3
 261              	.LVL17:
 239:.\Generated_Source\PSoC5/cyfitter_cfg.c **** 	if (enabled != 0u)
 240:.\Generated_Source\PSoC5/cyfitter_cfg.c **** 	{
 241:.\Generated_Source\PSoC5/cyfitter_cfg.c **** 		regValue |= 0x00u;
 242:.\Generated_Source\PSoC5/cyfitter_cfg.c **** 	}
 243:.\Generated_Source\PSoC5/cyfitter_cfg.c **** 	else
 244:.\Generated_Source\PSoC5/cyfitter_cfg.c **** 	{
 245:.\Generated_Source\PSoC5/cyfitter_cfg.c **** 		regValue &= (uint8)~0x00u;
 246:.\Generated_Source\PSoC5/cyfitter_cfg.c **** 	}
 247:.\Generated_Source\PSoC5/cyfitter_cfg.c **** 	CY_SET_XTND_REG8((void CYFAR *)CYREG_PUMP_CR0, regValue);
 262              		.loc 1 247 0
 263 0006 1370     		strb	r3, [r2]
 264 0008 7047     		bx	lr
 265              	.L20:
 266 000a 00BF     		.align	2
 267              	.L19:
 268 000c 76580040 		.word	1073764470
 269              		.cfi_endproc
 270              	.LFE6:
 271              		.size	SetAnalogRoutingPumps, .-SetAnalogRoutingPumps
 272              		.section	.text.cyfitter_cfg,"ax",%progbits
 273              		.align	2
 274              		.global	cyfitter_cfg
 275              		.thumb
 276              		.thumb_func
 277              		.type	cyfitter_cfg, %function
 278              	cyfitter_cfg:
 279              	.LFB7:
 248:.\Generated_Source\PSoC5/cyfitter_cfg.c **** }
 249:.\Generated_Source\PSoC5/cyfitter_cfg.c **** 
 250:.\Generated_Source\PSoC5/cyfitter_cfg.c **** #define CY_AMUX_UNUSED CYREG_BOOST_SR
 251:.\Generated_Source\PSoC5/cyfitter_cfg.c **** 
 252:.\Generated_Source\PSoC5/cyfitter_cfg.c **** 
 253:.\Generated_Source\PSoC5/cyfitter_cfg.c **** /*******************************************************************************
 254:.\Generated_Source\PSoC5/cyfitter_cfg.c **** * Function Name: cyfitter_cfg
 255:.\Generated_Source\PSoC5/cyfitter_cfg.c **** ********************************************************************************
 256:.\Generated_Source\PSoC5/cyfitter_cfg.c **** * Summary:
 257:.\Generated_Source\PSoC5/cyfitter_cfg.c **** *  This function is called by the start-up code for the selected device. It
 258:.\Generated_Source\PSoC5/cyfitter_cfg.c **** *  performs all of the necessary device configuration based on the design
 259:.\Generated_Source\PSoC5/cyfitter_cfg.c **** *  settings.  This includes settings from the Design Wide Resources (DWR) such
 260:.\Generated_Source\PSoC5/cyfitter_cfg.c **** *  as Clocks and Pins as well as any component configuration that is necessary.
 261:.\Generated_Source\PSoC5/cyfitter_cfg.c **** *
 262:.\Generated_Source\PSoC5/cyfitter_cfg.c **** * Parameters:  
 263:.\Generated_Source\PSoC5/cyfitter_cfg.c **** *   void
 264:.\Generated_Source\PSoC5/cyfitter_cfg.c **** *
 265:.\Generated_Source\PSoC5/cyfitter_cfg.c **** * Return:
ARM GAS  C:\Users\JOSEAN~1\AppData\Local\Temp\ccwNKoCt.s 			page 11


 266:.\Generated_Source\PSoC5/cyfitter_cfg.c **** *   void
 267:.\Generated_Source\PSoC5/cyfitter_cfg.c **** *
 268:.\Generated_Source\PSoC5/cyfitter_cfg.c **** *******************************************************************************/
 269:.\Generated_Source\PSoC5/cyfitter_cfg.c **** 
 270:.\Generated_Source\PSoC5/cyfitter_cfg.c **** void cyfitter_cfg(void)
 271:.\Generated_Source\PSoC5/cyfitter_cfg.c **** {
 280              		.loc 1 271 0
 281              		.cfi_startproc
 282              		@ args = 0, pretend = 0, frame = 0
 283              		@ frame_needed = 0, uses_anonymous_args = 0
 284 0000 70B5     		push	{r4, r5, r6, lr}
 285              		.cfi_def_cfa_offset 16
 286              		.cfi_offset 4, -16
 287              		.cfi_offset 5, -12
 288              		.cfi_offset 6, -8
 289              		.cfi_offset 14, -4
 272:.\Generated_Source\PSoC5/cyfitter_cfg.c **** #ifdef CYGlobalIntDisable
 273:.\Generated_Source\PSoC5/cyfitter_cfg.c **** 	/* Disable interrupts by default. Let user enable if/when they want. */
 274:.\Generated_Source\PSoC5/cyfitter_cfg.c **** 	CYGlobalIntDisable
 290              		.loc 1 274 0
 291              	@ 274 ".\Generated_Source\PSoC5\cyfitter_cfg.c" 1
 292 0002 72B6     		CPSID   i
 293              	@ 0 "" 2
 275:.\Generated_Source\PSoC5/cyfitter_cfg.c **** #endif
 276:.\Generated_Source\PSoC5/cyfitter_cfg.c **** 
 277:.\Generated_Source\PSoC5/cyfitter_cfg.c **** 	/* Enable/Disable Debug functionality based on settings from System DWR */
 278:.\Generated_Source\PSoC5/cyfitter_cfg.c **** 	CY_SET_XTND_REG8((void CYFAR *)CYREG_MLOGIC_DEBUG, (CY_GET_XTND_REG8((void CYFAR *)CYREG_MLOGIC_DE
 294              		.loc 1 278 0
 295              		.thumb
 296 0004 264A     		ldr	r2, .L25
 297 0006 1378     		ldrb	r3, [r2]	@ zero_extendqisi2
 298 0008 43F00403 		orr	r3, r3, #4
 299 000c 1370     		strb	r3, [r2]
 300              	.LVL18:
 301              	.LBB2:
 279:.\Generated_Source\PSoC5/cyfitter_cfg.c **** 
 280:.\Generated_Source\PSoC5/cyfitter_cfg.c **** 	{
 281:.\Generated_Source\PSoC5/cyfitter_cfg.c **** 
 282:.\Generated_Source\PSoC5/cyfitter_cfg.c **** 		CYPACKED typedef struct {
 283:.\Generated_Source\PSoC5/cyfitter_cfg.c **** 			void CYFAR *address;
 284:.\Generated_Source\PSoC5/cyfitter_cfg.c **** 			uint16 size;
 285:.\Generated_Source\PSoC5/cyfitter_cfg.c **** 		} CYPACKED_ATTR cfg_memset_t;
 286:.\Generated_Source\PSoC5/cyfitter_cfg.c **** 
 287:.\Generated_Source\PSoC5/cyfitter_cfg.c **** 		static const cfg_memset_t CYCODE cfg_memset_list [] = {
 288:.\Generated_Source\PSoC5/cyfitter_cfg.c **** 			/* address, size */
 289:.\Generated_Source\PSoC5/cyfitter_cfg.c **** 			{(void CYFAR *)(CYREG_PRT0_DR), 16u},
 290:.\Generated_Source\PSoC5/cyfitter_cfg.c **** 			{(void CYFAR *)(CYREG_PRT3_DR), 64u},
 291:.\Generated_Source\PSoC5/cyfitter_cfg.c **** 			{(void CYFAR *)(CYREG_PRT12_DR), 16u},
 292:.\Generated_Source\PSoC5/cyfitter_cfg.c **** 			{(void CYFAR *)(CYREG_PRT15_DR), 16u},
 293:.\Generated_Source\PSoC5/cyfitter_cfg.c **** 			{(void CYFAR *)(CYDEV_UCFG_B0_P0_U0_BASE), 4096u},
 294:.\Generated_Source\PSoC5/cyfitter_cfg.c **** 			{(void CYFAR *)(CYDEV_UCFG_B1_P2_U0_BASE), 2048u},
 295:.\Generated_Source\PSoC5/cyfitter_cfg.c **** 			{(void CYFAR *)(CYDEV_UCFG_DSI0_BASE), 2560u},
 296:.\Generated_Source\PSoC5/cyfitter_cfg.c **** 			{(void CYFAR *)(CYDEV_UCFG_DSI12_BASE), 512u},
 297:.\Generated_Source\PSoC5/cyfitter_cfg.c **** 			{(void CYFAR *)(CYREG_BCTL0_MDCLK_EN), 32u},
 298:.\Generated_Source\PSoC5/cyfitter_cfg.c **** 		};
 299:.\Generated_Source\PSoC5/cyfitter_cfg.c **** 
 300:.\Generated_Source\PSoC5/cyfitter_cfg.c **** 		uint8 CYDATA i;
ARM GAS  C:\Users\JOSEAN~1\AppData\Local\Temp\ccwNKoCt.s 			page 12


 301:.\Generated_Source\PSoC5/cyfitter_cfg.c **** 
 302:.\Generated_Source\PSoC5/cyfitter_cfg.c **** 		/* Zero out critical memory blocks before beginning configuration */
 303:.\Generated_Source\PSoC5/cyfitter_cfg.c **** 		for (i = 0u; i < (sizeof(cfg_memset_list)/sizeof(cfg_memset_list[0])); i++)
 302              		.loc 1 303 0
 303 000e 0024     		movs	r4, #0
 304 0010 0CE0     		b	.L22
 305              	.LVL19:
 306              	.L23:
 307              	.LBB3:
 304:.\Generated_Source\PSoC5/cyfitter_cfg.c **** 		{
 305:.\Generated_Source\PSoC5/cyfitter_cfg.c **** 			const cfg_memset_t CYCODE * CYDATA ms = &cfg_memset_list[i];
 306:.\Generated_Source\PSoC5/cyfitter_cfg.c **** 			CYMEMZERO(ms->address, (size_t)(uint32)(ms->size));
 308              		.loc 1 306 0 discriminator 3
 309 0012 2449     		ldr	r1, .L25+4
 310 0014 6300     		lsls	r3, r4, #1
 311 0016 1A19     		adds	r2, r3, r4
 312 0018 5200     		lsls	r2, r2, #1
 313 001a 0A44     		add	r2, r2, r1
 314 001c 2344     		add	r3, r3, r4
 315 001e 5B00     		lsls	r3, r3, #1
 316 0020 C858     		ldr	r0, [r1, r3]	@ unaligned
 317 0022 9188     		ldrh	r1, [r2, #4]
 318 0024 FFF7FEFF 		bl	CYMEMZERO
 319              	.LVL20:
 320              	.LBE3:
 303:.\Generated_Source\PSoC5/cyfitter_cfg.c **** 		{
 321              		.loc 1 303 0 discriminator 3
 322 0028 0134     		adds	r4, r4, #1
 323              	.LVL21:
 324 002a E4B2     		uxtb	r4, r4
 325              	.LVL22:
 326              	.L22:
 303:.\Generated_Source\PSoC5/cyfitter_cfg.c **** 		{
 327              		.loc 1 303 0 is_stmt 0 discriminator 1
 328 002c 082C     		cmp	r4, #8
 329 002e F0D9     		bls	.L23
 307:.\Generated_Source\PSoC5/cyfitter_cfg.c **** 		}
 308:.\Generated_Source\PSoC5/cyfitter_cfg.c **** 
 309:.\Generated_Source\PSoC5/cyfitter_cfg.c **** 		/* Enable digital routing */
 310:.\Generated_Source\PSoC5/cyfitter_cfg.c **** 		CY_SET_XTND_REG8((void CYFAR *)CYREG_BCTL0_BANK_CTL, CY_GET_XTND_REG8((void CYFAR *)CYREG_BCTL0_B
 330              		.loc 1 310 0 is_stmt 1
 331 0030 1D4A     		ldr	r2, .L25+8
 332 0032 1378     		ldrb	r3, [r2]	@ zero_extendqisi2
 333 0034 43F00203 		orr	r3, r3, #2
 334 0038 1370     		strb	r3, [r2]
 311:.\Generated_Source\PSoC5/cyfitter_cfg.c **** 		CY_SET_XTND_REG8((void CYFAR *)CYREG_BCTL1_BANK_CTL, CY_GET_XTND_REG8((void CYFAR *)CYREG_BCTL1_B
 335              		.loc 1 311 0
 336 003a 1032     		adds	r2, r2, #16
 337 003c 1378     		ldrb	r3, [r2]	@ zero_extendqisi2
 338 003e 43F00203 		orr	r3, r3, #2
 339 0042 1370     		strb	r3, [r2]
 312:.\Generated_Source\PSoC5/cyfitter_cfg.c **** 
 313:.\Generated_Source\PSoC5/cyfitter_cfg.c **** 		/* Enable UDB array */
 314:.\Generated_Source\PSoC5/cyfitter_cfg.c **** 		CY_SET_XTND_REG8((void CYFAR *)CYREG_PM_ACT_CFG0, CY_GET_XTND_REG8((void CYFAR *)CYREG_PM_ACT_CFG
 340              		.loc 1 314 0
 341 0044 194C     		ldr	r4, .L25+12
 342              	.LVL23:
ARM GAS  C:\Users\JOSEAN~1\AppData\Local\Temp\ccwNKoCt.s 			page 13


 343 0046 2378     		ldrb	r3, [r4]	@ zero_extendqisi2
 344 0048 43F04003 		orr	r3, r3, #64
 345 004c 2370     		strb	r3, [r4]
 315:.\Generated_Source\PSoC5/cyfitter_cfg.c **** 		CY_SET_XTND_REG8((void CYFAR *)CYREG_PM_AVAIL_CR2, CY_GET_XTND_REG8((void CYFAR *)CYREG_PM_AVAIL_
 346              		.loc 1 315 0
 347 004e A2F58632 		sub	r2, r2, #68608
 348 0052 513A     		subs	r2, r2, #81
 349 0054 1378     		ldrb	r3, [r2]	@ zero_extendqisi2
 350 0056 43F01003 		orr	r3, r3, #16
 351 005a 1370     		strb	r3, [r2]
 352              	.LBE2:
 316:.\Generated_Source\PSoC5/cyfitter_cfg.c **** 	}
 317:.\Generated_Source\PSoC5/cyfitter_cfg.c **** 
 318:.\Generated_Source\PSoC5/cyfitter_cfg.c **** 
 319:.\Generated_Source\PSoC5/cyfitter_cfg.c **** 	/* Perform second pass device configuration. These items must be configured in specific order afte
 320:.\Generated_Source\PSoC5/cyfitter_cfg.c **** 	CYCONFIGCPY((void CYFAR *)(CYREG_PRT1_DM0), (const void CYFAR *)(BS_IOPINS0_1_VAL), 8u);
 353              		.loc 1 320 0
 354 005c 1448     		ldr	r0, .L25+16
 355 005e 4FF09041 		mov	r1, #1207959552
 356 0062 0822     		movs	r2, #8
 357 0064 FFF7FEFF 		bl	CYCONFIGCPY
 358              	.LVL24:
 321:.\Generated_Source\PSoC5/cyfitter_cfg.c **** 	CYCONFIGCPY((void CYFAR *)(CYREG_PRT2_DM0), (const void CYFAR *)(BS_IOPINS0_2_VAL), 8u);
 359              		.loc 1 321 0
 360 0068 1248     		ldr	r0, .L25+20
 361 006a 1349     		ldr	r1, .L25+24
 362 006c 0822     		movs	r2, #8
 363 006e FFF7FEFF 		bl	CYCONFIGCPY
 364              	.LVL25:
 322:.\Generated_Source\PSoC5/cyfitter_cfg.c **** 	/* Switch Boost to the precision bandgap reference from its internal reference */
 323:.\Generated_Source\PSoC5/cyfitter_cfg.c **** 	CY_SET_REG8((void CYXDATA *)CYREG_BOOST_CR2, (CY_GET_REG8((void CYXDATA *)CYREG_BOOST_CR2) | 0x08u
 365              		.loc 1 323 0
 366 0072 124A     		ldr	r2, .L25+28
 367 0074 1378     		ldrb	r3, [r2]	@ zero_extendqisi2
 368 0076 43F00803 		orr	r3, r3, #8
 369 007a 1370     		strb	r3, [r2]
 324:.\Generated_Source\PSoC5/cyfitter_cfg.c **** 
 325:.\Generated_Source\PSoC5/cyfitter_cfg.c **** 	/* Set Flash Cycles based on max possible frequency in case a glitch occurs during ClockSetup(). *
 326:.\Generated_Source\PSoC5/cyfitter_cfg.c **** 	CY_SET_XTND_REG8((void CYFAR *)(CYREG_CACHE_CC_CTL), (((CYDEV_INSTRUCT_CACHE_ENABLED) != 0) ? 0x01
 370              		.loc 1 326 0
 371 007c 104E     		ldr	r6, .L25+32
 372 007e 0125     		movs	r5, #1
 373 0080 3570     		strb	r5, [r6]
 327:.\Generated_Source\PSoC5/cyfitter_cfg.c **** 	/* Setup clocks based on selections from Clock DWR */
 328:.\Generated_Source\PSoC5/cyfitter_cfg.c **** 	ClockSetup();
 374              		.loc 1 328 0
 375 0082 FFF7FEFF 		bl	ClockSetup
 376              	.LVL26:
 329:.\Generated_Source\PSoC5/cyfitter_cfg.c **** 	/* Set Flash Cycles based on newly configured 24.00MHz Bus Clock. */
 330:.\Generated_Source\PSoC5/cyfitter_cfg.c **** 	CY_SET_XTND_REG8((void CYFAR *)(CYREG_CACHE_CC_CTL), (((CYDEV_INSTRUCT_CACHE_ENABLED) != 0) ? 0x81
 377              		.loc 1 330 0
 378 0086 8123     		movs	r3, #129
 379 0088 3370     		strb	r3, [r6]
 331:.\Generated_Source\PSoC5/cyfitter_cfg.c **** 	CY_SET_XTND_REG8((void CYFAR *)(CYREG_PANTHER_WAITPIPE), 0x01u);
 380              		.loc 1 331 0
 381 008a 0E4B     		ldr	r3, .L25+36
 382 008c 1D70     		strb	r5, [r3]
ARM GAS  C:\Users\JOSEAN~1\AppData\Local\Temp\ccwNKoCt.s 			page 14


 332:.\Generated_Source\PSoC5/cyfitter_cfg.c **** 
 333:.\Generated_Source\PSoC5/cyfitter_cfg.c **** 	/* Perform basic analog initialization to defaults */
 334:.\Generated_Source\PSoC5/cyfitter_cfg.c **** 	AnalogSetDefault();
 383              		.loc 1 334 0
 384 008e FFF7FEFF 		bl	AnalogSetDefault
 385              	.LVL27:
 335:.\Generated_Source\PSoC5/cyfitter_cfg.c **** 
 336:.\Generated_Source\PSoC5/cyfitter_cfg.c **** 	/* Configure alternate active mode */
 337:.\Generated_Source\PSoC5/cyfitter_cfg.c **** 	CYCONFIGCPY((void CYFAR *)CYDEV_PM_STBY_BASE, (const void CYFAR *)CYDEV_PM_ACT_BASE, 14u);
 386              		.loc 1 337 0
 387 0092 0D48     		ldr	r0, .L25+40
 388 0094 2146     		mov	r1, r4
 389 0096 0E22     		movs	r2, #14
 390 0098 FFF7FEFF 		bl	CYCONFIGCPY
 391              	.LVL28:
 392 009c 70BD     		pop	{r4, r5, r6, pc}
 393              	.L26:
 394 009e 00BF     		.align	2
 395              	.L25:
 396 00a0 E8460040 		.word	1073759976
 397 00a4 00000000 		.word	.LANCHOR0
 398 00a8 03500140 		.word	1073827843
 399 00ac A0430040 		.word	1073759136
 400 00b0 12510040 		.word	1073762578
 401 00b4 22510040 		.word	1073762594
 402 00b8 08000048 		.word	1207959560
 403 00bc 22430040 		.word	1073759010
 404 00c0 00480040 		.word	1073760256
 405 00c4 04000840 		.word	1074266116
 406 00c8 B0430040 		.word	1073759152
 407              		.cfi_endproc
 408              	.LFE7:
 409              		.size	cyfitter_cfg, .-cyfitter_cfg
 410              		.section	.rodata
 411              		.align	2
 412              		.set	.LANCHOR0,. + 0
 413              		.type	cfg_memset_list.4859, %object
 414              		.size	cfg_memset_list.4859, 54
 415              	cfg_memset_list.4859:
 416 0000 00510040 		.word	1073762560
 417 0004 1000     		.short	16
 418 0006 30510040 		.4byte	1073762608
 419 000a 4000     		.short	64
 420 000c C0510040 		.word	1073762752
 421 0010 1000     		.short	16
 422 0012 F0510040 		.4byte	1073762800
 423 0016 1000     		.short	16
 424 0018 00000140 		.word	1073807360
 425 001c 0010     		.short	4096
 426 001e 00140140 		.4byte	1073812480
 427 0022 0008     		.short	2048
 428 0024 00400140 		.word	1073823744
 429 0028 000A     		.short	2560
 430 002a 004C0140 		.4byte	1073826816
 431 002e 0002     		.short	512
 432 0030 00500140 		.word	1073827840
 433 0034 2000     		.short	32
ARM GAS  C:\Users\JOSEAN~1\AppData\Local\Temp\ccwNKoCt.s 			page 15


 434 0036 0000     		.text
 435              	.Letext0:
 436              		.file 2 "c:\\program files (x86)\\cypress\\psoc creator\\3.3\\psoc creator\\import\\gnu\\arm\\4.9.
 437              		.file 3 ".\\Generated_Source\\PSoC5\\cytypes.h"
 438              		.file 4 ".\\Generated_Source\\PSoC5\\CyLib.h"
 439              		.section	.debug_info,"",%progbits
 440              	.Ldebug_info0:
 441 0000 D1030000 		.4byte	0x3d1
 442 0004 0400     		.2byte	0x4
 443 0006 00000000 		.4byte	.Ldebug_abbrev0
 444 000a 04       		.byte	0x4
 445 000b 01       		.uleb128 0x1
 446 000c 0C010000 		.4byte	.LASF39
 447 0010 01       		.byte	0x1
 448 0011 45020000 		.4byte	.LASF40
 449 0015 DC010000 		.4byte	.LASF41
 450 0019 00000000 		.4byte	.Ldebug_ranges0+0
 451 001d 00000000 		.4byte	0
 452 0021 00000000 		.4byte	.Ldebug_line0
 453 0025 02       		.uleb128 0x2
 454 0026 04       		.byte	0x4
 455 0027 05       		.byte	0x5
 456 0028 696E7400 		.ascii	"int\000"
 457 002c 03       		.uleb128 0x3
 458 002d 14000000 		.4byte	.LASF11
 459 0031 02       		.byte	0x2
 460 0032 D4       		.byte	0xd4
 461 0033 37000000 		.4byte	0x37
 462 0037 04       		.uleb128 0x4
 463 0038 04       		.byte	0x4
 464 0039 07       		.byte	0x7
 465 003a 9A010000 		.4byte	.LASF0
 466 003e 04       		.uleb128 0x4
 467 003f 01       		.byte	0x1
 468 0040 06       		.byte	0x6
 469 0041 95020000 		.4byte	.LASF1
 470 0045 04       		.uleb128 0x4
 471 0046 01       		.byte	0x1
 472 0047 08       		.byte	0x8
 473 0048 CB000000 		.4byte	.LASF2
 474 004c 04       		.uleb128 0x4
 475 004d 02       		.byte	0x2
 476 004e 05       		.byte	0x5
 477 004f 3B020000 		.4byte	.LASF3
 478 0053 04       		.uleb128 0x4
 479 0054 02       		.byte	0x2
 480 0055 07       		.byte	0x7
 481 0056 4F000000 		.4byte	.LASF4
 482 005a 04       		.uleb128 0x4
 483 005b 04       		.byte	0x4
 484 005c 05       		.byte	0x5
 485 005d 75020000 		.4byte	.LASF5
 486 0061 04       		.uleb128 0x4
 487 0062 04       		.byte	0x4
 488 0063 07       		.byte	0x7
 489 0064 93000000 		.4byte	.LASF6
 490 0068 04       		.uleb128 0x4
ARM GAS  C:\Users\JOSEAN~1\AppData\Local\Temp\ccwNKoCt.s 			page 16


 491 0069 08       		.byte	0x8
 492 006a 05       		.byte	0x5
 493 006b 26020000 		.4byte	.LASF7
 494 006f 04       		.uleb128 0x4
 495 0070 08       		.byte	0x8
 496 0071 07       		.byte	0x7
 497 0072 AF010000 		.4byte	.LASF8
 498 0076 04       		.uleb128 0x4
 499 0077 04       		.byte	0x4
 500 0078 07       		.byte	0x7
 501 0079 D3010000 		.4byte	.LASF9
 502 007d 05       		.uleb128 0x5
 503 007e 04       		.byte	0x4
 504 007f 04       		.uleb128 0x4
 505 0080 01       		.byte	0x1
 506 0081 08       		.byte	0x8
 507 0082 7E020000 		.4byte	.LASF10
 508 0086 06       		.uleb128 0x6
 509 0087 A5000000 		.4byte	.LASF12
 510 008b 03       		.byte	0x3
 511 008c 9201     		.2byte	0x192
 512 008e 45000000 		.4byte	0x45
 513 0092 06       		.uleb128 0x6
 514 0093 F4000000 		.4byte	.LASF13
 515 0097 03       		.byte	0x3
 516 0098 9301     		.2byte	0x193
 517 009a 53000000 		.4byte	0x53
 518 009e 06       		.uleb128 0x6
 519 009f 05010000 		.4byte	.LASF14
 520 00a3 03       		.byte	0x3
 521 00a4 9401     		.2byte	0x194
 522 00a6 61000000 		.4byte	0x61
 523 00aa 04       		.uleb128 0x4
 524 00ab 04       		.byte	0x4
 525 00ac 04       		.byte	0x4
 526 00ad 6A000000 		.4byte	.LASF15
 527 00b1 04       		.uleb128 0x4
 528 00b2 08       		.byte	0x8
 529 00b3 04       		.byte	0x4
 530 00b4 E0000000 		.4byte	.LASF16
 531 00b8 06       		.uleb128 0x6
 532 00b9 8E000000 		.4byte	.LASF17
 533 00bd 03       		.byte	0x3
 534 00be 3C02     		.2byte	0x23c
 535 00c0 C4000000 		.4byte	0xc4
 536 00c4 07       		.uleb128 0x7
 537 00c5 86000000 		.4byte	0x86
 538 00c9 06       		.uleb128 0x6
 539 00ca 00000000 		.4byte	.LASF18
 540 00ce 03       		.byte	0x3
 541 00cf 3D02     		.2byte	0x23d
 542 00d1 D5000000 		.4byte	0xd5
 543 00d5 07       		.uleb128 0x7
 544 00d6 92000000 		.4byte	0x92
 545 00da 08       		.uleb128 0x8
 546 00db 70000000 		.4byte	.LASF19
 547 00df 01       		.byte	0x1
ARM GAS  C:\Users\JOSEAN~1\AppData\Local\Temp\ccwNKoCt.s 			page 17


 548 00e0 6C       		.byte	0x6c
 549 00e1 00000000 		.4byte	.LFB3
 550 00e5 02000000 		.4byte	.LFE3-.LFB3
 551 00e9 01       		.uleb128 0x1
 552 00ea 9C       		.byte	0x9c
 553 00eb FD000000 		.4byte	0xfd
 554 00ef 09       		.uleb128 0x9
 555 00f0 FB000000 		.4byte	.LASF22
 556 00f4 01       		.byte	0x1
 557 00f5 6C       		.byte	0x6c
 558 00f6 86000000 		.4byte	0x86
 559 00fa 01       		.uleb128 0x1
 560 00fb 50       		.byte	0x50
 561 00fc 00       		.byte	0
 562 00fd 08       		.uleb128 0x8
 563 00fe 1B000000 		.4byte	.LASF20
 564 0102 01       		.byte	0x1
 565 0103 D2       		.byte	0xd2
 566 0104 00000000 		.4byte	.LFB5
 567 0108 28000000 		.4byte	.LFE5-.LFB5
 568 010c 01       		.uleb128 0x1
 569 010d 9C       		.byte	0x9c
 570 010e 22010000 		.4byte	0x122
 571 0112 0A       		.uleb128 0xa
 572 0113 83020000 		.4byte	.LASF24
 573 0117 01       		.byte	0x1
 574 0118 D4       		.byte	0xd4
 575 0119 86000000 		.4byte	0x86
 576 011d 00000000 		.4byte	.LLST0
 577 0121 00       		.byte	0
 578 0122 08       		.uleb128 0x8
 579 0123 AB000000 		.4byte	.LASF21
 580 0127 01       		.byte	0x1
 581 0128 3E       		.byte	0x3e
 582 0129 00000000 		.4byte	.LFB0
 583 012d 0C000000 		.4byte	.LFE0-.LFB0
 584 0131 01       		.uleb128 0x1
 585 0132 9C       		.byte	0x9c
 586 0133 6F010000 		.4byte	0x16f
 587 0137 0B       		.uleb128 0xb
 588 0138 7300     		.ascii	"s\000"
 589 013a 01       		.byte	0x1
 590 013b 3E       		.byte	0x3e
 591 013c 7D000000 		.4byte	0x7d
 592 0140 13000000 		.4byte	.LLST1
 593 0144 0B       		.uleb128 0xb
 594 0145 6E00     		.ascii	"n\000"
 595 0147 01       		.byte	0x1
 596 0148 3E       		.byte	0x3e
 597 0149 2C000000 		.4byte	0x2c
 598 014d 34000000 		.4byte	.LLST2
 599 0151 0C       		.uleb128 0xc
 600 0152 0A000000 		.4byte	.LVL5
 601 0156 8D030000 		.4byte	0x38d
 602 015a 0D       		.uleb128 0xd
 603 015b 01       		.uleb128 0x1
 604 015c 52       		.byte	0x52
ARM GAS  C:\Users\JOSEAN~1\AppData\Local\Temp\ccwNKoCt.s 			page 18


 605 015d 03       		.uleb128 0x3
 606 015e F3       		.byte	0xf3
 607 015f 01       		.uleb128 0x1
 608 0160 51       		.byte	0x51
 609 0161 0D       		.uleb128 0xd
 610 0162 01       		.uleb128 0x1
 611 0163 51       		.byte	0x51
 612 0164 01       		.uleb128 0x1
 613 0165 30       		.byte	0x30
 614 0166 0D       		.uleb128 0xd
 615 0167 01       		.uleb128 0x1
 616 0168 50       		.byte	0x50
 617 0169 03       		.uleb128 0x3
 618 016a F3       		.byte	0xf3
 619 016b 01       		.uleb128 0x1
 620 016c 50       		.byte	0x50
 621 016d 00       		.byte	0
 622 016e 00       		.byte	0
 623 016f 08       		.uleb128 0x8
 624 0170 44000000 		.4byte	.LASF23
 625 0174 01       		.byte	0x1
 626 0175 97       		.byte	0x97
 627 0176 00000000 		.4byte	.LFB4
 628 017a 9C000000 		.4byte	.LFE4-.LFB4
 629 017e 01       		.uleb128 0x1
 630 017f 9C       		.byte	0x9c
 631 0180 C7010000 		.4byte	0x1c7
 632 0184 0A       		.uleb128 0xa
 633 0185 2C000000 		.4byte	.LASF25
 634 0189 01       		.byte	0x1
 635 018a 99       		.byte	0x99
 636 018b 9E000000 		.4byte	0x9e
 637 018f 60000000 		.4byte	.LLST3
 638 0193 0A       		.uleb128 0xa
 639 0194 62000000 		.4byte	.LASF26
 640 0198 01       		.byte	0x1
 641 0199 9A       		.byte	0x9a
 642 019a 86000000 		.4byte	0x86
 643 019e 7F000000 		.4byte	.LLST4
 644 01a2 0E       		.uleb128 0xe
 645 01a3 4C000000 		.4byte	.LVL10
 646 01a7 AA030000 		.4byte	0x3aa
 647 01ab B7010000 		.4byte	0x1b7
 648 01af 0D       		.uleb128 0xd
 649 01b0 01       		.uleb128 0x1
 650 01b1 50       		.byte	0x50
 651 01b2 03       		.uleb128 0x3
 652 01b3 0A       		.byte	0xa
 653 01b4 E001     		.2byte	0x1e0
 654 01b6 00       		.byte	0
 655 01b7 0C       		.uleb128 0xc
 656 01b8 5C000000 		.4byte	.LVL12
 657 01bc DA000000 		.4byte	0xda
 658 01c0 0D       		.uleb128 0xd
 659 01c1 01       		.uleb128 0x1
 660 01c2 50       		.byte	0x50
 661 01c3 01       		.uleb128 0x1
ARM GAS  C:\Users\JOSEAN~1\AppData\Local\Temp\ccwNKoCt.s 			page 19


 662 01c4 33       		.byte	0x33
 663 01c5 00       		.byte	0
 664 01c6 00       		.byte	0
 665 01c7 08       		.uleb128 0x8
 666 01c8 AA020000 		.4byte	.LASF27
 667 01cc 01       		.byte	0x1
 668 01cd 45       		.byte	0x45
 669 01ce 00000000 		.4byte	.LFB1
 670 01d2 08000000 		.4byte	.LFE1-.LFB1
 671 01d6 01       		.uleb128 0x1
 672 01d7 9C       		.byte	0x9c
 673 01d8 27020000 		.4byte	0x227
 674 01dc 0F       		.uleb128 0xf
 675 01dd 84000000 		.4byte	.LASF28
 676 01e1 01       		.byte	0x1
 677 01e2 45       		.byte	0x45
 678 01e3 7D000000 		.4byte	0x7d
 679 01e7 A9000000 		.4byte	.LLST5
 680 01eb 0B       		.uleb128 0xb
 681 01ec 73726300 		.ascii	"src\000"
 682 01f0 01       		.byte	0x1
 683 01f1 45       		.byte	0x45
 684 01f2 27020000 		.4byte	0x227
 685 01f6 CA000000 		.4byte	.LLST6
 686 01fa 0B       		.uleb128 0xb
 687 01fb 6E00     		.ascii	"n\000"
 688 01fd 01       		.byte	0x1
 689 01fe 45       		.byte	0x45
 690 01ff 2C000000 		.4byte	0x2c
 691 0203 EB000000 		.4byte	.LLST7
 692 0207 0C       		.uleb128 0xc
 693 0208 06000000 		.4byte	.LVL15
 694 020c BB030000 		.4byte	0x3bb
 695 0210 0D       		.uleb128 0xd
 696 0211 01       		.uleb128 0x1
 697 0212 52       		.byte	0x52
 698 0213 03       		.uleb128 0x3
 699 0214 F3       		.byte	0xf3
 700 0215 01       		.uleb128 0x1
 701 0216 52       		.byte	0x52
 702 0217 0D       		.uleb128 0xd
 703 0218 01       		.uleb128 0x1
 704 0219 51       		.byte	0x51
 705 021a 03       		.uleb128 0x3
 706 021b F3       		.byte	0xf3
 707 021c 01       		.uleb128 0x1
 708 021d 51       		.byte	0x51
 709 021e 0D       		.uleb128 0xd
 710 021f 01       		.uleb128 0x1
 711 0220 50       		.byte	0x50
 712 0221 03       		.uleb128 0x3
 713 0222 F3       		.byte	0xf3
 714 0223 01       		.uleb128 0x1
 715 0224 50       		.byte	0x50
 716 0225 00       		.byte	0
 717 0226 00       		.byte	0
 718 0227 10       		.uleb128 0x10
ARM GAS  C:\Users\JOSEAN~1\AppData\Local\Temp\ccwNKoCt.s 			page 20


 719 0228 04       		.byte	0x4
 720 0229 2D020000 		.4byte	0x22d
 721 022d 11       		.uleb128 0x11
 722 022e 12       		.uleb128 0x12
 723 022f B5000000 		.4byte	.LASF31
 724 0233 01       		.byte	0x1
 725 0234 EC       		.byte	0xec
 726 0235 00000000 		.4byte	.LFB6
 727 0239 10000000 		.4byte	.LFE6-.LFB6
 728 023d 01       		.uleb128 0x1
 729 023e 9C       		.byte	0x9c
 730 023f 5E020000 		.4byte	0x25e
 731 0243 09       		.uleb128 0x9
 732 0244 6D020000 		.4byte	.LASF29
 733 0248 01       		.byte	0x1
 734 0249 EC       		.byte	0xec
 735 024a 86000000 		.4byte	0x86
 736 024e 01       		.uleb128 0x1
 737 024f 50       		.byte	0x50
 738 0250 13       		.uleb128 0x13
 739 0251 A1020000 		.4byte	.LASF30
 740 0255 01       		.byte	0x1
 741 0256 EE       		.byte	0xee
 742 0257 86000000 		.4byte	0x86
 743 025b 01       		.uleb128 0x1
 744 025c 53       		.byte	0x53
 745 025d 00       		.byte	0
 746 025e 14       		.uleb128 0x14
 747 025f E7000000 		.4byte	.LASF32
 748 0263 01       		.byte	0x1
 749 0264 0E01     		.2byte	0x10e
 750 0266 00000000 		.4byte	.LFB7
 751 026a CC000000 		.4byte	.LFE7-.LFB7
 752 026e 01       		.uleb128 0x1
 753 026f 9C       		.byte	0x9c
 754 0270 8D030000 		.4byte	0x38d
 755 0274 15       		.uleb128 0x15
 756 0275 0E000000 		.4byte	.LBB2
 757 0279 4E000000 		.4byte	.LBE2-.LBB2
 758 027d 14030000 		.4byte	0x314
 759 0281 16       		.uleb128 0x16
 760 0282 06       		.byte	0x6
 761 0283 01       		.byte	0x1
 762 0284 1A01     		.2byte	0x11a
 763 0286 A5020000 		.4byte	0x2a5
 764 028a 17       		.uleb128 0x17
 765 028b A7010000 		.4byte	.LASF33
 766 028f 01       		.byte	0x1
 767 0290 1B01     		.2byte	0x11b
 768 0292 7D000000 		.4byte	0x7d
 769 0296 00       		.byte	0
 770 0297 17       		.uleb128 0x17
 771 0298 89000000 		.4byte	.LASF34
 772 029c 01       		.byte	0x1
 773 029d 1C01     		.2byte	0x11c
 774 029f 92000000 		.4byte	0x92
 775 02a3 04       		.byte	0x4
ARM GAS  C:\Users\JOSEAN~1\AppData\Local\Temp\ccwNKoCt.s 			page 21


 776 02a4 00       		.byte	0
 777 02a5 06       		.uleb128 0x6
 778 02a6 C6010000 		.4byte	.LASF35
 779 02aa 01       		.byte	0x1
 780 02ab 1D01     		.2byte	0x11d
 781 02ad 81020000 		.4byte	0x281
 782 02b1 18       		.uleb128 0x18
 783 02b2 A5020000 		.4byte	0x2a5
 784 02b6 C1020000 		.4byte	0x2c1
 785 02ba 19       		.uleb128 0x19
 786 02bb 76000000 		.4byte	0x76
 787 02bf 08       		.byte	0x8
 788 02c0 00       		.byte	0
 789 02c1 1A       		.uleb128 0x1a
 790 02c2 34000000 		.4byte	.LASF36
 791 02c6 01       		.byte	0x1
 792 02c7 1F01     		.2byte	0x11f
 793 02c9 D3020000 		.4byte	0x2d3
 794 02cd 05       		.uleb128 0x5
 795 02ce 03       		.byte	0x3
 796 02cf 00000000 		.4byte	cfg_memset_list.4859
 797 02d3 1B       		.uleb128 0x1b
 798 02d4 B1020000 		.4byte	0x2b1
 799 02d8 1C       		.uleb128 0x1c
 800 02d9 6900     		.ascii	"i\000"
 801 02db 01       		.byte	0x1
 802 02dc 2C01     		.2byte	0x12c
 803 02de 86000000 		.4byte	0x86
 804 02e2 0C010000 		.4byte	.LLST8
 805 02e6 1D       		.uleb128 0x1d
 806 02e7 12000000 		.4byte	.LBB3
 807 02eb 16000000 		.4byte	.LBE3-.LBB3
 808 02ef 1C       		.uleb128 0x1c
 809 02f0 6D7300   		.ascii	"ms\000"
 810 02f3 01       		.byte	0x1
 811 02f4 3101     		.2byte	0x131
 812 02f6 FE020000 		.4byte	0x2fe
 813 02fa 36010000 		.4byte	.LLST9
 814 02fe 10       		.uleb128 0x10
 815 02ff 04       		.byte	0x4
 816 0300 04030000 		.4byte	0x304
 817 0304 1B       		.uleb128 0x1b
 818 0305 A5020000 		.4byte	0x2a5
 819 0309 1E       		.uleb128 0x1e
 820 030a 28000000 		.4byte	.LVL20
 821 030e 22010000 		.4byte	0x122
 822 0312 00       		.byte	0
 823 0313 00       		.byte	0
 824 0314 0E       		.uleb128 0xe
 825 0315 68000000 		.4byte	.LVL24
 826 0319 C7010000 		.4byte	0x1c7
 827 031d 37030000 		.4byte	0x337
 828 0321 0D       		.uleb128 0xd
 829 0322 01       		.uleb128 0x1
 830 0323 52       		.byte	0x52
 831 0324 01       		.uleb128 0x1
 832 0325 38       		.byte	0x38
ARM GAS  C:\Users\JOSEAN~1\AppData\Local\Temp\ccwNKoCt.s 			page 22


 833 0326 0D       		.uleb128 0xd
 834 0327 01       		.uleb128 0x1
 835 0328 51       		.byte	0x51
 836 0329 03       		.uleb128 0x3
 837 032a 42       		.byte	0x42
 838 032b 4A       		.byte	0x4a
 839 032c 24       		.byte	0x24
 840 032d 0D       		.uleb128 0xd
 841 032e 01       		.uleb128 0x1
 842 032f 50       		.byte	0x50
 843 0330 05       		.uleb128 0x5
 844 0331 0C       		.byte	0xc
 845 0332 12510040 		.4byte	0x40005112
 846 0336 00       		.byte	0
 847 0337 0E       		.uleb128 0xe
 848 0338 72000000 		.4byte	.LVL25
 849 033c C7010000 		.4byte	0x1c7
 850 0340 5C030000 		.4byte	0x35c
 851 0344 0D       		.uleb128 0xd
 852 0345 01       		.uleb128 0x1
 853 0346 52       		.byte	0x52
 854 0347 01       		.uleb128 0x1
 855 0348 38       		.byte	0x38
 856 0349 0D       		.uleb128 0xd
 857 034a 01       		.uleb128 0x1
 858 034b 51       		.byte	0x51
 859 034c 05       		.uleb128 0x5
 860 034d 0C       		.byte	0xc
 861 034e 08000048 		.4byte	0x48000008
 862 0352 0D       		.uleb128 0xd
 863 0353 01       		.uleb128 0x1
 864 0354 50       		.byte	0x50
 865 0355 05       		.uleb128 0x5
 866 0356 0C       		.byte	0xc
 867 0357 22510040 		.4byte	0x40005122
 868 035b 00       		.byte	0
 869 035c 1E       		.uleb128 0x1e
 870 035d 86000000 		.4byte	.LVL26
 871 0361 6F010000 		.4byte	0x16f
 872 0365 1E       		.uleb128 0x1e
 873 0366 92000000 		.4byte	.LVL27
 874 036a FD000000 		.4byte	0xfd
 875 036e 0C       		.uleb128 0xc
 876 036f 9C000000 		.4byte	.LVL28
 877 0373 C7010000 		.4byte	0x1c7
 878 0377 0D       		.uleb128 0xd
 879 0378 01       		.uleb128 0x1
 880 0379 52       		.byte	0x52
 881 037a 01       		.uleb128 0x1
 882 037b 3E       		.byte	0x3e
 883 037c 0D       		.uleb128 0xd
 884 037d 01       		.uleb128 0x1
 885 037e 51       		.byte	0x51
 886 037f 02       		.uleb128 0x2
 887 0380 74       		.byte	0x74
 888 0381 00       		.sleb128 0
 889 0382 0D       		.uleb128 0xd
ARM GAS  C:\Users\JOSEAN~1\AppData\Local\Temp\ccwNKoCt.s 			page 23


 890 0383 01       		.uleb128 0x1
 891 0384 50       		.byte	0x50
 892 0385 05       		.uleb128 0x5
 893 0386 0C       		.byte	0xc
 894 0387 B0430040 		.4byte	0x400043b0
 895 038b 00       		.byte	0
 896 038c 00       		.byte	0
 897 038d 1F       		.uleb128 0x1f
 898 038e D9000000 		.4byte	.LASF37
 899 0392 7D000000 		.4byte	0x7d
 900 0396 AA030000 		.4byte	0x3aa
 901 039a 20       		.uleb128 0x20
 902 039b 7D000000 		.4byte	0x7d
 903 039f 20       		.uleb128 0x20
 904 03a0 25000000 		.4byte	0x25
 905 03a4 20       		.uleb128 0x20
 906 03a5 76000000 		.4byte	0x76
 907 03a9 00       		.byte	0
 908 03aa 21       		.uleb128 0x21
 909 03ab 06000000 		.4byte	.LASF38
 910 03af 04       		.byte	0x4
 911 03b0 79       		.byte	0x79
 912 03b1 BB030000 		.4byte	0x3bb
 913 03b5 20       		.uleb128 0x20
 914 03b6 9E000000 		.4byte	0x9e
 915 03ba 00       		.byte	0
 916 03bb 22       		.uleb128 0x22
 917 03bc 34020000 		.4byte	.LASF42
 918 03c0 7D000000 		.4byte	0x7d
 919 03c4 20       		.uleb128 0x20
 920 03c5 7D000000 		.4byte	0x7d
 921 03c9 20       		.uleb128 0x20
 922 03ca 27020000 		.4byte	0x227
 923 03ce 20       		.uleb128 0x20
 924 03cf 76000000 		.4byte	0x76
 925 03d3 00       		.byte	0
 926 03d4 00       		.byte	0
 927              		.section	.debug_abbrev,"",%progbits
 928              	.Ldebug_abbrev0:
 929 0000 01       		.uleb128 0x1
 930 0001 11       		.uleb128 0x11
 931 0002 01       		.byte	0x1
 932 0003 25       		.uleb128 0x25
 933 0004 0E       		.uleb128 0xe
 934 0005 13       		.uleb128 0x13
 935 0006 0B       		.uleb128 0xb
 936 0007 03       		.uleb128 0x3
 937 0008 0E       		.uleb128 0xe
 938 0009 1B       		.uleb128 0x1b
 939 000a 0E       		.uleb128 0xe
 940 000b 55       		.uleb128 0x55
 941 000c 17       		.uleb128 0x17
 942 000d 11       		.uleb128 0x11
 943 000e 01       		.uleb128 0x1
 944 000f 10       		.uleb128 0x10
 945 0010 17       		.uleb128 0x17
 946 0011 00       		.byte	0
ARM GAS  C:\Users\JOSEAN~1\AppData\Local\Temp\ccwNKoCt.s 			page 24


 947 0012 00       		.byte	0
 948 0013 02       		.uleb128 0x2
 949 0014 24       		.uleb128 0x24
 950 0015 00       		.byte	0
 951 0016 0B       		.uleb128 0xb
 952 0017 0B       		.uleb128 0xb
 953 0018 3E       		.uleb128 0x3e
 954 0019 0B       		.uleb128 0xb
 955 001a 03       		.uleb128 0x3
 956 001b 08       		.uleb128 0x8
 957 001c 00       		.byte	0
 958 001d 00       		.byte	0
 959 001e 03       		.uleb128 0x3
 960 001f 16       		.uleb128 0x16
 961 0020 00       		.byte	0
 962 0021 03       		.uleb128 0x3
 963 0022 0E       		.uleb128 0xe
 964 0023 3A       		.uleb128 0x3a
 965 0024 0B       		.uleb128 0xb
 966 0025 3B       		.uleb128 0x3b
 967 0026 0B       		.uleb128 0xb
 968 0027 49       		.uleb128 0x49
 969 0028 13       		.uleb128 0x13
 970 0029 00       		.byte	0
 971 002a 00       		.byte	0
 972 002b 04       		.uleb128 0x4
 973 002c 24       		.uleb128 0x24
 974 002d 00       		.byte	0
 975 002e 0B       		.uleb128 0xb
 976 002f 0B       		.uleb128 0xb
 977 0030 3E       		.uleb128 0x3e
 978 0031 0B       		.uleb128 0xb
 979 0032 03       		.uleb128 0x3
 980 0033 0E       		.uleb128 0xe
 981 0034 00       		.byte	0
 982 0035 00       		.byte	0
 983 0036 05       		.uleb128 0x5
 984 0037 0F       		.uleb128 0xf
 985 0038 00       		.byte	0
 986 0039 0B       		.uleb128 0xb
 987 003a 0B       		.uleb128 0xb
 988 003b 00       		.byte	0
 989 003c 00       		.byte	0
 990 003d 06       		.uleb128 0x6
 991 003e 16       		.uleb128 0x16
 992 003f 00       		.byte	0
 993 0040 03       		.uleb128 0x3
 994 0041 0E       		.uleb128 0xe
 995 0042 3A       		.uleb128 0x3a
 996 0043 0B       		.uleb128 0xb
 997 0044 3B       		.uleb128 0x3b
 998 0045 05       		.uleb128 0x5
 999 0046 49       		.uleb128 0x49
 1000 0047 13       		.uleb128 0x13
 1001 0048 00       		.byte	0
 1002 0049 00       		.byte	0
 1003 004a 07       		.uleb128 0x7
ARM GAS  C:\Users\JOSEAN~1\AppData\Local\Temp\ccwNKoCt.s 			page 25


 1004 004b 35       		.uleb128 0x35
 1005 004c 00       		.byte	0
 1006 004d 49       		.uleb128 0x49
 1007 004e 13       		.uleb128 0x13
 1008 004f 00       		.byte	0
 1009 0050 00       		.byte	0
 1010 0051 08       		.uleb128 0x8
 1011 0052 2E       		.uleb128 0x2e
 1012 0053 01       		.byte	0x1
 1013 0054 03       		.uleb128 0x3
 1014 0055 0E       		.uleb128 0xe
 1015 0056 3A       		.uleb128 0x3a
 1016 0057 0B       		.uleb128 0xb
 1017 0058 3B       		.uleb128 0x3b
 1018 0059 0B       		.uleb128 0xb
 1019 005a 27       		.uleb128 0x27
 1020 005b 19       		.uleb128 0x19
 1021 005c 11       		.uleb128 0x11
 1022 005d 01       		.uleb128 0x1
 1023 005e 12       		.uleb128 0x12
 1024 005f 06       		.uleb128 0x6
 1025 0060 40       		.uleb128 0x40
 1026 0061 18       		.uleb128 0x18
 1027 0062 9742     		.uleb128 0x2117
 1028 0064 19       		.uleb128 0x19
 1029 0065 01       		.uleb128 0x1
 1030 0066 13       		.uleb128 0x13
 1031 0067 00       		.byte	0
 1032 0068 00       		.byte	0
 1033 0069 09       		.uleb128 0x9
 1034 006a 05       		.uleb128 0x5
 1035 006b 00       		.byte	0
 1036 006c 03       		.uleb128 0x3
 1037 006d 0E       		.uleb128 0xe
 1038 006e 3A       		.uleb128 0x3a
 1039 006f 0B       		.uleb128 0xb
 1040 0070 3B       		.uleb128 0x3b
 1041 0071 0B       		.uleb128 0xb
 1042 0072 49       		.uleb128 0x49
 1043 0073 13       		.uleb128 0x13
 1044 0074 02       		.uleb128 0x2
 1045 0075 18       		.uleb128 0x18
 1046 0076 00       		.byte	0
 1047 0077 00       		.byte	0
 1048 0078 0A       		.uleb128 0xa
 1049 0079 34       		.uleb128 0x34
 1050 007a 00       		.byte	0
 1051 007b 03       		.uleb128 0x3
 1052 007c 0E       		.uleb128 0xe
 1053 007d 3A       		.uleb128 0x3a
 1054 007e 0B       		.uleb128 0xb
 1055 007f 3B       		.uleb128 0x3b
 1056 0080 0B       		.uleb128 0xb
 1057 0081 49       		.uleb128 0x49
 1058 0082 13       		.uleb128 0x13
 1059 0083 02       		.uleb128 0x2
 1060 0084 17       		.uleb128 0x17
ARM GAS  C:\Users\JOSEAN~1\AppData\Local\Temp\ccwNKoCt.s 			page 26


 1061 0085 00       		.byte	0
 1062 0086 00       		.byte	0
 1063 0087 0B       		.uleb128 0xb
 1064 0088 05       		.uleb128 0x5
 1065 0089 00       		.byte	0
 1066 008a 03       		.uleb128 0x3
 1067 008b 08       		.uleb128 0x8
 1068 008c 3A       		.uleb128 0x3a
 1069 008d 0B       		.uleb128 0xb
 1070 008e 3B       		.uleb128 0x3b
 1071 008f 0B       		.uleb128 0xb
 1072 0090 49       		.uleb128 0x49
 1073 0091 13       		.uleb128 0x13
 1074 0092 02       		.uleb128 0x2
 1075 0093 17       		.uleb128 0x17
 1076 0094 00       		.byte	0
 1077 0095 00       		.byte	0
 1078 0096 0C       		.uleb128 0xc
 1079 0097 898201   		.uleb128 0x4109
 1080 009a 01       		.byte	0x1
 1081 009b 11       		.uleb128 0x11
 1082 009c 01       		.uleb128 0x1
 1083 009d 31       		.uleb128 0x31
 1084 009e 13       		.uleb128 0x13
 1085 009f 00       		.byte	0
 1086 00a0 00       		.byte	0
 1087 00a1 0D       		.uleb128 0xd
 1088 00a2 8A8201   		.uleb128 0x410a
 1089 00a5 00       		.byte	0
 1090 00a6 02       		.uleb128 0x2
 1091 00a7 18       		.uleb128 0x18
 1092 00a8 9142     		.uleb128 0x2111
 1093 00aa 18       		.uleb128 0x18
 1094 00ab 00       		.byte	0
 1095 00ac 00       		.byte	0
 1096 00ad 0E       		.uleb128 0xe
 1097 00ae 898201   		.uleb128 0x4109
 1098 00b1 01       		.byte	0x1
 1099 00b2 11       		.uleb128 0x11
 1100 00b3 01       		.uleb128 0x1
 1101 00b4 31       		.uleb128 0x31
 1102 00b5 13       		.uleb128 0x13
 1103 00b6 01       		.uleb128 0x1
 1104 00b7 13       		.uleb128 0x13
 1105 00b8 00       		.byte	0
 1106 00b9 00       		.byte	0
 1107 00ba 0F       		.uleb128 0xf
 1108 00bb 05       		.uleb128 0x5
 1109 00bc 00       		.byte	0
 1110 00bd 03       		.uleb128 0x3
 1111 00be 0E       		.uleb128 0xe
 1112 00bf 3A       		.uleb128 0x3a
 1113 00c0 0B       		.uleb128 0xb
 1114 00c1 3B       		.uleb128 0x3b
 1115 00c2 0B       		.uleb128 0xb
 1116 00c3 49       		.uleb128 0x49
 1117 00c4 13       		.uleb128 0x13
ARM GAS  C:\Users\JOSEAN~1\AppData\Local\Temp\ccwNKoCt.s 			page 27


 1118 00c5 02       		.uleb128 0x2
 1119 00c6 17       		.uleb128 0x17
 1120 00c7 00       		.byte	0
 1121 00c8 00       		.byte	0
 1122 00c9 10       		.uleb128 0x10
 1123 00ca 0F       		.uleb128 0xf
 1124 00cb 00       		.byte	0
 1125 00cc 0B       		.uleb128 0xb
 1126 00cd 0B       		.uleb128 0xb
 1127 00ce 49       		.uleb128 0x49
 1128 00cf 13       		.uleb128 0x13
 1129 00d0 00       		.byte	0
 1130 00d1 00       		.byte	0
 1131 00d2 11       		.uleb128 0x11
 1132 00d3 26       		.uleb128 0x26
 1133 00d4 00       		.byte	0
 1134 00d5 00       		.byte	0
 1135 00d6 00       		.byte	0
 1136 00d7 12       		.uleb128 0x12
 1137 00d8 2E       		.uleb128 0x2e
 1138 00d9 01       		.byte	0x1
 1139 00da 3F       		.uleb128 0x3f
 1140 00db 19       		.uleb128 0x19
 1141 00dc 03       		.uleb128 0x3
 1142 00dd 0E       		.uleb128 0xe
 1143 00de 3A       		.uleb128 0x3a
 1144 00df 0B       		.uleb128 0xb
 1145 00e0 3B       		.uleb128 0x3b
 1146 00e1 0B       		.uleb128 0xb
 1147 00e2 27       		.uleb128 0x27
 1148 00e3 19       		.uleb128 0x19
 1149 00e4 11       		.uleb128 0x11
 1150 00e5 01       		.uleb128 0x1
 1151 00e6 12       		.uleb128 0x12
 1152 00e7 06       		.uleb128 0x6
 1153 00e8 40       		.uleb128 0x40
 1154 00e9 18       		.uleb128 0x18
 1155 00ea 9742     		.uleb128 0x2117
 1156 00ec 19       		.uleb128 0x19
 1157 00ed 01       		.uleb128 0x1
 1158 00ee 13       		.uleb128 0x13
 1159 00ef 00       		.byte	0
 1160 00f0 00       		.byte	0
 1161 00f1 13       		.uleb128 0x13
 1162 00f2 34       		.uleb128 0x34
 1163 00f3 00       		.byte	0
 1164 00f4 03       		.uleb128 0x3
 1165 00f5 0E       		.uleb128 0xe
 1166 00f6 3A       		.uleb128 0x3a
 1167 00f7 0B       		.uleb128 0xb
 1168 00f8 3B       		.uleb128 0x3b
 1169 00f9 0B       		.uleb128 0xb
 1170 00fa 49       		.uleb128 0x49
 1171 00fb 13       		.uleb128 0x13
 1172 00fc 02       		.uleb128 0x2
 1173 00fd 18       		.uleb128 0x18
 1174 00fe 00       		.byte	0
ARM GAS  C:\Users\JOSEAN~1\AppData\Local\Temp\ccwNKoCt.s 			page 28


 1175 00ff 00       		.byte	0
 1176 0100 14       		.uleb128 0x14
 1177 0101 2E       		.uleb128 0x2e
 1178 0102 01       		.byte	0x1
 1179 0103 3F       		.uleb128 0x3f
 1180 0104 19       		.uleb128 0x19
 1181 0105 03       		.uleb128 0x3
 1182 0106 0E       		.uleb128 0xe
 1183 0107 3A       		.uleb128 0x3a
 1184 0108 0B       		.uleb128 0xb
 1185 0109 3B       		.uleb128 0x3b
 1186 010a 05       		.uleb128 0x5
 1187 010b 27       		.uleb128 0x27
 1188 010c 19       		.uleb128 0x19
 1189 010d 11       		.uleb128 0x11
 1190 010e 01       		.uleb128 0x1
 1191 010f 12       		.uleb128 0x12
 1192 0110 06       		.uleb128 0x6
 1193 0111 40       		.uleb128 0x40
 1194 0112 18       		.uleb128 0x18
 1195 0113 9742     		.uleb128 0x2117
 1196 0115 19       		.uleb128 0x19
 1197 0116 01       		.uleb128 0x1
 1198 0117 13       		.uleb128 0x13
 1199 0118 00       		.byte	0
 1200 0119 00       		.byte	0
 1201 011a 15       		.uleb128 0x15
 1202 011b 0B       		.uleb128 0xb
 1203 011c 01       		.byte	0x1
 1204 011d 11       		.uleb128 0x11
 1205 011e 01       		.uleb128 0x1
 1206 011f 12       		.uleb128 0x12
 1207 0120 06       		.uleb128 0x6
 1208 0121 01       		.uleb128 0x1
 1209 0122 13       		.uleb128 0x13
 1210 0123 00       		.byte	0
 1211 0124 00       		.byte	0
 1212 0125 16       		.uleb128 0x16
 1213 0126 13       		.uleb128 0x13
 1214 0127 01       		.byte	0x1
 1215 0128 0B       		.uleb128 0xb
 1216 0129 0B       		.uleb128 0xb
 1217 012a 3A       		.uleb128 0x3a
 1218 012b 0B       		.uleb128 0xb
 1219 012c 3B       		.uleb128 0x3b
 1220 012d 05       		.uleb128 0x5
 1221 012e 01       		.uleb128 0x1
 1222 012f 13       		.uleb128 0x13
 1223 0130 00       		.byte	0
 1224 0131 00       		.byte	0
 1225 0132 17       		.uleb128 0x17
 1226 0133 0D       		.uleb128 0xd
 1227 0134 00       		.byte	0
 1228 0135 03       		.uleb128 0x3
 1229 0136 0E       		.uleb128 0xe
 1230 0137 3A       		.uleb128 0x3a
 1231 0138 0B       		.uleb128 0xb
ARM GAS  C:\Users\JOSEAN~1\AppData\Local\Temp\ccwNKoCt.s 			page 29


 1232 0139 3B       		.uleb128 0x3b
 1233 013a 05       		.uleb128 0x5
 1234 013b 49       		.uleb128 0x49
 1235 013c 13       		.uleb128 0x13
 1236 013d 38       		.uleb128 0x38
 1237 013e 0B       		.uleb128 0xb
 1238 013f 00       		.byte	0
 1239 0140 00       		.byte	0
 1240 0141 18       		.uleb128 0x18
 1241 0142 01       		.uleb128 0x1
 1242 0143 01       		.byte	0x1
 1243 0144 49       		.uleb128 0x49
 1244 0145 13       		.uleb128 0x13
 1245 0146 01       		.uleb128 0x1
 1246 0147 13       		.uleb128 0x13
 1247 0148 00       		.byte	0
 1248 0149 00       		.byte	0
 1249 014a 19       		.uleb128 0x19
 1250 014b 21       		.uleb128 0x21
 1251 014c 00       		.byte	0
 1252 014d 49       		.uleb128 0x49
 1253 014e 13       		.uleb128 0x13
 1254 014f 2F       		.uleb128 0x2f
 1255 0150 0B       		.uleb128 0xb
 1256 0151 00       		.byte	0
 1257 0152 00       		.byte	0
 1258 0153 1A       		.uleb128 0x1a
 1259 0154 34       		.uleb128 0x34
 1260 0155 00       		.byte	0
 1261 0156 03       		.uleb128 0x3
 1262 0157 0E       		.uleb128 0xe
 1263 0158 3A       		.uleb128 0x3a
 1264 0159 0B       		.uleb128 0xb
 1265 015a 3B       		.uleb128 0x3b
 1266 015b 05       		.uleb128 0x5
 1267 015c 49       		.uleb128 0x49
 1268 015d 13       		.uleb128 0x13
 1269 015e 02       		.uleb128 0x2
 1270 015f 18       		.uleb128 0x18
 1271 0160 00       		.byte	0
 1272 0161 00       		.byte	0
 1273 0162 1B       		.uleb128 0x1b
 1274 0163 26       		.uleb128 0x26
 1275 0164 00       		.byte	0
 1276 0165 49       		.uleb128 0x49
 1277 0166 13       		.uleb128 0x13
 1278 0167 00       		.byte	0
 1279 0168 00       		.byte	0
 1280 0169 1C       		.uleb128 0x1c
 1281 016a 34       		.uleb128 0x34
 1282 016b 00       		.byte	0
 1283 016c 03       		.uleb128 0x3
 1284 016d 08       		.uleb128 0x8
 1285 016e 3A       		.uleb128 0x3a
 1286 016f 0B       		.uleb128 0xb
 1287 0170 3B       		.uleb128 0x3b
 1288 0171 05       		.uleb128 0x5
ARM GAS  C:\Users\JOSEAN~1\AppData\Local\Temp\ccwNKoCt.s 			page 30


 1289 0172 49       		.uleb128 0x49
 1290 0173 13       		.uleb128 0x13
 1291 0174 02       		.uleb128 0x2
 1292 0175 17       		.uleb128 0x17
 1293 0176 00       		.byte	0
 1294 0177 00       		.byte	0
 1295 0178 1D       		.uleb128 0x1d
 1296 0179 0B       		.uleb128 0xb
 1297 017a 01       		.byte	0x1
 1298 017b 11       		.uleb128 0x11
 1299 017c 01       		.uleb128 0x1
 1300 017d 12       		.uleb128 0x12
 1301 017e 06       		.uleb128 0x6
 1302 017f 00       		.byte	0
 1303 0180 00       		.byte	0
 1304 0181 1E       		.uleb128 0x1e
 1305 0182 898201   		.uleb128 0x4109
 1306 0185 00       		.byte	0
 1307 0186 11       		.uleb128 0x11
 1308 0187 01       		.uleb128 0x1
 1309 0188 31       		.uleb128 0x31
 1310 0189 13       		.uleb128 0x13
 1311 018a 00       		.byte	0
 1312 018b 00       		.byte	0
 1313 018c 1F       		.uleb128 0x1f
 1314 018d 2E       		.uleb128 0x2e
 1315 018e 01       		.byte	0x1
 1316 018f 3F       		.uleb128 0x3f
 1317 0190 19       		.uleb128 0x19
 1318 0191 03       		.uleb128 0x3
 1319 0192 0E       		.uleb128 0xe
 1320 0193 27       		.uleb128 0x27
 1321 0194 19       		.uleb128 0x19
 1322 0195 49       		.uleb128 0x49
 1323 0196 13       		.uleb128 0x13
 1324 0197 34       		.uleb128 0x34
 1325 0198 19       		.uleb128 0x19
 1326 0199 3C       		.uleb128 0x3c
 1327 019a 19       		.uleb128 0x19
 1328 019b 01       		.uleb128 0x1
 1329 019c 13       		.uleb128 0x13
 1330 019d 00       		.byte	0
 1331 019e 00       		.byte	0
 1332 019f 20       		.uleb128 0x20
 1333 01a0 05       		.uleb128 0x5
 1334 01a1 00       		.byte	0
 1335 01a2 49       		.uleb128 0x49
 1336 01a3 13       		.uleb128 0x13
 1337 01a4 00       		.byte	0
 1338 01a5 00       		.byte	0
 1339 01a6 21       		.uleb128 0x21
 1340 01a7 2E       		.uleb128 0x2e
 1341 01a8 01       		.byte	0x1
 1342 01a9 3F       		.uleb128 0x3f
 1343 01aa 19       		.uleb128 0x19
 1344 01ab 03       		.uleb128 0x3
 1345 01ac 0E       		.uleb128 0xe
ARM GAS  C:\Users\JOSEAN~1\AppData\Local\Temp\ccwNKoCt.s 			page 31


 1346 01ad 3A       		.uleb128 0x3a
 1347 01ae 0B       		.uleb128 0xb
 1348 01af 3B       		.uleb128 0x3b
 1349 01b0 0B       		.uleb128 0xb
 1350 01b1 27       		.uleb128 0x27
 1351 01b2 19       		.uleb128 0x19
 1352 01b3 3C       		.uleb128 0x3c
 1353 01b4 19       		.uleb128 0x19
 1354 01b5 01       		.uleb128 0x1
 1355 01b6 13       		.uleb128 0x13
 1356 01b7 00       		.byte	0
 1357 01b8 00       		.byte	0
 1358 01b9 22       		.uleb128 0x22
 1359 01ba 2E       		.uleb128 0x2e
 1360 01bb 01       		.byte	0x1
 1361 01bc 3F       		.uleb128 0x3f
 1362 01bd 19       		.uleb128 0x19
 1363 01be 03       		.uleb128 0x3
 1364 01bf 0E       		.uleb128 0xe
 1365 01c0 27       		.uleb128 0x27
 1366 01c1 19       		.uleb128 0x19
 1367 01c2 49       		.uleb128 0x49
 1368 01c3 13       		.uleb128 0x13
 1369 01c4 34       		.uleb128 0x34
 1370 01c5 19       		.uleb128 0x19
 1371 01c6 3C       		.uleb128 0x3c
 1372 01c7 19       		.uleb128 0x19
 1373 01c8 00       		.byte	0
 1374 01c9 00       		.byte	0
 1375 01ca 00       		.byte	0
 1376              		.section	.debug_loc,"",%progbits
 1377              	.Ldebug_loc0:
 1378              	.LLST0:
 1379 0000 06000000 		.4byte	.LVL1
 1380 0004 10000000 		.4byte	.LVL2
 1381 0008 0100     		.2byte	0x1
 1382 000a 53       		.byte	0x53
 1383 000b 00000000 		.4byte	0
 1384 000f 00000000 		.4byte	0
 1385              	.LLST1:
 1386 0013 00000000 		.4byte	.LVL3
 1387 0017 09000000 		.4byte	.LVL5-1
 1388 001b 0100     		.2byte	0x1
 1389 001d 50       		.byte	0x50
 1390 001e 09000000 		.4byte	.LVL5-1
 1391 0022 0C000000 		.4byte	.LFE0
 1392 0026 0400     		.2byte	0x4
 1393 0028 F3       		.byte	0xf3
 1394 0029 01       		.uleb128 0x1
 1395 002a 50       		.byte	0x50
 1396 002b 9F       		.byte	0x9f
 1397 002c 00000000 		.4byte	0
 1398 0030 00000000 		.4byte	0
 1399              	.LLST2:
 1400 0034 00000000 		.4byte	.LVL3
 1401 0038 06000000 		.4byte	.LVL4
 1402 003c 0100     		.2byte	0x1
ARM GAS  C:\Users\JOSEAN~1\AppData\Local\Temp\ccwNKoCt.s 			page 32


 1403 003e 51       		.byte	0x51
 1404 003f 06000000 		.4byte	.LVL4
 1405 0043 09000000 		.4byte	.LVL5-1
 1406 0047 0100     		.2byte	0x1
 1407 0049 52       		.byte	0x52
 1408 004a 09000000 		.4byte	.LVL5-1
 1409 004e 0C000000 		.4byte	.LFE0
 1410 0052 0400     		.2byte	0x4
 1411 0054 F3       		.byte	0xf3
 1412 0055 01       		.uleb128 0x1
 1413 0056 51       		.byte	0x51
 1414 0057 9F       		.byte	0x9f
 1415 0058 00000000 		.4byte	0
 1416 005c 00000000 		.4byte	0
 1417              	.LLST3:
 1418 0060 2E000000 		.4byte	.LVL6
 1419 0064 34000000 		.4byte	.LVL7
 1420 0068 0200     		.2byte	0x2
 1421 006a 49       		.byte	0x49
 1422 006b 9F       		.byte	0x9f
 1423 006c 34000000 		.4byte	.LVL7
 1424 0070 7E000000 		.4byte	.LVL13
 1425 0074 0100     		.2byte	0x1
 1426 0076 55       		.byte	0x55
 1427 0077 00000000 		.4byte	0
 1428 007b 00000000 		.4byte	0
 1429              	.LLST4:
 1430 007f 2E000000 		.4byte	.LVL6
 1431 0083 34000000 		.4byte	.LVL7
 1432 0087 0200     		.2byte	0x2
 1433 0089 30       		.byte	0x30
 1434 008a 9F       		.byte	0x9f
 1435 008b 34000000 		.4byte	.LVL7
 1436 008f 40000000 		.4byte	.LVL8
 1437 0093 0100     		.2byte	0x1
 1438 0095 54       		.byte	0x54
 1439 0096 44000000 		.4byte	.LVL9
 1440 009a 7E000000 		.4byte	.LVL13
 1441 009e 0100     		.2byte	0x1
 1442 00a0 54       		.byte	0x54
 1443 00a1 00000000 		.4byte	0
 1444 00a5 00000000 		.4byte	0
 1445              	.LLST5:
 1446 00a9 00000000 		.4byte	.LVL14
 1447 00ad 05000000 		.4byte	.LVL15-1
 1448 00b1 0100     		.2byte	0x1
 1449 00b3 50       		.byte	0x50
 1450 00b4 05000000 		.4byte	.LVL15-1
 1451 00b8 08000000 		.4byte	.LFE1
 1452 00bc 0400     		.2byte	0x4
 1453 00be F3       		.byte	0xf3
 1454 00bf 01       		.uleb128 0x1
 1455 00c0 50       		.byte	0x50
 1456 00c1 9F       		.byte	0x9f
 1457 00c2 00000000 		.4byte	0
 1458 00c6 00000000 		.4byte	0
 1459              	.LLST6:
ARM GAS  C:\Users\JOSEAN~1\AppData\Local\Temp\ccwNKoCt.s 			page 33


 1460 00ca 00000000 		.4byte	.LVL14
 1461 00ce 05000000 		.4byte	.LVL15-1
 1462 00d2 0100     		.2byte	0x1
 1463 00d4 51       		.byte	0x51
 1464 00d5 05000000 		.4byte	.LVL15-1
 1465 00d9 08000000 		.4byte	.LFE1
 1466 00dd 0400     		.2byte	0x4
 1467 00df F3       		.byte	0xf3
 1468 00e0 01       		.uleb128 0x1
 1469 00e1 51       		.byte	0x51
 1470 00e2 9F       		.byte	0x9f
 1471 00e3 00000000 		.4byte	0
 1472 00e7 00000000 		.4byte	0
 1473              	.LLST7:
 1474 00eb 00000000 		.4byte	.LVL14
 1475 00ef 05000000 		.4byte	.LVL15-1
 1476 00f3 0100     		.2byte	0x1
 1477 00f5 52       		.byte	0x52
 1478 00f6 05000000 		.4byte	.LVL15-1
 1479 00fa 08000000 		.4byte	.LFE1
 1480 00fe 0400     		.2byte	0x4
 1481 0100 F3       		.byte	0xf3
 1482 0101 01       		.uleb128 0x1
 1483 0102 52       		.byte	0x52
 1484 0103 9F       		.byte	0x9f
 1485 0104 00000000 		.4byte	0
 1486 0108 00000000 		.4byte	0
 1487              	.LLST8:
 1488 010c 0E000000 		.4byte	.LVL18
 1489 0110 12000000 		.4byte	.LVL19
 1490 0114 0200     		.2byte	0x2
 1491 0116 30       		.byte	0x30
 1492 0117 9F       		.byte	0x9f
 1493 0118 12000000 		.4byte	.LVL19
 1494 011c 2A000000 		.4byte	.LVL21
 1495 0120 0100     		.2byte	0x1
 1496 0122 54       		.byte	0x54
 1497 0123 2C000000 		.4byte	.LVL22
 1498 0127 46000000 		.4byte	.LVL23
 1499 012b 0100     		.2byte	0x1
 1500 012d 54       		.byte	0x54
 1501 012e 00000000 		.4byte	0
 1502 0132 00000000 		.4byte	0
 1503              	.LLST9:
 1504 0136 12000000 		.4byte	.LVL19
 1505 013a 2A000000 		.4byte	.LVL21
 1506 013e 0B00     		.2byte	0xb
 1507 0140 74       		.byte	0x74
 1508 0141 00       		.sleb128 0
 1509 0142 36       		.byte	0x36
 1510 0143 1E       		.byte	0x1e
 1511 0144 03       		.byte	0x3
 1512 0145 00000000 		.4byte	cfg_memset_list.4859
 1513 0149 22       		.byte	0x22
 1514 014a 9F       		.byte	0x9f
 1515 014b 2A000000 		.4byte	.LVL21
 1516 014f 2C000000 		.4byte	.LVL22
ARM GAS  C:\Users\JOSEAN~1\AppData\Local\Temp\ccwNKoCt.s 			page 34


 1517 0153 0B00     		.2byte	0xb
 1518 0155 74       		.byte	0x74
 1519 0156 7F       		.sleb128 -1
 1520 0157 36       		.byte	0x36
 1521 0158 1E       		.byte	0x1e
 1522 0159 03       		.byte	0x3
 1523 015a 00000000 		.4byte	cfg_memset_list.4859
 1524 015e 22       		.byte	0x22
 1525 015f 9F       		.byte	0x9f
 1526 0160 00000000 		.4byte	0
 1527 0164 00000000 		.4byte	0
 1528              		.section	.debug_aranges,"",%progbits
 1529 0000 4C000000 		.4byte	0x4c
 1530 0004 0200     		.2byte	0x2
 1531 0006 00000000 		.4byte	.Ldebug_info0
 1532 000a 04       		.byte	0x4
 1533 000b 00       		.byte	0
 1534 000c 0000     		.2byte	0
 1535 000e 0000     		.2byte	0
 1536 0010 00000000 		.4byte	.LFB3
 1537 0014 02000000 		.4byte	.LFE3-.LFB3
 1538 0018 00000000 		.4byte	.LFB5
 1539 001c 28000000 		.4byte	.LFE5-.LFB5
 1540 0020 00000000 		.4byte	.LFB0
 1541 0024 0C000000 		.4byte	.LFE0-.LFB0
 1542 0028 00000000 		.4byte	.LFB4
 1543 002c 9C000000 		.4byte	.LFE4-.LFB4
 1544 0030 00000000 		.4byte	.LFB1
 1545 0034 08000000 		.4byte	.LFE1-.LFB1
 1546 0038 00000000 		.4byte	.LFB6
 1547 003c 10000000 		.4byte	.LFE6-.LFB6
 1548 0040 00000000 		.4byte	.LFB7
 1549 0044 CC000000 		.4byte	.LFE7-.LFB7
 1550 0048 00000000 		.4byte	0
 1551 004c 00000000 		.4byte	0
 1552              		.section	.debug_ranges,"",%progbits
 1553              	.Ldebug_ranges0:
 1554 0000 00000000 		.4byte	.LFB3
 1555 0004 02000000 		.4byte	.LFE3
 1556 0008 00000000 		.4byte	.LFB5
 1557 000c 28000000 		.4byte	.LFE5
 1558 0010 00000000 		.4byte	.LFB0
 1559 0014 0C000000 		.4byte	.LFE0
 1560 0018 00000000 		.4byte	.LFB4
 1561 001c 9C000000 		.4byte	.LFE4
 1562 0020 00000000 		.4byte	.LFB1
 1563 0024 08000000 		.4byte	.LFE1
 1564 0028 00000000 		.4byte	.LFB6
 1565 002c 10000000 		.4byte	.LFE6
 1566 0030 00000000 		.4byte	.LFB7
 1567 0034 CC000000 		.4byte	.LFE7
 1568 0038 00000000 		.4byte	0
 1569 003c 00000000 		.4byte	0
 1570              		.section	.debug_line,"",%progbits
 1571              	.Ldebug_line0:
 1572 0000 AC010000 		.section	.debug_str,"MS",%progbits,1
 1572      0200D800 
ARM GAS  C:\Users\JOSEAN~1\AppData\Local\Temp\ccwNKoCt.s 			page 35


 1572      00000201 
 1572      FB0E0D00 
 1572      01010101 
 1573              	.LASF18:
 1574 0000 72656731 		.ascii	"reg16\000"
 1574      3600
 1575              	.LASF38:
 1576 0006 43794465 		.ascii	"CyDelayCycles\000"
 1576      6C617943 
 1576      79636C65 
 1576      7300
 1577              	.LASF11:
 1578 0014 73697A65 		.ascii	"size_t\000"
 1578      5F7400
 1579              	.LASF20:
 1580 001b 416E616C 		.ascii	"AnalogSetDefault\000"
 1580      6F675365 
 1580      74446566 
 1580      61756C74 
 1580      00
 1581              	.LASF25:
 1582 002c 74696D65 		.ascii	"timeout\000"
 1582      6F757400 
 1583              	.LASF36:
 1584 0034 6366675F 		.ascii	"cfg_memset_list\000"
 1584      6D656D73 
 1584      65745F6C 
 1584      69737400 
 1585              	.LASF23:
 1586 0044 436C6F63 		.ascii	"ClockSetup\000"
 1586      6B536574 
 1586      757000
 1587              	.LASF4:
 1588 004f 73686F72 		.ascii	"short unsigned int\000"
 1588      7420756E 
 1588      7369676E 
 1588      65642069 
 1588      6E7400
 1589              	.LASF26:
 1590 0062 706C6C4C 		.ascii	"pllLock\000"
 1590      6F636B00 
 1591              	.LASF15:
 1592 006a 666C6F61 		.ascii	"float\000"
 1592      7400
 1593              	.LASF19:
 1594 0070 4379436C 		.ascii	"CyClockStartupError\000"
 1594      6F636B53 
 1594      74617274 
 1594      75704572 
 1594      726F7200 
 1595              	.LASF28:
 1596 0084 64657374 		.ascii	"dest\000"
 1596      00
 1597              	.LASF34:
 1598 0089 73697A65 		.ascii	"size\000"
 1598      00
 1599              	.LASF17:
ARM GAS  C:\Users\JOSEAN~1\AppData\Local\Temp\ccwNKoCt.s 			page 36


 1600 008e 72656738 		.ascii	"reg8\000"
 1600      00
 1601              	.LASF6:
 1602 0093 6C6F6E67 		.ascii	"long unsigned int\000"
 1602      20756E73 
 1602      69676E65 
 1602      6420696E 
 1602      7400
 1603              	.LASF12:
 1604 00a5 75696E74 		.ascii	"uint8\000"
 1604      3800
 1605              	.LASF21:
 1606 00ab 43594D45 		.ascii	"CYMEMZERO\000"
 1606      4D5A4552 
 1606      4F00
 1607              	.LASF31:
 1608 00b5 53657441 		.ascii	"SetAnalogRoutingPumps\000"
 1608      6E616C6F 
 1608      67526F75 
 1608      74696E67 
 1608      50756D70 
 1609              	.LASF2:
 1610 00cb 756E7369 		.ascii	"unsigned char\000"
 1610      676E6564 
 1610      20636861 
 1610      7200
 1611              	.LASF37:
 1612 00d9 6D656D73 		.ascii	"memset\000"
 1612      657400
 1613              	.LASF16:
 1614 00e0 646F7562 		.ascii	"double\000"
 1614      6C6500
 1615              	.LASF32:
 1616 00e7 63796669 		.ascii	"cyfitter_cfg\000"
 1616      74746572 
 1616      5F636667 
 1616      00
 1617              	.LASF13:
 1618 00f4 75696E74 		.ascii	"uint16\000"
 1618      313600
 1619              	.LASF22:
 1620 00fb 6572726F 		.ascii	"errorCode\000"
 1620      72436F64 
 1620      6500
 1621              	.LASF14:
 1622 0105 75696E74 		.ascii	"uint32\000"
 1622      333200
 1623              	.LASF39:
 1624 010c 474E5520 		.ascii	"GNU C 4.9.3 20150303 (release) [ARM/embedded-4_9-br"
 1624      4320342E 
 1624      392E3320 
 1624      32303135 
 1624      30333033 
 1625 013f 616E6368 		.ascii	"anch revision 221220] -mcpu=cortex-m3 -mthumb -g -O"
 1625      20726576 
 1625      6973696F 
 1625      6E203232 
ARM GAS  C:\Users\JOSEAN~1\AppData\Local\Temp\ccwNKoCt.s 			page 37


 1625      31323230 
 1626 0172 67202D66 		.ascii	"g -ffunction-sections -ffat-lto-objects\000"
 1626      66756E63 
 1626      74696F6E 
 1626      2D736563 
 1626      74696F6E 
 1627              	.LASF0:
 1628 019a 756E7369 		.ascii	"unsigned int\000"
 1628      676E6564 
 1628      20696E74 
 1628      00
 1629              	.LASF33:
 1630 01a7 61646472 		.ascii	"address\000"
 1630      65737300 
 1631              	.LASF8:
 1632 01af 6C6F6E67 		.ascii	"long long unsigned int\000"
 1632      206C6F6E 
 1632      6720756E 
 1632      7369676E 
 1632      65642069 
 1633              	.LASF35:
 1634 01c6 6366675F 		.ascii	"cfg_memset_t\000"
 1634      6D656D73 
 1634      65745F74 
 1634      00
 1635              	.LASF9:
 1636 01d3 73697A65 		.ascii	"sizetype\000"
 1636      74797065 
 1636      00
 1637              	.LASF41:
 1638 01dc 433A5C55 		.ascii	"C:\\Users\\Jose Antonio\\Documents\\PSOC Creator\\P"
 1638      73657273 
 1638      5C4A6F73 
 1638      6520416E 
 1638      746F6E69 
 1639 020a 726F7965 		.ascii	"royectosPSOC\\Design01.cydsn\000"
 1639      63746F73 
 1639      50534F43 
 1639      5C446573 
 1639      69676E30 
 1640              	.LASF7:
 1641 0226 6C6F6E67 		.ascii	"long long int\000"
 1641      206C6F6E 
 1641      6720696E 
 1641      7400
 1642              	.LASF42:
 1643 0234 6D656D63 		.ascii	"memcpy\000"
 1643      707900
 1644              	.LASF3:
 1645 023b 73686F72 		.ascii	"short int\000"
 1645      7420696E 
 1645      7400
 1646              	.LASF40:
 1647 0245 2E5C4765 		.ascii	".\\Generated_Source\\PSoC5\\cyfitter_cfg.c\000"
 1647      6E657261 
 1647      7465645F 
 1647      536F7572 
ARM GAS  C:\Users\JOSEAN~1\AppData\Local\Temp\ccwNKoCt.s 			page 38


 1647      63655C50 
 1648              	.LASF29:
 1649 026d 656E6162 		.ascii	"enabled\000"
 1649      6C656400 
 1650              	.LASF5:
 1651 0275 6C6F6E67 		.ascii	"long int\000"
 1651      20696E74 
 1651      00
 1652              	.LASF10:
 1653 027e 63686172 		.ascii	"char\000"
 1653      00
 1654              	.LASF24:
 1655 0283 62675F78 		.ascii	"bg_xover_inl_trim\000"
 1655      6F766572 
 1655      5F696E6C 
 1655      5F747269 
 1655      6D00
 1656              	.LASF1:
 1657 0295 7369676E 		.ascii	"signed char\000"
 1657      65642063 
 1657      68617200 
 1658              	.LASF30:
 1659 02a1 72656756 		.ascii	"regValue\000"
 1659      616C7565 
 1659      00
 1660              	.LASF27:
 1661 02aa 4359434F 		.ascii	"CYCONFIGCPY\000"
 1661      4E464947 
 1661      43505900 
 1662              		.ident	"GCC: (GNU Tools for ARM Embedded Processors) 4.9.3 20150303 (release) [ARM/embedded-4_9-br
