ARM GAS  C:\Users\JOSEAN~1\AppData\Local\Temp\ccEjqAqI.s 			page 1


   1              		.syntax unified
   2              		.cpu cortex-m3
   3              		.fpu softvfp
   4              		.eabi_attribute 20, 1
   5              		.eabi_attribute 21, 1
   6              		.eabi_attribute 23, 3
   7              		.eabi_attribute 24, 1
   8              		.eabi_attribute 25, 1
   9              		.eabi_attribute 26, 1
  10              		.eabi_attribute 30, 1
  11              		.eabi_attribute 34, 1
  12              		.eabi_attribute 18, 4
  13              		.thumb
  14              		.file	"cymetadata.c"
  15              		.text
  16              	.Ltext0:
  17              		.cfi_sections	.debug_frame
  18              		.global	cy_metadata
  19              		.global	cy_meta_flashprotect
  20              		.global	cy_meta_wonvl
  21              		.global	cy_meta_custnvl
  22              		.global	cy_meta_configecc
  23              		.section	.cyconfigecc,"a",%progbits
  24              		.align	2
  25              		.type	cy_meta_configecc, %object
  26              		.size	cy_meta_configecc, 16
  27              	cy_meta_configecc:
  28 0000 80       		.byte	-128
  29 0001 00       		.byte	0
  30 0002 00       		.byte	0
  31 0003 00       		.byte	0
  32 0004 00       		.byte	0
  33 0005 00       		.byte	0
  34 0006 00       		.byte	0
  35 0007 00       		.byte	0
  36 0008 00       		.byte	0
  37 0009 7F       		.byte	127
  38 000a 7F       		.byte	127
  39 000b 00       		.byte	0
  40 000c 00       		.byte	0
  41 000d 00       		.byte	0
  42 000e 00       		.byte	0
  43 000f 00       		.byte	0
  44              		.section	.cywolatch,"a",%progbits
  45              		.align	2
  46              		.type	cy_meta_wonvl, %object
  47              		.size	cy_meta_wonvl, 4
  48              	cy_meta_wonvl:
  49 0000 BC       		.byte	-68
  50 0001 90       		.byte	-112
  51 0002 AC       		.byte	-84
  52 0003 AF       		.byte	-81
  53              		.section	.cycustnvl,"a",%progbits
  54              		.align	2
  55              		.type	cy_meta_custnvl, %object
  56              		.size	cy_meta_custnvl, 4
  57              	cy_meta_custnvl:
ARM GAS  C:\Users\JOSEAN~1\AppData\Local\Temp\ccEjqAqI.s 			page 2


  58 0000 00       		.byte	0
  59 0001 00       		.byte	0
  60 0002 40       		.byte	64
  61 0003 05       		.byte	5
  62              		.section	.cymeta,"a",%progbits
  63              		.align	2
  64              		.type	cy_metadata, %object
  65              		.size	cy_metadata, 12
  66              	cy_metadata:
  67 0000 00       		.byte	0
  68 0001 01       		.byte	1
  69 0002 2E       		.byte	46
  70 0003 12       		.byte	18
  71 0004 00       		.byte	0
  72 0005 69       		.byte	105
  73 0006 00       		.byte	0
  74 0007 01       		.byte	1
  75 0008 00       		.byte	0
  76 0009 00       		.byte	0
  77 000a 00       		.byte	0
  78 000b 00       		.byte	0
  79              		.section	.cyflashprotect,"a",%progbits
  80              		.align	2
  81              		.type	cy_meta_flashprotect, %object
  82              		.size	cy_meta_flashprotect, 256
  83              	cy_meta_flashprotect:
  84 0000 00000000 		.space	256
  84      00000000 
  84      00000000 
  84      00000000 
  84      00000000 
  85              		.text
  86              	.Letext0:
  87              		.file 1 ".\\Generated_Source\\PSoC5\\cymetadata.c"
  88              		.file 2 ".\\Generated_Source\\PSoC5\\cytypes.h"
  89              		.section	.debug_info,"",%progbits
  90              	.Ldebug_info0:
  91 0000 36010000 		.4byte	0x136
  92 0004 0400     		.2byte	0x4
  93 0006 00000000 		.4byte	.Ldebug_abbrev0
  94 000a 04       		.byte	0x4
  95 000b 01       		.uleb128 0x1
  96 000c 94000000 		.4byte	.LASF18
  97 0010 01       		.byte	0x1
  98 0011 00000000 		.4byte	.LASF19
  99 0015 72010000 		.4byte	.LASF20
 100 0019 00000000 		.4byte	.Ldebug_line0
 101 001d 02       		.uleb128 0x2
 102 001e 01       		.byte	0x1
 103 001f 06       		.byte	0x6
 104 0020 E8010000 		.4byte	.LASF0
 105 0024 02       		.uleb128 0x2
 106 0025 01       		.byte	0x1
 107 0026 08       		.byte	0x8
 108 0027 38000000 		.4byte	.LASF1
 109 002b 02       		.uleb128 0x2
 110 002c 02       		.byte	0x2
ARM GAS  C:\Users\JOSEAN~1\AppData\Local\Temp\ccEjqAqI.s 			page 3


 111 002d 05       		.byte	0x5
 112 002e CF010000 		.4byte	.LASF2
 113 0032 02       		.uleb128 0x2
 114 0033 02       		.byte	0x2
 115 0034 07       		.byte	0x7
 116 0035 58000000 		.4byte	.LASF3
 117 0039 02       		.uleb128 0x2
 118 003a 04       		.byte	0x4
 119 003b 05       		.byte	0x5
 120 003c DF010000 		.4byte	.LASF4
 121 0040 02       		.uleb128 0x2
 122 0041 04       		.byte	0x4
 123 0042 07       		.byte	0x7
 124 0043 46000000 		.4byte	.LASF5
 125 0047 02       		.uleb128 0x2
 126 0048 08       		.byte	0x8
 127 0049 05       		.byte	0x5
 128 004a BC010000 		.4byte	.LASF6
 129 004e 02       		.uleb128 0x2
 130 004f 08       		.byte	0x8
 131 0050 07       		.byte	0x7
 132 0051 2F010000 		.4byte	.LASF7
 133 0055 03       		.uleb128 0x3
 134 0056 04       		.byte	0x4
 135 0057 05       		.byte	0x5
 136 0058 696E7400 		.ascii	"int\000"
 137 005c 02       		.uleb128 0x2
 138 005d 04       		.byte	0x4
 139 005e 07       		.byte	0x7
 140 005f 22010000 		.4byte	.LASF8
 141 0063 04       		.uleb128 0x4
 142 0064 D9010000 		.4byte	.LASF21
 143 0068 02       		.byte	0x2
 144 0069 9201     		.2byte	0x192
 145 006b 24000000 		.4byte	0x24
 146 006f 02       		.uleb128 0x2
 147 0070 04       		.byte	0x4
 148 0071 04       		.byte	0x4
 149 0072 32000000 		.4byte	.LASF9
 150 0076 02       		.uleb128 0x2
 151 0077 08       		.byte	0x8
 152 0078 04       		.byte	0x4
 153 0079 6B000000 		.4byte	.LASF10
 154 007d 02       		.uleb128 0x2
 155 007e 01       		.byte	0x1
 156 007f 08       		.byte	0x8
 157 0080 CA010000 		.4byte	.LASF11
 158 0084 05       		.uleb128 0x5
 159 0085 63000000 		.4byte	0x63
 160 0089 94000000 		.4byte	0x94
 161 008d 06       		.uleb128 0x6
 162 008e 94000000 		.4byte	0x94
 163 0092 0F       		.byte	0xf
 164 0093 00       		.byte	0
 165 0094 02       		.uleb128 0x2
 166 0095 04       		.byte	0x4
 167 0096 07       		.byte	0x7
ARM GAS  C:\Users\JOSEAN~1\AppData\Local\Temp\ccEjqAqI.s 			page 4


 168 0097 69010000 		.4byte	.LASF12
 169 009b 07       		.uleb128 0x7
 170 009c 82000000 		.4byte	.LASF13
 171 00a0 01       		.byte	0x1
 172 00a1 1F       		.byte	0x1f
 173 00a2 AC000000 		.4byte	0xac
 174 00a6 05       		.uleb128 0x5
 175 00a7 03       		.byte	0x3
 176 00a8 00000000 		.4byte	cy_meta_configecc
 177 00ac 08       		.uleb128 0x8
 178 00ad 84000000 		.4byte	0x84
 179 00b1 05       		.uleb128 0x5
 180 00b2 63000000 		.4byte	0x63
 181 00b6 C1000000 		.4byte	0xc1
 182 00ba 06       		.uleb128 0x6
 183 00bb 94000000 		.4byte	0x94
 184 00bf 03       		.byte	0x3
 185 00c0 00       		.byte	0
 186 00c1 07       		.uleb128 0x7
 187 00c2 72000000 		.4byte	.LASF14
 188 00c6 01       		.byte	0x1
 189 00c7 2E       		.byte	0x2e
 190 00c8 D2000000 		.4byte	0xd2
 191 00cc 05       		.uleb128 0x5
 192 00cd 03       		.byte	0x3
 193 00ce 00000000 		.4byte	cy_meta_custnvl
 194 00d2 08       		.uleb128 0x8
 195 00d3 B1000000 		.4byte	0xb1
 196 00d7 07       		.uleb128 0x7
 197 00d8 5B010000 		.4byte	.LASF15
 198 00dc 01       		.byte	0x1
 199 00dd 3C       		.byte	0x3c
 200 00de E8000000 		.4byte	0xe8
 201 00e2 05       		.uleb128 0x5
 202 00e3 03       		.byte	0x3
 203 00e4 00000000 		.4byte	cy_meta_wonvl
 204 00e8 08       		.uleb128 0x8
 205 00e9 B1000000 		.4byte	0xb1
 206 00ed 05       		.uleb128 0x5
 207 00ee 63000000 		.4byte	0x63
 208 00f2 FD000000 		.4byte	0xfd
 209 00f6 06       		.uleb128 0x6
 210 00f7 94000000 		.4byte	0x94
 211 00fb FF       		.byte	0xff
 212 00fc 00       		.byte	0
 213 00fd 07       		.uleb128 0x7
 214 00fe 46010000 		.4byte	.LASF16
 215 0102 01       		.byte	0x1
 216 0103 4A       		.byte	0x4a
 217 0104 0E010000 		.4byte	0x10e
 218 0108 05       		.uleb128 0x5
 219 0109 03       		.byte	0x3
 220 010a 00000000 		.4byte	cy_meta_flashprotect
 221 010e 08       		.uleb128 0x8
 222 010f ED000000 		.4byte	0xed
 223 0113 05       		.uleb128 0x5
 224 0114 63000000 		.4byte	0x63
ARM GAS  C:\Users\JOSEAN~1\AppData\Local\Temp\ccEjqAqI.s 			page 5


 225 0118 23010000 		.4byte	0x123
 226 011c 06       		.uleb128 0x6
 227 011d 94000000 		.4byte	0x94
 228 0121 0B       		.byte	0xb
 229 0122 00       		.byte	0
 230 0123 07       		.uleb128 0x7
 231 0124 26000000 		.4byte	.LASF17
 232 0128 01       		.byte	0x1
 233 0129 77       		.byte	0x77
 234 012a 34010000 		.4byte	0x134
 235 012e 05       		.uleb128 0x5
 236 012f 03       		.byte	0x3
 237 0130 00000000 		.4byte	cy_metadata
 238 0134 08       		.uleb128 0x8
 239 0135 13010000 		.4byte	0x113
 240 0139 00       		.byte	0
 241              		.section	.debug_abbrev,"",%progbits
 242              	.Ldebug_abbrev0:
 243 0000 01       		.uleb128 0x1
 244 0001 11       		.uleb128 0x11
 245 0002 01       		.byte	0x1
 246 0003 25       		.uleb128 0x25
 247 0004 0E       		.uleb128 0xe
 248 0005 13       		.uleb128 0x13
 249 0006 0B       		.uleb128 0xb
 250 0007 03       		.uleb128 0x3
 251 0008 0E       		.uleb128 0xe
 252 0009 1B       		.uleb128 0x1b
 253 000a 0E       		.uleb128 0xe
 254 000b 10       		.uleb128 0x10
 255 000c 17       		.uleb128 0x17
 256 000d 00       		.byte	0
 257 000e 00       		.byte	0
 258 000f 02       		.uleb128 0x2
 259 0010 24       		.uleb128 0x24
 260 0011 00       		.byte	0
 261 0012 0B       		.uleb128 0xb
 262 0013 0B       		.uleb128 0xb
 263 0014 3E       		.uleb128 0x3e
 264 0015 0B       		.uleb128 0xb
 265 0016 03       		.uleb128 0x3
 266 0017 0E       		.uleb128 0xe
 267 0018 00       		.byte	0
 268 0019 00       		.byte	0
 269 001a 03       		.uleb128 0x3
 270 001b 24       		.uleb128 0x24
 271 001c 00       		.byte	0
 272 001d 0B       		.uleb128 0xb
 273 001e 0B       		.uleb128 0xb
 274 001f 3E       		.uleb128 0x3e
 275 0020 0B       		.uleb128 0xb
 276 0021 03       		.uleb128 0x3
 277 0022 08       		.uleb128 0x8
 278 0023 00       		.byte	0
 279 0024 00       		.byte	0
 280 0025 04       		.uleb128 0x4
 281 0026 16       		.uleb128 0x16
ARM GAS  C:\Users\JOSEAN~1\AppData\Local\Temp\ccEjqAqI.s 			page 6


 282 0027 00       		.byte	0
 283 0028 03       		.uleb128 0x3
 284 0029 0E       		.uleb128 0xe
 285 002a 3A       		.uleb128 0x3a
 286 002b 0B       		.uleb128 0xb
 287 002c 3B       		.uleb128 0x3b
 288 002d 05       		.uleb128 0x5
 289 002e 49       		.uleb128 0x49
 290 002f 13       		.uleb128 0x13
 291 0030 00       		.byte	0
 292 0031 00       		.byte	0
 293 0032 05       		.uleb128 0x5
 294 0033 01       		.uleb128 0x1
 295 0034 01       		.byte	0x1
 296 0035 49       		.uleb128 0x49
 297 0036 13       		.uleb128 0x13
 298 0037 01       		.uleb128 0x1
 299 0038 13       		.uleb128 0x13
 300 0039 00       		.byte	0
 301 003a 00       		.byte	0
 302 003b 06       		.uleb128 0x6
 303 003c 21       		.uleb128 0x21
 304 003d 00       		.byte	0
 305 003e 49       		.uleb128 0x49
 306 003f 13       		.uleb128 0x13
 307 0040 2F       		.uleb128 0x2f
 308 0041 0B       		.uleb128 0xb
 309 0042 00       		.byte	0
 310 0043 00       		.byte	0
 311 0044 07       		.uleb128 0x7
 312 0045 34       		.uleb128 0x34
 313 0046 00       		.byte	0
 314 0047 03       		.uleb128 0x3
 315 0048 0E       		.uleb128 0xe
 316 0049 3A       		.uleb128 0x3a
 317 004a 0B       		.uleb128 0xb
 318 004b 3B       		.uleb128 0x3b
 319 004c 0B       		.uleb128 0xb
 320 004d 49       		.uleb128 0x49
 321 004e 13       		.uleb128 0x13
 322 004f 3F       		.uleb128 0x3f
 323 0050 19       		.uleb128 0x19
 324 0051 02       		.uleb128 0x2
 325 0052 18       		.uleb128 0x18
 326 0053 00       		.byte	0
 327 0054 00       		.byte	0
 328 0055 08       		.uleb128 0x8
 329 0056 26       		.uleb128 0x26
 330 0057 00       		.byte	0
 331 0058 49       		.uleb128 0x49
 332 0059 13       		.uleb128 0x13
 333 005a 00       		.byte	0
 334 005b 00       		.byte	0
 335 005c 00       		.byte	0
 336              		.section	.debug_aranges,"",%progbits
 337 0000 14000000 		.4byte	0x14
 338 0004 0200     		.2byte	0x2
ARM GAS  C:\Users\JOSEAN~1\AppData\Local\Temp\ccEjqAqI.s 			page 7


 339 0006 00000000 		.4byte	.Ldebug_info0
 340 000a 04       		.byte	0x4
 341 000b 00       		.byte	0
 342 000c 0000     		.2byte	0
 343 000e 0000     		.2byte	0
 344 0010 00000000 		.4byte	0
 345 0014 00000000 		.4byte	0
 346              		.section	.debug_line,"",%progbits
 347              	.Ldebug_line0:
 348 0000 4F000000 		.section	.debug_str,"MS",%progbits,1
 348      02004900 
 348      00000201 
 348      FB0E0D00 
 348      01010101 
 349              	.LASF19:
 350 0000 2E5C4765 		.ascii	".\\Generated_Source\\PSoC5\\cymetadata.c\000"
 350      6E657261 
 350      7465645F 
 350      536F7572 
 350      63655C50 
 351              	.LASF17:
 352 0026 63795F6D 		.ascii	"cy_metadata\000"
 352      65746164 
 352      61746100 
 353              	.LASF9:
 354 0032 666C6F61 		.ascii	"float\000"
 354      7400
 355              	.LASF1:
 356 0038 756E7369 		.ascii	"unsigned char\000"
 356      676E6564 
 356      20636861 
 356      7200
 357              	.LASF5:
 358 0046 6C6F6E67 		.ascii	"long unsigned int\000"
 358      20756E73 
 358      69676E65 
 358      6420696E 
 358      7400
 359              	.LASF3:
 360 0058 73686F72 		.ascii	"short unsigned int\000"
 360      7420756E 
 360      7369676E 
 360      65642069 
 360      6E7400
 361              	.LASF10:
 362 006b 646F7562 		.ascii	"double\000"
 362      6C6500
 363              	.LASF14:
 364 0072 63795F6D 		.ascii	"cy_meta_custnvl\000"
 364      6574615F 
 364      63757374 
 364      6E766C00 
 365              	.LASF13:
 366 0082 63795F6D 		.ascii	"cy_meta_configecc\000"
 366      6574615F 
 366      636F6E66 
 366      69676563 
ARM GAS  C:\Users\JOSEAN~1\AppData\Local\Temp\ccEjqAqI.s 			page 8


 366      6300
 367              	.LASF18:
 368 0094 474E5520 		.ascii	"GNU C 4.9.3 20150303 (release) [ARM/embedded-4_9-br"
 368      4320342E 
 368      392E3320 
 368      32303135 
 368      30333033 
 369 00c7 616E6368 		.ascii	"anch revision 221220] -mcpu=cortex-m3 -mthumb -g -O"
 369      20726576 
 369      6973696F 
 369      6E203232 
 369      31323230 
 370 00fa 67202D66 		.ascii	"g -ffunction-sections -ffat-lto-objects\000"
 370      66756E63 
 370      74696F6E 
 370      2D736563 
 370      74696F6E 
 371              	.LASF8:
 372 0122 756E7369 		.ascii	"unsigned int\000"
 372      676E6564 
 372      20696E74 
 372      00
 373              	.LASF7:
 374 012f 6C6F6E67 		.ascii	"long long unsigned int\000"
 374      206C6F6E 
 374      6720756E 
 374      7369676E 
 374      65642069 
 375              	.LASF16:
 376 0146 63795F6D 		.ascii	"cy_meta_flashprotect\000"
 376      6574615F 
 376      666C6173 
 376      6870726F 
 376      74656374 
 377              	.LASF15:
 378 015b 63795F6D 		.ascii	"cy_meta_wonvl\000"
 378      6574615F 
 378      776F6E76 
 378      6C00
 379              	.LASF12:
 380 0169 73697A65 		.ascii	"sizetype\000"
 380      74797065 
 380      00
 381              	.LASF20:
 382 0172 433A5C55 		.ascii	"C:\\Users\\Jose Antonio\\Documents\\PSOC Creator\\P"
 382      73657273 
 382      5C4A6F73 
 382      6520416E 
 382      746F6E69 
 383 01a0 726F7965 		.ascii	"royectosPSOC\\Design01.cydsn\000"
 383      63746F73 
 383      50534F43 
 383      5C446573 
 383      69676E30 
 384              	.LASF6:
 385 01bc 6C6F6E67 		.ascii	"long long int\000"
 385      206C6F6E 
ARM GAS  C:\Users\JOSEAN~1\AppData\Local\Temp\ccEjqAqI.s 			page 9


 385      6720696E 
 385      7400
 386              	.LASF11:
 387 01ca 63686172 		.ascii	"char\000"
 387      00
 388              	.LASF2:
 389 01cf 73686F72 		.ascii	"short int\000"
 389      7420696E 
 389      7400
 390              	.LASF21:
 391 01d9 75696E74 		.ascii	"uint8\000"
 391      3800
 392              	.LASF4:
 393 01df 6C6F6E67 		.ascii	"long int\000"
 393      20696E74 
 393      00
 394              	.LASF0:
 395 01e8 7369676E 		.ascii	"signed char\000"
 395      65642063 
 395      68617200 
 396              		.ident	"GCC: (GNU Tools for ARM Embedded Processors) 4.9.3 20150303 (release) [ARM/embedded-4_9-br
