ARM GAS  C:\Users\JOSEAN~1\AppData\Local\Temp\ccUjYDZr.s 			page 1


   1              		.syntax unified
   2              		.cpu cortex-m3
   3              		.fpu softvfp
   4              		.eabi_attribute 20, 1
   5              		.eabi_attribute 21, 1
   6              		.eabi_attribute 23, 3
   7              		.eabi_attribute 24, 1
   8              		.eabi_attribute 25, 1
   9              		.eabi_attribute 26, 1
  10              		.eabi_attribute 30, 1
  11              		.eabi_attribute 34, 1
  12              		.eabi_attribute 18, 4
  13              		.thumb
  14              		.file	"main.c"
  15              		.text
  16              	.Ltext0:
  17              		.cfi_sections	.debug_frame
  18              		.section	.text.main,"ax",%progbits
  19              		.align	2
  20              		.global	main
  21              		.thumb
  22              		.thumb_func
  23              		.type	main, %function
  24              	main:
  25              	.LFB63:
  26              		.file 1 ".\\main.c"
   1:.\main.c      **** /* ========================================
   2:.\main.c      ****  *
   3:.\main.c      ****  * Copyright YOUR COMPANY, THE YEAR
   4:.\main.c      ****  * All Rights Reserved
   5:.\main.c      ****  * UNPUBLISHED, LICENSED SOFTWARE.
   6:.\main.c      ****  *
   7:.\main.c      ****  * CONFIDENTIAL AND PROPRIETARY INFORMATION
   8:.\main.c      ****  * WHICH IS THE PROPERTY OF your company.
   9:.\main.c      ****  *
  10:.\main.c      ****  * ========================================
  11:.\main.c      **** */
  12:.\main.c      **** #include <project.h>
  13:.\main.c      **** 
  14:.\main.c      **** int main()
  15:.\main.c      **** {
  27              		.loc 1 15 0
  28              		.cfi_startproc
  29              		@ Volatile: function does not return.
  30              		@ args = 0, pretend = 0, frame = 0
  31              		@ frame_needed = 0, uses_anonymous_args = 0
  32 0000 08B5     		push	{r3, lr}
  33              		.cfi_def_cfa_offset 8
  34              		.cfi_offset 3, -8
  35              		.cfi_offset 14, -4
  16:.\main.c      ****     CyGlobalIntEnable; /* Enable global interrupts. */
  36              		.loc 1 16 0
  37              	@ 16 ".\main.c" 1
  38 0002 62B6     		CPSIE   i
  39              	@ 0 "" 2
  17:.\main.c      ****     LCD_Char_1_Start();
  40              		.loc 1 17 0
ARM GAS  C:\Users\JOSEAN~1\AppData\Local\Temp\ccUjYDZr.s 			page 2


  41              		.thumb
  42 0004 FFF7FEFF 		bl	LCD_Char_1_Start
  43              	.LVL0:
  18:.\main.c      ****     /* Place your initialization/startup code here (e.g. MyInst_Start()) */
  19:.\main.c      ****     LCD_Char_1_Position(0,0);
  44              		.loc 1 19 0
  45 0008 0020     		movs	r0, #0
  46 000a 0146     		mov	r1, r0
  47 000c FFF7FEFF 		bl	LCD_Char_1_Position
  48              	.LVL1:
  49              	.L2:
  20:.\main.c      ****     //LCD_Char_1_PrintString("Hola");
  21:.\main.c      ****     for(;;)
  22:.\main.c      ****     {
  23:.\main.c      ****         if(Entrada_Read()==1){
  50              		.loc 1 23 0
  51 0010 FFF7FEFF 		bl	Entrada_Read
  52              	.LVL2:
  53 0014 0128     		cmp	r0, #1
  54 0016 FBD1     		bne	.L2
  24:.\main.c      ****             LCD_Char_1_PrintString("Hola");
  55              		.loc 1 24 0
  56 0018 0148     		ldr	r0, .L5
  57 001a FFF7FEFF 		bl	LCD_Char_1_PrintString
  58              	.LVL3:
  59              	.L3:
  25:.\main.c      ****             while(1);
  60              		.loc 1 25 0 discriminator 1
  61 001e FEE7     		b	.L3
  62              	.L6:
  63              		.align	2
  64              	.L5:
  65 0020 00000000 		.word	.LC0
  66              		.cfi_endproc
  67              	.LFE63:
  68              		.size	main, .-main
  69              		.section	.rodata.str1.4,"aMS",%progbits,1
  70              		.align	2
  71              	.LC0:
  72 0000 486F6C61 		.ascii	"Hola\000"
  72      00
  73 0005 000000   		.text
  74              	.Letext0:
  75              		.file 2 "c:\\program files (x86)\\cypress\\psoc creator\\3.3\\psoc creator\\import\\gnu\\arm\\4.9.
  76              		.file 3 "c:\\program files (x86)\\cypress\\psoc creator\\3.3\\psoc creator\\import\\gnu\\arm\\4.9.
  77              		.file 4 "Generated_Source\\PSoC5/cytypes.h"
  78              		.file 5 "Generated_Source\\PSoC5/LCD_Char_1.h"
  79              		.file 6 "Generated_Source\\PSoC5/core_cm3.h"
  80              		.file 7 "Generated_Source\\PSoC5/Entrada.h"
  81              		.section	.debug_info,"",%progbits
  82              	.Ldebug_info0:
  83 0000 5E010000 		.4byte	0x15e
  84 0004 0400     		.2byte	0x4
  85 0006 00000000 		.4byte	.Ldebug_abbrev0
  86 000a 04       		.byte	0x4
  87 000b 01       		.uleb128 0x1
  88 000c 90000000 		.4byte	.LASF19
ARM GAS  C:\Users\JOSEAN~1\AppData\Local\Temp\ccUjYDZr.s 			page 3


  89 0010 01       		.byte	0x1
  90 0011 4E010000 		.4byte	.LASF20
  91 0015 5E010000 		.4byte	.LASF21
  92 0019 00000000 		.4byte	.Ldebug_ranges0+0
  93 001d 00000000 		.4byte	0
  94 0021 00000000 		.4byte	.Ldebug_line0
  95 0025 02       		.uleb128 0x2
  96 0026 01       		.byte	0x1
  97 0027 06       		.byte	0x6
  98 0028 B5010000 		.4byte	.LASF0
  99 002c 02       		.uleb128 0x2
 100 002d 01       		.byte	0x1
 101 002e 08       		.byte	0x8
 102 002f 1E010000 		.4byte	.LASF1
 103 0033 02       		.uleb128 0x2
 104 0034 02       		.byte	0x2
 105 0035 05       		.byte	0x5
 106 0036 DE010000 		.4byte	.LASF2
 107 003a 02       		.uleb128 0x2
 108 003b 02       		.byte	0x2
 109 003c 07       		.byte	0x7
 110 003d 0E000000 		.4byte	.LASF3
 111 0041 03       		.uleb128 0x3
 112 0042 CE010000 		.4byte	.LASF9
 113 0046 02       		.byte	0x2
 114 0047 3F       		.byte	0x3f
 115 0048 4C000000 		.4byte	0x4c
 116 004c 02       		.uleb128 0x2
 117 004d 04       		.byte	0x4
 118 004e 05       		.byte	0x5
 119 004f 45010000 		.4byte	.LASF4
 120 0053 02       		.uleb128 0x2
 121 0054 04       		.byte	0x4
 122 0055 07       		.byte	0x7
 123 0056 61000000 		.4byte	.LASF5
 124 005a 02       		.uleb128 0x2
 125 005b 08       		.byte	0x8
 126 005c 05       		.byte	0x5
 127 005d 00000000 		.4byte	.LASF6
 128 0061 02       		.uleb128 0x2
 129 0062 08       		.byte	0x8
 130 0063 07       		.byte	0x7
 131 0064 73000000 		.4byte	.LASF7
 132 0068 04       		.uleb128 0x4
 133 0069 04       		.byte	0x4
 134 006a 05       		.byte	0x5
 135 006b 696E7400 		.ascii	"int\000"
 136 006f 02       		.uleb128 0x2
 137 0070 04       		.byte	0x4
 138 0071 07       		.byte	0x7
 139 0072 21000000 		.4byte	.LASF8
 140 0076 03       		.uleb128 0x3
 141 0077 E8010000 		.4byte	.LASF10
 142 007b 03       		.byte	0x3
 143 007c 2C       		.byte	0x2c
 144 007d 41000000 		.4byte	0x41
 145 0081 05       		.uleb128 0x5
ARM GAS  C:\Users\JOSEAN~1\AppData\Local\Temp\ccUjYDZr.s 			page 4


 146 0082 5B000000 		.4byte	.LASF11
 147 0086 04       		.byte	0x4
 148 0087 9201     		.2byte	0x192
 149 0089 2C000000 		.4byte	0x2c
 150 008d 02       		.uleb128 0x2
 151 008e 04       		.byte	0x4
 152 008f 04       		.byte	0x4
 153 0090 D8010000 		.4byte	.LASF12
 154 0094 02       		.uleb128 0x2
 155 0095 08       		.byte	0x8
 156 0096 04       		.byte	0x4
 157 0097 57010000 		.4byte	.LASF13
 158 009b 05       		.uleb128 0x5
 159 009c 8A000000 		.4byte	.LASF14
 160 00a0 04       		.byte	0x4
 161 00a1 A301     		.2byte	0x1a3
 162 00a3 A7000000 		.4byte	0xa7
 163 00a7 02       		.uleb128 0x2
 164 00a8 01       		.byte	0x1
 165 00a9 08       		.byte	0x8
 166 00aa 40010000 		.4byte	.LASF15
 167 00ae 02       		.uleb128 0x2
 168 00af 04       		.byte	0x4
 169 00b0 07       		.byte	0x7
 170 00b1 F0010000 		.4byte	.LASF16
 171 00b5 06       		.uleb128 0x6
 172 00b6 45000000 		.4byte	.LASF22
 173 00ba 01       		.byte	0x1
 174 00bb 0E       		.byte	0xe
 175 00bc 68000000 		.4byte	0x68
 176 00c0 00000000 		.4byte	.LFB63
 177 00c4 24000000 		.4byte	.LFE63-.LFB63
 178 00c8 01       		.uleb128 0x1
 179 00c9 9C       		.byte	0x9c
 180 00ca 0C010000 		.4byte	0x10c
 181 00ce 07       		.uleb128 0x7
 182 00cf 08000000 		.4byte	.LVL0
 183 00d3 1D010000 		.4byte	0x11d
 184 00d7 08       		.uleb128 0x8
 185 00d8 10000000 		.4byte	.LVL1
 186 00dc 24010000 		.4byte	0x124
 187 00e0 EF000000 		.4byte	0xef
 188 00e4 09       		.uleb128 0x9
 189 00e5 01       		.uleb128 0x1
 190 00e6 51       		.byte	0x51
 191 00e7 01       		.uleb128 0x1
 192 00e8 30       		.byte	0x30
 193 00e9 09       		.uleb128 0x9
 194 00ea 01       		.uleb128 0x1
 195 00eb 50       		.byte	0x50
 196 00ec 01       		.uleb128 0x1
 197 00ed 30       		.byte	0x30
 198 00ee 00       		.byte	0
 199 00ef 07       		.uleb128 0x7
 200 00f0 14000000 		.4byte	.LVL2
 201 00f4 3A010000 		.4byte	0x13a
 202 00f8 0A       		.uleb128 0xa
ARM GAS  C:\Users\JOSEAN~1\AppData\Local\Temp\ccUjYDZr.s 			page 5


 203 00f9 1E000000 		.4byte	.LVL3
 204 00fd 45010000 		.4byte	0x145
 205 0101 09       		.uleb128 0x9
 206 0102 01       		.uleb128 0x1
 207 0103 50       		.byte	0x50
 208 0104 05       		.uleb128 0x5
 209 0105 03       		.byte	0x3
 210 0106 00000000 		.4byte	.LC0
 211 010a 00       		.byte	0
 212 010b 00       		.byte	0
 213 010c 0B       		.uleb128 0xb
 214 010d A8010000 		.4byte	.LASF23
 215 0111 06       		.byte	0x6
 216 0112 9606     		.2byte	0x696
 217 0114 18010000 		.4byte	0x118
 218 0118 0C       		.uleb128 0xc
 219 0119 76000000 		.4byte	0x76
 220 011d 0D       		.uleb128 0xd
 221 011e 4A000000 		.4byte	.LASF24
 222 0122 05       		.byte	0x5
 223 0123 38       		.byte	0x38
 224 0124 0E       		.uleb128 0xe
 225 0125 2C010000 		.4byte	.LASF17
 226 0129 05       		.byte	0x5
 227 012a 3D       		.byte	0x3d
 228 012b 3A010000 		.4byte	0x13a
 229 012f 0F       		.uleb128 0xf
 230 0130 81000000 		.4byte	0x81
 231 0134 0F       		.uleb128 0xf
 232 0135 81000000 		.4byte	0x81
 233 0139 00       		.byte	0
 234 013a 10       		.uleb128 0x10
 235 013b C1010000 		.4byte	.LASF25
 236 013f 07       		.byte	0x7
 237 0140 29       		.byte	0x29
 238 0141 81000000 		.4byte	0x81
 239 0145 0E       		.uleb128 0xe
 240 0146 2E000000 		.4byte	.LASF18
 241 014a 05       		.byte	0x5
 242 014b 3C       		.byte	0x3c
 243 014c 56010000 		.4byte	0x156
 244 0150 0F       		.uleb128 0xf
 245 0151 56010000 		.4byte	0x156
 246 0155 00       		.byte	0
 247 0156 11       		.uleb128 0x11
 248 0157 04       		.byte	0x4
 249 0158 5C010000 		.4byte	0x15c
 250 015c 12       		.uleb128 0x12
 251 015d 9B000000 		.4byte	0x9b
 252 0161 00       		.byte	0
 253              		.section	.debug_abbrev,"",%progbits
 254              	.Ldebug_abbrev0:
 255 0000 01       		.uleb128 0x1
 256 0001 11       		.uleb128 0x11
 257 0002 01       		.byte	0x1
 258 0003 25       		.uleb128 0x25
 259 0004 0E       		.uleb128 0xe
ARM GAS  C:\Users\JOSEAN~1\AppData\Local\Temp\ccUjYDZr.s 			page 6


 260 0005 13       		.uleb128 0x13
 261 0006 0B       		.uleb128 0xb
 262 0007 03       		.uleb128 0x3
 263 0008 0E       		.uleb128 0xe
 264 0009 1B       		.uleb128 0x1b
 265 000a 0E       		.uleb128 0xe
 266 000b 55       		.uleb128 0x55
 267 000c 17       		.uleb128 0x17
 268 000d 11       		.uleb128 0x11
 269 000e 01       		.uleb128 0x1
 270 000f 10       		.uleb128 0x10
 271 0010 17       		.uleb128 0x17
 272 0011 00       		.byte	0
 273 0012 00       		.byte	0
 274 0013 02       		.uleb128 0x2
 275 0014 24       		.uleb128 0x24
 276 0015 00       		.byte	0
 277 0016 0B       		.uleb128 0xb
 278 0017 0B       		.uleb128 0xb
 279 0018 3E       		.uleb128 0x3e
 280 0019 0B       		.uleb128 0xb
 281 001a 03       		.uleb128 0x3
 282 001b 0E       		.uleb128 0xe
 283 001c 00       		.byte	0
 284 001d 00       		.byte	0
 285 001e 03       		.uleb128 0x3
 286 001f 16       		.uleb128 0x16
 287 0020 00       		.byte	0
 288 0021 03       		.uleb128 0x3
 289 0022 0E       		.uleb128 0xe
 290 0023 3A       		.uleb128 0x3a
 291 0024 0B       		.uleb128 0xb
 292 0025 3B       		.uleb128 0x3b
 293 0026 0B       		.uleb128 0xb
 294 0027 49       		.uleb128 0x49
 295 0028 13       		.uleb128 0x13
 296 0029 00       		.byte	0
 297 002a 00       		.byte	0
 298 002b 04       		.uleb128 0x4
 299 002c 24       		.uleb128 0x24
 300 002d 00       		.byte	0
 301 002e 0B       		.uleb128 0xb
 302 002f 0B       		.uleb128 0xb
 303 0030 3E       		.uleb128 0x3e
 304 0031 0B       		.uleb128 0xb
 305 0032 03       		.uleb128 0x3
 306 0033 08       		.uleb128 0x8
 307 0034 00       		.byte	0
 308 0035 00       		.byte	0
 309 0036 05       		.uleb128 0x5
 310 0037 16       		.uleb128 0x16
 311 0038 00       		.byte	0
 312 0039 03       		.uleb128 0x3
 313 003a 0E       		.uleb128 0xe
 314 003b 3A       		.uleb128 0x3a
 315 003c 0B       		.uleb128 0xb
 316 003d 3B       		.uleb128 0x3b
ARM GAS  C:\Users\JOSEAN~1\AppData\Local\Temp\ccUjYDZr.s 			page 7


 317 003e 05       		.uleb128 0x5
 318 003f 49       		.uleb128 0x49
 319 0040 13       		.uleb128 0x13
 320 0041 00       		.byte	0
 321 0042 00       		.byte	0
 322 0043 06       		.uleb128 0x6
 323 0044 2E       		.uleb128 0x2e
 324 0045 01       		.byte	0x1
 325 0046 3F       		.uleb128 0x3f
 326 0047 19       		.uleb128 0x19
 327 0048 03       		.uleb128 0x3
 328 0049 0E       		.uleb128 0xe
 329 004a 3A       		.uleb128 0x3a
 330 004b 0B       		.uleb128 0xb
 331 004c 3B       		.uleb128 0x3b
 332 004d 0B       		.uleb128 0xb
 333 004e 49       		.uleb128 0x49
 334 004f 13       		.uleb128 0x13
 335 0050 11       		.uleb128 0x11
 336 0051 01       		.uleb128 0x1
 337 0052 12       		.uleb128 0x12
 338 0053 06       		.uleb128 0x6
 339 0054 40       		.uleb128 0x40
 340 0055 18       		.uleb128 0x18
 341 0056 9742     		.uleb128 0x2117
 342 0058 19       		.uleb128 0x19
 343 0059 01       		.uleb128 0x1
 344 005a 13       		.uleb128 0x13
 345 005b 00       		.byte	0
 346 005c 00       		.byte	0
 347 005d 07       		.uleb128 0x7
 348 005e 898201   		.uleb128 0x4109
 349 0061 00       		.byte	0
 350 0062 11       		.uleb128 0x11
 351 0063 01       		.uleb128 0x1
 352 0064 31       		.uleb128 0x31
 353 0065 13       		.uleb128 0x13
 354 0066 00       		.byte	0
 355 0067 00       		.byte	0
 356 0068 08       		.uleb128 0x8
 357 0069 898201   		.uleb128 0x4109
 358 006c 01       		.byte	0x1
 359 006d 11       		.uleb128 0x11
 360 006e 01       		.uleb128 0x1
 361 006f 31       		.uleb128 0x31
 362 0070 13       		.uleb128 0x13
 363 0071 01       		.uleb128 0x1
 364 0072 13       		.uleb128 0x13
 365 0073 00       		.byte	0
 366 0074 00       		.byte	0
 367 0075 09       		.uleb128 0x9
 368 0076 8A8201   		.uleb128 0x410a
 369 0079 00       		.byte	0
 370 007a 02       		.uleb128 0x2
 371 007b 18       		.uleb128 0x18
 372 007c 9142     		.uleb128 0x2111
 373 007e 18       		.uleb128 0x18
ARM GAS  C:\Users\JOSEAN~1\AppData\Local\Temp\ccUjYDZr.s 			page 8


 374 007f 00       		.byte	0
 375 0080 00       		.byte	0
 376 0081 0A       		.uleb128 0xa
 377 0082 898201   		.uleb128 0x4109
 378 0085 01       		.byte	0x1
 379 0086 11       		.uleb128 0x11
 380 0087 01       		.uleb128 0x1
 381 0088 31       		.uleb128 0x31
 382 0089 13       		.uleb128 0x13
 383 008a 00       		.byte	0
 384 008b 00       		.byte	0
 385 008c 0B       		.uleb128 0xb
 386 008d 34       		.uleb128 0x34
 387 008e 00       		.byte	0
 388 008f 03       		.uleb128 0x3
 389 0090 0E       		.uleb128 0xe
 390 0091 3A       		.uleb128 0x3a
 391 0092 0B       		.uleb128 0xb
 392 0093 3B       		.uleb128 0x3b
 393 0094 05       		.uleb128 0x5
 394 0095 49       		.uleb128 0x49
 395 0096 13       		.uleb128 0x13
 396 0097 3F       		.uleb128 0x3f
 397 0098 19       		.uleb128 0x19
 398 0099 3C       		.uleb128 0x3c
 399 009a 19       		.uleb128 0x19
 400 009b 00       		.byte	0
 401 009c 00       		.byte	0
 402 009d 0C       		.uleb128 0xc
 403 009e 35       		.uleb128 0x35
 404 009f 00       		.byte	0
 405 00a0 49       		.uleb128 0x49
 406 00a1 13       		.uleb128 0x13
 407 00a2 00       		.byte	0
 408 00a3 00       		.byte	0
 409 00a4 0D       		.uleb128 0xd
 410 00a5 2E       		.uleb128 0x2e
 411 00a6 00       		.byte	0
 412 00a7 3F       		.uleb128 0x3f
 413 00a8 19       		.uleb128 0x19
 414 00a9 03       		.uleb128 0x3
 415 00aa 0E       		.uleb128 0xe
 416 00ab 3A       		.uleb128 0x3a
 417 00ac 0B       		.uleb128 0xb
 418 00ad 3B       		.uleb128 0x3b
 419 00ae 0B       		.uleb128 0xb
 420 00af 27       		.uleb128 0x27
 421 00b0 19       		.uleb128 0x19
 422 00b1 3C       		.uleb128 0x3c
 423 00b2 19       		.uleb128 0x19
 424 00b3 00       		.byte	0
 425 00b4 00       		.byte	0
 426 00b5 0E       		.uleb128 0xe
 427 00b6 2E       		.uleb128 0x2e
 428 00b7 01       		.byte	0x1
 429 00b8 3F       		.uleb128 0x3f
 430 00b9 19       		.uleb128 0x19
ARM GAS  C:\Users\JOSEAN~1\AppData\Local\Temp\ccUjYDZr.s 			page 9


 431 00ba 03       		.uleb128 0x3
 432 00bb 0E       		.uleb128 0xe
 433 00bc 3A       		.uleb128 0x3a
 434 00bd 0B       		.uleb128 0xb
 435 00be 3B       		.uleb128 0x3b
 436 00bf 0B       		.uleb128 0xb
 437 00c0 27       		.uleb128 0x27
 438 00c1 19       		.uleb128 0x19
 439 00c2 3C       		.uleb128 0x3c
 440 00c3 19       		.uleb128 0x19
 441 00c4 01       		.uleb128 0x1
 442 00c5 13       		.uleb128 0x13
 443 00c6 00       		.byte	0
 444 00c7 00       		.byte	0
 445 00c8 0F       		.uleb128 0xf
 446 00c9 05       		.uleb128 0x5
 447 00ca 00       		.byte	0
 448 00cb 49       		.uleb128 0x49
 449 00cc 13       		.uleb128 0x13
 450 00cd 00       		.byte	0
 451 00ce 00       		.byte	0
 452 00cf 10       		.uleb128 0x10
 453 00d0 2E       		.uleb128 0x2e
 454 00d1 00       		.byte	0
 455 00d2 3F       		.uleb128 0x3f
 456 00d3 19       		.uleb128 0x19
 457 00d4 03       		.uleb128 0x3
 458 00d5 0E       		.uleb128 0xe
 459 00d6 3A       		.uleb128 0x3a
 460 00d7 0B       		.uleb128 0xb
 461 00d8 3B       		.uleb128 0x3b
 462 00d9 0B       		.uleb128 0xb
 463 00da 27       		.uleb128 0x27
 464 00db 19       		.uleb128 0x19
 465 00dc 49       		.uleb128 0x49
 466 00dd 13       		.uleb128 0x13
 467 00de 3C       		.uleb128 0x3c
 468 00df 19       		.uleb128 0x19
 469 00e0 00       		.byte	0
 470 00e1 00       		.byte	0
 471 00e2 11       		.uleb128 0x11
 472 00e3 0F       		.uleb128 0xf
 473 00e4 00       		.byte	0
 474 00e5 0B       		.uleb128 0xb
 475 00e6 0B       		.uleb128 0xb
 476 00e7 49       		.uleb128 0x49
 477 00e8 13       		.uleb128 0x13
 478 00e9 00       		.byte	0
 479 00ea 00       		.byte	0
 480 00eb 12       		.uleb128 0x12
 481 00ec 26       		.uleb128 0x26
 482 00ed 00       		.byte	0
 483 00ee 49       		.uleb128 0x49
 484 00ef 13       		.uleb128 0x13
 485 00f0 00       		.byte	0
 486 00f1 00       		.byte	0
 487 00f2 00       		.byte	0
ARM GAS  C:\Users\JOSEAN~1\AppData\Local\Temp\ccUjYDZr.s 			page 10


 488              		.section	.debug_aranges,"",%progbits
 489 0000 1C000000 		.4byte	0x1c
 490 0004 0200     		.2byte	0x2
 491 0006 00000000 		.4byte	.Ldebug_info0
 492 000a 04       		.byte	0x4
 493 000b 00       		.byte	0
 494 000c 0000     		.2byte	0
 495 000e 0000     		.2byte	0
 496 0010 00000000 		.4byte	.LFB63
 497 0014 24000000 		.4byte	.LFE63-.LFB63
 498 0018 00000000 		.4byte	0
 499 001c 00000000 		.4byte	0
 500              		.section	.debug_ranges,"",%progbits
 501              	.Ldebug_ranges0:
 502 0000 00000000 		.4byte	.LFB63
 503 0004 24000000 		.4byte	.LFE63
 504 0008 00000000 		.4byte	0
 505 000c 00000000 		.4byte	0
 506              		.section	.debug_line,"",%progbits
 507              	.Ldebug_line0:
 508 0000 85010000 		.section	.debug_str,"MS",%progbits,1
 508      02006601 
 508      00000201 
 508      FB0E0D00 
 508      01010101 
 509              	.LASF6:
 510 0000 6C6F6E67 		.ascii	"long long int\000"
 510      206C6F6E 
 510      6720696E 
 510      7400
 511              	.LASF3:
 512 000e 73686F72 		.ascii	"short unsigned int\000"
 512      7420756E 
 512      7369676E 
 512      65642069 
 512      6E7400
 513              	.LASF8:
 514 0021 756E7369 		.ascii	"unsigned int\000"
 514      676E6564 
 514      20696E74 
 514      00
 515              	.LASF18:
 516 002e 4C43445F 		.ascii	"LCD_Char_1_PrintString\000"
 516      43686172 
 516      5F315F50 
 516      72696E74 
 516      53747269 
 517              	.LASF22:
 518 0045 6D61696E 		.ascii	"main\000"
 518      00
 519              	.LASF24:
 520 004a 4C43445F 		.ascii	"LCD_Char_1_Start\000"
 520      43686172 
 520      5F315F53 
 520      74617274 
 520      00
 521              	.LASF11:
ARM GAS  C:\Users\JOSEAN~1\AppData\Local\Temp\ccUjYDZr.s 			page 11


 522 005b 75696E74 		.ascii	"uint8\000"
 522      3800
 523              	.LASF5:
 524 0061 6C6F6E67 		.ascii	"long unsigned int\000"
 524      20756E73 
 524      69676E65 
 524      6420696E 
 524      7400
 525              	.LASF7:
 526 0073 6C6F6E67 		.ascii	"long long unsigned int\000"
 526      206C6F6E 
 526      6720756E 
 526      7369676E 
 526      65642069 
 527              	.LASF14:
 528 008a 63686172 		.ascii	"char8\000"
 528      3800
 529              	.LASF19:
 530 0090 474E5520 		.ascii	"GNU C 4.9.3 20150303 (release) [ARM/embedded-4_9-br"
 530      4320342E 
 530      392E3320 
 530      32303135 
 530      30333033 
 531 00c3 616E6368 		.ascii	"anch revision 221220] -mcpu=cortex-m3 -mthumb -g -O"
 531      20726576 
 531      6973696F 
 531      6E203232 
 531      31323230 
 532 00f6 67202D66 		.ascii	"g -ffunction-sections -ffat-lto-objects\000"
 532      66756E63 
 532      74696F6E 
 532      2D736563 
 532      74696F6E 
 533              	.LASF1:
 534 011e 756E7369 		.ascii	"unsigned char\000"
 534      676E6564 
 534      20636861 
 534      7200
 535              	.LASF17:
 536 012c 4C43445F 		.ascii	"LCD_Char_1_Position\000"
 536      43686172 
 536      5F315F50 
 536      6F736974 
 536      696F6E00 
 537              	.LASF15:
 538 0140 63686172 		.ascii	"char\000"
 538      00
 539              	.LASF4:
 540 0145 6C6F6E67 		.ascii	"long int\000"
 540      20696E74 
 540      00
 541              	.LASF20:
 542 014e 2E5C6D61 		.ascii	".\\main.c\000"
 542      696E2E63 
 542      00
 543              	.LASF13:
 544 0157 646F7562 		.ascii	"double\000"
ARM GAS  C:\Users\JOSEAN~1\AppData\Local\Temp\ccUjYDZr.s 			page 12


 544      6C6500
 545              	.LASF21:
 546 015e 433A5C55 		.ascii	"C:\\Users\\Jose Antonio\\Documents\\PSOC Creator\\P"
 546      73657273 
 546      5C4A6F73 
 546      6520416E 
 546      746F6E69 
 547 018c 726F7965 		.ascii	"royectosPSOC\\Design01.cydsn\000"
 547      63746F73 
 547      50534F43 
 547      5C446573 
 547      69676E30 
 548              	.LASF23:
 549 01a8 49544D5F 		.ascii	"ITM_RxBuffer\000"
 549      52784275 
 549      66666572 
 549      00
 550              	.LASF0:
 551 01b5 7369676E 		.ascii	"signed char\000"
 551      65642063 
 551      68617200 
 552              	.LASF25:
 553 01c1 456E7472 		.ascii	"Entrada_Read\000"
 553      6164615F 
 553      52656164 
 553      00
 554              	.LASF9:
 555 01ce 5F5F696E 		.ascii	"__int32_t\000"
 555      7433325F 
 555      7400
 556              	.LASF12:
 557 01d8 666C6F61 		.ascii	"float\000"
 557      7400
 558              	.LASF2:
 559 01de 73686F72 		.ascii	"short int\000"
 559      7420696E 
 559      7400
 560              	.LASF10:
 561 01e8 696E7433 		.ascii	"int32_t\000"
 561      325F7400 
 562              	.LASF16:
 563 01f0 73697A65 		.ascii	"sizetype\000"
 563      74797065 
 563      00
 564              		.ident	"GCC: (GNU Tools for ARM Embedded Processors) 4.9.3 20150303 (release) [ARM/embedded-4_9-br
