ARM GAS  C:\Users\JOSEAN~1\AppData\Local\Temp\ccpJHdsf.s 			page 1


   1              		.syntax unified
   2              		.cpu cortex-m3
   3              		.fpu softvfp
   4              		.eabi_attribute 20, 1
   5              		.eabi_attribute 21, 1
   6              		.eabi_attribute 23, 3
   7              		.eabi_attribute 24, 1
   8              		.eabi_attribute 25, 1
   9              		.eabi_attribute 26, 1
  10              		.eabi_attribute 30, 2
  11              		.eabi_attribute 34, 1
  12              		.eabi_attribute 18, 4
  13              		.thumb
  14              		.file	"EZI2C_PM.c"
  15              		.text
  16              	.Ltext0:
  17              		.cfi_sections	.debug_frame
  18              		.section	.text.EZI2C_SaveConfig,"ax",%progbits
  19              		.align	2
  20              		.global	EZI2C_SaveConfig
  21              		.thumb
  22              		.thumb_func
  23              		.type	EZI2C_SaveConfig, %function
  24              	EZI2C_SaveConfig:
  25              	.LFB0:
  26              		.file 1 ".\\Generated_Source\\PSoC5\\EZI2C_PM.c"
   1:.\Generated_Source\PSoC5/EZI2C_PM.c **** /*******************************************************************************
   2:.\Generated_Source\PSoC5/EZI2C_PM.c **** * File Name: EZI2C_PM.c
   3:.\Generated_Source\PSoC5/EZI2C_PM.c **** * Version 2.0
   4:.\Generated_Source\PSoC5/EZI2C_PM.c **** *
   5:.\Generated_Source\PSoC5/EZI2C_PM.c **** * Description:
   6:.\Generated_Source\PSoC5/EZI2C_PM.c **** *  This file contains the API for the proper switching to/from the low power
   7:.\Generated_Source\PSoC5/EZI2C_PM.c **** *  modes.
   8:.\Generated_Source\PSoC5/EZI2C_PM.c **** *
   9:.\Generated_Source\PSoC5/EZI2C_PM.c **** ********************************************************************************
  10:.\Generated_Source\PSoC5/EZI2C_PM.c **** * Copyright 2008-2015, Cypress Semiconductor Corporation.  All rights reserved.
  11:.\Generated_Source\PSoC5/EZI2C_PM.c **** * You may use this file only in accordance with the license, terms, conditions,
  12:.\Generated_Source\PSoC5/EZI2C_PM.c **** * disclaimers, and limitations in the end user license agreement accompanying
  13:.\Generated_Source\PSoC5/EZI2C_PM.c **** * the software package with which this file was provided.
  14:.\Generated_Source\PSoC5/EZI2C_PM.c **** *******************************************************************************/
  15:.\Generated_Source\PSoC5/EZI2C_PM.c **** 
  16:.\Generated_Source\PSoC5/EZI2C_PM.c **** #include "EZI2C_PVT.h"
  17:.\Generated_Source\PSoC5/EZI2C_PM.c **** 
  18:.\Generated_Source\PSoC5/EZI2C_PM.c **** EZI2C_BACKUP_STRUCT EZI2C_backup =
  19:.\Generated_Source\PSoC5/EZI2C_PM.c **** {
  20:.\Generated_Source\PSoC5/EZI2C_PM.c ****     EZI2C_DISABLED,
  21:.\Generated_Source\PSoC5/EZI2C_PM.c ****     EZI2C_DEFAULT_XCFG,
  22:.\Generated_Source\PSoC5/EZI2C_PM.c ****     EZI2C_DEFAULT_ADDR,
  23:.\Generated_Source\PSoC5/EZI2C_PM.c ****     EZI2C_DEFAULT_CFG,
  24:.\Generated_Source\PSoC5/EZI2C_PM.c ****     EZI2C_DEFAULT_CLKDIV1,
  25:.\Generated_Source\PSoC5/EZI2C_PM.c ****     EZI2C_DEFAULT_CLKDIV2
  26:.\Generated_Source\PSoC5/EZI2C_PM.c **** };
  27:.\Generated_Source\PSoC5/EZI2C_PM.c **** 
  28:.\Generated_Source\PSoC5/EZI2C_PM.c **** #if (EZI2C_WAKEUP_ENABLED)
  29:.\Generated_Source\PSoC5/EZI2C_PM.c ****     volatile uint8 EZI2C_wakeupSource;
  30:.\Generated_Source\PSoC5/EZI2C_PM.c **** #endif /* (EZI2C_WAKEUP_ENABLED) */
  31:.\Generated_Source\PSoC5/EZI2C_PM.c **** 
ARM GAS  C:\Users\JOSEAN~1\AppData\Local\Temp\ccpJHdsf.s 			page 2


  32:.\Generated_Source\PSoC5/EZI2C_PM.c **** 
  33:.\Generated_Source\PSoC5/EZI2C_PM.c **** /*******************************************************************************
  34:.\Generated_Source\PSoC5/EZI2C_PM.c **** * Function Name: EZI2C_SaveConfig
  35:.\Generated_Source\PSoC5/EZI2C_PM.c **** ********************************************************************************
  36:.\Generated_Source\PSoC5/EZI2C_PM.c **** *
  37:.\Generated_Source\PSoC5/EZI2C_PM.c **** * Summary:
  38:.\Generated_Source\PSoC5/EZI2C_PM.c **** *  The Enable wakeup from Sleep Mode selection influences this function
  39:.\Generated_Source\PSoC5/EZI2C_PM.c **** *  implementation:
  40:.\Generated_Source\PSoC5/EZI2C_PM.c **** *   Unchecked: Stores the component non-retention configuration registers.
  41:.\Generated_Source\PSoC5/EZI2C_PM.c **** *   Checked:   Enables backup regulator of the I2C hardware. If a transaction
  42:.\Generated_Source\PSoC5/EZI2C_PM.c **** *              intended for component executes during this function call,
  43:.\Generated_Source\PSoC5/EZI2C_PM.c **** *              it waits until the current transaction is completed and
  44:.\Generated_Source\PSoC5/EZI2C_PM.c **** *              I2C hardware is ready to go to sleep mode. All subsequent
  45:.\Generated_Source\PSoC5/EZI2C_PM.c **** *              I2C traffic is NAKed until the device is put to sleep mode.
  46:.\Generated_Source\PSoC5/EZI2C_PM.c **** *
  47:.\Generated_Source\PSoC5/EZI2C_PM.c **** * Parameters:
  48:.\Generated_Source\PSoC5/EZI2C_PM.c **** *  None.
  49:.\Generated_Source\PSoC5/EZI2C_PM.c **** *
  50:.\Generated_Source\PSoC5/EZI2C_PM.c **** * Return:
  51:.\Generated_Source\PSoC5/EZI2C_PM.c **** *  None.
  52:.\Generated_Source\PSoC5/EZI2C_PM.c **** *
  53:.\Generated_Source\PSoC5/EZI2C_PM.c **** * Global variables:
  54:.\Generated_Source\PSoC5/EZI2C_PM.c **** *  EZI2C_backup - The non-retention registers are saved to.
  55:.\Generated_Source\PSoC5/EZI2C_PM.c **** *
  56:.\Generated_Source\PSoC5/EZI2C_PM.c **** * Reentrant:
  57:.\Generated_Source\PSoC5/EZI2C_PM.c **** *  No.
  58:.\Generated_Source\PSoC5/EZI2C_PM.c **** *
  59:.\Generated_Source\PSoC5/EZI2C_PM.c **** *******************************************************************************/
  60:.\Generated_Source\PSoC5/EZI2C_PM.c **** void EZI2C_SaveConfig(void) 
  61:.\Generated_Source\PSoC5/EZI2C_PM.c **** {
  27              		.loc 1 61 0
  28              		.cfi_startproc
  29              		@ args = 0, pretend = 0, frame = 0
  30              		@ frame_needed = 0, uses_anonymous_args = 0
  31              		@ link register save eliminated.
  32 0000 30B4     		push	{r4, r5}
  33              		.cfi_def_cfa_offset 8
  34              		.cfi_offset 4, -8
  35              		.cfi_offset 5, -4
  62:.\Generated_Source\PSoC5/EZI2C_PM.c **** #if (EZI2C_WAKEUP_ENABLED)
  63:.\Generated_Source\PSoC5/EZI2C_PM.c ****     uint8 interruptState;
  64:.\Generated_Source\PSoC5/EZI2C_PM.c **** #endif /* (EZI2C_WAKEUP_ENABLED) */
  65:.\Generated_Source\PSoC5/EZI2C_PM.c **** 
  66:.\Generated_Source\PSoC5/EZI2C_PM.c ****     /* Store component configuration into backup structure */
  67:.\Generated_Source\PSoC5/EZI2C_PM.c ****     EZI2C_backup.cfg     = EZI2C_CFG_REG;
  36              		.loc 1 67 0
  37 0002 094B     		ldr	r3, .L3
  68:.\Generated_Source\PSoC5/EZI2C_PM.c ****     EZI2C_backup.xcfg    = EZI2C_XCFG_REG;
  38              		.loc 1 68 0
  39 0004 094C     		ldr	r4, .L3+4
  69:.\Generated_Source\PSoC5/EZI2C_PM.c ****     EZI2C_backup.adr     = EZI2C_ADDR_REG;
  40              		.loc 1 69 0
  41 0006 0A48     		ldr	r0, .L3+8
  70:.\Generated_Source\PSoC5/EZI2C_PM.c ****     EZI2C_backup.clkDiv1 = EZI2C_CLKDIV1_REG;
  42              		.loc 1 70 0
  43 0008 0A49     		ldr	r1, .L3+12
  71:.\Generated_Source\PSoC5/EZI2C_PM.c ****     EZI2C_backup.clkDiv2 = EZI2C_CLKDIV2_REG;
ARM GAS  C:\Users\JOSEAN~1\AppData\Local\Temp\ccpJHdsf.s 			page 3


  44              		.loc 1 71 0
  45 000a 0B4A     		ldr	r2, .L3+16
  67:.\Generated_Source\PSoC5/EZI2C_PM.c ****     EZI2C_backup.xcfg    = EZI2C_XCFG_REG;
  46              		.loc 1 67 0
  47 000c 1D78     		ldrb	r5, [r3]	@ zero_extendqisi2
  68:.\Generated_Source\PSoC5/EZI2C_PM.c ****     EZI2C_backup.adr     = EZI2C_ADDR_REG;
  48              		.loc 1 68 0
  49 000e 2478     		ldrb	r4, [r4]	@ zero_extendqisi2
  67:.\Generated_Source\PSoC5/EZI2C_PM.c ****     EZI2C_backup.xcfg    = EZI2C_XCFG_REG;
  50              		.loc 1 67 0
  51 0010 0A4B     		ldr	r3, .L3+20
  69:.\Generated_Source\PSoC5/EZI2C_PM.c ****     EZI2C_backup.clkDiv1 = EZI2C_CLKDIV1_REG;
  52              		.loc 1 69 0
  53 0012 0078     		ldrb	r0, [r0]	@ zero_extendqisi2
  70:.\Generated_Source\PSoC5/EZI2C_PM.c ****     EZI2C_backup.clkDiv2 = EZI2C_CLKDIV2_REG;
  54              		.loc 1 70 0
  55 0014 0978     		ldrb	r1, [r1]	@ zero_extendqisi2
  56              		.loc 1 71 0
  57 0016 1278     		ldrb	r2, [r2]	@ zero_extendqisi2
  67:.\Generated_Source\PSoC5/EZI2C_PM.c ****     EZI2C_backup.xcfg    = EZI2C_XCFG_REG;
  58              		.loc 1 67 0
  59 0018 DD70     		strb	r5, [r3, #3]
  68:.\Generated_Source\PSoC5/EZI2C_PM.c ****     EZI2C_backup.adr     = EZI2C_ADDR_REG;
  60              		.loc 1 68 0
  61 001a 5C70     		strb	r4, [r3, #1]
  69:.\Generated_Source\PSoC5/EZI2C_PM.c ****     EZI2C_backup.clkDiv1 = EZI2C_CLKDIV1_REG;
  62              		.loc 1 69 0
  63 001c 9870     		strb	r0, [r3, #2]
  70:.\Generated_Source\PSoC5/EZI2C_PM.c ****     EZI2C_backup.clkDiv2 = EZI2C_CLKDIV2_REG;
  64              		.loc 1 70 0
  65 001e 1971     		strb	r1, [r3, #4]
  66              		.loc 1 71 0
  67 0020 5A71     		strb	r2, [r3, #5]
  72:.\Generated_Source\PSoC5/EZI2C_PM.c **** 
  73:.\Generated_Source\PSoC5/EZI2C_PM.c **** #if (EZI2C_WAKEUP_ENABLED)
  74:.\Generated_Source\PSoC5/EZI2C_PM.c ****     /* Enable I2C backup regulator */
  75:.\Generated_Source\PSoC5/EZI2C_PM.c ****     interruptState = CyEnterCriticalSection();
  76:.\Generated_Source\PSoC5/EZI2C_PM.c ****     EZI2C_PWRSYS_CR1_REG |= EZI2C_PWRSYS_CR1_I2C_BACKUP;
  77:.\Generated_Source\PSoC5/EZI2C_PM.c ****     CyExitCriticalSection(interruptState);
  78:.\Generated_Source\PSoC5/EZI2C_PM.c **** 
  79:.\Generated_Source\PSoC5/EZI2C_PM.c ****     /* Wait for completion of the current transaction. The following
  80:.\Generated_Source\PSoC5/EZI2C_PM.c ****     * transactions have to be NACKed until the device enters the low power mode.
  81:.\Generated_Source\PSoC5/EZI2C_PM.c ****     * After a wakeup, the force NACK bit is cleared automatically.
  82:.\Generated_Source\PSoC5/EZI2C_PM.c ****     */
  83:.\Generated_Source\PSoC5/EZI2C_PM.c ****     EZI2C_XCFG_REG |= EZI2C_XCFG_FORCE_NACK;
  84:.\Generated_Source\PSoC5/EZI2C_PM.c ****     while (0u == (EZI2C_XCFG_REG & EZI2C_XCFG_SLEEP_READY))
  85:.\Generated_Source\PSoC5/EZI2C_PM.c ****     {
  86:.\Generated_Source\PSoC5/EZI2C_PM.c ****     }
  87:.\Generated_Source\PSoC5/EZI2C_PM.c **** 
  88:.\Generated_Source\PSoC5/EZI2C_PM.c ****      /* Setup wakeup interrupt */
  89:.\Generated_Source\PSoC5/EZI2C_PM.c ****     EZI2C_DisableInt();
  90:.\Generated_Source\PSoC5/EZI2C_PM.c ****     EZI2C_wakeupSource = 0u; /* Clear wakeup event */
  91:.\Generated_Source\PSoC5/EZI2C_PM.c ****     (void) CyIntSetVector(EZI2C_ISR_NUMBER, &EZI2C_WAKEUP_ISR);
  92:.\Generated_Source\PSoC5/EZI2C_PM.c ****     EZI2C_EnableInt();
  93:.\Generated_Source\PSoC5/EZI2C_PM.c **** #endif /* (EZI2C_WAKEUP_ENABLED) */
  94:.\Generated_Source\PSoC5/EZI2C_PM.c **** }
  68              		.loc 1 94 0
ARM GAS  C:\Users\JOSEAN~1\AppData\Local\Temp\ccpJHdsf.s 			page 4


  69 0022 30BC     		pop	{r4, r5}
  70              		.cfi_restore 5
  71              		.cfi_restore 4
  72              		.cfi_def_cfa_offset 0
  73 0024 7047     		bx	lr
  74              	.L4:
  75 0026 00BF     		.align	2
  76              	.L3:
  77 0028 D6490040 		.word	1073760726
  78 002c C8490040 		.word	1073760712
  79 0030 CA490040 		.word	1073760714
  80 0034 DB490040 		.word	1073760731
  81 0038 DC490040 		.word	1073760732
  82 003c 00000000 		.word	.LANCHOR0
  83              		.cfi_endproc
  84              	.LFE0:
  85              		.size	EZI2C_SaveConfig, .-EZI2C_SaveConfig
  86              		.section	.text.EZI2C_RestoreConfig,"ax",%progbits
  87              		.align	2
  88              		.global	EZI2C_RestoreConfig
  89              		.thumb
  90              		.thumb_func
  91              		.type	EZI2C_RestoreConfig, %function
  92              	EZI2C_RestoreConfig:
  93              	.LFB1:
  95:.\Generated_Source\PSoC5/EZI2C_PM.c **** 
  96:.\Generated_Source\PSoC5/EZI2C_PM.c **** 
  97:.\Generated_Source\PSoC5/EZI2C_PM.c **** /*******************************************************************************
  98:.\Generated_Source\PSoC5/EZI2C_PM.c **** * Function Name: EZI2C_RestoreConfig
  99:.\Generated_Source\PSoC5/EZI2C_PM.c **** ********************************************************************************
 100:.\Generated_Source\PSoC5/EZI2C_PM.c **** *
 101:.\Generated_Source\PSoC5/EZI2C_PM.c **** * Summary:
 102:.\Generated_Source\PSoC5/EZI2C_PM.c **** *  The Enable wakeup from Sleep Mode selection influences this function
 103:.\Generated_Source\PSoC5/EZI2C_PM.c **** *  implementation:
 104:.\Generated_Source\PSoC5/EZI2C_PM.c **** *   Unchecked: Restores the component non-retention configuration registers
 105:.\Generated_Source\PSoC5/EZI2C_PM.c **** *              to the state they were in before I2C_Sleep() or I2C_SaveConfig()
 106:.\Generated_Source\PSoC5/EZI2C_PM.c **** *              was called.
 107:.\Generated_Source\PSoC5/EZI2C_PM.c **** *   Checked:   Disables the backup regulator of the I2C hardware. Sets up the
 108:.\Generated_Source\PSoC5/EZI2C_PM.c **** *              regular component interrupt handler and generates the component
 109:.\Generated_Source\PSoC5/EZI2C_PM.c **** *              interrupt if it was wake up source to release the bus and
 110:.\Generated_Source\PSoC5/EZI2C_PM.c **** *              continue in-coming I2C transaction.
 111:.\Generated_Source\PSoC5/EZI2C_PM.c **** *
 112:.\Generated_Source\PSoC5/EZI2C_PM.c **** * Parameters:
 113:.\Generated_Source\PSoC5/EZI2C_PM.c **** *  None.
 114:.\Generated_Source\PSoC5/EZI2C_PM.c **** *
 115:.\Generated_Source\PSoC5/EZI2C_PM.c **** * Return:
 116:.\Generated_Source\PSoC5/EZI2C_PM.c **** *  None.
 117:.\Generated_Source\PSoC5/EZI2C_PM.c **** *
 118:.\Generated_Source\PSoC5/EZI2C_PM.c **** * Global variables:
 119:.\Generated_Source\PSoC5/EZI2C_PM.c **** *  EZI2C_backup - the non-retention registers are restored from.
 120:.\Generated_Source\PSoC5/EZI2C_PM.c **** *
 121:.\Generated_Source\PSoC5/EZI2C_PM.c **** * Reentrant:
 122:.\Generated_Source\PSoC5/EZI2C_PM.c **** *  No.
 123:.\Generated_Source\PSoC5/EZI2C_PM.c **** *
 124:.\Generated_Source\PSoC5/EZI2C_PM.c **** * Side Effects:
 125:.\Generated_Source\PSoC5/EZI2C_PM.c **** *  Calling this function before EZI2C_SaveConfig() or
 126:.\Generated_Source\PSoC5/EZI2C_PM.c **** *  EZI2C_Sleep() may produce unexpected behavior.
ARM GAS  C:\Users\JOSEAN~1\AppData\Local\Temp\ccpJHdsf.s 			page 5


 127:.\Generated_Source\PSoC5/EZI2C_PM.c **** *
 128:.\Generated_Source\PSoC5/EZI2C_PM.c **** *******************************************************************************/
 129:.\Generated_Source\PSoC5/EZI2C_PM.c **** void EZI2C_RestoreConfig(void) 
 130:.\Generated_Source\PSoC5/EZI2C_PM.c **** {
  94              		.loc 1 130 0
  95              		.cfi_startproc
  96              		@ args = 0, pretend = 0, frame = 0
  97              		@ frame_needed = 0, uses_anonymous_args = 0
  98 0000 F8B5     		push	{r3, r4, r5, r6, r7, lr}
  99              		.cfi_def_cfa_offset 24
 100              		.cfi_offset 3, -24
 101              		.cfi_offset 4, -20
 102              		.cfi_offset 5, -16
 103              		.cfi_offset 6, -12
 104              		.cfi_offset 7, -8
 105              		.cfi_offset 14, -4
 131:.\Generated_Source\PSoC5/EZI2C_PM.c ****     uint8 intState;
 132:.\Generated_Source\PSoC5/EZI2C_PM.c **** 
 133:.\Generated_Source\PSoC5/EZI2C_PM.c ****     if (0u != (EZI2C_PWRSYS_CR1_I2C_BACKUP & EZI2C_PWRSYS_CR1_REG))
 106              		.loc 1 133 0
 107 0002 114C     		ldr	r4, .L10
 108 0004 2378     		ldrb	r3, [r4]	@ zero_extendqisi2
 109 0006 5B07     		lsls	r3, r3, #29
 110 0008 13D4     		bmi	.L9
 134:.\Generated_Source\PSoC5/EZI2C_PM.c ****     /* Exit from Sleep */
 135:.\Generated_Source\PSoC5/EZI2C_PM.c ****     {
 136:.\Generated_Source\PSoC5/EZI2C_PM.c ****         /* Disable I2C backup regulator */
 137:.\Generated_Source\PSoC5/EZI2C_PM.c ****         intState = CyEnterCriticalSection();
 138:.\Generated_Source\PSoC5/EZI2C_PM.c ****         EZI2C_PWRSYS_CR1_REG &= (uint8) ~EZI2C_PWRSYS_CR1_I2C_BACKUP;
 139:.\Generated_Source\PSoC5/EZI2C_PM.c ****         CyExitCriticalSection(intState);
 140:.\Generated_Source\PSoC5/EZI2C_PM.c ****     }
 141:.\Generated_Source\PSoC5/EZI2C_PM.c ****     else /* Exit from Hibernate (bit is cleared) or wakeup disabled */
 142:.\Generated_Source\PSoC5/EZI2C_PM.c ****     {
 143:.\Generated_Source\PSoC5/EZI2C_PM.c ****     #if (EZI2C_WAKEUP_ENABLED)
 144:.\Generated_Source\PSoC5/EZI2C_PM.c ****         /* Disable power to I2C block before register restore */
 145:.\Generated_Source\PSoC5/EZI2C_PM.c ****         intState = CyEnterCriticalSection();
 146:.\Generated_Source\PSoC5/EZI2C_PM.c ****         EZI2C_PM_ACT_CFG_REG  &= (uint8) ~EZI2C_ACT_PWR_EN;
 147:.\Generated_Source\PSoC5/EZI2C_PM.c ****         EZI2C_PM_STBY_CFG_REG &= (uint8) ~EZI2C_STBY_PWR_EN;
 148:.\Generated_Source\PSoC5/EZI2C_PM.c ****         CyExitCriticalSection(intState);
 149:.\Generated_Source\PSoC5/EZI2C_PM.c **** 
 150:.\Generated_Source\PSoC5/EZI2C_PM.c ****         /* Enable component after restore complete */
 151:.\Generated_Source\PSoC5/EZI2C_PM.c ****         EZI2C_backup.enableState = EZI2C_ENABLED;
 152:.\Generated_Source\PSoC5/EZI2C_PM.c ****     #endif /* (EZI2C_WAKEUP_ENABLED) */
 153:.\Generated_Source\PSoC5/EZI2C_PM.c **** 
 154:.\Generated_Source\PSoC5/EZI2C_PM.c ****         /* Restore component registers: Hibernate disable power */
 155:.\Generated_Source\PSoC5/EZI2C_PM.c ****         EZI2C_CFG_REG     = EZI2C_backup.cfg;
 111              		.loc 1 155 0
 112 000a 104B     		ldr	r3, .L10+4
 113 000c DFF850E0 		ldr	lr, .L10+24
 156:.\Generated_Source\PSoC5/EZI2C_PM.c ****         EZI2C_XCFG_REG    = EZI2C_backup.xcfg;
 157:.\Generated_Source\PSoC5/EZI2C_PM.c ****         EZI2C_ADDR_REG    = EZI2C_backup.adr;
 158:.\Generated_Source\PSoC5/EZI2C_PM.c ****         EZI2C_CLKDIV1_REG = EZI2C_backup.clkDiv1;
 159:.\Generated_Source\PSoC5/EZI2C_PM.c ****         EZI2C_CLKDIV2_REG = EZI2C_backup.clkDiv2;
 114              		.loc 1 159 0
 115 0010 5A79     		ldrb	r2, [r3, #5]	@ zero_extendqisi2
 155:.\Generated_Source\PSoC5/EZI2C_PM.c ****         EZI2C_XCFG_REG    = EZI2C_backup.xcfg;
 116              		.loc 1 155 0
ARM GAS  C:\Users\JOSEAN~1\AppData\Local\Temp\ccpJHdsf.s 			page 6


 117 0012 93F803C0 		ldrb	ip, [r3, #3]	@ zero_extendqisi2
 156:.\Generated_Source\PSoC5/EZI2C_PM.c ****         EZI2C_XCFG_REG    = EZI2C_backup.xcfg;
 118              		.loc 1 156 0
 119 0016 5F78     		ldrb	r7, [r3, #1]	@ zero_extendqisi2
 157:.\Generated_Source\PSoC5/EZI2C_PM.c ****         EZI2C_CLKDIV1_REG = EZI2C_backup.clkDiv1;
 120              		.loc 1 157 0
 121 0018 9D78     		ldrb	r5, [r3, #2]	@ zero_extendqisi2
 158:.\Generated_Source\PSoC5/EZI2C_PM.c ****         EZI2C_CLKDIV2_REG = EZI2C_backup.clkDiv2;
 122              		.loc 1 158 0
 123 001a 1879     		ldrb	r0, [r3, #4]	@ zero_extendqisi2
 156:.\Generated_Source\PSoC5/EZI2C_PM.c ****         EZI2C_ADDR_REG    = EZI2C_backup.adr;
 124              		.loc 1 156 0
 125 001c 0C4E     		ldr	r6, .L10+8
 157:.\Generated_Source\PSoC5/EZI2C_PM.c ****         EZI2C_CLKDIV1_REG = EZI2C_backup.clkDiv1;
 126              		.loc 1 157 0
 127 001e 0D4C     		ldr	r4, .L10+12
 158:.\Generated_Source\PSoC5/EZI2C_PM.c ****         EZI2C_CLKDIV2_REG = EZI2C_backup.clkDiv2;
 128              		.loc 1 158 0
 129 0020 0D49     		ldr	r1, .L10+16
 130              		.loc 1 159 0
 131 0022 0E4B     		ldr	r3, .L10+20
 155:.\Generated_Source\PSoC5/EZI2C_PM.c ****         EZI2C_XCFG_REG    = EZI2C_backup.xcfg;
 132              		.loc 1 155 0
 133 0024 8EF800C0 		strb	ip, [lr]
 156:.\Generated_Source\PSoC5/EZI2C_PM.c ****         EZI2C_ADDR_REG    = EZI2C_backup.adr;
 134              		.loc 1 156 0
 135 0028 3770     		strb	r7, [r6]
 157:.\Generated_Source\PSoC5/EZI2C_PM.c ****         EZI2C_CLKDIV1_REG = EZI2C_backup.clkDiv1;
 136              		.loc 1 157 0
 137 002a 2570     		strb	r5, [r4]
 158:.\Generated_Source\PSoC5/EZI2C_PM.c ****         EZI2C_CLKDIV2_REG = EZI2C_backup.clkDiv2;
 138              		.loc 1 158 0
 139 002c 0870     		strb	r0, [r1]
 140              		.loc 1 159 0
 141 002e 1A70     		strb	r2, [r3]
 142 0030 F8BD     		pop	{r3, r4, r5, r6, r7, pc}
 143              	.L9:
 144              	.LBB6:
 145              	.LBB7:
 137:.\Generated_Source\PSoC5/EZI2C_PM.c ****         EZI2C_PWRSYS_CR1_REG &= (uint8) ~EZI2C_PWRSYS_CR1_I2C_BACKUP;
 146              		.loc 1 137 0
 147 0032 FFF7FEFF 		bl	CyEnterCriticalSection
 148              	.LVL0:
 138:.\Generated_Source\PSoC5/EZI2C_PM.c ****         CyExitCriticalSection(intState);
 149              		.loc 1 138 0
 150 0036 2378     		ldrb	r3, [r4]	@ zero_extendqisi2
 151 0038 03F0FB03 		and	r3, r3, #251
 152 003c 2370     		strb	r3, [r4]
 153              	.LBE7:
 154              	.LBE6:
 160:.\Generated_Source\PSoC5/EZI2C_PM.c ****     }
 161:.\Generated_Source\PSoC5/EZI2C_PM.c **** 
 162:.\Generated_Source\PSoC5/EZI2C_PM.c **** #if (EZI2C_WAKEUP_ENABLED)
 163:.\Generated_Source\PSoC5/EZI2C_PM.c ****     /* Set I2C interrupt to be pending if component is source of wake up */
 164:.\Generated_Source\PSoC5/EZI2C_PM.c ****     EZI2C_DisableInt();
 165:.\Generated_Source\PSoC5/EZI2C_PM.c ****     (void) CyIntSetVector(EZI2C_ISR_NUMBER, &EZI2C_ISR);
 166:.\Generated_Source\PSoC5/EZI2C_PM.c ****     if (0u != EZI2C_wakeupSource)
ARM GAS  C:\Users\JOSEAN~1\AppData\Local\Temp\ccpJHdsf.s 			page 7


 167:.\Generated_Source\PSoC5/EZI2C_PM.c ****     {
 168:.\Generated_Source\PSoC5/EZI2C_PM.c ****         /* Generate interrupt to release I2C bus */
 169:.\Generated_Source\PSoC5/EZI2C_PM.c ****         (void) CyIntSetPending(EZI2C_ISR_NUMBER);
 170:.\Generated_Source\PSoC5/EZI2C_PM.c ****     }
 171:.\Generated_Source\PSoC5/EZI2C_PM.c ****     EZI2C_EnableInt();
 172:.\Generated_Source\PSoC5/EZI2C_PM.c **** #endif /* (EZI2C_WAKEUP_ENABLED) */
 173:.\Generated_Source\PSoC5/EZI2C_PM.c **** }
 155              		.loc 1 173 0
 156 003e BDE8F840 		pop	{r3, r4, r5, r6, r7, lr}
 157              		.cfi_restore 14
 158              		.cfi_restore 7
 159              		.cfi_restore 6
 160              		.cfi_restore 5
 161              		.cfi_restore 4
 162              		.cfi_restore 3
 163              		.cfi_def_cfa_offset 0
 164              	.LBB9:
 165              	.LBB8:
 139:.\Generated_Source\PSoC5/EZI2C_PM.c ****     }
 166              		.loc 1 139 0
 167 0042 FFF7FEBF 		b	CyExitCriticalSection
 168              	.LVL1:
 169              	.L11:
 170 0046 00BF     		.align	2
 171              	.L10:
 172 0048 31430040 		.word	1073759025
 173 004c 00000000 		.word	.LANCHOR0
 174 0050 C8490040 		.word	1073760712
 175 0054 CA490040 		.word	1073760714
 176 0058 DB490040 		.word	1073760731
 177 005c DC490040 		.word	1073760732
 178 0060 D6490040 		.word	1073760726
 179              	.LBE8:
 180              	.LBE9:
 181              		.cfi_endproc
 182              	.LFE1:
 183              		.size	EZI2C_RestoreConfig, .-EZI2C_RestoreConfig
 184              		.section	.text.EZI2C_Sleep,"ax",%progbits
 185              		.align	2
 186              		.global	EZI2C_Sleep
 187              		.thumb
 188              		.thumb_func
 189              		.type	EZI2C_Sleep, %function
 190              	EZI2C_Sleep:
 191              	.LFB2:
 174:.\Generated_Source\PSoC5/EZI2C_PM.c **** 
 175:.\Generated_Source\PSoC5/EZI2C_PM.c **** 
 176:.\Generated_Source\PSoC5/EZI2C_PM.c **** /*******************************************************************************
 177:.\Generated_Source\PSoC5/EZI2C_PM.c **** * Function Name: EZI2C_Sleep
 178:.\Generated_Source\PSoC5/EZI2C_PM.c **** ********************************************************************************
 179:.\Generated_Source\PSoC5/EZI2C_PM.c **** *
 180:.\Generated_Source\PSoC5/EZI2C_PM.c **** * Summary:
 181:.\Generated_Source\PSoC5/EZI2C_PM.c **** *  This is the preferred method to prepare the component before device enters
 182:.\Generated_Source\PSoC5/EZI2C_PM.c **** *  sleep mode.
 183:.\Generated_Source\PSoC5/EZI2C_PM.c **** *  The Enable wakeup from Sleep Mode selection influences this function
 184:.\Generated_Source\PSoC5/EZI2C_PM.c **** *  implementation:
 185:.\Generated_Source\PSoC5/EZI2C_PM.c **** *   Unchecked: Checks current EZI2C component state, saves it, and disables the
ARM GAS  C:\Users\JOSEAN~1\AppData\Local\Temp\ccpJHdsf.s 			page 8


 186:.\Generated_Source\PSoC5/EZI2C_PM.c **** *              component by calling EZI2C_Stop() if it is currently enabled.
 187:.\Generated_Source\PSoC5/EZI2C_PM.c **** *              EZI2C_SaveConfig() is then called to save the component
 188:.\Generated_Source\PSoC5/EZI2C_PM.c **** *              non-retention configuration registers.
 189:.\Generated_Source\PSoC5/EZI2C_PM.c **** *   Checked:   If a transaction intended for component is in progress during
 190:.\Generated_Source\PSoC5/EZI2C_PM.c **** *              this function call, it waits until the current transaction is
 191:.\Generated_Source\PSoC5/EZI2C_PM.c **** *              completed. All subsequent I2C traffic intended for component is
 192:.\Generated_Source\PSoC5/EZI2C_PM.c **** *              NAKed until the device is put to sleep mode. The address match
 193:.\Generated_Source\PSoC5/EZI2C_PM.c **** *              event wakes up the device.
 194:.\Generated_Source\PSoC5/EZI2C_PM.c **** *
 195:.\Generated_Source\PSoC5/EZI2C_PM.c **** *  Call the EZI2C_Sleep() function before calling the CyPmSleep() or the
 196:.\Generated_Source\PSoC5/EZI2C_PM.c **** *  CyPmHibernate() function. Refer to the PSoC Creator System Reference Guide
 197:.\Generated_Source\PSoC5/EZI2C_PM.c **** *  for more information about power-management functions.
 198:.\Generated_Source\PSoC5/EZI2C_PM.c **** *
 199:.\Generated_Source\PSoC5/EZI2C_PM.c **** * Parameters:
 200:.\Generated_Source\PSoC5/EZI2C_PM.c **** *  None.
 201:.\Generated_Source\PSoC5/EZI2C_PM.c **** *
 202:.\Generated_Source\PSoC5/EZI2C_PM.c **** * Return:
 203:.\Generated_Source\PSoC5/EZI2C_PM.c **** *  None.
 204:.\Generated_Source\PSoC5/EZI2C_PM.c **** *
 205:.\Generated_Source\PSoC5/EZI2C_PM.c **** * Global variables:
 206:.\Generated_Source\PSoC5/EZI2C_PM.c **** *  EZI2C_backup - The non retention registers are saved to. Changed
 207:.\Generated_Source\PSoC5/EZI2C_PM.c **** *  by EZI2C_SaveConfig() function call.
 208:.\Generated_Source\PSoC5/EZI2C_PM.c **** *
 209:.\Generated_Source\PSoC5/EZI2C_PM.c **** * Reentrant:
 210:.\Generated_Source\PSoC5/EZI2C_PM.c **** *  No.
 211:.\Generated_Source\PSoC5/EZI2C_PM.c **** *
 212:.\Generated_Source\PSoC5/EZI2C_PM.c **** *******************************************************************************/
 213:.\Generated_Source\PSoC5/EZI2C_PM.c **** void EZI2C_Sleep(void) 
 214:.\Generated_Source\PSoC5/EZI2C_PM.c **** {
 192              		.loc 1 214 0
 193              		.cfi_startproc
 194              		@ args = 0, pretend = 0, frame = 0
 195              		@ frame_needed = 0, uses_anonymous_args = 0
 196 0000 38B5     		push	{r3, r4, r5, lr}
 197              		.cfi_def_cfa_offset 16
 198              		.cfi_offset 3, -16
 199              		.cfi_offset 4, -12
 200              		.cfi_offset 5, -8
 201              		.cfi_offset 14, -4
 215:.\Generated_Source\PSoC5/EZI2C_PM.c **** #if (EZI2C_WAKEUP_ENABLED)
 216:.\Generated_Source\PSoC5/EZI2C_PM.c ****     /* Do not re-enable component in EZI2C_Wakeup(). It remains enabled as it is wakeup source */
 217:.\Generated_Source\PSoC5/EZI2C_PM.c ****     EZI2C_backup.enableState = EZI2C_DISABLED;
 218:.\Generated_Source\PSoC5/EZI2C_PM.c **** #else
 219:.\Generated_Source\PSoC5/EZI2C_PM.c ****     /* Store component state enabled or disable to restore after wakeup */
 220:.\Generated_Source\PSoC5/EZI2C_PM.c ****     EZI2C_backup.enableState = (EZI2C_PM_ACT_CFG_REG & EZI2C_ACT_PWR_EN);
 202              		.loc 1 220 0
 203 0002 0D4B     		ldr	r3, .L18
 204 0004 0D4C     		ldr	r4, .L18+4
 205 0006 1B78     		ldrb	r3, [r3]	@ zero_extendqisi2
 206 0008 03F00403 		and	r3, r3, #4
 207 000c DBB2     		uxtb	r3, r3
 208 000e 2370     		strb	r3, [r4]
 221:.\Generated_Source\PSoC5/EZI2C_PM.c **** 
 222:.\Generated_Source\PSoC5/EZI2C_PM.c ****     if (0u != EZI2C_backup.enableState)
 209              		.loc 1 222 0
 210 0010 0BB1     		cbz	r3, .L13
 223:.\Generated_Source\PSoC5/EZI2C_PM.c ****     {
ARM GAS  C:\Users\JOSEAN~1\AppData\Local\Temp\ccpJHdsf.s 			page 9


 224:.\Generated_Source\PSoC5/EZI2C_PM.c ****         /* Disable component before enter Sleep */
 225:.\Generated_Source\PSoC5/EZI2C_PM.c ****         EZI2C_Stop();
 211              		.loc 1 225 0
 212 0012 FFF7FEFF 		bl	EZI2C_Stop
 213              	.LVL2:
 214              	.L13:
 215              	.LBB10:
 216              	.LBB11:
  67:.\Generated_Source\PSoC5/EZI2C_PM.c ****     EZI2C_backup.xcfg    = EZI2C_XCFG_REG;
 217              		.loc 1 67 0
 218 0016 0A4D     		ldr	r5, .L18+8
  68:.\Generated_Source\PSoC5/EZI2C_PM.c ****     EZI2C_backup.adr     = EZI2C_ADDR_REG;
 219              		.loc 1 68 0
 220 0018 0A48     		ldr	r0, .L18+12
  69:.\Generated_Source\PSoC5/EZI2C_PM.c ****     EZI2C_backup.clkDiv1 = EZI2C_CLKDIV1_REG;
 221              		.loc 1 69 0
 222 001a 0B49     		ldr	r1, .L18+16
  70:.\Generated_Source\PSoC5/EZI2C_PM.c ****     EZI2C_backup.clkDiv2 = EZI2C_CLKDIV2_REG;
 223              		.loc 1 70 0
 224 001c 0B4A     		ldr	r2, .L18+20
  71:.\Generated_Source\PSoC5/EZI2C_PM.c **** 
 225              		.loc 1 71 0
 226 001e 0C4B     		ldr	r3, .L18+24
  67:.\Generated_Source\PSoC5/EZI2C_PM.c ****     EZI2C_backup.xcfg    = EZI2C_XCFG_REG;
 227              		.loc 1 67 0
 228 0020 2D78     		ldrb	r5, [r5]	@ zero_extendqisi2
  68:.\Generated_Source\PSoC5/EZI2C_PM.c ****     EZI2C_backup.adr     = EZI2C_ADDR_REG;
 229              		.loc 1 68 0
 230 0022 0078     		ldrb	r0, [r0]	@ zero_extendqisi2
  69:.\Generated_Source\PSoC5/EZI2C_PM.c ****     EZI2C_backup.clkDiv1 = EZI2C_CLKDIV1_REG;
 231              		.loc 1 69 0
 232 0024 0978     		ldrb	r1, [r1]	@ zero_extendqisi2
  70:.\Generated_Source\PSoC5/EZI2C_PM.c ****     EZI2C_backup.clkDiv2 = EZI2C_CLKDIV2_REG;
 233              		.loc 1 70 0
 234 0026 1278     		ldrb	r2, [r2]	@ zero_extendqisi2
  71:.\Generated_Source\PSoC5/EZI2C_PM.c **** 
 235              		.loc 1 71 0
 236 0028 1B78     		ldrb	r3, [r3]	@ zero_extendqisi2
  67:.\Generated_Source\PSoC5/EZI2C_PM.c ****     EZI2C_backup.xcfg    = EZI2C_XCFG_REG;
 237              		.loc 1 67 0
 238 002a E570     		strb	r5, [r4, #3]
  68:.\Generated_Source\PSoC5/EZI2C_PM.c ****     EZI2C_backup.adr     = EZI2C_ADDR_REG;
 239              		.loc 1 68 0
 240 002c 6070     		strb	r0, [r4, #1]
  69:.\Generated_Source\PSoC5/EZI2C_PM.c ****     EZI2C_backup.clkDiv1 = EZI2C_CLKDIV1_REG;
 241              		.loc 1 69 0
 242 002e A170     		strb	r1, [r4, #2]
  70:.\Generated_Source\PSoC5/EZI2C_PM.c ****     EZI2C_backup.clkDiv2 = EZI2C_CLKDIV2_REG;
 243              		.loc 1 70 0
 244 0030 2271     		strb	r2, [r4, #4]
  71:.\Generated_Source\PSoC5/EZI2C_PM.c **** 
 245              		.loc 1 71 0
 246 0032 6371     		strb	r3, [r4, #5]
 247 0034 38BD     		pop	{r3, r4, r5, pc}
 248              	.L19:
 249 0036 00BF     		.align	2
 250              	.L18:
ARM GAS  C:\Users\JOSEAN~1\AppData\Local\Temp\ccpJHdsf.s 			page 10


 251 0038 A5430040 		.word	1073759141
 252 003c 00000000 		.word	.LANCHOR0
 253 0040 D6490040 		.word	1073760726
 254 0044 C8490040 		.word	1073760712
 255 0048 CA490040 		.word	1073760714
 256 004c DB490040 		.word	1073760731
 257 0050 DC490040 		.word	1073760732
 258              	.LBE11:
 259              	.LBE10:
 260              		.cfi_endproc
 261              	.LFE2:
 262              		.size	EZI2C_Sleep, .-EZI2C_Sleep
 263              		.section	.text.EZI2C_Wakeup,"ax",%progbits
 264              		.align	2
 265              		.global	EZI2C_Wakeup
 266              		.thumb
 267              		.thumb_func
 268              		.type	EZI2C_Wakeup, %function
 269              	EZI2C_Wakeup:
 270              	.LFB3:
 226:.\Generated_Source\PSoC5/EZI2C_PM.c ****     }
 227:.\Generated_Source\PSoC5/EZI2C_PM.c **** #endif /* (EZI2C_WAKEUP_ENABLED) */
 228:.\Generated_Source\PSoC5/EZI2C_PM.c **** 
 229:.\Generated_Source\PSoC5/EZI2C_PM.c ****     EZI2C_SaveConfig();
 230:.\Generated_Source\PSoC5/EZI2C_PM.c **** }
 231:.\Generated_Source\PSoC5/EZI2C_PM.c **** 
 232:.\Generated_Source\PSoC5/EZI2C_PM.c **** 
 233:.\Generated_Source\PSoC5/EZI2C_PM.c **** /*******************************************************************************
 234:.\Generated_Source\PSoC5/EZI2C_PM.c **** * Function Name: EZI2C_Wakeup
 235:.\Generated_Source\PSoC5/EZI2C_PM.c **** ********************************************************************************
 236:.\Generated_Source\PSoC5/EZI2C_PM.c **** *
 237:.\Generated_Source\PSoC5/EZI2C_PM.c **** * Summary:
 238:.\Generated_Source\PSoC5/EZI2C_PM.c **** *  This is the preferred method to prepare the component for active mode
 239:.\Generated_Source\PSoC5/EZI2C_PM.c **** *  operation (when device exits sleep mode).
 240:.\Generated_Source\PSoC5/EZI2C_PM.c **** *  The Enable wakeup from Sleep Mode selection influences this function
 241:.\Generated_Source\PSoC5/EZI2C_PM.c **** *  implementation:
 242:.\Generated_Source\PSoC5/EZI2C_PM.c **** *   Unchecked: Restores the component non-retention configuration registers
 243:.\Generated_Source\PSoC5/EZI2C_PM.c **** *              by calling EZI2C_RestoreConfig(). If the component was enabled
 244:.\Generated_Source\PSoC5/EZI2C_PM.c **** *              before the EZI2C_Sleep() function was called, EZI2C_Wakeup()
 245:.\Generated_Source\PSoC5/EZI2C_PM.c **** *              re-enables it.
 246:.\Generated_Source\PSoC5/EZI2C_PM.c **** *   Checked:   Disables the backup regulator of I2C hardware. The incoming
 247:.\Generated_Source\PSoC5/EZI2C_PM.c **** *              transaction continues as soon as the regular EZI2C interrupt
 248:.\Generated_Source\PSoC5/EZI2C_PM.c **** *              handler is set up (global interrupts has to be  enabled to
 249:.\Generated_Source\PSoC5/EZI2C_PM.c **** *              service EZI2C component interrupt).
 250:.\Generated_Source\PSoC5/EZI2C_PM.c **** *
 251:.\Generated_Source\PSoC5/EZI2C_PM.c **** * Parameters:
 252:.\Generated_Source\PSoC5/EZI2C_PM.c **** *  None.
 253:.\Generated_Source\PSoC5/EZI2C_PM.c **** *
 254:.\Generated_Source\PSoC5/EZI2C_PM.c **** * Return:
 255:.\Generated_Source\PSoC5/EZI2C_PM.c **** *  None.
 256:.\Generated_Source\PSoC5/EZI2C_PM.c **** *
 257:.\Generated_Source\PSoC5/EZI2C_PM.c **** * Global variables:
 258:.\Generated_Source\PSoC5/EZI2C_PM.c **** *  EZI2C_backup - The non retention registers are restored from.
 259:.\Generated_Source\PSoC5/EZI2C_PM.c **** *
 260:.\Generated_Source\PSoC5/EZI2C_PM.c **** * Reentrant:
 261:.\Generated_Source\PSoC5/EZI2C_PM.c **** *  No.
 262:.\Generated_Source\PSoC5/EZI2C_PM.c **** *
ARM GAS  C:\Users\JOSEAN~1\AppData\Local\Temp\ccpJHdsf.s 			page 11


 263:.\Generated_Source\PSoC5/EZI2C_PM.c **** * Side Effects:
 264:.\Generated_Source\PSoC5/EZI2C_PM.c **** *  Calling this function before EZI2C_SaveConfig() or
 265:.\Generated_Source\PSoC5/EZI2C_PM.c **** *  EZI2C_Sleep() will lead to unpredictable results.
 266:.\Generated_Source\PSoC5/EZI2C_PM.c **** *
 267:.\Generated_Source\PSoC5/EZI2C_PM.c **** *******************************************************************************/
 268:.\Generated_Source\PSoC5/EZI2C_PM.c **** void EZI2C_Wakeup(void) 
 269:.\Generated_Source\PSoC5/EZI2C_PM.c **** {
 271              		.loc 1 269 0
 272              		.cfi_startproc
 273              		@ args = 0, pretend = 0, frame = 0
 274              		@ frame_needed = 0, uses_anonymous_args = 0
 275 0000 10B5     		push	{r4, lr}
 276              		.cfi_def_cfa_offset 8
 277              		.cfi_offset 4, -8
 278              		.cfi_offset 14, -4
 279              	.LBB16:
 280              	.LBB17:
 133:.\Generated_Source\PSoC5/EZI2C_PM.c ****     /* Exit from Sleep */
 281              		.loc 1 133 0
 282 0002 114C     		ldr	r4, .L27
 283 0004 2378     		ldrb	r3, [r4]	@ zero_extendqisi2
 284 0006 5B07     		lsls	r3, r3, #29
 285 0008 14D4     		bmi	.L25
 155:.\Generated_Source\PSoC5/EZI2C_PM.c ****         EZI2C_XCFG_REG    = EZI2C_backup.xcfg;
 286              		.loc 1 155 0
 287 000a 104B     		ldr	r3, .L27+4
 288 000c 104A     		ldr	r2, .L27+8
 289 000e D878     		ldrb	r0, [r3, #3]	@ zero_extendqisi2
 156:.\Generated_Source\PSoC5/EZI2C_PM.c ****         EZI2C_ADDR_REG    = EZI2C_backup.adr;
 290              		.loc 1 156 0
 291 0010 1049     		ldr	r1, .L27+12
 155:.\Generated_Source\PSoC5/EZI2C_PM.c ****         EZI2C_XCFG_REG    = EZI2C_backup.xcfg;
 292              		.loc 1 155 0
 293 0012 1070     		strb	r0, [r2]
 156:.\Generated_Source\PSoC5/EZI2C_PM.c ****         EZI2C_ADDR_REG    = EZI2C_backup.adr;
 294              		.loc 1 156 0
 295 0014 5878     		ldrb	r0, [r3, #1]	@ zero_extendqisi2
 296 0016 0870     		strb	r0, [r1]
 157:.\Generated_Source\PSoC5/EZI2C_PM.c ****         EZI2C_CLKDIV1_REG = EZI2C_backup.clkDiv1;
 297              		.loc 1 157 0
 298 0018 9878     		ldrb	r0, [r3, #2]	@ zero_extendqisi2
 299 001a 02F80C0C 		strb	r0, [r2, #-12]
 158:.\Generated_Source\PSoC5/EZI2C_PM.c ****         EZI2C_CLKDIV2_REG = EZI2C_backup.clkDiv2;
 300              		.loc 1 158 0
 301 001e 1879     		ldrb	r0, [r3, #4]	@ zero_extendqisi2
 302 0020 C874     		strb	r0, [r1, #19]
 159:.\Generated_Source\PSoC5/EZI2C_PM.c ****     }
 303              		.loc 1 159 0
 304 0022 5979     		ldrb	r1, [r3, #5]	@ zero_extendqisi2
 305 0024 9171     		strb	r1, [r2, #6]
 306              	.L22:
 307              	.LBE17:
 308              	.LBE16:
 270:.\Generated_Source\PSoC5/EZI2C_PM.c ****     EZI2C_RestoreConfig();
 271:.\Generated_Source\PSoC5/EZI2C_PM.c **** 
 272:.\Generated_Source\PSoC5/EZI2C_PM.c ****     if (0u != EZI2C_backup.enableState)
 309              		.loc 1 272 0
ARM GAS  C:\Users\JOSEAN~1\AppData\Local\Temp\ccpJHdsf.s 			page 12


 310 0026 1B78     		ldrb	r3, [r3]	@ zero_extendqisi2
 311 0028 03B9     		cbnz	r3, .L26
 312 002a 10BD     		pop	{r4, pc}
 313              	.L26:
 273:.\Generated_Source\PSoC5/EZI2C_PM.c ****     {
 274:.\Generated_Source\PSoC5/EZI2C_PM.c ****         /* Enable component as it was enabled before Sleep */
 275:.\Generated_Source\PSoC5/EZI2C_PM.c ****         EZI2C_Enable();
 276:.\Generated_Source\PSoC5/EZI2C_PM.c ****     }
 277:.\Generated_Source\PSoC5/EZI2C_PM.c **** }
 314              		.loc 1 277 0
 315 002c BDE81040 		pop	{r4, lr}
 316              		.cfi_remember_state
 317              		.cfi_restore 14
 318              		.cfi_restore 4
 319              		.cfi_def_cfa_offset 0
 275:.\Generated_Source\PSoC5/EZI2C_PM.c ****     }
 320              		.loc 1 275 0
 321 0030 FFF7FEBF 		b	EZI2C_Enable
 322              	.LVL3:
 323              	.L25:
 324              		.cfi_restore_state
 325              	.LBB21:
 326              	.LBB20:
 327              	.LBB18:
 328              	.LBB19:
 137:.\Generated_Source\PSoC5/EZI2C_PM.c ****         EZI2C_PWRSYS_CR1_REG &= (uint8) ~EZI2C_PWRSYS_CR1_I2C_BACKUP;
 329              		.loc 1 137 0
 330 0034 FFF7FEFF 		bl	CyEnterCriticalSection
 331              	.LVL4:
 138:.\Generated_Source\PSoC5/EZI2C_PM.c ****         CyExitCriticalSection(intState);
 332              		.loc 1 138 0
 333 0038 2378     		ldrb	r3, [r4]	@ zero_extendqisi2
 334 003a 03F0FB03 		and	r3, r3, #251
 335 003e 2370     		strb	r3, [r4]
 139:.\Generated_Source\PSoC5/EZI2C_PM.c ****     }
 336              		.loc 1 139 0
 337 0040 FFF7FEFF 		bl	CyExitCriticalSection
 338              	.LVL5:
 339 0044 014B     		ldr	r3, .L27+4
 340 0046 EEE7     		b	.L22
 341              	.L28:
 342              		.align	2
 343              	.L27:
 344 0048 31430040 		.word	1073759025
 345 004c 00000000 		.word	.LANCHOR0
 346 0050 D6490040 		.word	1073760726
 347 0054 C8490040 		.word	1073760712
 348              	.LBE19:
 349              	.LBE18:
 350              	.LBE20:
 351              	.LBE21:
 352              		.cfi_endproc
 353              	.LFE3:
 354              		.size	EZI2C_Wakeup, .-EZI2C_Wakeup
 355              		.global	EZI2C_backup
 356              		.data
 357              		.align	2
ARM GAS  C:\Users\JOSEAN~1\AppData\Local\Temp\ccpJHdsf.s 			page 13


 358              		.set	.LANCHOR0,. + 0
 359              		.type	EZI2C_backup, %object
 360              		.size	EZI2C_backup, 6
 361              	EZI2C_backup:
 362 0000 00       		.byte	0
 363 0001 81       		.byte	-127
 364 0002 08       		.byte	8
 365 0003 01       		.byte	1
 366 0004 1E       		.byte	30
 367 0005 00       		.byte	0
 368 0006 0000     		.text
 369              	.Letext0:
 370              		.file 2 ".\\Generated_Source\\PSoC5\\cytypes.h"
 371              		.file 3 ".\\Generated_Source\\PSoC5\\EZI2C.h"
 372              		.file 4 ".\\Generated_Source\\PSoC5\\CyLib.h"
 373              		.section	.debug_info,"",%progbits
 374              	.Ldebug_info0:
 375 0000 4C020000 		.4byte	0x24c
 376 0004 0400     		.2byte	0x4
 377 0006 00000000 		.4byte	.Ldebug_abbrev0
 378 000a 04       		.byte	0x4
 379 000b 01       		.uleb128 0x1
 380 000c B2000000 		.4byte	.LASF29
 381 0010 01       		.byte	0x1
 382 0011 2E020000 		.4byte	.LASF30
 383 0015 00000000 		.4byte	.LASF31
 384 0019 30000000 		.4byte	.Ldebug_ranges0+0x30
 385 001d 00000000 		.4byte	0
 386 0021 00000000 		.4byte	.Ldebug_line0
 387 0025 02       		.uleb128 0x2
 388 0026 01       		.byte	0x1
 389 0027 06       		.byte	0x6
 390 0028 7B020000 		.4byte	.LASF0
 391 002c 02       		.uleb128 0x2
 392 002d 01       		.byte	0x1
 393 002e 08       		.byte	0x8
 394 002f A4000000 		.4byte	.LASF1
 395 0033 02       		.uleb128 0x2
 396 0034 02       		.byte	0x2
 397 0035 05       		.byte	0x5
 398 0036 57020000 		.4byte	.LASF2
 399 003a 02       		.uleb128 0x2
 400 003b 02       		.byte	0x2
 401 003c 07       		.byte	0x7
 402 003d 67000000 		.4byte	.LASF3
 403 0041 02       		.uleb128 0x2
 404 0042 04       		.byte	0x4
 405 0043 05       		.byte	0x5
 406 0044 61020000 		.4byte	.LASF4
 407 0048 02       		.uleb128 0x2
 408 0049 04       		.byte	0x4
 409 004a 07       		.byte	0x7
 410 004b 45010000 		.4byte	.LASF5
 411 004f 02       		.uleb128 0x2
 412 0050 08       		.byte	0x8
 413 0051 05       		.byte	0x5
 414 0052 1B020000 		.4byte	.LASF6
ARM GAS  C:\Users\JOSEAN~1\AppData\Local\Temp\ccpJHdsf.s 			page 14


 415 0056 02       		.uleb128 0x2
 416 0057 08       		.byte	0x8
 417 0058 07       		.byte	0x7
 418 0059 8D000000 		.4byte	.LASF7
 419 005d 03       		.uleb128 0x3
 420 005e 04       		.byte	0x4
 421 005f 05       		.byte	0x5
 422 0060 696E7400 		.ascii	"int\000"
 423 0064 02       		.uleb128 0x2
 424 0065 04       		.byte	0x4
 425 0066 07       		.byte	0x7
 426 0067 94010000 		.4byte	.LASF8
 427 006b 04       		.uleb128 0x4
 428 006c 57010000 		.4byte	.LASF9
 429 0070 02       		.byte	0x2
 430 0071 9201     		.2byte	0x192
 431 0073 2C000000 		.4byte	0x2c
 432 0077 04       		.uleb128 0x4
 433 0078 71010000 		.4byte	.LASF10
 434 007c 02       		.byte	0x2
 435 007d 9301     		.2byte	0x193
 436 007f 3A000000 		.4byte	0x3a
 437 0083 04       		.uleb128 0x4
 438 0084 78010000 		.4byte	.LASF11
 439 0088 02       		.byte	0x2
 440 0089 9401     		.2byte	0x194
 441 008b 48000000 		.4byte	0x48
 442 008f 02       		.uleb128 0x2
 443 0090 04       		.byte	0x4
 444 0091 04       		.byte	0x4
 445 0092 87000000 		.4byte	.LASF12
 446 0096 02       		.uleb128 0x2
 447 0097 08       		.byte	0x8
 448 0098 04       		.byte	0x4
 449 0099 6A010000 		.4byte	.LASF13
 450 009d 02       		.uleb128 0x2
 451 009e 01       		.byte	0x1
 452 009f 08       		.byte	0x8
 453 00a0 29020000 		.4byte	.LASF14
 454 00a4 04       		.uleb128 0x4
 455 00a5 40010000 		.4byte	.LASF15
 456 00a9 02       		.byte	0x2
 457 00aa 3C02     		.2byte	0x23c
 458 00ac B0000000 		.4byte	0xb0
 459 00b0 05       		.uleb128 0x5
 460 00b1 6B000000 		.4byte	0x6b
 461 00b5 02       		.uleb128 0x2
 462 00b6 04       		.byte	0x4
 463 00b7 07       		.byte	0x7
 464 00b8 FE010000 		.4byte	.LASF16
 465 00bc 06       		.uleb128 0x6
 466 00bd 06       		.byte	0x6
 467 00be 03       		.byte	0x3
 468 00bf 42       		.byte	0x42
 469 00c0 0D010000 		.4byte	0x10d
 470 00c4 07       		.uleb128 0x7
 471 00c5 7F010000 		.4byte	.LASF17
ARM GAS  C:\Users\JOSEAN~1\AppData\Local\Temp\ccpJHdsf.s 			page 15


 472 00c9 03       		.byte	0x3
 473 00ca 44       		.byte	0x44
 474 00cb 6B000000 		.4byte	0x6b
 475 00cf 00       		.byte	0
 476 00d0 07       		.uleb128 0x7
 477 00d1 52020000 		.4byte	.LASF18
 478 00d5 03       		.byte	0x3
 479 00d6 45       		.byte	0x45
 480 00d7 6B000000 		.4byte	0x6b
 481 00db 01       		.byte	0x1
 482 00dc 08       		.uleb128 0x8
 483 00dd 61647200 		.ascii	"adr\000"
 484 00e1 03       		.byte	0x3
 485 00e2 46       		.byte	0x46
 486 00e3 6B000000 		.4byte	0x6b
 487 00e7 02       		.byte	0x2
 488 00e8 08       		.uleb128 0x8
 489 00e9 63666700 		.ascii	"cfg\000"
 490 00ed 03       		.byte	0x3
 491 00ee 47       		.byte	0x47
 492 00ef 6B000000 		.4byte	0x6b
 493 00f3 03       		.byte	0x3
 494 00f4 07       		.uleb128 0x7
 495 00f5 BF010000 		.4byte	.LASF19
 496 00f9 03       		.byte	0x3
 497 00fa 48       		.byte	0x48
 498 00fb 6B000000 		.4byte	0x6b
 499 00ff 04       		.byte	0x4
 500 0100 07       		.uleb128 0x7
 501 0101 A1010000 		.4byte	.LASF20
 502 0105 03       		.byte	0x3
 503 0106 49       		.byte	0x49
 504 0107 6B000000 		.4byte	0x6b
 505 010b 05       		.byte	0x5
 506 010c 00       		.byte	0
 507 010d 09       		.uleb128 0x9
 508 010e EA010000 		.4byte	.LASF21
 509 0112 03       		.byte	0x3
 510 0113 4B       		.byte	0x4b
 511 0114 BC000000 		.4byte	0xbc
 512 0118 0A       		.uleb128 0xa
 513 0119 07020000 		.4byte	.LASF24
 514 011d 01       		.byte	0x1
 515 011e 81       		.byte	0x81
 516 011f 01       		.byte	0x1
 517 0120 30010000 		.4byte	0x130
 518 0124 0B       		.uleb128 0xb
 519 0125 8B010000 		.4byte	.LASF32
 520 0129 01       		.byte	0x1
 521 012a 83       		.byte	0x83
 522 012b 6B000000 		.4byte	0x6b
 523 012f 00       		.byte	0
 524 0130 0C       		.uleb128 0xc
 525 0131 6A020000 		.4byte	.LASF26
 526 0135 01       		.byte	0x1
 527 0136 3C       		.byte	0x3c
 528 0137 01       		.byte	0x1
ARM GAS  C:\Users\JOSEAN~1\AppData\Local\Temp\ccpJHdsf.s 			page 16


 529 0138 0D       		.uleb128 0xd
 530 0139 30010000 		.4byte	0x130
 531 013d 00000000 		.4byte	.LFB0
 532 0141 40000000 		.4byte	.LFE0-.LFB0
 533 0145 01       		.uleb128 0x1
 534 0146 9C       		.byte	0x9c
 535 0147 0E       		.uleb128 0xe
 536 0148 18010000 		.4byte	0x118
 537 014c 00000000 		.4byte	.LFB1
 538 0150 64000000 		.4byte	.LFE1-.LFB1
 539 0154 01       		.uleb128 0x1
 540 0155 9C       		.byte	0x9c
 541 0156 81010000 		.4byte	0x181
 542 015a 0F       		.uleb128 0xf
 543 015b 24010000 		.4byte	0x124
 544 015f 10       		.uleb128 0x10
 545 0160 00000000 		.4byte	.Ldebug_ranges0+0
 546 0164 11       		.uleb128 0x11
 547 0165 24010000 		.4byte	0x124
 548 0169 00000000 		.4byte	.LLST0
 549 016d 12       		.uleb128 0x12
 550 016e 36000000 		.4byte	.LVL0
 551 0172 25020000 		.4byte	0x225
 552 0176 13       		.uleb128 0x13
 553 0177 46000000 		.4byte	.LVL1
 554 017b 30020000 		.4byte	0x230
 555 017f 00       		.byte	0
 556 0180 00       		.byte	0
 557 0181 14       		.uleb128 0x14
 558 0182 C7010000 		.4byte	.LASF22
 559 0186 01       		.byte	0x1
 560 0187 D5       		.byte	0xd5
 561 0188 00000000 		.4byte	.LFB2
 562 018c 54000000 		.4byte	.LFE2-.LFB2
 563 0190 01       		.uleb128 0x1
 564 0191 9C       		.byte	0x9c
 565 0192 AF010000 		.4byte	0x1af
 566 0196 15       		.uleb128 0x15
 567 0197 30010000 		.4byte	0x130
 568 019b 16000000 		.4byte	.LBB10
 569 019f 3E000000 		.4byte	.LBE10-.LBB10
 570 01a3 01       		.byte	0x1
 571 01a4 E5       		.byte	0xe5
 572 01a5 12       		.uleb128 0x12
 573 01a6 16000000 		.4byte	.LVL2
 574 01aa 41020000 		.4byte	0x241
 575 01ae 00       		.byte	0
 576 01af 16       		.uleb128 0x16
 577 01b0 7A000000 		.4byte	.LASF23
 578 01b4 01       		.byte	0x1
 579 01b5 0C01     		.2byte	0x10c
 580 01b7 00000000 		.4byte	.LFB3
 581 01bb 58000000 		.4byte	.LFE3-.LFB3
 582 01bf 01       		.uleb128 0x1
 583 01c0 9C       		.byte	0x9c
 584 01c1 14020000 		.4byte	0x214
 585 01c5 17       		.uleb128 0x17
ARM GAS  C:\Users\JOSEAN~1\AppData\Local\Temp\ccpJHdsf.s 			page 17


 586 01c6 18010000 		.4byte	0x118
 587 01ca 02000000 		.4byte	.LBB16
 588 01ce 18000000 		.4byte	.Ldebug_ranges0+0x18
 589 01d2 01       		.byte	0x1
 590 01d3 0E01     		.2byte	0x10e
 591 01d5 0A020000 		.4byte	0x20a
 592 01d9 10       		.uleb128 0x10
 593 01da 18000000 		.4byte	.Ldebug_ranges0+0x18
 594 01de 0F       		.uleb128 0xf
 595 01df 24010000 		.4byte	0x124
 596 01e3 18       		.uleb128 0x18
 597 01e4 34000000 		.4byte	.LBB19
 598 01e8 24000000 		.4byte	.LBE19-.LBB19
 599 01ec 11       		.uleb128 0x11
 600 01ed 24010000 		.4byte	0x124
 601 01f1 13000000 		.4byte	.LLST1
 602 01f5 12       		.uleb128 0x12
 603 01f6 38000000 		.4byte	.LVL4
 604 01fa 25020000 		.4byte	0x225
 605 01fe 12       		.uleb128 0x12
 606 01ff 44000000 		.4byte	.LVL5
 607 0203 30020000 		.4byte	0x230
 608 0207 00       		.byte	0
 609 0208 00       		.byte	0
 610 0209 00       		.byte	0
 611 020a 13       		.uleb128 0x13
 612 020b 34000000 		.4byte	.LVL3
 613 020f 48020000 		.4byte	0x248
 614 0213 00       		.byte	0
 615 0214 19       		.uleb128 0x19
 616 0215 5D010000 		.4byte	.LASF33
 617 0219 01       		.byte	0x1
 618 021a 12       		.byte	0x12
 619 021b 0D010000 		.4byte	0x10d
 620 021f 05       		.uleb128 0x5
 621 0220 03       		.byte	0x3
 622 0221 00000000 		.4byte	EZI2C_backup
 623 0225 1A       		.uleb128 0x1a
 624 0226 D3010000 		.4byte	.LASF34
 625 022a 04       		.byte	0x4
 626 022b 7D       		.byte	0x7d
 627 022c 6B000000 		.4byte	0x6b
 628 0230 1B       		.uleb128 0x1b
 629 0231 A9010000 		.4byte	.LASF25
 630 0235 04       		.byte	0x4
 631 0236 7E       		.byte	0x7e
 632 0237 41020000 		.4byte	0x241
 633 023b 1C       		.uleb128 0x1c
 634 023c 6B000000 		.4byte	0x6b
 635 0240 00       		.byte	0
 636 0241 1D       		.uleb128 0x1d
 637 0242 5C000000 		.4byte	.LASF27
 638 0246 03       		.byte	0x3
 639 0247 55       		.byte	0x55
 640 0248 1D       		.uleb128 0x1d
 641 0249 4F000000 		.4byte	.LASF28
 642 024d 03       		.byte	0x3
ARM GAS  C:\Users\JOSEAN~1\AppData\Local\Temp\ccpJHdsf.s 			page 18


 643 024e 53       		.byte	0x53
 644 024f 00       		.byte	0
 645              		.section	.debug_abbrev,"",%progbits
 646              	.Ldebug_abbrev0:
 647 0000 01       		.uleb128 0x1
 648 0001 11       		.uleb128 0x11
 649 0002 01       		.byte	0x1
 650 0003 25       		.uleb128 0x25
 651 0004 0E       		.uleb128 0xe
 652 0005 13       		.uleb128 0x13
 653 0006 0B       		.uleb128 0xb
 654 0007 03       		.uleb128 0x3
 655 0008 0E       		.uleb128 0xe
 656 0009 1B       		.uleb128 0x1b
 657 000a 0E       		.uleb128 0xe
 658 000b 55       		.uleb128 0x55
 659 000c 17       		.uleb128 0x17
 660 000d 11       		.uleb128 0x11
 661 000e 01       		.uleb128 0x1
 662 000f 10       		.uleb128 0x10
 663 0010 17       		.uleb128 0x17
 664 0011 00       		.byte	0
 665 0012 00       		.byte	0
 666 0013 02       		.uleb128 0x2
 667 0014 24       		.uleb128 0x24
 668 0015 00       		.byte	0
 669 0016 0B       		.uleb128 0xb
 670 0017 0B       		.uleb128 0xb
 671 0018 3E       		.uleb128 0x3e
 672 0019 0B       		.uleb128 0xb
 673 001a 03       		.uleb128 0x3
 674 001b 0E       		.uleb128 0xe
 675 001c 00       		.byte	0
 676 001d 00       		.byte	0
 677 001e 03       		.uleb128 0x3
 678 001f 24       		.uleb128 0x24
 679 0020 00       		.byte	0
 680 0021 0B       		.uleb128 0xb
 681 0022 0B       		.uleb128 0xb
 682 0023 3E       		.uleb128 0x3e
 683 0024 0B       		.uleb128 0xb
 684 0025 03       		.uleb128 0x3
 685 0026 08       		.uleb128 0x8
 686 0027 00       		.byte	0
 687 0028 00       		.byte	0
 688 0029 04       		.uleb128 0x4
 689 002a 16       		.uleb128 0x16
 690 002b 00       		.byte	0
 691 002c 03       		.uleb128 0x3
 692 002d 0E       		.uleb128 0xe
 693 002e 3A       		.uleb128 0x3a
 694 002f 0B       		.uleb128 0xb
 695 0030 3B       		.uleb128 0x3b
 696 0031 05       		.uleb128 0x5
 697 0032 49       		.uleb128 0x49
 698 0033 13       		.uleb128 0x13
 699 0034 00       		.byte	0
ARM GAS  C:\Users\JOSEAN~1\AppData\Local\Temp\ccpJHdsf.s 			page 19


 700 0035 00       		.byte	0
 701 0036 05       		.uleb128 0x5
 702 0037 35       		.uleb128 0x35
 703 0038 00       		.byte	0
 704 0039 49       		.uleb128 0x49
 705 003a 13       		.uleb128 0x13
 706 003b 00       		.byte	0
 707 003c 00       		.byte	0
 708 003d 06       		.uleb128 0x6
 709 003e 13       		.uleb128 0x13
 710 003f 01       		.byte	0x1
 711 0040 0B       		.uleb128 0xb
 712 0041 0B       		.uleb128 0xb
 713 0042 3A       		.uleb128 0x3a
 714 0043 0B       		.uleb128 0xb
 715 0044 3B       		.uleb128 0x3b
 716 0045 0B       		.uleb128 0xb
 717 0046 01       		.uleb128 0x1
 718 0047 13       		.uleb128 0x13
 719 0048 00       		.byte	0
 720 0049 00       		.byte	0
 721 004a 07       		.uleb128 0x7
 722 004b 0D       		.uleb128 0xd
 723 004c 00       		.byte	0
 724 004d 03       		.uleb128 0x3
 725 004e 0E       		.uleb128 0xe
 726 004f 3A       		.uleb128 0x3a
 727 0050 0B       		.uleb128 0xb
 728 0051 3B       		.uleb128 0x3b
 729 0052 0B       		.uleb128 0xb
 730 0053 49       		.uleb128 0x49
 731 0054 13       		.uleb128 0x13
 732 0055 38       		.uleb128 0x38
 733 0056 0B       		.uleb128 0xb
 734 0057 00       		.byte	0
 735 0058 00       		.byte	0
 736 0059 08       		.uleb128 0x8
 737 005a 0D       		.uleb128 0xd
 738 005b 00       		.byte	0
 739 005c 03       		.uleb128 0x3
 740 005d 08       		.uleb128 0x8
 741 005e 3A       		.uleb128 0x3a
 742 005f 0B       		.uleb128 0xb
 743 0060 3B       		.uleb128 0x3b
 744 0061 0B       		.uleb128 0xb
 745 0062 49       		.uleb128 0x49
 746 0063 13       		.uleb128 0x13
 747 0064 38       		.uleb128 0x38
 748 0065 0B       		.uleb128 0xb
 749 0066 00       		.byte	0
 750 0067 00       		.byte	0
 751 0068 09       		.uleb128 0x9
 752 0069 16       		.uleb128 0x16
 753 006a 00       		.byte	0
 754 006b 03       		.uleb128 0x3
 755 006c 0E       		.uleb128 0xe
 756 006d 3A       		.uleb128 0x3a
ARM GAS  C:\Users\JOSEAN~1\AppData\Local\Temp\ccpJHdsf.s 			page 20


 757 006e 0B       		.uleb128 0xb
 758 006f 3B       		.uleb128 0x3b
 759 0070 0B       		.uleb128 0xb
 760 0071 49       		.uleb128 0x49
 761 0072 13       		.uleb128 0x13
 762 0073 00       		.byte	0
 763 0074 00       		.byte	0
 764 0075 0A       		.uleb128 0xa
 765 0076 2E       		.uleb128 0x2e
 766 0077 01       		.byte	0x1
 767 0078 3F       		.uleb128 0x3f
 768 0079 19       		.uleb128 0x19
 769 007a 03       		.uleb128 0x3
 770 007b 0E       		.uleb128 0xe
 771 007c 3A       		.uleb128 0x3a
 772 007d 0B       		.uleb128 0xb
 773 007e 3B       		.uleb128 0x3b
 774 007f 0B       		.uleb128 0xb
 775 0080 27       		.uleb128 0x27
 776 0081 19       		.uleb128 0x19
 777 0082 20       		.uleb128 0x20
 778 0083 0B       		.uleb128 0xb
 779 0084 01       		.uleb128 0x1
 780 0085 13       		.uleb128 0x13
 781 0086 00       		.byte	0
 782 0087 00       		.byte	0
 783 0088 0B       		.uleb128 0xb
 784 0089 34       		.uleb128 0x34
 785 008a 00       		.byte	0
 786 008b 03       		.uleb128 0x3
 787 008c 0E       		.uleb128 0xe
 788 008d 3A       		.uleb128 0x3a
 789 008e 0B       		.uleb128 0xb
 790 008f 3B       		.uleb128 0x3b
 791 0090 0B       		.uleb128 0xb
 792 0091 49       		.uleb128 0x49
 793 0092 13       		.uleb128 0x13
 794 0093 00       		.byte	0
 795 0094 00       		.byte	0
 796 0095 0C       		.uleb128 0xc
 797 0096 2E       		.uleb128 0x2e
 798 0097 00       		.byte	0
 799 0098 3F       		.uleb128 0x3f
 800 0099 19       		.uleb128 0x19
 801 009a 03       		.uleb128 0x3
 802 009b 0E       		.uleb128 0xe
 803 009c 3A       		.uleb128 0x3a
 804 009d 0B       		.uleb128 0xb
 805 009e 3B       		.uleb128 0x3b
 806 009f 0B       		.uleb128 0xb
 807 00a0 27       		.uleb128 0x27
 808 00a1 19       		.uleb128 0x19
 809 00a2 20       		.uleb128 0x20
 810 00a3 0B       		.uleb128 0xb
 811 00a4 00       		.byte	0
 812 00a5 00       		.byte	0
 813 00a6 0D       		.uleb128 0xd
ARM GAS  C:\Users\JOSEAN~1\AppData\Local\Temp\ccpJHdsf.s 			page 21


 814 00a7 2E       		.uleb128 0x2e
 815 00a8 00       		.byte	0
 816 00a9 31       		.uleb128 0x31
 817 00aa 13       		.uleb128 0x13
 818 00ab 11       		.uleb128 0x11
 819 00ac 01       		.uleb128 0x1
 820 00ad 12       		.uleb128 0x12
 821 00ae 06       		.uleb128 0x6
 822 00af 40       		.uleb128 0x40
 823 00b0 18       		.uleb128 0x18
 824 00b1 9742     		.uleb128 0x2117
 825 00b3 19       		.uleb128 0x19
 826 00b4 00       		.byte	0
 827 00b5 00       		.byte	0
 828 00b6 0E       		.uleb128 0xe
 829 00b7 2E       		.uleb128 0x2e
 830 00b8 01       		.byte	0x1
 831 00b9 31       		.uleb128 0x31
 832 00ba 13       		.uleb128 0x13
 833 00bb 11       		.uleb128 0x11
 834 00bc 01       		.uleb128 0x1
 835 00bd 12       		.uleb128 0x12
 836 00be 06       		.uleb128 0x6
 837 00bf 40       		.uleb128 0x40
 838 00c0 18       		.uleb128 0x18
 839 00c1 9742     		.uleb128 0x2117
 840 00c3 19       		.uleb128 0x19
 841 00c4 01       		.uleb128 0x1
 842 00c5 13       		.uleb128 0x13
 843 00c6 00       		.byte	0
 844 00c7 00       		.byte	0
 845 00c8 0F       		.uleb128 0xf
 846 00c9 34       		.uleb128 0x34
 847 00ca 00       		.byte	0
 848 00cb 31       		.uleb128 0x31
 849 00cc 13       		.uleb128 0x13
 850 00cd 00       		.byte	0
 851 00ce 00       		.byte	0
 852 00cf 10       		.uleb128 0x10
 853 00d0 0B       		.uleb128 0xb
 854 00d1 01       		.byte	0x1
 855 00d2 55       		.uleb128 0x55
 856 00d3 17       		.uleb128 0x17
 857 00d4 00       		.byte	0
 858 00d5 00       		.byte	0
 859 00d6 11       		.uleb128 0x11
 860 00d7 34       		.uleb128 0x34
 861 00d8 00       		.byte	0
 862 00d9 31       		.uleb128 0x31
 863 00da 13       		.uleb128 0x13
 864 00db 02       		.uleb128 0x2
 865 00dc 17       		.uleb128 0x17
 866 00dd 00       		.byte	0
 867 00de 00       		.byte	0
 868 00df 12       		.uleb128 0x12
 869 00e0 898201   		.uleb128 0x4109
 870 00e3 00       		.byte	0
ARM GAS  C:\Users\JOSEAN~1\AppData\Local\Temp\ccpJHdsf.s 			page 22


 871 00e4 11       		.uleb128 0x11
 872 00e5 01       		.uleb128 0x1
 873 00e6 31       		.uleb128 0x31
 874 00e7 13       		.uleb128 0x13
 875 00e8 00       		.byte	0
 876 00e9 00       		.byte	0
 877 00ea 13       		.uleb128 0x13
 878 00eb 898201   		.uleb128 0x4109
 879 00ee 00       		.byte	0
 880 00ef 11       		.uleb128 0x11
 881 00f0 01       		.uleb128 0x1
 882 00f1 9542     		.uleb128 0x2115
 883 00f3 19       		.uleb128 0x19
 884 00f4 31       		.uleb128 0x31
 885 00f5 13       		.uleb128 0x13
 886 00f6 00       		.byte	0
 887 00f7 00       		.byte	0
 888 00f8 14       		.uleb128 0x14
 889 00f9 2E       		.uleb128 0x2e
 890 00fa 01       		.byte	0x1
 891 00fb 3F       		.uleb128 0x3f
 892 00fc 19       		.uleb128 0x19
 893 00fd 03       		.uleb128 0x3
 894 00fe 0E       		.uleb128 0xe
 895 00ff 3A       		.uleb128 0x3a
 896 0100 0B       		.uleb128 0xb
 897 0101 3B       		.uleb128 0x3b
 898 0102 0B       		.uleb128 0xb
 899 0103 27       		.uleb128 0x27
 900 0104 19       		.uleb128 0x19
 901 0105 11       		.uleb128 0x11
 902 0106 01       		.uleb128 0x1
 903 0107 12       		.uleb128 0x12
 904 0108 06       		.uleb128 0x6
 905 0109 40       		.uleb128 0x40
 906 010a 18       		.uleb128 0x18
 907 010b 9742     		.uleb128 0x2117
 908 010d 19       		.uleb128 0x19
 909 010e 01       		.uleb128 0x1
 910 010f 13       		.uleb128 0x13
 911 0110 00       		.byte	0
 912 0111 00       		.byte	0
 913 0112 15       		.uleb128 0x15
 914 0113 1D       		.uleb128 0x1d
 915 0114 00       		.byte	0
 916 0115 31       		.uleb128 0x31
 917 0116 13       		.uleb128 0x13
 918 0117 11       		.uleb128 0x11
 919 0118 01       		.uleb128 0x1
 920 0119 12       		.uleb128 0x12
 921 011a 06       		.uleb128 0x6
 922 011b 58       		.uleb128 0x58
 923 011c 0B       		.uleb128 0xb
 924 011d 59       		.uleb128 0x59
 925 011e 0B       		.uleb128 0xb
 926 011f 00       		.byte	0
 927 0120 00       		.byte	0
ARM GAS  C:\Users\JOSEAN~1\AppData\Local\Temp\ccpJHdsf.s 			page 23


 928 0121 16       		.uleb128 0x16
 929 0122 2E       		.uleb128 0x2e
 930 0123 01       		.byte	0x1
 931 0124 3F       		.uleb128 0x3f
 932 0125 19       		.uleb128 0x19
 933 0126 03       		.uleb128 0x3
 934 0127 0E       		.uleb128 0xe
 935 0128 3A       		.uleb128 0x3a
 936 0129 0B       		.uleb128 0xb
 937 012a 3B       		.uleb128 0x3b
 938 012b 05       		.uleb128 0x5
 939 012c 27       		.uleb128 0x27
 940 012d 19       		.uleb128 0x19
 941 012e 11       		.uleb128 0x11
 942 012f 01       		.uleb128 0x1
 943 0130 12       		.uleb128 0x12
 944 0131 06       		.uleb128 0x6
 945 0132 40       		.uleb128 0x40
 946 0133 18       		.uleb128 0x18
 947 0134 9742     		.uleb128 0x2117
 948 0136 19       		.uleb128 0x19
 949 0137 01       		.uleb128 0x1
 950 0138 13       		.uleb128 0x13
 951 0139 00       		.byte	0
 952 013a 00       		.byte	0
 953 013b 17       		.uleb128 0x17
 954 013c 1D       		.uleb128 0x1d
 955 013d 01       		.byte	0x1
 956 013e 31       		.uleb128 0x31
 957 013f 13       		.uleb128 0x13
 958 0140 52       		.uleb128 0x52
 959 0141 01       		.uleb128 0x1
 960 0142 55       		.uleb128 0x55
 961 0143 17       		.uleb128 0x17
 962 0144 58       		.uleb128 0x58
 963 0145 0B       		.uleb128 0xb
 964 0146 59       		.uleb128 0x59
 965 0147 05       		.uleb128 0x5
 966 0148 01       		.uleb128 0x1
 967 0149 13       		.uleb128 0x13
 968 014a 00       		.byte	0
 969 014b 00       		.byte	0
 970 014c 18       		.uleb128 0x18
 971 014d 0B       		.uleb128 0xb
 972 014e 01       		.byte	0x1
 973 014f 11       		.uleb128 0x11
 974 0150 01       		.uleb128 0x1
 975 0151 12       		.uleb128 0x12
 976 0152 06       		.uleb128 0x6
 977 0153 00       		.byte	0
 978 0154 00       		.byte	0
 979 0155 19       		.uleb128 0x19
 980 0156 34       		.uleb128 0x34
 981 0157 00       		.byte	0
 982 0158 03       		.uleb128 0x3
 983 0159 0E       		.uleb128 0xe
 984 015a 3A       		.uleb128 0x3a
ARM GAS  C:\Users\JOSEAN~1\AppData\Local\Temp\ccpJHdsf.s 			page 24


 985 015b 0B       		.uleb128 0xb
 986 015c 3B       		.uleb128 0x3b
 987 015d 0B       		.uleb128 0xb
 988 015e 49       		.uleb128 0x49
 989 015f 13       		.uleb128 0x13
 990 0160 3F       		.uleb128 0x3f
 991 0161 19       		.uleb128 0x19
 992 0162 02       		.uleb128 0x2
 993 0163 18       		.uleb128 0x18
 994 0164 00       		.byte	0
 995 0165 00       		.byte	0
 996 0166 1A       		.uleb128 0x1a
 997 0167 2E       		.uleb128 0x2e
 998 0168 00       		.byte	0
 999 0169 3F       		.uleb128 0x3f
 1000 016a 19       		.uleb128 0x19
 1001 016b 03       		.uleb128 0x3
 1002 016c 0E       		.uleb128 0xe
 1003 016d 3A       		.uleb128 0x3a
 1004 016e 0B       		.uleb128 0xb
 1005 016f 3B       		.uleb128 0x3b
 1006 0170 0B       		.uleb128 0xb
 1007 0171 27       		.uleb128 0x27
 1008 0172 19       		.uleb128 0x19
 1009 0173 49       		.uleb128 0x49
 1010 0174 13       		.uleb128 0x13
 1011 0175 3C       		.uleb128 0x3c
 1012 0176 19       		.uleb128 0x19
 1013 0177 00       		.byte	0
 1014 0178 00       		.byte	0
 1015 0179 1B       		.uleb128 0x1b
 1016 017a 2E       		.uleb128 0x2e
 1017 017b 01       		.byte	0x1
 1018 017c 3F       		.uleb128 0x3f
 1019 017d 19       		.uleb128 0x19
 1020 017e 03       		.uleb128 0x3
 1021 017f 0E       		.uleb128 0xe
 1022 0180 3A       		.uleb128 0x3a
 1023 0181 0B       		.uleb128 0xb
 1024 0182 3B       		.uleb128 0x3b
 1025 0183 0B       		.uleb128 0xb
 1026 0184 27       		.uleb128 0x27
 1027 0185 19       		.uleb128 0x19
 1028 0186 3C       		.uleb128 0x3c
 1029 0187 19       		.uleb128 0x19
 1030 0188 01       		.uleb128 0x1
 1031 0189 13       		.uleb128 0x13
 1032 018a 00       		.byte	0
 1033 018b 00       		.byte	0
 1034 018c 1C       		.uleb128 0x1c
 1035 018d 05       		.uleb128 0x5
 1036 018e 00       		.byte	0
 1037 018f 49       		.uleb128 0x49
 1038 0190 13       		.uleb128 0x13
 1039 0191 00       		.byte	0
 1040 0192 00       		.byte	0
 1041 0193 1D       		.uleb128 0x1d
ARM GAS  C:\Users\JOSEAN~1\AppData\Local\Temp\ccpJHdsf.s 			page 25


 1042 0194 2E       		.uleb128 0x2e
 1043 0195 00       		.byte	0
 1044 0196 3F       		.uleb128 0x3f
 1045 0197 19       		.uleb128 0x19
 1046 0198 03       		.uleb128 0x3
 1047 0199 0E       		.uleb128 0xe
 1048 019a 3A       		.uleb128 0x3a
 1049 019b 0B       		.uleb128 0xb
 1050 019c 3B       		.uleb128 0x3b
 1051 019d 0B       		.uleb128 0xb
 1052 019e 27       		.uleb128 0x27
 1053 019f 19       		.uleb128 0x19
 1054 01a0 3C       		.uleb128 0x3c
 1055 01a1 19       		.uleb128 0x19
 1056 01a2 00       		.byte	0
 1057 01a3 00       		.byte	0
 1058 01a4 00       		.byte	0
 1059              		.section	.debug_loc,"",%progbits
 1060              	.Ldebug_loc0:
 1061              	.LLST0:
 1062 0000 36000000 		.4byte	.LVL0
 1063 0004 45000000 		.4byte	.LVL1-1
 1064 0008 0100     		.2byte	0x1
 1065 000a 50       		.byte	0x50
 1066 000b 00000000 		.4byte	0
 1067 000f 00000000 		.4byte	0
 1068              	.LLST1:
 1069 0013 38000000 		.4byte	.LVL4
 1070 0017 43000000 		.4byte	.LVL5-1
 1071 001b 0100     		.2byte	0x1
 1072 001d 50       		.byte	0x50
 1073 001e 00000000 		.4byte	0
 1074 0022 00000000 		.4byte	0
 1075              		.section	.debug_aranges,"",%progbits
 1076 0000 34000000 		.4byte	0x34
 1077 0004 0200     		.2byte	0x2
 1078 0006 00000000 		.4byte	.Ldebug_info0
 1079 000a 04       		.byte	0x4
 1080 000b 00       		.byte	0
 1081 000c 0000     		.2byte	0
 1082 000e 0000     		.2byte	0
 1083 0010 00000000 		.4byte	.LFB0
 1084 0014 40000000 		.4byte	.LFE0-.LFB0
 1085 0018 00000000 		.4byte	.LFB1
 1086 001c 64000000 		.4byte	.LFE1-.LFB1
 1087 0020 00000000 		.4byte	.LFB2
 1088 0024 54000000 		.4byte	.LFE2-.LFB2
 1089 0028 00000000 		.4byte	.LFB3
 1090 002c 58000000 		.4byte	.LFE3-.LFB3
 1091 0030 00000000 		.4byte	0
 1092 0034 00000000 		.4byte	0
 1093              		.section	.debug_ranges,"",%progbits
 1094              	.Ldebug_ranges0:
 1095 0000 32000000 		.4byte	.LBB7
 1096 0004 3E000000 		.4byte	.LBE7
 1097 0008 42000000 		.4byte	.LBB8
 1098 000c 64000000 		.4byte	.LBE8
ARM GAS  C:\Users\JOSEAN~1\AppData\Local\Temp\ccpJHdsf.s 			page 26


 1099 0010 00000000 		.4byte	0
 1100 0014 00000000 		.4byte	0
 1101 0018 02000000 		.4byte	.LBB16
 1102 001c 26000000 		.4byte	.LBE16
 1103 0020 34000000 		.4byte	.LBB21
 1104 0024 58000000 		.4byte	.LBE21
 1105 0028 00000000 		.4byte	0
 1106 002c 00000000 		.4byte	0
 1107 0030 00000000 		.4byte	.LFB0
 1108 0034 40000000 		.4byte	.LFE0
 1109 0038 00000000 		.4byte	.LFB1
 1110 003c 64000000 		.4byte	.LFE1
 1111 0040 00000000 		.4byte	.LFB2
 1112 0044 54000000 		.4byte	.LFE2
 1113 0048 00000000 		.4byte	.LFB3
 1114 004c 58000000 		.4byte	.LFE3
 1115 0050 00000000 		.4byte	0
 1116 0054 00000000 		.4byte	0
 1117              		.section	.debug_line,"",%progbits
 1118              	.Ldebug_line0:
 1119 0000 FD000000 		.section	.debug_str,"MS",%progbits,1
 1119      02005D00 
 1119      00000201 
 1119      FB0E0D00 
 1119      01010101 
 1120              	.LASF31:
 1121 0000 433A5C55 		.ascii	"C:\\Users\\Jose Antonio\\Documents\\PSOC Creator\\P"
 1121      73657273 
 1121      5C4A6F73 
 1121      6520416E 
 1121      746F6E69 
 1122 002e 726F7965 		.ascii	"royectosPSOC\\Ezi2cDesign01.cydsn\000"
 1122      63746F73 
 1122      50534F43 
 1122      5C457A69 
 1122      32634465 
 1123              	.LASF28:
 1124 004f 455A4932 		.ascii	"EZI2C_Enable\000"
 1124      435F456E 
 1124      61626C65 
 1124      00
 1125              	.LASF27:
 1126 005c 455A4932 		.ascii	"EZI2C_Stop\000"
 1126      435F5374 
 1126      6F7000
 1127              	.LASF3:
 1128 0067 73686F72 		.ascii	"short unsigned int\000"
 1128      7420756E 
 1128      7369676E 
 1128      65642069 
 1128      6E7400
 1129              	.LASF23:
 1130 007a 455A4932 		.ascii	"EZI2C_Wakeup\000"
 1130      435F5761 
 1130      6B657570 
 1130      00
 1131              	.LASF12:
ARM GAS  C:\Users\JOSEAN~1\AppData\Local\Temp\ccpJHdsf.s 			page 27


 1132 0087 666C6F61 		.ascii	"float\000"
 1132      7400
 1133              	.LASF7:
 1134 008d 6C6F6E67 		.ascii	"long long unsigned int\000"
 1134      206C6F6E 
 1134      6720756E 
 1134      7369676E 
 1134      65642069 
 1135              	.LASF1:
 1136 00a4 756E7369 		.ascii	"unsigned char\000"
 1136      676E6564 
 1136      20636861 
 1136      7200
 1137              	.LASF29:
 1138 00b2 474E5520 		.ascii	"GNU C 4.9.3 20150303 (release) [ARM/embedded-4_9-br"
 1138      4320342E 
 1138      392E3320 
 1138      32303135 
 1138      30333033 
 1139 00e5 616E6368 		.ascii	"anch revision 221220] -mcpu=cortex-m3 -mthumb -g -O"
 1139      20726576 
 1139      6973696F 
 1139      6E203232 
 1139      31323230 
 1140 0118 33202D66 		.ascii	"3 -ffunction-sections -ffat-lto-objects\000"
 1140      66756E63 
 1140      74696F6E 
 1140      2D736563 
 1140      74696F6E 
 1141              	.LASF15:
 1142 0140 72656738 		.ascii	"reg8\000"
 1142      00
 1143              	.LASF5:
 1144 0145 6C6F6E67 		.ascii	"long unsigned int\000"
 1144      20756E73 
 1144      69676E65 
 1144      6420696E 
 1144      7400
 1145              	.LASF9:
 1146 0157 75696E74 		.ascii	"uint8\000"
 1146      3800
 1147              	.LASF33:
 1148 015d 455A4932 		.ascii	"EZI2C_backup\000"
 1148      435F6261 
 1148      636B7570 
 1148      00
 1149              	.LASF13:
 1150 016a 646F7562 		.ascii	"double\000"
 1150      6C6500
 1151              	.LASF10:
 1152 0171 75696E74 		.ascii	"uint16\000"
 1152      313600
 1153              	.LASF11:
 1154 0178 75696E74 		.ascii	"uint32\000"
 1154      333200
 1155              	.LASF17:
 1156 017f 656E6162 		.ascii	"enableState\000"
ARM GAS  C:\Users\JOSEAN~1\AppData\Local\Temp\ccpJHdsf.s 			page 28


 1156      6C655374 
 1156      61746500 
 1157              	.LASF32:
 1158 018b 696E7453 		.ascii	"intState\000"
 1158      74617465 
 1158      00
 1159              	.LASF8:
 1160 0194 756E7369 		.ascii	"unsigned int\000"
 1160      676E6564 
 1160      20696E74 
 1160      00
 1161              	.LASF20:
 1162 01a1 636C6B44 		.ascii	"clkDiv2\000"
 1162      69763200 
 1163              	.LASF25:
 1164 01a9 43794578 		.ascii	"CyExitCriticalSection\000"
 1164      69744372 
 1164      69746963 
 1164      616C5365 
 1164      6374696F 
 1165              	.LASF19:
 1166 01bf 636C6B44 		.ascii	"clkDiv1\000"
 1166      69763100 
 1167              	.LASF22:
 1168 01c7 455A4932 		.ascii	"EZI2C_Sleep\000"
 1168      435F536C 
 1168      65657000 
 1169              	.LASF34:
 1170 01d3 4379456E 		.ascii	"CyEnterCriticalSection\000"
 1170      74657243 
 1170      72697469 
 1170      63616C53 
 1170      65637469 
 1171              	.LASF21:
 1172 01ea 455A4932 		.ascii	"EZI2C_BACKUP_STRUCT\000"
 1172      435F4241 
 1172      434B5550 
 1172      5F535452 
 1172      55435400 
 1173              	.LASF16:
 1174 01fe 73697A65 		.ascii	"sizetype\000"
 1174      74797065 
 1174      00
 1175              	.LASF24:
 1176 0207 455A4932 		.ascii	"EZI2C_RestoreConfig\000"
 1176      435F5265 
 1176      73746F72 
 1176      65436F6E 
 1176      66696700 
 1177              	.LASF6:
 1178 021b 6C6F6E67 		.ascii	"long long int\000"
 1178      206C6F6E 
 1178      6720696E 
 1178      7400
 1179              	.LASF14:
 1180 0229 63686172 		.ascii	"char\000"
 1180      00
ARM GAS  C:\Users\JOSEAN~1\AppData\Local\Temp\ccpJHdsf.s 			page 29


 1181              	.LASF30:
 1182 022e 2E5C4765 		.ascii	".\\Generated_Source\\PSoC5\\EZI2C_PM.c\000"
 1182      6E657261 
 1182      7465645F 
 1182      536F7572 
 1182      63655C50 
 1183              	.LASF18:
 1184 0252 78636667 		.ascii	"xcfg\000"
 1184      00
 1185              	.LASF2:
 1186 0257 73686F72 		.ascii	"short int\000"
 1186      7420696E 
 1186      7400
 1187              	.LASF4:
 1188 0261 6C6F6E67 		.ascii	"long int\000"
 1188      20696E74 
 1188      00
 1189              	.LASF26:
 1190 026a 455A4932 		.ascii	"EZI2C_SaveConfig\000"
 1190      435F5361 
 1190      7665436F 
 1190      6E666967 
 1190      00
 1191              	.LASF0:
 1192 027b 7369676E 		.ascii	"signed char\000"
 1192      65642063 
 1192      68617200 
 1193              		.ident	"GCC: (GNU Tools for ARM Embedded Processors) 4.9.3 20150303 (release) [ARM/embedded-4_9-br
