ARM GAS  C:\Users\JOSEAN~1\AppData\Local\Temp\ccPoHuEx.s 			page 1


   1              		.syntax unified
   2              		.cpu cortex-m3
   3              		.fpu softvfp
   4              		.eabi_attribute 20, 1
   5              		.eabi_attribute 21, 1
   6              		.eabi_attribute 23, 3
   7              		.eabi_attribute 24, 1
   8              		.eabi_attribute 25, 1
   9              		.eabi_attribute 26, 1
  10              		.eabi_attribute 30, 2
  11              		.eabi_attribute 34, 1
  12              		.eabi_attribute 18, 4
  13              		.thumb
  14              		.file	"Pin_1.c"
  15              		.text
  16              	.Ltext0:
  17              		.cfi_sections	.debug_frame
  18              		.section	.text.Pin_1_Write,"ax",%progbits
  19              		.align	2
  20              		.global	Pin_1_Write
  21              		.thumb
  22              		.thumb_func
  23              		.type	Pin_1_Write, %function
  24              	Pin_1_Write:
  25              	.LFB0:
  26              		.file 1 ".\\Generated_Source\\PSoC5\\Pin_1.c"
   1:.\Generated_Source\PSoC5/Pin_1.c **** /*******************************************************************************
   2:.\Generated_Source\PSoC5/Pin_1.c **** * File Name: Pin_1.c  
   3:.\Generated_Source\PSoC5/Pin_1.c **** * Version 2.20
   4:.\Generated_Source\PSoC5/Pin_1.c **** *
   5:.\Generated_Source\PSoC5/Pin_1.c **** * Description:
   6:.\Generated_Source\PSoC5/Pin_1.c **** *  This file contains API to enable firmware control of a Pins component.
   7:.\Generated_Source\PSoC5/Pin_1.c **** *
   8:.\Generated_Source\PSoC5/Pin_1.c **** * Note:
   9:.\Generated_Source\PSoC5/Pin_1.c **** *
  10:.\Generated_Source\PSoC5/Pin_1.c **** ********************************************************************************
  11:.\Generated_Source\PSoC5/Pin_1.c **** * Copyright 2008-2015, Cypress Semiconductor Corporation.  All rights reserved.
  12:.\Generated_Source\PSoC5/Pin_1.c **** * You may use this file only in accordance with the license, terms, conditions, 
  13:.\Generated_Source\PSoC5/Pin_1.c **** * disclaimers, and limitations in the end user license agreement accompanying 
  14:.\Generated_Source\PSoC5/Pin_1.c **** * the software package with which this file was provided.
  15:.\Generated_Source\PSoC5/Pin_1.c **** *******************************************************************************/
  16:.\Generated_Source\PSoC5/Pin_1.c **** 
  17:.\Generated_Source\PSoC5/Pin_1.c **** #include "cytypes.h"
  18:.\Generated_Source\PSoC5/Pin_1.c **** #include "Pin_1.h"
  19:.\Generated_Source\PSoC5/Pin_1.c **** 
  20:.\Generated_Source\PSoC5/Pin_1.c **** /* APIs are not generated for P15[7:6] on PSoC 5 */
  21:.\Generated_Source\PSoC5/Pin_1.c **** #if !(CY_PSOC5A &&\
  22:.\Generated_Source\PSoC5/Pin_1.c **** 	 Pin_1__PORT == 15 && ((Pin_1__MASK & 0xC0) != 0))
  23:.\Generated_Source\PSoC5/Pin_1.c **** 
  24:.\Generated_Source\PSoC5/Pin_1.c **** 
  25:.\Generated_Source\PSoC5/Pin_1.c **** /*******************************************************************************
  26:.\Generated_Source\PSoC5/Pin_1.c **** * Function Name: Pin_1_Write
  27:.\Generated_Source\PSoC5/Pin_1.c **** ****************************************************************************//**
  28:.\Generated_Source\PSoC5/Pin_1.c **** *
  29:.\Generated_Source\PSoC5/Pin_1.c **** * \brief Writes the value to the physical port (data output register), masking
  30:.\Generated_Source\PSoC5/Pin_1.c **** *  and shifting the bits appropriately. 
  31:.\Generated_Source\PSoC5/Pin_1.c **** *
ARM GAS  C:\Users\JOSEAN~1\AppData\Local\Temp\ccPoHuEx.s 			page 2


  32:.\Generated_Source\PSoC5/Pin_1.c **** * The data output register controls the signal applied to the physical pin in 
  33:.\Generated_Source\PSoC5/Pin_1.c **** * conjunction with the drive mode parameter. This function avoids changing 
  34:.\Generated_Source\PSoC5/Pin_1.c **** * other bits in the port by using the appropriate method (read-modify-write or
  35:.\Generated_Source\PSoC5/Pin_1.c **** * bit banding).
  36:.\Generated_Source\PSoC5/Pin_1.c **** *
  37:.\Generated_Source\PSoC5/Pin_1.c **** * <b>Note</b> This function should not be used on a hardware digital output pin 
  38:.\Generated_Source\PSoC5/Pin_1.c **** * as it is driven by the hardware signal attached to it.
  39:.\Generated_Source\PSoC5/Pin_1.c **** *
  40:.\Generated_Source\PSoC5/Pin_1.c **** * \param value
  41:.\Generated_Source\PSoC5/Pin_1.c **** *  Value to write to the component instance.
  42:.\Generated_Source\PSoC5/Pin_1.c **** *
  43:.\Generated_Source\PSoC5/Pin_1.c **** * \return 
  44:.\Generated_Source\PSoC5/Pin_1.c **** *  None 
  45:.\Generated_Source\PSoC5/Pin_1.c **** *
  46:.\Generated_Source\PSoC5/Pin_1.c **** * \sideeffect
  47:.\Generated_Source\PSoC5/Pin_1.c **** *  If you use read-modify-write operations that are not atomic; the Interrupt 
  48:.\Generated_Source\PSoC5/Pin_1.c **** *  Service Routines (ISR) can cause corruption of this function. An ISR that 
  49:.\Generated_Source\PSoC5/Pin_1.c **** *  interrupts this function and performs writes to the Pins component data 
  50:.\Generated_Source\PSoC5/Pin_1.c **** *  register can cause corrupted port data. To avoid this issue, you should 
  51:.\Generated_Source\PSoC5/Pin_1.c **** *  either use the Per-Pin APIs (primary method) or disable interrupts around 
  52:.\Generated_Source\PSoC5/Pin_1.c **** *  this function.
  53:.\Generated_Source\PSoC5/Pin_1.c **** *
  54:.\Generated_Source\PSoC5/Pin_1.c **** * \funcusage
  55:.\Generated_Source\PSoC5/Pin_1.c **** *  \snippet Pin_1_SUT.c usage_Pin_1_Write
  56:.\Generated_Source\PSoC5/Pin_1.c **** *******************************************************************************/
  57:.\Generated_Source\PSoC5/Pin_1.c **** void Pin_1_Write(uint8 value)
  58:.\Generated_Source\PSoC5/Pin_1.c **** {
  27              		.loc 1 58 0
  28              		.cfi_startproc
  29              		@ args = 0, pretend = 0, frame = 0
  30              		@ frame_needed = 0, uses_anonymous_args = 0
  31              		@ link register save eliminated.
  32              	.LVL0:
  59:.\Generated_Source\PSoC5/Pin_1.c ****     uint8 staticBits = (Pin_1_DR & (uint8)(~Pin_1_MASK));
  33              		.loc 1 59 0
  34 0000 044A     		ldr	r2, .L2
  60:.\Generated_Source\PSoC5/Pin_1.c ****     Pin_1_DR = staticBits | ((uint8)(value << Pin_1_SHIFT) & Pin_1_MASK);
  35              		.loc 1 60 0
  36 0002 00F00300 		and	r0, r0, #3
  37              	.LVL1:
  59:.\Generated_Source\PSoC5/Pin_1.c ****     uint8 staticBits = (Pin_1_DR & (uint8)(~Pin_1_MASK));
  38              		.loc 1 59 0
  39 0006 1378     		ldrb	r3, [r2]	@ zero_extendqisi2
  40              	.LVL2:
  41 0008 03F0FC03 		and	r3, r3, #252
  42              	.LVL3:
  43              		.loc 1 60 0
  44 000c 1843     		orrs	r0, r0, r3
  45 000e 1070     		strb	r0, [r2]
  46 0010 7047     		bx	lr
  47              	.L3:
  48 0012 00BF     		.align	2
  49              	.L2:
  50 0014 C0510040 		.word	1073762752
  51              		.cfi_endproc
  52              	.LFE0:
  53              		.size	Pin_1_Write, .-Pin_1_Write
ARM GAS  C:\Users\JOSEAN~1\AppData\Local\Temp\ccPoHuEx.s 			page 3


  54              		.section	.text.Pin_1_SetDriveMode,"ax",%progbits
  55              		.align	2
  56              		.global	Pin_1_SetDriveMode
  57              		.thumb
  58              		.thumb_func
  59              		.type	Pin_1_SetDriveMode, %function
  60              	Pin_1_SetDriveMode:
  61              	.LFB1:
  61:.\Generated_Source\PSoC5/Pin_1.c **** }
  62:.\Generated_Source\PSoC5/Pin_1.c **** 
  63:.\Generated_Source\PSoC5/Pin_1.c **** 
  64:.\Generated_Source\PSoC5/Pin_1.c **** /*******************************************************************************
  65:.\Generated_Source\PSoC5/Pin_1.c **** * Function Name: Pin_1_SetDriveMode
  66:.\Generated_Source\PSoC5/Pin_1.c **** ****************************************************************************//**
  67:.\Generated_Source\PSoC5/Pin_1.c **** *
  68:.\Generated_Source\PSoC5/Pin_1.c **** * \brief Sets the drive mode for each of the Pins component's pins.
  69:.\Generated_Source\PSoC5/Pin_1.c **** * 
  70:.\Generated_Source\PSoC5/Pin_1.c **** * <b>Note</b> This affects all pins in the Pins component instance. Use the
  71:.\Generated_Source\PSoC5/Pin_1.c **** * Per-Pin APIs if you wish to control individual pin's drive modes.
  72:.\Generated_Source\PSoC5/Pin_1.c **** *
  73:.\Generated_Source\PSoC5/Pin_1.c **** * \param mode
  74:.\Generated_Source\PSoC5/Pin_1.c **** *  Mode for the selected signals. Valid options are documented in 
  75:.\Generated_Source\PSoC5/Pin_1.c **** *  \ref driveMode.
  76:.\Generated_Source\PSoC5/Pin_1.c **** *
  77:.\Generated_Source\PSoC5/Pin_1.c **** * \return
  78:.\Generated_Source\PSoC5/Pin_1.c **** *  None
  79:.\Generated_Source\PSoC5/Pin_1.c **** *
  80:.\Generated_Source\PSoC5/Pin_1.c **** * \sideeffect
  81:.\Generated_Source\PSoC5/Pin_1.c **** *  If you use read-modify-write operations that are not atomic, the ISR can
  82:.\Generated_Source\PSoC5/Pin_1.c **** *  cause corruption of this function. An ISR that interrupts this function 
  83:.\Generated_Source\PSoC5/Pin_1.c **** *  and performs writes to the Pins component Drive Mode registers can cause 
  84:.\Generated_Source\PSoC5/Pin_1.c **** *  corrupted port data. To avoid this issue, you should either use the Per-Pin
  85:.\Generated_Source\PSoC5/Pin_1.c **** *  APIs (primary method) or disable interrupts around this function.
  86:.\Generated_Source\PSoC5/Pin_1.c **** *
  87:.\Generated_Source\PSoC5/Pin_1.c **** * \funcusage
  88:.\Generated_Source\PSoC5/Pin_1.c **** *  \snippet Pin_1_SUT.c usage_Pin_1_SetDriveMode
  89:.\Generated_Source\PSoC5/Pin_1.c **** *******************************************************************************/
  90:.\Generated_Source\PSoC5/Pin_1.c **** void Pin_1_SetDriveMode(uint8 mode)
  91:.\Generated_Source\PSoC5/Pin_1.c **** {
  62              		.loc 1 91 0
  63              		.cfi_startproc
  64              		@ args = 0, pretend = 0, frame = 0
  65              		@ frame_needed = 0, uses_anonymous_args = 0
  66              		@ link register save eliminated.
  67              	.LVL4:
  92:.\Generated_Source\PSoC5/Pin_1.c **** 	CyPins_SetPinDriveMode(Pin_1_0, mode);
  68              		.loc 1 92 0
  69 0000 0749     		ldr	r1, .L5
  70 0002 00F00E00 		and	r0, r0, #14
  71              	.LVL5:
  72 0006 0B78     		ldrb	r3, [r1]	@ zero_extendqisi2
  93:.\Generated_Source\PSoC5/Pin_1.c **** 	CyPins_SetPinDriveMode(Pin_1_1, mode);
  73              		.loc 1 93 0
  74 0008 064A     		ldr	r2, .L5+4
  92:.\Generated_Source\PSoC5/Pin_1.c **** 	CyPins_SetPinDriveMode(Pin_1_0, mode);
  75              		.loc 1 92 0
  76 000a 03F0F103 		and	r3, r3, #241
ARM GAS  C:\Users\JOSEAN~1\AppData\Local\Temp\ccPoHuEx.s 			page 4


  77 000e 0343     		orrs	r3, r3, r0
  78 0010 0B70     		strb	r3, [r1]
  79              		.loc 1 93 0
  80 0012 1378     		ldrb	r3, [r2]	@ zero_extendqisi2
  81 0014 03F0F103 		and	r3, r3, #241
  82 0018 1843     		orrs	r0, r0, r3
  83 001a 1070     		strb	r0, [r2]
  84 001c 7047     		bx	lr
  85              	.L6:
  86 001e 00BF     		.align	2
  87              	.L5:
  88 0020 60500040 		.word	1073762400
  89 0024 61500040 		.word	1073762401
  90              		.cfi_endproc
  91              	.LFE1:
  92              		.size	Pin_1_SetDriveMode, .-Pin_1_SetDriveMode
  93              		.section	.text.Pin_1_Read,"ax",%progbits
  94              		.align	2
  95              		.global	Pin_1_Read
  96              		.thumb
  97              		.thumb_func
  98              		.type	Pin_1_Read, %function
  99              	Pin_1_Read:
 100              	.LFB2:
  94:.\Generated_Source\PSoC5/Pin_1.c **** }
  95:.\Generated_Source\PSoC5/Pin_1.c **** 
  96:.\Generated_Source\PSoC5/Pin_1.c **** 
  97:.\Generated_Source\PSoC5/Pin_1.c **** /*******************************************************************************
  98:.\Generated_Source\PSoC5/Pin_1.c **** * Function Name: Pin_1_Read
  99:.\Generated_Source\PSoC5/Pin_1.c **** ****************************************************************************//**
 100:.\Generated_Source\PSoC5/Pin_1.c **** *
 101:.\Generated_Source\PSoC5/Pin_1.c **** * \brief Reads the associated physical port (pin status register) and masks 
 102:.\Generated_Source\PSoC5/Pin_1.c **** *  the required bits according to the width and bit position of the component
 103:.\Generated_Source\PSoC5/Pin_1.c **** *  instance. 
 104:.\Generated_Source\PSoC5/Pin_1.c **** *
 105:.\Generated_Source\PSoC5/Pin_1.c **** * The pin's status register returns the current logic level present on the 
 106:.\Generated_Source\PSoC5/Pin_1.c **** * physical pin.
 107:.\Generated_Source\PSoC5/Pin_1.c **** *
 108:.\Generated_Source\PSoC5/Pin_1.c **** * \return 
 109:.\Generated_Source\PSoC5/Pin_1.c **** *  The current value for the pins in the component as a right justified number.
 110:.\Generated_Source\PSoC5/Pin_1.c **** *
 111:.\Generated_Source\PSoC5/Pin_1.c **** * \funcusage
 112:.\Generated_Source\PSoC5/Pin_1.c **** *  \snippet Pin_1_SUT.c usage_Pin_1_Read  
 113:.\Generated_Source\PSoC5/Pin_1.c **** *******************************************************************************/
 114:.\Generated_Source\PSoC5/Pin_1.c **** uint8 Pin_1_Read(void)
 115:.\Generated_Source\PSoC5/Pin_1.c **** {
 101              		.loc 1 115 0
 102              		.cfi_startproc
 103              		@ args = 0, pretend = 0, frame = 0
 104              		@ frame_needed = 0, uses_anonymous_args = 0
 105              		@ link register save eliminated.
 116:.\Generated_Source\PSoC5/Pin_1.c ****     return (Pin_1_PS & Pin_1_MASK) >> Pin_1_SHIFT;
 106              		.loc 1 116 0
 107 0000 024B     		ldr	r3, .L8
 108 0002 1878     		ldrb	r0, [r3]	@ zero_extendqisi2
 117:.\Generated_Source\PSoC5/Pin_1.c **** }
 109              		.loc 1 117 0
ARM GAS  C:\Users\JOSEAN~1\AppData\Local\Temp\ccPoHuEx.s 			page 5


 110 0004 00F00300 		and	r0, r0, #3
 111 0008 7047     		bx	lr
 112              	.L9:
 113 000a 00BF     		.align	2
 114              	.L8:
 115 000c C1510040 		.word	1073762753
 116              		.cfi_endproc
 117              	.LFE2:
 118              		.size	Pin_1_Read, .-Pin_1_Read
 119              		.section	.text.Pin_1_ReadDataReg,"ax",%progbits
 120              		.align	2
 121              		.global	Pin_1_ReadDataReg
 122              		.thumb
 123              		.thumb_func
 124              		.type	Pin_1_ReadDataReg, %function
 125              	Pin_1_ReadDataReg:
 126              	.LFB3:
 118:.\Generated_Source\PSoC5/Pin_1.c **** 
 119:.\Generated_Source\PSoC5/Pin_1.c **** 
 120:.\Generated_Source\PSoC5/Pin_1.c **** /*******************************************************************************
 121:.\Generated_Source\PSoC5/Pin_1.c **** * Function Name: Pin_1_ReadDataReg
 122:.\Generated_Source\PSoC5/Pin_1.c **** ****************************************************************************//**
 123:.\Generated_Source\PSoC5/Pin_1.c **** *
 124:.\Generated_Source\PSoC5/Pin_1.c **** * \brief Reads the associated physical port's data output register and masks 
 125:.\Generated_Source\PSoC5/Pin_1.c **** *  the correct bits according to the width and bit position of the component 
 126:.\Generated_Source\PSoC5/Pin_1.c **** *  instance. 
 127:.\Generated_Source\PSoC5/Pin_1.c **** *
 128:.\Generated_Source\PSoC5/Pin_1.c **** * The data output register controls the signal applied to the physical pin in 
 129:.\Generated_Source\PSoC5/Pin_1.c **** * conjunction with the drive mode parameter. This is not the same as the 
 130:.\Generated_Source\PSoC5/Pin_1.c **** * preferred Pin_1_Read() API because the 
 131:.\Generated_Source\PSoC5/Pin_1.c **** * Pin_1_ReadDataReg() reads the data register instead of the status 
 132:.\Generated_Source\PSoC5/Pin_1.c **** * register. For output pins this is a useful function to determine the value 
 133:.\Generated_Source\PSoC5/Pin_1.c **** * just written to the pin.
 134:.\Generated_Source\PSoC5/Pin_1.c **** *
 135:.\Generated_Source\PSoC5/Pin_1.c **** * \return 
 136:.\Generated_Source\PSoC5/Pin_1.c **** *  The current value of the data register masked and shifted into a right 
 137:.\Generated_Source\PSoC5/Pin_1.c **** *  justified number for the component instance.
 138:.\Generated_Source\PSoC5/Pin_1.c **** *
 139:.\Generated_Source\PSoC5/Pin_1.c **** * \funcusage
 140:.\Generated_Source\PSoC5/Pin_1.c **** *  \snippet Pin_1_SUT.c usage_Pin_1_ReadDataReg 
 141:.\Generated_Source\PSoC5/Pin_1.c **** *******************************************************************************/
 142:.\Generated_Source\PSoC5/Pin_1.c **** uint8 Pin_1_ReadDataReg(void)
 143:.\Generated_Source\PSoC5/Pin_1.c **** {
 127              		.loc 1 143 0
 128              		.cfi_startproc
 129              		@ args = 0, pretend = 0, frame = 0
 130              		@ frame_needed = 0, uses_anonymous_args = 0
 131              		@ link register save eliminated.
 144:.\Generated_Source\PSoC5/Pin_1.c ****     return (Pin_1_DR & Pin_1_MASK) >> Pin_1_SHIFT;
 132              		.loc 1 144 0
 133 0000 024B     		ldr	r3, .L11
 134 0002 1878     		ldrb	r0, [r3]	@ zero_extendqisi2
 145:.\Generated_Source\PSoC5/Pin_1.c **** }
 135              		.loc 1 145 0
 136 0004 00F00300 		and	r0, r0, #3
 137 0008 7047     		bx	lr
 138              	.L12:
ARM GAS  C:\Users\JOSEAN~1\AppData\Local\Temp\ccPoHuEx.s 			page 6


 139 000a 00BF     		.align	2
 140              	.L11:
 141 000c C0510040 		.word	1073762752
 142              		.cfi_endproc
 143              	.LFE3:
 144              		.size	Pin_1_ReadDataReg, .-Pin_1_ReadDataReg
 145              		.text
 146              	.Letext0:
 147              		.file 2 ".\\Generated_Source\\PSoC5\\cytypes.h"
 148              		.section	.debug_info,"",%progbits
 149              	.Ldebug_info0:
 150 0000 1D010000 		.4byte	0x11d
 151 0004 0400     		.2byte	0x4
 152 0006 00000000 		.4byte	.Ldebug_abbrev0
 153 000a 04       		.byte	0x4
 154 000b 01       		.uleb128 0x1
 155 000c 74000000 		.4byte	.LASF20
 156 0010 01       		.byte	0x1
 157 0011 9D010000 		.4byte	.LASF21
 158 0015 00000000 		.4byte	.LASF22
 159 0019 00000000 		.4byte	.Ldebug_ranges0+0
 160 001d 00000000 		.4byte	0
 161 0021 00000000 		.4byte	.Ldebug_line0
 162 0025 02       		.uleb128 0x2
 163 0026 01       		.byte	0x1
 164 0027 06       		.byte	0x6
 165 0028 D9010000 		.4byte	.LASF0
 166 002c 02       		.uleb128 0x2
 167 002d 01       		.byte	0x1
 168 002e 08       		.byte	0x8
 169 002f 66000000 		.4byte	.LASF1
 170 0033 02       		.uleb128 0x2
 171 0034 02       		.byte	0x2
 172 0035 05       		.byte	0x5
 173 0036 8D010000 		.4byte	.LASF2
 174 003a 02       		.uleb128 0x2
 175 003b 02       		.byte	0x2
 176 003c 07       		.byte	0x7
 177 003d 19010000 		.4byte	.LASF3
 178 0041 02       		.uleb128 0x2
 179 0042 04       		.byte	0x4
 180 0043 05       		.byte	0x5
 181 0044 D0010000 		.4byte	.LASF4
 182 0048 02       		.uleb128 0x2
 183 0049 04       		.byte	0x4
 184 004a 07       		.byte	0x7
 185 004b 07010000 		.4byte	.LASF5
 186 004f 02       		.uleb128 0x2
 187 0050 08       		.byte	0x8
 188 0051 05       		.byte	0x5
 189 0052 7A010000 		.4byte	.LASF6
 190 0056 02       		.uleb128 0x2
 191 0057 08       		.byte	0x8
 192 0058 07       		.byte	0x7
 193 0059 53010000 		.4byte	.LASF7
 194 005d 03       		.uleb128 0x3
 195 005e 04       		.byte	0x4
ARM GAS  C:\Users\JOSEAN~1\AppData\Local\Temp\ccPoHuEx.s 			page 7


 196 005f 05       		.byte	0x5
 197 0060 696E7400 		.ascii	"int\000"
 198 0064 02       		.uleb128 0x2
 199 0065 04       		.byte	0x4
 200 0066 07       		.byte	0x7
 201 0067 46010000 		.4byte	.LASF8
 202 006b 04       		.uleb128 0x4
 203 006c 97010000 		.4byte	.LASF12
 204 0070 02       		.byte	0x2
 205 0071 9201     		.2byte	0x192
 206 0073 2C000000 		.4byte	0x2c
 207 0077 02       		.uleb128 0x2
 208 0078 04       		.byte	0x4
 209 0079 04       		.byte	0x4
 210 007a 60000000 		.4byte	.LASF9
 211 007e 02       		.uleb128 0x2
 212 007f 08       		.byte	0x8
 213 0080 04       		.byte	0x4
 214 0081 2C010000 		.4byte	.LASF10
 215 0085 02       		.uleb128 0x2
 216 0086 01       		.byte	0x1
 217 0087 08       		.byte	0x8
 218 0088 88010000 		.4byte	.LASF11
 219 008c 04       		.uleb128 0x4
 220 008d 02010000 		.4byte	.LASF13
 221 0091 02       		.byte	0x2
 222 0092 3C02     		.2byte	0x23c
 223 0094 98000000 		.4byte	0x98
 224 0098 05       		.uleb128 0x5
 225 0099 6B000000 		.4byte	0x6b
 226 009d 06       		.uleb128 0x6
 227 009e E5010000 		.4byte	.LASF14
 228 00a2 01       		.byte	0x1
 229 00a3 39       		.byte	0x39
 230 00a4 00000000 		.4byte	.LFB0
 231 00a8 18000000 		.4byte	.LFE0-.LFB0
 232 00ac 01       		.uleb128 0x1
 233 00ad 9C       		.byte	0x9c
 234 00ae D1000000 		.4byte	0xd1
 235 00b2 07       		.uleb128 0x7
 236 00b3 4F000000 		.4byte	.LASF16
 237 00b7 01       		.byte	0x1
 238 00b8 39       		.byte	0x39
 239 00b9 6B000000 		.4byte	0x6b
 240 00bd 00000000 		.4byte	.LLST0
 241 00c1 08       		.uleb128 0x8
 242 00c2 55000000 		.4byte	.LASF23
 243 00c6 01       		.byte	0x1
 244 00c7 3B       		.byte	0x3b
 245 00c8 6B000000 		.4byte	0x6b
 246 00cc 21000000 		.4byte	.LLST1
 247 00d0 00       		.byte	0
 248 00d1 06       		.uleb128 0x6
 249 00d2 33010000 		.4byte	.LASF15
 250 00d6 01       		.byte	0x1
 251 00d7 5A       		.byte	0x5a
 252 00d8 00000000 		.4byte	.LFB1
ARM GAS  C:\Users\JOSEAN~1\AppData\Local\Temp\ccPoHuEx.s 			page 8


 253 00dc 28000000 		.4byte	.LFE1-.LFB1
 254 00e0 01       		.uleb128 0x1
 255 00e1 9C       		.byte	0x9c
 256 00e2 F6000000 		.4byte	0xf6
 257 00e6 07       		.uleb128 0x7
 258 00e7 6A010000 		.4byte	.LASF17
 259 00eb 01       		.byte	0x1
 260 00ec 5A       		.byte	0x5a
 261 00ed 6B000000 		.4byte	0x6b
 262 00f1 39000000 		.4byte	.LLST2
 263 00f5 00       		.byte	0
 264 00f6 09       		.uleb128 0x9
 265 00f7 6F010000 		.4byte	.LASF18
 266 00fb 01       		.byte	0x1
 267 00fc 72       		.byte	0x72
 268 00fd 6B000000 		.4byte	0x6b
 269 0101 00000000 		.4byte	.LFB2
 270 0105 10000000 		.4byte	.LFE2-.LFB2
 271 0109 01       		.uleb128 0x1
 272 010a 9C       		.byte	0x9c
 273 010b 09       		.uleb128 0x9
 274 010c BE010000 		.4byte	.LASF19
 275 0110 01       		.byte	0x1
 276 0111 8E       		.byte	0x8e
 277 0112 6B000000 		.4byte	0x6b
 278 0116 00000000 		.4byte	.LFB3
 279 011a 10000000 		.4byte	.LFE3-.LFB3
 280 011e 01       		.uleb128 0x1
 281 011f 9C       		.byte	0x9c
 282 0120 00       		.byte	0
 283              		.section	.debug_abbrev,"",%progbits
 284              	.Ldebug_abbrev0:
 285 0000 01       		.uleb128 0x1
 286 0001 11       		.uleb128 0x11
 287 0002 01       		.byte	0x1
 288 0003 25       		.uleb128 0x25
 289 0004 0E       		.uleb128 0xe
 290 0005 13       		.uleb128 0x13
 291 0006 0B       		.uleb128 0xb
 292 0007 03       		.uleb128 0x3
 293 0008 0E       		.uleb128 0xe
 294 0009 1B       		.uleb128 0x1b
 295 000a 0E       		.uleb128 0xe
 296 000b 55       		.uleb128 0x55
 297 000c 17       		.uleb128 0x17
 298 000d 11       		.uleb128 0x11
 299 000e 01       		.uleb128 0x1
 300 000f 10       		.uleb128 0x10
 301 0010 17       		.uleb128 0x17
 302 0011 00       		.byte	0
 303 0012 00       		.byte	0
 304 0013 02       		.uleb128 0x2
 305 0014 24       		.uleb128 0x24
 306 0015 00       		.byte	0
 307 0016 0B       		.uleb128 0xb
 308 0017 0B       		.uleb128 0xb
 309 0018 3E       		.uleb128 0x3e
ARM GAS  C:\Users\JOSEAN~1\AppData\Local\Temp\ccPoHuEx.s 			page 9


 310 0019 0B       		.uleb128 0xb
 311 001a 03       		.uleb128 0x3
 312 001b 0E       		.uleb128 0xe
 313 001c 00       		.byte	0
 314 001d 00       		.byte	0
 315 001e 03       		.uleb128 0x3
 316 001f 24       		.uleb128 0x24
 317 0020 00       		.byte	0
 318 0021 0B       		.uleb128 0xb
 319 0022 0B       		.uleb128 0xb
 320 0023 3E       		.uleb128 0x3e
 321 0024 0B       		.uleb128 0xb
 322 0025 03       		.uleb128 0x3
 323 0026 08       		.uleb128 0x8
 324 0027 00       		.byte	0
 325 0028 00       		.byte	0
 326 0029 04       		.uleb128 0x4
 327 002a 16       		.uleb128 0x16
 328 002b 00       		.byte	0
 329 002c 03       		.uleb128 0x3
 330 002d 0E       		.uleb128 0xe
 331 002e 3A       		.uleb128 0x3a
 332 002f 0B       		.uleb128 0xb
 333 0030 3B       		.uleb128 0x3b
 334 0031 05       		.uleb128 0x5
 335 0032 49       		.uleb128 0x49
 336 0033 13       		.uleb128 0x13
 337 0034 00       		.byte	0
 338 0035 00       		.byte	0
 339 0036 05       		.uleb128 0x5
 340 0037 35       		.uleb128 0x35
 341 0038 00       		.byte	0
 342 0039 49       		.uleb128 0x49
 343 003a 13       		.uleb128 0x13
 344 003b 00       		.byte	0
 345 003c 00       		.byte	0
 346 003d 06       		.uleb128 0x6
 347 003e 2E       		.uleb128 0x2e
 348 003f 01       		.byte	0x1
 349 0040 3F       		.uleb128 0x3f
 350 0041 19       		.uleb128 0x19
 351 0042 03       		.uleb128 0x3
 352 0043 0E       		.uleb128 0xe
 353 0044 3A       		.uleb128 0x3a
 354 0045 0B       		.uleb128 0xb
 355 0046 3B       		.uleb128 0x3b
 356 0047 0B       		.uleb128 0xb
 357 0048 27       		.uleb128 0x27
 358 0049 19       		.uleb128 0x19
 359 004a 11       		.uleb128 0x11
 360 004b 01       		.uleb128 0x1
 361 004c 12       		.uleb128 0x12
 362 004d 06       		.uleb128 0x6
 363 004e 40       		.uleb128 0x40
 364 004f 18       		.uleb128 0x18
 365 0050 9742     		.uleb128 0x2117
 366 0052 19       		.uleb128 0x19
ARM GAS  C:\Users\JOSEAN~1\AppData\Local\Temp\ccPoHuEx.s 			page 10


 367 0053 01       		.uleb128 0x1
 368 0054 13       		.uleb128 0x13
 369 0055 00       		.byte	0
 370 0056 00       		.byte	0
 371 0057 07       		.uleb128 0x7
 372 0058 05       		.uleb128 0x5
 373 0059 00       		.byte	0
 374 005a 03       		.uleb128 0x3
 375 005b 0E       		.uleb128 0xe
 376 005c 3A       		.uleb128 0x3a
 377 005d 0B       		.uleb128 0xb
 378 005e 3B       		.uleb128 0x3b
 379 005f 0B       		.uleb128 0xb
 380 0060 49       		.uleb128 0x49
 381 0061 13       		.uleb128 0x13
 382 0062 02       		.uleb128 0x2
 383 0063 17       		.uleb128 0x17
 384 0064 00       		.byte	0
 385 0065 00       		.byte	0
 386 0066 08       		.uleb128 0x8
 387 0067 34       		.uleb128 0x34
 388 0068 00       		.byte	0
 389 0069 03       		.uleb128 0x3
 390 006a 0E       		.uleb128 0xe
 391 006b 3A       		.uleb128 0x3a
 392 006c 0B       		.uleb128 0xb
 393 006d 3B       		.uleb128 0x3b
 394 006e 0B       		.uleb128 0xb
 395 006f 49       		.uleb128 0x49
 396 0070 13       		.uleb128 0x13
 397 0071 02       		.uleb128 0x2
 398 0072 17       		.uleb128 0x17
 399 0073 00       		.byte	0
 400 0074 00       		.byte	0
 401 0075 09       		.uleb128 0x9
 402 0076 2E       		.uleb128 0x2e
 403 0077 00       		.byte	0
 404 0078 3F       		.uleb128 0x3f
 405 0079 19       		.uleb128 0x19
 406 007a 03       		.uleb128 0x3
 407 007b 0E       		.uleb128 0xe
 408 007c 3A       		.uleb128 0x3a
 409 007d 0B       		.uleb128 0xb
 410 007e 3B       		.uleb128 0x3b
 411 007f 0B       		.uleb128 0xb
 412 0080 27       		.uleb128 0x27
 413 0081 19       		.uleb128 0x19
 414 0082 49       		.uleb128 0x49
 415 0083 13       		.uleb128 0x13
 416 0084 11       		.uleb128 0x11
 417 0085 01       		.uleb128 0x1
 418 0086 12       		.uleb128 0x12
 419 0087 06       		.uleb128 0x6
 420 0088 40       		.uleb128 0x40
 421 0089 18       		.uleb128 0x18
 422 008a 9742     		.uleb128 0x2117
 423 008c 19       		.uleb128 0x19
ARM GAS  C:\Users\JOSEAN~1\AppData\Local\Temp\ccPoHuEx.s 			page 11


 424 008d 00       		.byte	0
 425 008e 00       		.byte	0
 426 008f 00       		.byte	0
 427              		.section	.debug_loc,"",%progbits
 428              	.Ldebug_loc0:
 429              	.LLST0:
 430 0000 00000000 		.4byte	.LVL0
 431 0004 06000000 		.4byte	.LVL1
 432 0008 0100     		.2byte	0x1
 433 000a 50       		.byte	0x50
 434 000b 06000000 		.4byte	.LVL1
 435 000f 18000000 		.4byte	.LFE0
 436 0013 0400     		.2byte	0x4
 437 0015 F3       		.byte	0xf3
 438 0016 01       		.uleb128 0x1
 439 0017 50       		.byte	0x50
 440 0018 9F       		.byte	0x9f
 441 0019 00000000 		.4byte	0
 442 001d 00000000 		.4byte	0
 443              	.LLST1:
 444 0021 08000000 		.4byte	.LVL2
 445 0025 0C000000 		.4byte	.LVL3
 446 0029 0600     		.2byte	0x6
 447 002b 73       		.byte	0x73
 448 002c 00       		.sleb128 0
 449 002d 09       		.byte	0x9
 450 002e FC       		.byte	0xfc
 451 002f 1A       		.byte	0x1a
 452 0030 9F       		.byte	0x9f
 453 0031 00000000 		.4byte	0
 454 0035 00000000 		.4byte	0
 455              	.LLST2:
 456 0039 00000000 		.4byte	.LVL4
 457 003d 06000000 		.4byte	.LVL5
 458 0041 0100     		.2byte	0x1
 459 0043 50       		.byte	0x50
 460 0044 06000000 		.4byte	.LVL5
 461 0048 28000000 		.4byte	.LFE1
 462 004c 0400     		.2byte	0x4
 463 004e F3       		.byte	0xf3
 464 004f 01       		.uleb128 0x1
 465 0050 50       		.byte	0x50
 466 0051 9F       		.byte	0x9f
 467 0052 00000000 		.4byte	0
 468 0056 00000000 		.4byte	0
 469              		.section	.debug_aranges,"",%progbits
 470 0000 34000000 		.4byte	0x34
 471 0004 0200     		.2byte	0x2
 472 0006 00000000 		.4byte	.Ldebug_info0
 473 000a 04       		.byte	0x4
 474 000b 00       		.byte	0
 475 000c 0000     		.2byte	0
 476 000e 0000     		.2byte	0
 477 0010 00000000 		.4byte	.LFB0
 478 0014 18000000 		.4byte	.LFE0-.LFB0
 479 0018 00000000 		.4byte	.LFB1
 480 001c 28000000 		.4byte	.LFE1-.LFB1
ARM GAS  C:\Users\JOSEAN~1\AppData\Local\Temp\ccPoHuEx.s 			page 12


 481 0020 00000000 		.4byte	.LFB2
 482 0024 10000000 		.4byte	.LFE2-.LFB2
 483 0028 00000000 		.4byte	.LFB3
 484 002c 10000000 		.4byte	.LFE3-.LFB3
 485 0030 00000000 		.4byte	0
 486 0034 00000000 		.4byte	0
 487              		.section	.debug_ranges,"",%progbits
 488              	.Ldebug_ranges0:
 489 0000 00000000 		.4byte	.LFB0
 490 0004 18000000 		.4byte	.LFE0
 491 0008 00000000 		.4byte	.LFB1
 492 000c 28000000 		.4byte	.LFE1
 493 0010 00000000 		.4byte	.LFB2
 494 0014 10000000 		.4byte	.LFE2
 495 0018 00000000 		.4byte	.LFB3
 496 001c 10000000 		.4byte	.LFE3
 497 0020 00000000 		.4byte	0
 498 0024 00000000 		.4byte	0
 499              		.section	.debug_line,"",%progbits
 500              	.Ldebug_line0:
 501 0000 95000000 		.section	.debug_str,"MS",%progbits,1
 501      02004400 
 501      00000201 
 501      FB0E0D00 
 501      01010101 
 502              	.LASF22:
 503 0000 433A5C55 		.ascii	"C:\\Users\\Jose Antonio\\Documents\\PSOC Creator\\P"
 503      73657273 
 503      5C4A6F73 
 503      6520416E 
 503      746F6E69 
 504 002e 726F7965 		.ascii	"royectosPSOC\\Ezi2cDesign01.cydsn\000"
 504      63746F73 
 504      50534F43 
 504      5C457A69 
 504      32634465 
 505              	.LASF16:
 506 004f 76616C75 		.ascii	"value\000"
 506      6500
 507              	.LASF23:
 508 0055 73746174 		.ascii	"staticBits\000"
 508      69634269 
 508      747300
 509              	.LASF9:
 510 0060 666C6F61 		.ascii	"float\000"
 510      7400
 511              	.LASF1:
 512 0066 756E7369 		.ascii	"unsigned char\000"
 512      676E6564 
 512      20636861 
 512      7200
 513              	.LASF20:
 514 0074 474E5520 		.ascii	"GNU C 4.9.3 20150303 (release) [ARM/embedded-4_9-br"
 514      4320342E 
 514      392E3320 
 514      32303135 
 514      30333033 
ARM GAS  C:\Users\JOSEAN~1\AppData\Local\Temp\ccPoHuEx.s 			page 13


 515 00a7 616E6368 		.ascii	"anch revision 221220] -mcpu=cortex-m3 -mthumb -g -O"
 515      20726576 
 515      6973696F 
 515      6E203232 
 515      31323230 
 516 00da 33202D66 		.ascii	"3 -ffunction-sections -ffat-lto-objects\000"
 516      66756E63 
 516      74696F6E 
 516      2D736563 
 516      74696F6E 
 517              	.LASF13:
 518 0102 72656738 		.ascii	"reg8\000"
 518      00
 519              	.LASF5:
 520 0107 6C6F6E67 		.ascii	"long unsigned int\000"
 520      20756E73 
 520      69676E65 
 520      6420696E 
 520      7400
 521              	.LASF3:
 522 0119 73686F72 		.ascii	"short unsigned int\000"
 522      7420756E 
 522      7369676E 
 522      65642069 
 522      6E7400
 523              	.LASF10:
 524 012c 646F7562 		.ascii	"double\000"
 524      6C6500
 525              	.LASF15:
 526 0133 50696E5F 		.ascii	"Pin_1_SetDriveMode\000"
 526      315F5365 
 526      74447269 
 526      76654D6F 
 526      646500
 527              	.LASF8:
 528 0146 756E7369 		.ascii	"unsigned int\000"
 528      676E6564 
 528      20696E74 
 528      00
 529              	.LASF7:
 530 0153 6C6F6E67 		.ascii	"long long unsigned int\000"
 530      206C6F6E 
 530      6720756E 
 530      7369676E 
 530      65642069 
 531              	.LASF17:
 532 016a 6D6F6465 		.ascii	"mode\000"
 532      00
 533              	.LASF18:
 534 016f 50696E5F 		.ascii	"Pin_1_Read\000"
 534      315F5265 
 534      616400
 535              	.LASF6:
 536 017a 6C6F6E67 		.ascii	"long long int\000"
 536      206C6F6E 
 536      6720696E 
 536      7400
ARM GAS  C:\Users\JOSEAN~1\AppData\Local\Temp\ccPoHuEx.s 			page 14


 537              	.LASF11:
 538 0188 63686172 		.ascii	"char\000"
 538      00
 539              	.LASF2:
 540 018d 73686F72 		.ascii	"short int\000"
 540      7420696E 
 540      7400
 541              	.LASF12:
 542 0197 75696E74 		.ascii	"uint8\000"
 542      3800
 543              	.LASF21:
 544 019d 2E5C4765 		.ascii	".\\Generated_Source\\PSoC5\\Pin_1.c\000"
 544      6E657261 
 544      7465645F 
 544      536F7572 
 544      63655C50 
 545              	.LASF19:
 546 01be 50696E5F 		.ascii	"Pin_1_ReadDataReg\000"
 546      315F5265 
 546      61644461 
 546      74615265 
 546      6700
 547              	.LASF4:
 548 01d0 6C6F6E67 		.ascii	"long int\000"
 548      20696E74 
 548      00
 549              	.LASF0:
 550 01d9 7369676E 		.ascii	"signed char\000"
 550      65642063 
 550      68617200 
 551              	.LASF14:
 552 01e5 50696E5F 		.ascii	"Pin_1_Write\000"
 552      315F5772 
 552      69746500 
 553              		.ident	"GCC: (GNU Tools for ARM Embedded Processors) 4.9.3 20150303 (release) [ARM/embedded-4_9-br
