C51 COMPILER V9.51   CYFITTER_CFG                                                          05/20/2016 15:02:14 PAGE 1   


C51 COMPILER V9.51, COMPILATION OF MODULE CYFITTER_CFG
OBJECT MODULE PLACED IN .\DP8051\DP8051_Keil_951\Debug\cyfitter_cfg.obj
COMPILER INVOKED BY: C:\Program Files (x86)\Cypress\PSoC Creator\3.3\PSoC Creator\import\keil\pk51\9.51\C51\BIN\c51.exe 
                    -.\Generated_Source\PSoC3\cyfitter_cfg.c NOIV LARGE MODDP2 OMF2 VB(1) NOIP INCDIR(.,Generated_Source\PSoC3) FF(3) DB DF(D
                    -EBUG) WL(2) PR(.\DP8051\DP8051_Keil_951\Debug/cyfitter_cfg.lst) CD OT(2,SIZE) OJ(.\DP8051\DP8051_Keil_951\Debug\cyfitter
                    -_cfg.obj)

line level    source

   1          /*******************************************************************************
   2          * File Name: cyfitter_cfg.c
   3          * 
   4          * PSoC Creator  3.3 SP2
   5          *
   6          * Description:
   7          * This file contains device initialization code.
   8          * Except for the user defined sections in CyClockStartupError(), this file should not be modified.
   9          * This file is automatically generated by PSoC Creator.
  10          *
  11          ********************************************************************************
  12          * Copyright (c) 2007-2016 Cypress Semiconductor.  All rights reserved.
  13          * You may use this file only in accordance with the license, terms, conditions, 
  14          * disclaimers, and limitations in the end user license agreement accompanying 
  15          * the software package with which this file was provided.
  16          ********************************************************************************/
  17          
  18          #include <string.h>
  19          #include "cytypes.h"
  20          #include "cydevice_trm.h"
  21          #include "cyfitter.h"
  22          #include "CyLib.h"
  23          #include "cyfitter_cfg.h"
  24          
  25          #define CY_NEED_CYCLOCKSTARTUPERROR 1
  26          
  27          
  28          #if defined(__C51__) || defined(__CX51__)
  29                  #define CYPACKED
  30                  #define CYPACKED_ATTR
  31                  #define CYALIGNED
  32                  
  33              #define CY_CFG_UNUSED
  34                  #define CY_CFG_MEMORY_BARRIER() do { } while (0)
  35          
  36          
  37          
  38                  #define CYMEMZERO(a,c) cymemzero((a),(c))
  39                  #define CYCONFIGCPY(d,s,c) cyconfigcpy((c),(s),(d))
  40                  #define CYCONFIGCPYCODE(d,s,c) cyconfigcpycode((c),(s),(d))
  41          #else
                      #error Unsupported toolchain
              #endif
  44          
  45          
  46          
  47          /* Clock startup error codes                                                   */
  48          #define CYCLOCKSTART_NO_ERROR    0u
  49          #define CYCLOCKSTART_XTAL_ERROR  1u
  50          #define CYCLOCKSTART_32KHZ_ERROR 2u
  51          #define CYCLOCKSTART_PLL_ERROR   3u
  52          
C51 COMPILER V9.51   CYFITTER_CFG                                                          05/20/2016 15:02:14 PAGE 2   

  53          #ifdef CY_NEED_CYCLOCKSTARTUPERROR
  54          /*******************************************************************************
  55          * Function Name: CyClockStartupError
  56          ********************************************************************************
  57          * Summary:
  58          *  If an error is encountered during clock configuration (crystal startup error,
  59          *  PLL lock error, etc.), the system will end up here.  Unless reimplemented by
  60          *  the customer, this function will stop in an infinite loop.
  61          *
  62          * Parameters:
  63          *   void
  64          *
  65          * Return:
  66          *   void
  67          *
  68          *******************************************************************************/
  69          CY_CFG_UNUSED
  70          static void CyClockStartupError(uint8 errorCode);
  71          CY_CFG_UNUSED
  72          static void CyClockStartupError(uint8 errorCode)
  73          {
  74   1          /* To remove the compiler warning if errorCode not used.                */
  75   1          errorCode = errorCode;
  76   1      
  77   1          /* `#START CyClockStartupError` */
  78   1      
  79   1          /* If we have a clock startup error (bad MHz crystal, PLL lock, etc.),  */
  80   1          /* we will end up here to allow the customer to implement something to  */
  81   1          /* deal with the clock condition.                                       */
  82   1      
  83   1          /* `#END` */
  84   1      
  85   1          /* If nothing else, stop here since the clocks have not started         */
  86   1          /* correctly.                                                           */
  87   1          while(1) {}
  88   1      }
  89          #endif
  90          
  91          #define cfg_byte_table ((const void CYFAR *)0x080000u)
  92          /* IOPINS0_0 Address: CYREG_PRT0_DM0 Size (bytes): 8 */
  93          #define BS_IOPINS0_0_VAL ((const uint8 CYFAR *)0x00080140u)
  94          
  95          /* IOPINS0_1 Address: CYREG_PRT1_DM0 Size (bytes): 8 */
  96          #define BS_IOPINS0_1_VAL ((const uint8 CYFAR *)0x00080148u)
  97          
  98          /* IOPINS0_2 Address: CYREG_PRT2_DM0 Size (bytes): 8 */
  99          #define BS_IOPINS0_2_VAL ((const uint8 CYFAR *)0x00080150u)
 100          
 101          /* CYDEV_CLKDIST_ACFG0_CFG0 Address: CYREG_CLKDIST_ACFG0_CFG0 Size (bytes): 4 */
 102          #define BS_CYDEV_CLKDIST_ACFG0_CFG0_VAL ((const uint8 CYFAR *)0x00080158u)
 103          
 104          
 105          /*******************************************************************************
 106          * Function Name: ClockSetup
 107          ********************************************************************************
 108          *
 109          * Summary:
 110          *  Performs the initialization of all of the clocks in the device based on the
 111          *  settings in the Clock tab of the DWR.  This includes enabling the requested
 112          *  clocks and setting the necessary dividers to produce the desired frequency. 
 113          *
 114          * Parameters:
C51 COMPILER V9.51   CYFITTER_CFG                                                          05/20/2016 15:02:14 PAGE 3   

 115          *  void
 116          *
 117          * Return:
 118          *  void
 119          *
 120          *******************************************************************************/
 121          static void ClockSetup(void);
 122          static void ClockSetup(void)
 123          {
 124   1              uint32 timeout;
 125   1              uint8 pllLock;
 126   1      
 127   1      
 128   1              /* Configure Digital Clocks based on settings from Clock DWR */
 129   1              CY_SET_XTND_REG16((void CYFAR *)(CYREG_CLKDIST_DCFG0_CFG0), 0x0000u);
 130   1              CY_SET_REG8((void CYXDATA *)(CYREG_CLKDIST_DCFG0_CFG0 + 0x2u), 0x50u);
 131   1              CY_SET_XTND_REG16((void CYFAR *)(CYREG_CLKDIST_DCFG1_CFG0), 0x0017u);
 132   1              CY_SET_REG8((void CYXDATA *)(CYREG_CLKDIST_DCFG1_CFG0 + 0x2u), 0x18u);
 133   1              CY_SET_XTND_REG16((void CYFAR *)(CYREG_CLKDIST_DCFG2_CFG0), 0x095Fu);
 134   1              CY_SET_REG8((void CYXDATA *)(CYREG_CLKDIST_DCFG2_CFG0 + 0x2u), 0x18u);
 135   1      
 136   1              /* Configure Analog Clocks based on settings from Clock DWR */
 137   1              CYCONFIGCPY((void CYFAR *)(CYREG_CLKDIST_ACFG0_CFG0), (const void CYFAR *)(BS_CYDEV_CLKDIST_ACFG0_CFG0_VA
             -L), 4u);
 138   1      
 139   1              /* Configure ILO based on settings from Clock DWR */
 140   1              CY_SET_REG8((void CYXDATA *)(CYREG_SLOWCLK_ILO_CR0), 0x02u);
 141   1              CY_SET_REG8((void CYXDATA *)(CYREG_CLKDIST_CR), 0x08u);
 142   1      
 143   1              /* Configure IMO based on settings from Clock DWR */
 144   1              CY_SET_REG8((void CYXDATA *)(CYREG_FASTCLK_IMO_CR), 0x03u);
 145   1              CY_SET_REG8((void CYXDATA *)(CYREG_IMO_TR1), (CY_GET_XTND_REG8((void CYFAR *)CYREG_FLSHID_CUST_TABLES_IMO
             -_3MHZ)));
 146   1      
 147   1              /* Configure PLL based on settings from Clock DWR */
 148   1              CY_SET_XTND_REG16((void CYFAR *)(CYREG_FASTCLK_PLL_P), 0x0008u);
 149   1              CY_SET_XTND_REG16((void CYFAR *)(CYREG_FASTCLK_PLL_CFG0), 0x1251u);
 150   1              /* Wait up to 250us for the PLL to lock */
 151   1              pllLock = 0u;
 152   1              for (timeout = 250u / 10u; (timeout > 0u) && (pllLock != 0x03u); timeout--)
 153   1              { 
 154   2                      pllLock = 0x03u & ((uint8)((uint8)pllLock << 1) | ((CY_GET_REG8((void CYXDATA *)CYREG_FASTCLK_PLL_SR) & 
             -0x01u) >> 0));
 155   2                      CyDelayCycles(10u * 48u); /* Delay 10us based on 48MHz clock */
 156   2              }
 157   1              /* If we ran out of time the PLL didn't lock so go to the error function */
 158   1              if (timeout == 0u)
 159   1              {
 160   2                      CyClockStartupError(CYCLOCKSTART_PLL_ERROR);
 161   2              }
 162   1      
 163   1              /* Configure Bus/Master Clock based on settings from Clock DWR */
 164   1              CY_SET_XTND_REG16((void CYFAR *)(CYREG_CLKDIST_MSTR0), 0x0100u);
 165   1              CY_SET_REG8((void CYXDATA *)(CYREG_CLKDIST_MSTR0), 0x07u);
 166   1              CY_SET_REG8((void CYXDATA *)(CYREG_CLKDIST_BCFG0), 0x00u);
 167   1              CY_SET_REG8((void CYXDATA *)(CYREG_CLKDIST_BCFG2), 0x48u);
 168   1              CY_SET_REG8((void CYXDATA *)(CYREG_CLKDIST_MSTR0), 0x00u);
 169   1              CY_SET_REG8((void CYXDATA *)(CYREG_CLKDIST_LD), 0x02u);
 170   1              CY_SET_REG8((void CYXDATA *)(CYREG_CLKDIST_DLY1), 0x04u);
 171   1      
 172   1              CY_SET_REG8((void CYXDATA *)(CYREG_PM_ACT_CFG2), ((CY_GET_REG8((void CYXDATA *)CYREG_PM_ACT_CFG2) | 0x07u
             -)));
C51 COMPILER V9.51   CYFITTER_CFG                                                          05/20/2016 15:02:14 PAGE 4   

 173   1              CY_SET_REG8((void CYXDATA *)(CYREG_PM_ACT_CFG1), ((CY_GET_REG8((void CYXDATA *)CYREG_PM_ACT_CFG1) | 0x01u
             -)));
 174   1              CY_SET_REG8((void CYXDATA *)(CYREG_PM_ACT_CFG0), ((CY_GET_REG8((void CYXDATA *)CYREG_PM_ACT_CFG0) | 0x80u
             -)));
 175   1      }
 176          
 177          
 178          /* Analog API Functions */
 179          
 180          
 181          /*******************************************************************************
 182          * Function Name: AnalogSetDefault
 183          ********************************************************************************
 184          *
 185          * Summary:
 186          *  Sets up the analog portions of the chip to default values based on chip
 187          *  configuration options from the project.
 188          *
 189          * Parameters:
 190          *  void
 191          *
 192          * Return:
 193          *  void
 194          *
 195          *******************************************************************************/
 196          static void AnalogSetDefault(void);
 197          static void AnalogSetDefault(void)
 198          {
 199   1              uint8 bg_xover_inl_trim = CY_GET_XTND_REG8((void CYFAR *)(CYREG_FLSHID_MFG_CFG_BG_XOVER_INL_TRIM + 1u));
 200   1              CY_SET_REG8((void CYXDATA *)(CYREG_BG_DFT0), (bg_xover_inl_trim & 0x07u));
 201   1              CY_SET_REG8((void CYXDATA *)(CYREG_BG_DFT1), ((bg_xover_inl_trim >> 4) & 0x0Fu));
 202   1              CY_SET_REG8((void CYXDATA *)CYREG_PRT2_AG, 0x80u);
 203   1              CY_SET_REG8((void CYXDATA *)CYREG_DSM0_SW0, 0x08u);
 204   1              CY_SET_REG8((void CYXDATA *)CYREG_PUMP_CR0, 0x44u);
 205   1      }
 206          
 207          
 208          /*******************************************************************************
 209          * Function Name: SetAnalogRoutingPumps
 210          ********************************************************************************
 211          *
 212          * Summary:
 213          * Enables or disables the analog pumps feeding analog routing switches.
 214          * Intended to be called at startup, based on the Vdda system configuration;
 215          * may be called during operation when the user informs us that the Vdda voltage
 216          * crossed the pump threshold.
 217          *
 218          * Parameters:
 219          *  enabled - 1 to enable the pumps, 0 to disable the pumps
 220          *
 221          * Return:
 222          *  void
 223          *
 224          *******************************************************************************/
 225          void SetAnalogRoutingPumps(uint8 enabled)
 226          {
 227   1              uint8 regValue = CY_GET_REG8((void CYXDATA *)CYREG_PUMP_CR0);
 228   1              if (enabled != 0u)
 229   1              {
 230   2                      regValue |= 0x22u;
 231   2              }
 232   1              else
C51 COMPILER V9.51   CYFITTER_CFG                                                          05/20/2016 15:02:14 PAGE 5   

 233   1              {
 234   2                      regValue &= (uint8)~0x22u;
 235   2              }
 236   1              CY_SET_REG8((void CYXDATA *)CYREG_PUMP_CR0, regValue);
 237   1      }
 238          
 239          #define CY_AMUX_UNUSED CYREG_BOOST_SR
 240          /* This is an implementation detail of the AMux. Code that depends on it may be
 241             incompatible with other versions of PSoC Creator. */
 242          uint8 CYXDATA * const CYCODE ADC_AMux__addrTable[2] = {
 243                  (uint8 CYXDATA *)CYREG_DSM0_SW3, 
 244                  (uint8 CYXDATA *)CY_AMUX_UNUSED, 
 245          };
 246          
 247          /* This is an implementation detail of the AMux. Code that depends on it may be
 248             incompatible with other versions of PSoC Creator. */
 249          const uint8 CYCODE ADC_AMux__maskTable[2] = {
 250                  0x40u, 
 251                  0x00u, 
 252          };
 253          
 254          /*******************************************************************************
 255          * Function Name: ADC_AMux_Set
 256          ********************************************************************************
 257          * Summary:
 258          *  This function is used to set a particular channel as active on the AMux.
 259          *
 260          * Parameters:  
 261          *   channel - The mux channel input to set as active
 262          *
 263          * Return:
 264          *   void
 265          *
 266          *******************************************************************************/
 267          void ADC_AMux_Set(uint8 channel)
 268          {
 269   1              if (channel < 2)
 270   1              {
 271   2                      *ADC_AMux__addrTable[channel] |= ADC_AMux__maskTable[channel];
 272   2              }
 273   1      }
 274          
 275          /*******************************************************************************
 276          * Function Name: ADC_AMux_Unset
 277          ********************************************************************************
 278          * Summary:
 279          *  This function is used to clear a particular channel from being active on the
 280          *  AMux.
 281          *
 282          * Parameters:  
 283          *   channel - The mux channel input to mark inactive
 284          *
 285          * Return:
 286          *   void
 287          *
 288          *******************************************************************************/
 289          void ADC_AMux_Unset(uint8 channel)
 290          {
 291   1              if (channel < 2)
 292   1              {
 293   2                      *ADC_AMux__addrTable[channel] &= (uint8)~ADC_AMux__maskTable[channel];
 294   2              }
C51 COMPILER V9.51   CYFITTER_CFG                                                          05/20/2016 15:02:14 PAGE 6   

 295   1      }
 296          
 297          
 298          
 299          /*******************************************************************************
 300          * Function Name: cyfitter_cfg
 301          ********************************************************************************
 302          * Summary:
 303          *  This function is called by the start-up code for the selected device. It
 304          *  performs all of the necessary device configuration based on the design
 305          *  settings.  This includes settings from the Design Wide Resources (DWR) such
 306          *  as Clocks and Pins as well as any component configuration that is necessary.
 307          *
 308          * Parameters:  
 309          *   void
 310          *
 311          * Return:
 312          *   void
 313          *
 314          *******************************************************************************/
 315          
 316          void cyfitter_cfg(void)
 317          {
 318   1              /* Enable/Disable Debug functionality based on settings from System DWR */
 319   1              CY_SET_XTND_REG8((void CYFAR *)CYREG_MLOGIC_DEBUG, (CY_GET_XTND_REG8((void CYFAR *)CYREG_MLOGIC_DEBUG) | 
             -0x05u));
 320   1      
 321   1              {
 322   2      
 323   2                      CYPACKED typedef struct {
 324   2                              void CYFAR *address;
 325   2                              uint16 size;
 326   2                      } CYPACKED_ATTR cfg_memset_t;
 327   2      
 328   2                      static const cfg_memset_t CYCODE cfg_memset_list [] = {
 329   2                              /* address, size */
 330   2                              {(void CYFAR *)(CYREG_TMR0_CFG0), 12u},
 331   2                              {(void CYFAR *)(CYREG_PRT3_DR), 64u},
 332   2                              {(void CYFAR *)(CYREG_PRT12_DR), 16u},
 333   2                              {(void CYFAR *)(CYREG_PRT15_DR), 16u},
 334   2                              {(void CYFAR *)(CYDEV_UCFG_B0_P0_U0_BASE), 4096u},
 335   2                              {(void CYFAR *)(CYDEV_UCFG_B1_P2_U0_BASE), 2048u},
 336   2                              {(void CYFAR *)(CYDEV_UCFG_DSI0_BASE), 2560u},
 337   2                              {(void CYFAR *)(CYDEV_UCFG_DSI12_BASE), 512u},
 338   2                              {(void CYFAR *)(CYREG_BCTL0_MDCLK_EN), 32u},
 339   2                      };
 340   2      
 341   2                      uint8 CYDATA i;
 342   2      
 343   2                      /* Zero out critical memory blocks before beginning configuration */
 344   2                      for (i = 0u; i < (sizeof(cfg_memset_list)/sizeof(cfg_memset_list[0])); i++)
 345   2                      {
 346   3                              const cfg_memset_t CYCODE * CYDATA ms = &cfg_memset_list[i];
 347   3                              CYMEMZERO(ms->address, ms->size);
 348   3                      }
 349   2      
 350   2                      cfg_write_bytes(cfg_byte_table);
 351   2      
 352   2                      /* Perform normal device configuration. Order is not critical for these items. */
 353   2                      CY_SET_REG8((void CYXDATA *)(CYREG_DSM0_CR3), 0x0Au);
 354   2      
 355   2                      /* Enable digital routing */
C51 COMPILER V9.51   CYFITTER_CFG                                                          05/20/2016 15:02:14 PAGE 7   

 356   2                      CY_SET_XTND_REG8((void CYFAR *)CYREG_BCTL0_BANK_CTL, CY_GET_XTND_REG8((void CYFAR *)CYREG_BCTL0_BANK_CTL
             -) | 0x02u);
 357   2                      CY_SET_XTND_REG8((void CYFAR *)CYREG_BCTL1_BANK_CTL, CY_GET_XTND_REG8((void CYFAR *)CYREG_BCTL1_BANK_CTL
             -) | 0x02u);
 358   2      
 359   2                      /* Enable UDB array */
 360   2                      CY_SET_REG8((void CYXDATA *)CYREG_PM_ACT_CFG0, CY_GET_REG8((void CYXDATA *)CYREG_PM_ACT_CFG0) | 0x40u);
 361   2                      CY_SET_REG8((void CYXDATA *)CYREG_PM_AVAIL_CR2, CY_GET_REG8((void CYXDATA *)CYREG_PM_AVAIL_CR2) | 0x10u)
             -;
 362   2              }
 363   1      
 364   1      
 365   1              /* Perform second pass device configuration. These items must be configured in specific order after the r
             -egular configuration is done. */
 366   1              CYCONFIGCPY((void CYFAR *)(CYREG_PRT0_DM0), (const void CYFAR *)(BS_IOPINS0_0_VAL), 8u);
 367   1              CYCONFIGCPY((void CYFAR *)(CYREG_PRT1_DM0), (const void CYFAR *)(BS_IOPINS0_1_VAL), 8u);
 368   1              CYCONFIGCPY((void CYFAR *)(CYREG_PRT2_DM0), (const void CYFAR *)(BS_IOPINS0_2_VAL), 8u);
 369   1              CY_SET_REG8((void CYXDATA *)(CYREG_INTC_CSR_EN), 0x01u);
 370   1              /* Switch Boost to the precision bandgap reference from its internal reference */
 371   1              CY_SET_REG8((void CYXDATA *)CYREG_BOOST_CR2, (CY_GET_REG8((void CYXDATA *)CYREG_BOOST_CR2) | 0x08u));
 372   1              if (CYDEV_CHIP_REV_ACTUAL < 5u)
 373   1              {
 374   2                      CY_SET_REG8((void CYXDATA *)CYREG_PWRSYS_WAKE_TR2, 0x3Au);
 375   2              }
 376   1      
 377   1      
 378   1              /* Set Flash Cycles based on max possible frequency in case a glitch occurs during ClockSetup(). */
 379   1              CY_SET_REG8((void CYXDATA *)(CYREG_CACHE_CR), (((CYDEV_INSTRUCT_CACHE_ENABLED) != 0) ? 0xF1u : 0xC0u));
 380   1              /* Setup clocks based on selections from Clock DWR */
 381   1              ClockSetup();
 382   1              /* Set Flash Cycles based on newly configured 24.00MHz Bus Clock. */
 383   1              CY_SET_REG8((void CYXDATA *)(CYREG_CACHE_CR), (((CYDEV_INSTRUCT_CACHE_ENABLED) != 0) ? 0xB1u : 0x80u));
 384   1      
 385   1              /* Perform basic analog initialization to defaults */
 386   1              AnalogSetDefault();
 387   1      
 388   1              /* Configure alternate active mode */
 389   1              CYCONFIGCPY((void CYFAR *)CYDEV_PM_STBY_BASE, (const void CYFAR *)CYDEV_PM_ACT_BASE, 14u);
 390   1              CY_SET_REG8((void CYXDATA *)CYREG_PM_STBY_CFG0, CY_GET_REG8((void CYXDATA *)CYREG_PM_STBY_CFG0) & (uint8)
             -~0x02u);        /* Disable CPU */
 391   1      }
C51 COMPILER V9.51   CYFITTER_CFG                                                          05/20/2016 15:02:14 PAGE 8   

ASSEMBLY LISTING OF GENERATED OBJECT CODE


             ; FUNCTION _CyClockStartupError (BEGIN)
                                           ; SOURCE LINE # 72
0000 900000      R     MOV     DPTR,#errorCode
0003 EF                MOV     A,R7
0004 F0                MOVX    @DPTR,A
                                           ; SOURCE LINE # 73
                                           ; SOURCE LINE # 75
0005 900000      R     MOV     DPTR,#errorCode
0008 E0                MOVX    A,@DPTR
0009 FF                MOV     R7,A
000A 900000      R     MOV     DPTR,#errorCode
000D EF                MOV     A,R7
000E F0                MOVX    @DPTR,A
000F         ?C0001:
                                           ; SOURCE LINE # 87
000F 80FE              SJMP    ?C0001
0011 22                RET     
             ; FUNCTION _CyClockStartupError (END)

             ; FUNCTION ClockSetup (BEGIN)
                                           ; SOURCE LINE # 122
                                           ; SOURCE LINE # 123
                                           ; SOURCE LINE # 129
0000 7B00              MOV     R3,#00H
0002 7A40              MOV     R2,#040H
0004 7980              MOV     R1,#080H
0006 7D00              MOV     R5,#00H
0008 7C00              MOV     R4,#00H
000A 120000      E     LCALL   _cywrite16
                                           ; SOURCE LINE # 130
000D 904082            MOV     DPTR,#04082H
0010 7450              MOV     A,#050H
0012 F0                MOVX    @DPTR,A
                                           ; SOURCE LINE # 131
0013 7B00              MOV     R3,#00H
0015 7A40              MOV     R2,#040H
0017 7984              MOV     R1,#084H
0019 7D17              MOV     R5,#017H
001B 7C00              MOV     R4,#00H
001D 120000      E     LCALL   _cywrite16
                                           ; SOURCE LINE # 132
0020 904086            MOV     DPTR,#04086H
0023 7418              MOV     A,#018H
0025 F0                MOVX    @DPTR,A
                                           ; SOURCE LINE # 133
0026 7B00              MOV     R3,#00H
0028 7A40              MOV     R2,#040H
002A 7988              MOV     R1,#088H
002C 7D5F              MOV     R5,#05FH
002E 7C09              MOV     R4,#09H
0030 120000      E     LCALL   _cywrite16
                                           ; SOURCE LINE # 134
0033 90408A            MOV     DPTR,#0408AH
0036 7418              MOV     A,#018H
0038 F0                MOVX    @DPTR,A
                                           ; SOURCE LINE # 137
0039 7B08              MOV     R3,#08H
003B 7A01              MOV     R2,#01H
003D 7958              MOV     R1,#058H
C51 COMPILER V9.51   CYFITTER_CFG                                                          05/20/2016 15:02:14 PAGE 9   

003F C003              PUSH    AR3
0041 C002              PUSH    AR2
0043 C001              PUSH    AR1
0045 7B00              MOV     R3,#00H
0047 7A41              MOV     R2,#041H
0049 7900              MOV     R1,#00H
004B 900000      E     MOV     DPTR,#?_cyconfigcpy?BYTE+05H
004E 120000      E     LCALL   ?C?PSTXDATA
0051 D001              POP     AR1
0053 D002              POP     AR2
0055 D003              POP     AR3
0057 7F04              MOV     R7,#04H
0059 7E00              MOV     R6,#00H
005B 120000      E     LCALL   _cyconfigcpy
                                           ; SOURCE LINE # 140
005E 904300            MOV     DPTR,#04300H
0061 7402              MOV     A,#02H
0063 F0                MOVX    @DPTR,A
                                           ; SOURCE LINE # 141
0064 904000            MOV     DPTR,#04000H
0067 7408              MOV     A,#08H
0069 F0                MOVX    @DPTR,A
                                           ; SOURCE LINE # 144
006A 904200            MOV     DPTR,#04200H
006D 7403              MOV     A,#03H
006F F0                MOVX    @DPTR,A
                                           ; SOURCE LINE # 145
0070 7B0C              MOV     R3,#0CH
0072 7A01              MOV     R2,#01H
0074 7908              MOV     R1,#08H
0076 120000      E     LCALL   _cyread8
0079 9046A1            MOV     DPTR,#046A1H
007C EF                MOV     A,R7
007D F0                MOVX    @DPTR,A
                                           ; SOURCE LINE # 148
007E 7B00              MOV     R3,#00H
0080 7A42              MOV     R2,#042H
0082 7922              MOV     R1,#022H
0084 7D08              MOV     R5,#08H
0086 7C00              MOV     R4,#00H
0088 120000      E     LCALL   _cywrite16
                                           ; SOURCE LINE # 149
008B 7B00              MOV     R3,#00H
008D 7A42              MOV     R2,#042H
008F 7920              MOV     R1,#020H
0091 7D51              MOV     R5,#051H
0093 7C12              MOV     R4,#012H
0095 120000      E     LCALL   _cywrite16
                                           ; SOURCE LINE # 151
0098 900000      R     MOV     DPTR,#pllLock
009B E4                CLR     A
009C F0                MOVX    @DPTR,A
                                           ; SOURCE LINE # 152
009D 7F19              MOV     R7,#019H
009F 7E00              MOV     R6,#00H
00A1 7D00              MOV     R5,#00H
00A3 7C00              MOV     R4,#00H
00A5 900000      R     MOV     DPTR,#timeout
00A8 120000      E     LCALL   ?C?LSTXDATA
00AB         ?C0004:
00AB 900000      R     MOV     DPTR,#timeout
00AE 120000      E     LCALL   ?C?LLDXDATA
C51 COMPILER V9.51   CYFITTER_CFG                                                          05/20/2016 15:02:14 PAGE 10  

00B1 D3                SETB    C
00B2 EF                MOV     A,R7
00B3 9400              SUBB    A,#00H
00B5 EE                MOV     A,R6
00B6 9400              SUBB    A,#00H
00B8 404E              JC      ?C0005
00BA 900000      R     MOV     DPTR,#pllLock
00BD E0                MOVX    A,@DPTR
00BE FF                MOV     R7,A
00BF EF                MOV     A,R7
00C0 6403              XRL     A,#03H
00C2 6044              JZ      ?C0005
                                           ; SOURCE LINE # 153
                                           ; SOURCE LINE # 154
00C4 904225            MOV     DPTR,#04225H
00C7 E0                MOVX    A,@DPTR
00C8 FF                MOV     R7,A
00C9 EF                MOV     A,R7
00CA 5401              ANL     A,#01H
00CC FF                MOV     R7,A
00CD 7E00              MOV     R6,#00H
00CF 900000      R     MOV     DPTR,#pllLock
00D2 E0                MOVX    A,@DPTR
00D3 FE                MOV     R6,A
00D4 EE                MOV     A,R6
00D5 25E0              ADD     A,ACC
00D7 FE                MOV     R6,A
00D8 EE                MOV     A,R6
00D9 4F                ORL     A,R7
00DA FF                MOV     R7,A
00DB EF                MOV     A,R7
00DC 5403              ANL     A,#03H
00DE FF                MOV     R7,A
00DF 900000      R     MOV     DPTR,#pllLock
00E2 EF                MOV     A,R7
00E3 F0                MOVX    @DPTR,A
                                           ; SOURCE LINE # 155
00E4 7FE0              MOV     R7,#0E0H
00E6 7E01              MOV     R6,#01H
00E8 7D00              MOV     R5,#00H
00EA 7C00              MOV     R4,#00H
00EC 120000      E     LCALL   _CyDelayCycles
                                           ; SOURCE LINE # 156
00EF 900000      R     MOV     DPTR,#timeout
00F2 120000      E     LCALL   ?C?LLDXDATA
00F5 7BFF              MOV     R3,#0FFH
00F7 7AFF              MOV     R2,#0FFH
00F9 79FF              MOV     R1,#0FFH
00FB 78FF              MOV     R0,#0FFH
00FD 120000      E     LCALL   ?C?LADD
0100 900000      R     MOV     DPTR,#timeout
0103 120000      E     LCALL   ?C?LSTXDATA
0106 80A3              SJMP    ?C0004
0108         ?C0005:
                                           ; SOURCE LINE # 158
0108 900000      R     MOV     DPTR,#timeout
010B 120000      E     LCALL   ?C?LLDXDATA
010E EF                MOV     A,R7
010F 4E                ORL     A,R6
0110 7005              JNZ     ?C0007
                                           ; SOURCE LINE # 159
                                           ; SOURCE LINE # 160
C51 COMPILER V9.51   CYFITTER_CFG                                                          05/20/2016 15:02:14 PAGE 11  

0112 7F03              MOV     R7,#03H
0114 120000      R     LCALL   _CyClockStartupError
                                           ; SOURCE LINE # 161
0117         ?C0007:
                                           ; SOURCE LINE # 164
0117 7B00              MOV     R3,#00H
0119 7A40              MOV     R2,#040H
011B 7904              MOV     R1,#04H
011D 7D00              MOV     R5,#00H
011F 7C01              MOV     R4,#01H
0121 120000      E     LCALL   _cywrite16
                                           ; SOURCE LINE # 165
0124 904004            MOV     DPTR,#04004H
0127 7407              MOV     A,#07H
0129 F0                MOVX    @DPTR,A
                                           ; SOURCE LINE # 166
012A 904006            MOV     DPTR,#04006H
012D E4                CLR     A
012E F0                MOVX    @DPTR,A
                                           ; SOURCE LINE # 167
012F 904008            MOV     DPTR,#04008H
0132 7448              MOV     A,#048H
0134 F0                MOVX    @DPTR,A
                                           ; SOURCE LINE # 168
0135 904004            MOV     DPTR,#04004H
0138 E4                CLR     A
0139 F0                MOVX    @DPTR,A
                                           ; SOURCE LINE # 169
013A 904001            MOV     DPTR,#04001H
013D 7402              MOV     A,#02H
013F F0                MOVX    @DPTR,A
                                           ; SOURCE LINE # 170
0140 90400B            MOV     DPTR,#0400BH
0143 7404              MOV     A,#04H
0145 F0                MOVX    @DPTR,A
                                           ; SOURCE LINE # 172
0146 9043A2            MOV     DPTR,#043A2H
0149 E0                MOVX    A,@DPTR
014A FF                MOV     R7,A
014B EF                MOV     A,R7
014C 4407              ORL     A,#07H
014E FF                MOV     R7,A
014F 9043A2            MOV     DPTR,#043A2H
0152 EF                MOV     A,R7
0153 F0                MOVX    @DPTR,A
                                           ; SOURCE LINE # 173
0154 9043A1            MOV     DPTR,#043A1H
0157 E0                MOVX    A,@DPTR
0158 FF                MOV     R7,A
0159 EF                MOV     A,R7
015A 4401              ORL     A,#01H
015C FF                MOV     R7,A
015D 9043A1            MOV     DPTR,#043A1H
0160 EF                MOV     A,R7
0161 F0                MOVX    @DPTR,A
                                           ; SOURCE LINE # 174
0162 9043A0            MOV     DPTR,#043A0H
0165 E0                MOVX    A,@DPTR
0166 FF                MOV     R7,A
0167 EF                MOV     A,R7
0168 4480              ORL     A,#080H
016A FF                MOV     R7,A
C51 COMPILER V9.51   CYFITTER_CFG                                                          05/20/2016 15:02:14 PAGE 12  

016B 9043A0            MOV     DPTR,#043A0H
016E EF                MOV     A,R7
016F F0                MOVX    @DPTR,A
                                           ; SOURCE LINE # 175
0170 22                RET     
             ; FUNCTION ClockSetup (END)

             ; FUNCTION AnalogSetDefault (BEGIN)
                                           ; SOURCE LINE # 197
                                           ; SOURCE LINE # 198
                                           ; SOURCE LINE # 199
0000 7B0C              MOV     R3,#0CH
0002 7A01              MOV     R2,#01H
0004 79CF              MOV     R1,#0CFH
0006 120000      E     LCALL   _cyread8
0009 900000      R     MOV     DPTR,#bg_xover_inl_trim
000C EF                MOV     A,R7
000D F0                MOVX    @DPTR,A
                                           ; SOURCE LINE # 200
000E 900000      R     MOV     DPTR,#bg_xover_inl_trim
0011 E0                MOVX    A,@DPTR
0012 FF                MOV     R7,A
0013 EF                MOV     A,R7
0014 5407              ANL     A,#07H
0016 FF                MOV     R7,A
0017 90586E            MOV     DPTR,#0586EH
001A EF                MOV     A,R7
001B F0                MOVX    @DPTR,A
                                           ; SOURCE LINE # 201
001C 900000      R     MOV     DPTR,#bg_xover_inl_trim
001F E0                MOVX    A,@DPTR
0020 FF                MOV     R7,A
0021 EF                MOV     A,R7
0022 C4                SWAP    A
0023 540F              ANL     A,#0FH
0025 FF                MOV     R7,A
0026 EF                MOV     A,R7
0027 540F              ANL     A,#0FH
0029 FF                MOV     R7,A
002A 90586F            MOV     DPTR,#0586FH
002D EF                MOV     A,R7
002E F0                MOVX    @DPTR,A
                                           ; SOURCE LINE # 202
002F 90512D            MOV     DPTR,#0512DH
0032 7480              MOV     A,#080H
0034 F0                MOVX    @DPTR,A
                                           ; SOURCE LINE # 203
0035 905B00            MOV     DPTR,#05B00H
0038 7408              MOV     A,#08H
003A F0                MOVX    @DPTR,A
                                           ; SOURCE LINE # 204
003B 905876            MOV     DPTR,#05876H
003E 7444              MOV     A,#044H
0040 F0                MOVX    @DPTR,A
                                           ; SOURCE LINE # 205
0041 22                RET     
             ; FUNCTION AnalogSetDefault (END)

             ; FUNCTION _SetAnalogRoutingPumps (BEGIN)
                                           ; SOURCE LINE # 225
0000 900000      R     MOV     DPTR,#enabled
0003 EF                MOV     A,R7
C51 COMPILER V9.51   CYFITTER_CFG                                                          05/20/2016 15:02:14 PAGE 13  

0004 F0                MOVX    @DPTR,A
                                           ; SOURCE LINE # 226
                                           ; SOURCE LINE # 227
0005 905876            MOV     DPTR,#05876H
0008 E0                MOVX    A,@DPTR
0009 FF                MOV     R7,A
000A 900000      R     MOV     DPTR,#regValue
000D EF                MOV     A,R7
000E F0                MOVX    @DPTR,A
                                           ; SOURCE LINE # 228
000F 900000      R     MOV     DPTR,#enabled
0012 E0                MOVX    A,@DPTR
0013 FF                MOV     R7,A
0014 EF                MOV     A,R7
0015 6010              JZ      ?C0010
                                           ; SOURCE LINE # 229
                                           ; SOURCE LINE # 230
0017 900000      R     MOV     DPTR,#regValue
001A E0                MOVX    A,@DPTR
001B FF                MOV     R7,A
001C EF                MOV     A,R7
001D 4422              ORL     A,#022H
001F FF                MOV     R7,A
0020 900000      R     MOV     DPTR,#regValue
0023 EF                MOV     A,R7
0024 F0                MOVX    @DPTR,A
                                           ; SOURCE LINE # 231
0025 800E              SJMP    ?C0011
0027         ?C0010:
                                           ; SOURCE LINE # 233
                                           ; SOURCE LINE # 234
0027 900000      R     MOV     DPTR,#regValue
002A E0                MOVX    A,@DPTR
002B FF                MOV     R7,A
002C EF                MOV     A,R7
002D 54DD              ANL     A,#0DDH
002F FF                MOV     R7,A
0030 900000      R     MOV     DPTR,#regValue
0033 EF                MOV     A,R7
0034 F0                MOVX    @DPTR,A
                                           ; SOURCE LINE # 235
0035         ?C0011:
                                           ; SOURCE LINE # 236
0035 900000      R     MOV     DPTR,#regValue
0038 E0                MOVX    A,@DPTR
0039 FF                MOV     R7,A
003A 905876            MOV     DPTR,#05876H
003D EF                MOV     A,R7
003E F0                MOVX    @DPTR,A
                                           ; SOURCE LINE # 237
003F 22                RET     
             ; FUNCTION _SetAnalogRoutingPumps (END)

             ; FUNCTION _ADC_AMux_Set (BEGIN)
                                           ; SOURCE LINE # 267
0000 900000      R     MOV     DPTR,#channel
0003 EF                MOV     A,R7
0004 F0                MOVX    @DPTR,A
                                           ; SOURCE LINE # 268
                                           ; SOURCE LINE # 269
0005 900000      R     MOV     DPTR,#channel
0008 E0                MOVX    A,@DPTR
C51 COMPILER V9.51   CYFITTER_CFG                                                          05/20/2016 15:02:14 PAGE 14  

0009 FF                MOV     R7,A
000A EF                MOV     A,R7
000B C3                CLR     C
000C 9402              SUBB    A,#02H
000E 5036              JNC     ?C0014
                                           ; SOURCE LINE # 270
                                           ; SOURCE LINE # 271
0010 900000      R     MOV     DPTR,#channel
0013 E0                MOVX    A,@DPTR
0014 FF                MOV     R7,A
0015 EF                MOV     A,R7
0016 25E0              ADD     A,ACC
0018 2400        R     ADD     A,#LOW ADC_AMux__addrTable
001A F582              MOV     DPL,A
001C E4                CLR     A
001D 3400        R     ADDC    A,#HIGH ADC_AMux__addrTable
001F F583              MOV     DPH,A
0021 E4                CLR     A
0022 93                MOVC    A,@A+DPTR
0023 FE                MOV     R6,A
0024 7401              MOV     A,#01H
0026 93                MOVC    A,@A+DPTR
0027 FF                MOV     R7,A
0028 8F82              MOV     DPL,R7
002A 8E83              MOV     DPH,R6
002C C083              PUSH    DPH
002E C082              PUSH    DPL
0030 E0                MOVX    A,@DPTR
0031 FF                MOV     R7,A
0032 900000      R     MOV     DPTR,#channel
0035 E0                MOVX    A,@DPTR
0036 FE                MOV     R6,A
0037 EE                MOV     A,R6
0038 900000      R     MOV     DPTR,#ADC_AMux__maskTable
003B 93                MOVC    A,@A+DPTR
003C FE                MOV     R6,A
003D EF                MOV     A,R7
003E 4E                ORL     A,R6
003F FF                MOV     R7,A
0040 D082              POP     DPL
0042 D083              POP     DPH
0044 EF                MOV     A,R7
0045 F0                MOVX    @DPTR,A
                                           ; SOURCE LINE # 272
                                           ; SOURCE LINE # 273
0046         ?C0014:
0046 22                RET     
             ; FUNCTION _ADC_AMux_Set (END)

             ; FUNCTION _ADC_AMux_Unset (BEGIN)
                                           ; SOURCE LINE # 289
0000 900000      R     MOV     DPTR,#channel
0003 EF                MOV     A,R7
0004 F0                MOVX    @DPTR,A
                                           ; SOURCE LINE # 290
                                           ; SOURCE LINE # 291
0005 900000      R     MOV     DPTR,#channel
0008 E0                MOVX    A,@DPTR
0009 FF                MOV     R7,A
000A EF                MOV     A,R7
000B C3                CLR     C
000C 9402              SUBB    A,#02H
C51 COMPILER V9.51   CYFITTER_CFG                                                          05/20/2016 15:02:14 PAGE 15  

000E 5039              JNC     ?C0016
                                           ; SOURCE LINE # 292
                                           ; SOURCE LINE # 293
0010 900000      R     MOV     DPTR,#channel
0013 E0                MOVX    A,@DPTR
0014 FF                MOV     R7,A
0015 EF                MOV     A,R7
0016 25E0              ADD     A,ACC
0018 2400        R     ADD     A,#LOW ADC_AMux__addrTable
001A F582              MOV     DPL,A
001C E4                CLR     A
001D 3400        R     ADDC    A,#HIGH ADC_AMux__addrTable
001F F583              MOV     DPH,A
0021 E4                CLR     A
0022 93                MOVC    A,@A+DPTR
0023 FE                MOV     R6,A
0024 7401              MOV     A,#01H
0026 93                MOVC    A,@A+DPTR
0027 FF                MOV     R7,A
0028 8F82              MOV     DPL,R7
002A 8E83              MOV     DPH,R6
002C C083              PUSH    DPH
002E C082              PUSH    DPL
0030 E0                MOVX    A,@DPTR
0031 FF                MOV     R7,A
0032 900000      R     MOV     DPTR,#channel
0035 E0                MOVX    A,@DPTR
0036 FE                MOV     R6,A
0037 EE                MOV     A,R6
0038 900000      R     MOV     DPTR,#ADC_AMux__maskTable
003B 93                MOVC    A,@A+DPTR
003C FE                MOV     R6,A
003D EE                MOV     A,R6
003E F4                CPL     A
003F FE                MOV     R6,A
0040 EF                MOV     A,R7
0041 5E                ANL     A,R6
0042 FF                MOV     R7,A
0043 D082              POP     DPL
0045 D083              POP     DPH
0047 EF                MOV     A,R7
0048 F0                MOVX    @DPTR,A
                                           ; SOURCE LINE # 294
                                           ; SOURCE LINE # 295
0049         ?C0016:
0049 22                RET     
             ; FUNCTION _ADC_AMux_Unset (END)

             ; FUNCTION cyfitter_cfg (BEGIN)
                                           ; SOURCE LINE # 316
                                           ; SOURCE LINE # 317
                                           ; SOURCE LINE # 319
0000 7B00              MOV     R3,#00H
0002 7A46              MOV     R2,#046H
0004 79E8              MOV     R1,#0E8H
0006 120000      E     LCALL   _cyread8
0009 EF                MOV     A,R7
000A 4405              ORL     A,#05H
000C FD                MOV     R5,A
000D 7B00              MOV     R3,#00H
000F 7A46              MOV     R2,#046H
0011 79E8              MOV     R1,#0E8H
C51 COMPILER V9.51   CYFITTER_CFG                                                          05/20/2016 15:02:14 PAGE 16  

0013 120000      E     LCALL   _cywrite8
                                           ; SOURCE LINE # 321
                                           ; SOURCE LINE # 344
0016 750000      R     MOV     i,#00H
0019         ?C0017:
0019 E500        R     MOV     A,i
001B C3                CLR     C
001C 9409              SUBB    A,#09H
001E 503A              JNC     ?C0018
                                           ; SOURCE LINE # 345
                                           ; SOURCE LINE # 346
0020 AF00        R     MOV     R7,i
0022 EF                MOV     A,R7
0023 75F005            MOV     B,#05H
0026 A4                MUL     AB
0027 2400        R     ADD     A,#LOW cfg_memset_list
0029 F582              MOV     DPL,A
002B E4                CLR     A
002C 3400        R     ADDC    A,#HIGH cfg_memset_list
002E F583              MOV     DPH,A
0030 AF82              MOV     R7,DPL
0032 AE83              MOV     R6,DPH
0034 8E00        R     MOV     ms,R6
0036 8F00        R     MOV     ms+01H,R7
                                           ; SOURCE LINE # 347
0038 AE00        R     MOV     R6,ms
003A AF00        R     MOV     R7,ms+01H
003C 8F82              MOV     DPL,R7
003E 8E83              MOV     DPH,R6
0040 120000      E     LCALL   ?C?PLDCODE
0043 AE00        R     MOV     R6,ms
0045 AF00        R     MOV     R7,ms+01H
0047 8F82              MOV     DPL,R7
0049 8E83              MOV     DPH,R6
004B 7403              MOV     A,#03H
004D 93                MOVC    A,@A+DPTR
004E FC                MOV     R4,A
004F 7404              MOV     A,#04H
0051 93                MOVC    A,@A+DPTR
0052 FD                MOV     R5,A
0053 120000      E     LCALL   _cymemzero
                                           ; SOURCE LINE # 348
0056 0500        R     INC     i
0058 80BF              SJMP    ?C0017
005A         ?C0018:
                                           ; SOURCE LINE # 350
005A 7B08              MOV     R3,#08H
005C 7A00              MOV     R2,#00H
005E 7900              MOV     R1,#00H
0060 120000      E     LCALL   _cfg_write_bytes
                                           ; SOURCE LINE # 353
0063 905883            MOV     DPTR,#05883H
0066 740A              MOV     A,#0AH
0068 F0                MOVX    @DPTR,A
                                           ; SOURCE LINE # 356
0069 7B01              MOV     R3,#01H
006B 7A50              MOV     R2,#050H
006D 7903              MOV     R1,#03H
006F 120000      E     LCALL   _cyread8
0072 EF                MOV     A,R7
0073 4402              ORL     A,#02H
0075 FD                MOV     R5,A
C51 COMPILER V9.51   CYFITTER_CFG                                                          05/20/2016 15:02:14 PAGE 17  

0076 7B01              MOV     R3,#01H
0078 7A50              MOV     R2,#050H
007A 7903              MOV     R1,#03H
007C 120000      E     LCALL   _cywrite8
                                           ; SOURCE LINE # 357
007F 7B01              MOV     R3,#01H
0081 7A50              MOV     R2,#050H
0083 7913              MOV     R1,#013H
0085 120000      E     LCALL   _cyread8
0088 EF                MOV     A,R7
0089 4402              ORL     A,#02H
008B FD                MOV     R5,A
008C 7B01              MOV     R3,#01H
008E 7A50              MOV     R2,#050H
0090 7913              MOV     R1,#013H
0092 120000      E     LCALL   _cywrite8
                                           ; SOURCE LINE # 360
0095 9043A0            MOV     DPTR,#043A0H
0098 E0                MOVX    A,@DPTR
0099 FF                MOV     R7,A
009A EF                MOV     A,R7
009B 4440              ORL     A,#040H
009D FF                MOV     R7,A
009E 9043A0            MOV     DPTR,#043A0H
00A1 EF                MOV     A,R7
00A2 F0                MOVX    @DPTR,A
                                           ; SOURCE LINE # 361
00A3 9043C2            MOV     DPTR,#043C2H
00A6 E0                MOVX    A,@DPTR
00A7 FF                MOV     R7,A
00A8 EF                MOV     A,R7
00A9 4410              ORL     A,#010H
00AB FF                MOV     R7,A
00AC 9043C2            MOV     DPTR,#043C2H
00AF EF                MOV     A,R7
00B0 F0                MOVX    @DPTR,A
                                           ; SOURCE LINE # 362
                                           ; SOURCE LINE # 366
00B1 7B08              MOV     R3,#08H
00B3 7A01              MOV     R2,#01H
00B5 7940              MOV     R1,#040H
00B7 C003              PUSH    AR3
00B9 C002              PUSH    AR2
00BB C001              PUSH    AR1
00BD 7B00              MOV     R3,#00H
00BF 7A51              MOV     R2,#051H
00C1 7902              MOV     R1,#02H
00C3 900000      E     MOV     DPTR,#?_cyconfigcpy?BYTE+05H
00C6 120000      E     LCALL   ?C?PSTXDATA
00C9 D001              POP     AR1
00CB D002              POP     AR2
00CD D003              POP     AR3
00CF 7F08              MOV     R7,#08H
00D1 7E00              MOV     R6,#00H
00D3 120000      E     LCALL   _cyconfigcpy
                                           ; SOURCE LINE # 367
00D6 7B08              MOV     R3,#08H
00D8 7A01              MOV     R2,#01H
00DA 7948              MOV     R1,#048H
00DC C003              PUSH    AR3
00DE C002              PUSH    AR2
00E0 C001              PUSH    AR1
C51 COMPILER V9.51   CYFITTER_CFG                                                          05/20/2016 15:02:14 PAGE 18  

00E2 7B00              MOV     R3,#00H
00E4 7A51              MOV     R2,#051H
00E6 7912              MOV     R1,#012H
00E8 900000      E     MOV     DPTR,#?_cyconfigcpy?BYTE+05H
00EB 120000      E     LCALL   ?C?PSTXDATA
00EE D001              POP     AR1
00F0 D002              POP     AR2
00F2 D003              POP     AR3
00F4 7F08              MOV     R7,#08H
00F6 7E00              MOV     R6,#00H
00F8 120000      E     LCALL   _cyconfigcpy
                                           ; SOURCE LINE # 368
00FB 7B08              MOV     R3,#08H
00FD 7A01              MOV     R2,#01H
00FF 7950              MOV     R1,#050H
0101 C003              PUSH    AR3
0103 C002              PUSH    AR2
0105 C001              PUSH    AR1
0107 7B00              MOV     R3,#00H
0109 7A51              MOV     R2,#051H
010B 7922              MOV     R1,#022H
010D 900000      E     MOV     DPTR,#?_cyconfigcpy?BYTE+05H
0110 120000      E     LCALL   ?C?PSTXDATA
0113 D001              POP     AR1
0115 D002              POP     AR2
0117 D003              POP     AR3
0119 7F08              MOV     R7,#08H
011B 7E00              MOV     R6,#00H
011D 120000      E     LCALL   _cyconfigcpy
                                           ; SOURCE LINE # 369
0120 9044F4            MOV     DPTR,#044F4H
0123 7401              MOV     A,#01H
0125 F0                MOVX    @DPTR,A
                                           ; SOURCE LINE # 371
0126 904322            MOV     DPTR,#04322H
0129 E0                MOVX    A,@DPTR
012A FF                MOV     R7,A
012B EF                MOV     A,R7
012C 4408              ORL     A,#08H
012E FF                MOV     R7,A
012F 904322            MOV     DPTR,#04322H
0132 EF                MOV     A,R7
0133 F0                MOVX    @DPTR,A
                                           ; SOURCE LINE # 372
0134 9046EC            MOV     DPTR,#046ECH
0137 E0                MOVX    A,@DPTR
0138 FF                MOV     R7,A
0139 EF                MOV     A,R7
013A C3                CLR     C
013B 9405              SUBB    A,#05H
013D 5006              JNC     ?C0020
                                           ; SOURCE LINE # 373
                                           ; SOURCE LINE # 374
013F 904689            MOV     DPTR,#04689H
0142 743A              MOV     A,#03AH
0144 F0                MOVX    @DPTR,A
                                           ; SOURCE LINE # 375
0145         ?C0020:
                                           ; SOURCE LINE # 379
0145 904800            MOV     DPTR,#04800H
0148 74F1              MOV     A,#0F1H
014A F0                MOVX    @DPTR,A
C51 COMPILER V9.51   CYFITTER_CFG                                                          05/20/2016 15:02:14 PAGE 19  

                                           ; SOURCE LINE # 381
014B 120000      R     LCALL   ClockSetup
                                           ; SOURCE LINE # 383
014E 904800            MOV     DPTR,#04800H
0151 74B1              MOV     A,#0B1H
0153 F0                MOVX    @DPTR,A
                                           ; SOURCE LINE # 386
0154 120000      R     LCALL   AnalogSetDefault
                                           ; SOURCE LINE # 389
0157 7B00              MOV     R3,#00H
0159 7A43              MOV     R2,#043H
015B 79A0              MOV     R1,#0A0H
015D C003              PUSH    AR3
015F C002              PUSH    AR2
0161 C001              PUSH    AR1
0163 7B00              MOV     R3,#00H
0165 7A43              MOV     R2,#043H
0167 79B0              MOV     R1,#0B0H
0169 900000      E     MOV     DPTR,#?_cyconfigcpy?BYTE+05H
016C 120000      E     LCALL   ?C?PSTXDATA
016F D001              POP     AR1
0171 D002              POP     AR2
0173 D003              POP     AR3
0175 7F0E              MOV     R7,#0EH
0177 7E00              MOV     R6,#00H
0179 120000      E     LCALL   _cyconfigcpy
                                           ; SOURCE LINE # 390
017C 9043B0            MOV     DPTR,#043B0H
017F E0                MOVX    A,@DPTR
0180 FF                MOV     R7,A
0181 EF                MOV     A,R7
0182 54FD              ANL     A,#0FDH
0184 FF                MOV     R7,A
0185 EF                MOV     A,R7
0186 F0                MOVX    @DPTR,A
                                           ; SOURCE LINE # 391
0187 22                RET     
             ; FUNCTION cyfitter_cfg (END)



MODULE INFORMATION:   STATIC OVERLAYABLE
   CODE SIZE        =   1054    ----
   CONSTANT SIZE    =     51    ----
   XDATA SIZE       =   ----      11
   PDATA SIZE       =   ----    ----
   DATA SIZE        =   ----       3
   IDATA SIZE       =   ----    ----
   BIT SIZE         =   ----    ----
   EDATA SIZE       =   ----    ----
   HDATA SIZE       =   ----    ----
   XDATA CONST SIZE =   ----    ----
   FAR CONST SIZE   =   ----    ----
END OF MODULE INFORMATION.


C51 COMPILATION COMPLETE.  0 WARNING(S),  0 ERROR(S)
